[0.103s] DEBUG:colcon:Command line arguments: ['/usr/bin/colcon', 'build', '--symlink-install']
[0.103s] DEBUG:colcon:Parsed command line arguments: Namespace(log_base=None, log_level=None, verb_name='build', build_base='build', install_base='install', merge_install=False, symlink_install=True, test_result_base=None, continue_on_error=False, executor='parallel', parallel_workers=20, event_handlers=None, ignore_user_meta=False, metas=['./colcon.meta'], base_paths=['.'], packages_ignore=None, packages_ignore_regex=None, paths=None, packages_up_to=None, packages_up_to_regex=None, packages_above=None, packages_above_and_dependencies=None, packages_above_depth=None, packages_select_by_dep=None, packages_skip_by_dep=None, packages_skip_up_to=None, packages_select_build_failed=False, packages_skip_build_finished=False, packages_select_test_failures=False, packages_skip_test_passed=False, packages_select=None, packages_skip=None, packages_select_regex=None, packages_skip_regex=None, packages_start=None, packages_end=None, allow_overriding=[], cmake_args=None, cmake_target=None, cmake_target_skip_unavailable=False, cmake_clean_cache=False, cmake_clean_first=False, cmake_force_configure=False, ament_cmake_args=None, catkin_cmake_args=None, catkin_skip_building_tests=False, mixin_files=None, mixin=None, verb_parser=<colcon_mixin.mixin.mixin_argument.MixinArgumentDecorator object at 0x7a2ec7995130>, verb_extension=<colcon_core.verb.build.BuildVerb object at 0x7a2ec79393d0>, main=<bound method BuildVerb.main of <colcon_core.verb.build.BuildVerb object at 0x7a2ec79393d0>>, mixin_verb=('build',))
[0.133s] Level 1:colcon.colcon_core.package_discovery:discover_packages(colcon_meta) check parameters
[0.133s] Level 1:colcon.colcon_core.package_discovery:discover_packages(recursive) check parameters
[0.133s] Level 1:colcon.colcon_core.package_discovery:discover_packages(ignore) check parameters
[0.133s] Level 1:colcon.colcon_core.package_discovery:discover_packages(path) check parameters
[0.133s] Level 1:colcon.colcon_core.package_discovery:discover_packages(colcon_meta) discover
[0.133s] Level 1:colcon.colcon_core.package_discovery:discover_packages(recursive) discover
[0.133s] INFO:colcon.colcon_core.package_discovery:Crawling recursively for packages in '/home/jack/water_tank_ws'
[0.133s] Level 1:colcon.colcon_core.package_identification:_identify(.) by extensions ['ignore', 'ignore_ament_install']
[0.133s] Level 1:colcon.colcon_core.package_identification:_identify(.) by extension 'ignore'
[0.133s] Level 1:colcon.colcon_core.package_identification:_identify(.) by extension 'ignore_ament_install'
[0.133s] Level 1:colcon.colcon_core.package_identification:_identify(.) by extensions ['colcon_pkg']
[0.134s] Level 1:colcon.colcon_core.package_identification:_identify(.) by extension 'colcon_pkg'
[0.134s] Level 1:colcon.colcon_core.package_identification:_identify(.) by extensions ['colcon_meta']
[0.134s] Level 1:colcon.colcon_core.package_identification:_identify(.) by extension 'colcon_meta'
[0.134s] Level 1:colcon.colcon_core.package_identification:_identify(.) by extensions ['ros']
[0.134s] Level 1:colcon.colcon_core.package_identification:_identify(.) by extension 'ros'
[0.149s] Level 1:colcon.colcon_core.package_identification:_identify(.) by extensions ['cmake', 'python']
[0.149s] Level 1:colcon.colcon_core.package_identification:_identify(.) by extension 'cmake'
[0.149s] Level 1:colcon.colcon_core.package_identification:_identify(.) by extension 'python'
[0.149s] Level 1:colcon.colcon_core.package_identification:_identify(.) by extensions ['python_setup_py']
[0.149s] Level 1:colcon.colcon_core.package_identification:_identify(.) by extension 'python_setup_py'
[0.150s] Level 1:colcon.colcon_core.package_identification:_identify(build) by extensions ['ignore', 'ignore_ament_install']
[0.150s] Level 1:colcon.colcon_core.package_identification:_identify(build) by extension 'ignore'
[0.150s] Level 1:colcon.colcon_core.package_identification:_identify(build) ignored
[0.150s] Level 1:colcon.colcon_core.package_identification:_identify(install) by extensions ['ignore', 'ignore_ament_install']
[0.150s] Level 1:colcon.colcon_core.package_identification:_identify(install) by extension 'ignore'
[0.150s] Level 1:colcon.colcon_core.package_identification:_identify(install) ignored
[0.150s] Level 1:colcon.colcon_core.package_identification:_identify(log) by extensions ['ignore', 'ignore_ament_install']
[0.150s] Level 1:colcon.colcon_core.package_identification:_identify(log) by extension 'ignore'
[0.150s] Level 1:colcon.colcon_core.package_identification:_identify(log) ignored
[0.150s] Level 1:colcon.colcon_core.package_identification:_identify(src) by extensions ['ignore', 'ignore_ament_install']
[0.150s] Level 1:colcon.colcon_core.package_identification:_identify(src) by extension 'ignore'
[0.150s] Level 1:colcon.colcon_core.package_identification:_identify(src) by extension 'ignore_ament_install'
[0.150s] Level 1:colcon.colcon_core.package_identification:_identify(src) by extensions ['colcon_pkg']
[0.150s] Level 1:colcon.colcon_core.package_identification:_identify(src) by extension 'colcon_pkg'
[0.150s] Level 1:colcon.colcon_core.package_identification:_identify(src) by extensions ['colcon_meta']
[0.151s] Level 1:colcon.colcon_core.package_identification:_identify(src) by extension 'colcon_meta'
[0.151s] Level 1:colcon.colcon_core.package_identification:_identify(src) by extensions ['ros']
[0.151s] Level 1:colcon.colcon_core.package_identification:_identify(src) by extension 'ros'
[0.151s] Level 1:colcon.colcon_core.package_identification:_identify(src) by extensions ['cmake', 'python']
[0.151s] Level 1:colcon.colcon_core.package_identification:_identify(src) by extension 'cmake'
[0.151s] Level 1:colcon.colcon_core.package_identification:_identify(src) by extension 'python'
[0.151s] Level 1:colcon.colcon_core.package_identification:_identify(src) by extensions ['python_setup_py']
[0.151s] Level 1:colcon.colcon_core.package_identification:_identify(src) by extension 'python_setup_py'
[0.151s] Level 1:colcon.colcon_core.package_identification:_identify(src/example_2) by extensions ['ignore', 'ignore_ament_install']
[0.151s] Level 1:colcon.colcon_core.package_identification:_identify(src/example_2) by extension 'ignore'
[0.151s] Level 1:colcon.colcon_core.package_identification:_identify(src/example_2) by extension 'ignore_ament_install'
[0.151s] Level 1:colcon.colcon_core.package_identification:_identify(src/example_2) by extensions ['colcon_pkg']
[0.151s] Level 1:colcon.colcon_core.package_identification:_identify(src/example_2) by extension 'colcon_pkg'
[0.151s] Level 1:colcon.colcon_core.package_identification:_identify(src/example_2) by extensions ['colcon_meta']
[0.151s] Level 1:colcon.colcon_core.package_identification:_identify(src/example_2) by extension 'colcon_meta'
[0.151s] Level 1:colcon.colcon_core.package_identification:_identify(src/example_2) by extensions ['ros']
[0.151s] Level 1:colcon.colcon_core.package_identification:_identify(src/example_2) by extension 'ros'
[0.164s] DEBUG:colcon.colcon_core.package_identification:Package 'src/example_2' with type 'ros.ament_cmake' and name 'ros2_control_demo_example_2'
[0.164s] Level 1:colcon.colcon_core.package_identification:_identify(src/rf2o_laser_odometry) by extensions ['ignore', 'ignore_ament_install']
[0.164s] Level 1:colcon.colcon_core.package_identification:_identify(src/rf2o_laser_odometry) by extension 'ignore'
[0.165s] Level 1:colcon.colcon_core.package_identification:_identify(src/rf2o_laser_odometry) by extension 'ignore_ament_install'
[0.165s] Level 1:colcon.colcon_core.package_identification:_identify(src/rf2o_laser_odometry) by extensions ['colcon_pkg']
[0.165s] Level 1:colcon.colcon_core.package_identification:_identify(src/rf2o_laser_odometry) by extension 'colcon_pkg'
[0.165s] Level 1:colcon.colcon_core.package_identification:_identify(src/rf2o_laser_odometry) by extensions ['colcon_meta']
[0.165s] Level 1:colcon.colcon_core.package_identification:_identify(src/rf2o_laser_odometry) by extension 'colcon_meta'
[0.165s] Level 1:colcon.colcon_core.package_identification:_identify(src/rf2o_laser_odometry) by extensions ['ros']
[0.165s] Level 1:colcon.colcon_core.package_identification:_identify(src/rf2o_laser_odometry) by extension 'ros'
[0.165s] DEBUG:colcon.colcon_core.package_identification:Package 'src/rf2o_laser_odometry' with type 'ros.ament_cmake' and name 'rf2o_laser_odometry'
[0.166s] Level 1:colcon.colcon_core.package_identification:_identify(src/ros2_control_demo_description) by extensions ['ignore', 'ignore_ament_install']
[0.166s] Level 1:colcon.colcon_core.package_identification:_identify(src/ros2_control_demo_description) by extension 'ignore'
[0.166s] Level 1:colcon.colcon_core.package_identification:_identify(src/ros2_control_demo_description) by extension 'ignore_ament_install'
[0.166s] Level 1:colcon.colcon_core.package_identification:_identify(src/ros2_control_demo_description) by extensions ['colcon_pkg']
[0.166s] Level 1:colcon.colcon_core.package_identification:_identify(src/ros2_control_demo_description) by extension 'colcon_pkg'
[0.166s] Level 1:colcon.colcon_core.package_identification:_identify(src/ros2_control_demo_description) by extensions ['colcon_meta']
[0.166s] Level 1:colcon.colcon_core.package_identification:_identify(src/ros2_control_demo_description) by extension 'colcon_meta'
[0.166s] Level 1:colcon.colcon_core.package_identification:_identify(src/ros2_control_demo_description) by extensions ['ros']
[0.166s] Level 1:colcon.colcon_core.package_identification:_identify(src/ros2_control_demo_description) by extension 'ros'
[0.166s] DEBUG:colcon.colcon_core.package_identification:Package 'src/ros2_control_demo_description' with type 'ros.ament_cmake' and name 'ros2_control_demo_description'
[0.166s] Level 1:colcon.colcon_core.package_identification:_identify(src/rplidar_ros) by extensions ['ignore', 'ignore_ament_install']
[0.166s] Level 1:colcon.colcon_core.package_identification:_identify(src/rplidar_ros) by extension 'ignore'
[0.166s] Level 1:colcon.colcon_core.package_identification:_identify(src/rplidar_ros) by extension 'ignore_ament_install'
[0.166s] Level 1:colcon.colcon_core.package_identification:_identify(src/rplidar_ros) by extensions ['colcon_pkg']
[0.166s] Level 1:colcon.colcon_core.package_identification:_identify(src/rplidar_ros) by extension 'colcon_pkg'
[0.166s] Level 1:colcon.colcon_core.package_identification:_identify(src/rplidar_ros) by extensions ['colcon_meta']
[0.166s] Level 1:colcon.colcon_core.package_identification:_identify(src/rplidar_ros) by extension 'colcon_meta'
[0.166s] Level 1:colcon.colcon_core.package_identification:_identify(src/rplidar_ros) by extensions ['ros']
[0.166s] Level 1:colcon.colcon_core.package_identification:_identify(src/rplidar_ros) by extension 'ros'
[0.167s] DEBUG:colcon.colcon_core.package_identification:Package 'src/rplidar_ros' with type 'ros.ament_cmake' and name 'rplidar_ros'
[0.167s] Level 1:colcon.colcon_core.package_identification:_identify(src/water_tank_cartographer) by extensions ['ignore', 'ignore_ament_install']
[0.167s] Level 1:colcon.colcon_core.package_identification:_identify(src/water_tank_cartographer) by extension 'ignore'
[0.167s] Level 1:colcon.colcon_core.package_identification:_identify(src/water_tank_cartographer) by extension 'ignore_ament_install'
[0.167s] Level 1:colcon.colcon_core.package_identification:_identify(src/water_tank_cartographer) by extensions ['colcon_pkg']
[0.167s] Level 1:colcon.colcon_core.package_identification:_identify(src/water_tank_cartographer) by extension 'colcon_pkg'
[0.167s] Level 1:colcon.colcon_core.package_identification:_identify(src/water_tank_cartographer) by extensions ['colcon_meta']
[0.167s] Level 1:colcon.colcon_core.package_identification:_identify(src/water_tank_cartographer) by extension 'colcon_meta'
[0.167s] Level 1:colcon.colcon_core.package_identification:_identify(src/water_tank_cartographer) by extensions ['ros']
[0.167s] Level 1:colcon.colcon_core.package_identification:_identify(src/water_tank_cartographer) by extension 'ros'
[0.168s] DEBUG:colcon.colcon_core.package_identification:Package 'src/water_tank_cartographer' with type 'ros.ament_cmake' and name 'water_tank_cartographer'
[0.168s] Level 1:colcon.colcon_core.package_identification:_identify(src/water_tank_navigation) by extensions ['ignore', 'ignore_ament_install']
[0.168s] Level 1:colcon.colcon_core.package_identification:_identify(src/water_tank_navigation) by extension 'ignore'
[0.168s] Level 1:colcon.colcon_core.package_identification:_identify(src/water_tank_navigation) by extension 'ignore_ament_install'
[0.168s] Level 1:colcon.colcon_core.package_identification:_identify(src/water_tank_navigation) by extensions ['colcon_pkg']
[0.168s] Level 1:colcon.colcon_core.package_identification:_identify(src/water_tank_navigation) by extension 'colcon_pkg'
[0.168s] Level 1:colcon.colcon_core.package_identification:_identify(src/water_tank_navigation) by extensions ['colcon_meta']
[0.168s] Level 1:colcon.colcon_core.package_identification:_identify(src/water_tank_navigation) by extension 'colcon_meta'
[0.168s] Level 1:colcon.colcon_core.package_identification:_identify(src/water_tank_navigation) by extensions ['ros']
[0.168s] Level 1:colcon.colcon_core.package_identification:_identify(src/water_tank_navigation) by extension 'ros'
[0.168s] DEBUG:colcon.colcon_core.package_identification:Package 'src/water_tank_navigation' with type 'ros.ament_cmake' and name 'water_tank_navigation'
[0.168s] Level 1:colcon.colcon_core.package_identification:_identify(src/waypoints_generator) by extensions ['ignore', 'ignore_ament_install']
[0.168s] Level 1:colcon.colcon_core.package_identification:_identify(src/waypoints_generator) by extension 'ignore'
[0.169s] Level 1:colcon.colcon_core.package_identification:_identify(src/waypoints_generator) by extension 'ignore_ament_install'
[0.169s] Level 1:colcon.colcon_core.package_identification:_identify(src/waypoints_generator) by extensions ['colcon_pkg']
[0.169s] Level 1:colcon.colcon_core.package_identification:_identify(src/waypoints_generator) by extension 'colcon_pkg'
[0.169s] Level 1:colcon.colcon_core.package_identification:_identify(src/waypoints_generator) by extensions ['colcon_meta']
[0.169s] Level 1:colcon.colcon_core.package_identification:_identify(src/waypoints_generator) by extension 'colcon_meta'
[0.169s] Level 1:colcon.colcon_core.package_identification:_identify(src/waypoints_generator) by extensions ['ros']
[0.169s] Level 1:colcon.colcon_core.package_identification:_identify(src/waypoints_generator) by extension 'ros'
[0.169s] DEBUG:colcon.colcon_core.package_identification:Package 'src/waypoints_generator' with type 'ros.ament_python' and name 'waypoints_generator'
[0.169s] Level 1:colcon.colcon_core.package_discovery:discover_packages(recursive) using defaults
[0.169s] Level 1:colcon.colcon_core.package_discovery:discover_packages(ignore) discover
[0.169s] Level 1:colcon.colcon_core.package_discovery:discover_packages(ignore) using defaults
[0.169s] Level 1:colcon.colcon_core.package_discovery:discover_packages(path) discover
[0.169s] Level 1:colcon.colcon_core.package_discovery:discover_packages(path) using defaults
[0.184s] Level 1:colcon.colcon_core.package_discovery:discover_packages(prefix_path) check parameters
[0.184s] Level 1:colcon.colcon_core.package_discovery:discover_packages(prefix_path) discover
[0.188s] DEBUG:colcon.colcon_installed_package_information.package_discovery:Found 7 installed packages in /home/jack/water_tank_ws/install
[0.190s] DEBUG:colcon.colcon_installed_package_information.package_discovery:Found 426 installed packages in /opt/ros/jazzy
[0.191s] Level 1:colcon.colcon_core.package_discovery:discover_packages(prefix_path) using defaults
[0.269s] Level 5:colcon.colcon_core.verb:set package 'rf2o_laser_odometry' build argument 'cmake_args' from command line to 'None'
[0.269s] Level 5:colcon.colcon_core.verb:set package 'rf2o_laser_odometry' build argument 'cmake_target' from command line to 'None'
[0.269s] Level 5:colcon.colcon_core.verb:set package 'rf2o_laser_odometry' build argument 'cmake_target_skip_unavailable' from command line to 'False'
[0.269s] Level 5:colcon.colcon_core.verb:set package 'rf2o_laser_odometry' build argument 'cmake_clean_cache' from command line to 'False'
[0.269s] Level 5:colcon.colcon_core.verb:set package 'rf2o_laser_odometry' build argument 'cmake_clean_first' from command line to 'False'
[0.269s] Level 5:colcon.colcon_core.verb:set package 'rf2o_laser_odometry' build argument 'cmake_force_configure' from command line to 'False'
[0.269s] Level 5:colcon.colcon_core.verb:set package 'rf2o_laser_odometry' build argument 'ament_cmake_args' from command line to 'None'
[0.269s] Level 5:colcon.colcon_core.verb:set package 'rf2o_laser_odometry' build argument 'catkin_cmake_args' from command line to 'None'
[0.269s] Level 5:colcon.colcon_core.verb:set package 'rf2o_laser_odometry' build argument 'catkin_skip_building_tests' from command line to 'False'
[0.269s] DEBUG:colcon.colcon_core.verb:Building package 'rf2o_laser_odometry' with the following arguments: {'ament_cmake_args': None, 'build_base': '/home/jack/water_tank_ws/build/rf2o_laser_odometry', 'catkin_cmake_args': None, 'catkin_skip_building_tests': False, 'cmake_args': None, 'cmake_clean_cache': False, 'cmake_clean_first': False, 'cmake_force_configure': False, 'cmake_target': None, 'cmake_target_skip_unavailable': False, 'install_base': '/home/jack/water_tank_ws/install/rf2o_laser_odometry', 'merge_install': False, 'path': '/home/jack/water_tank_ws/src/rf2o_laser_odometry', 'symlink_install': True, 'test_result_base': None}
[0.269s] Level 5:colcon.colcon_core.verb:set package 'ros2_control_demo_description' build argument 'cmake_args' from command line to 'None'
[0.269s] Level 5:colcon.colcon_core.verb:set package 'ros2_control_demo_description' build argument 'cmake_target' from command line to 'None'
[0.269s] Level 5:colcon.colcon_core.verb:set package 'ros2_control_demo_description' build argument 'cmake_target_skip_unavailable' from command line to 'False'
[0.269s] Level 5:colcon.colcon_core.verb:set package 'ros2_control_demo_description' build argument 'cmake_clean_cache' from command line to 'False'
[0.269s] Level 5:colcon.colcon_core.verb:set package 'ros2_control_demo_description' build argument 'cmake_clean_first' from command line to 'False'
[0.269s] Level 5:colcon.colcon_core.verb:set package 'ros2_control_demo_description' build argument 'cmake_force_configure' from command line to 'False'
[0.269s] Level 5:colcon.colcon_core.verb:set package 'ros2_control_demo_description' build argument 'ament_cmake_args' from command line to 'None'
[0.269s] Level 5:colcon.colcon_core.verb:set package 'ros2_control_demo_description' build argument 'catkin_cmake_args' from command line to 'None'
[0.269s] Level 5:colcon.colcon_core.verb:set package 'ros2_control_demo_description' build argument 'catkin_skip_building_tests' from command line to 'False'
[0.269s] DEBUG:colcon.colcon_core.verb:Building package 'ros2_control_demo_description' with the following arguments: {'ament_cmake_args': None, 'build_base': '/home/jack/water_tank_ws/build/ros2_control_demo_description', 'catkin_cmake_args': None, 'catkin_skip_building_tests': False, 'cmake_args': None, 'cmake_clean_cache': False, 'cmake_clean_first': False, 'cmake_force_configure': False, 'cmake_target': None, 'cmake_target_skip_unavailable': False, 'install_base': '/home/jack/water_tank_ws/install/ros2_control_demo_description', 'merge_install': False, 'path': '/home/jack/water_tank_ws/src/ros2_control_demo_description', 'symlink_install': True, 'test_result_base': None}
[0.269s] Level 5:colcon.colcon_core.verb:set package 'rplidar_ros' build argument 'cmake_args' from command line to 'None'
[0.269s] Level 5:colcon.colcon_core.verb:set package 'rplidar_ros' build argument 'cmake_target' from command line to 'None'
[0.269s] Level 5:colcon.colcon_core.verb:set package 'rplidar_ros' build argument 'cmake_target_skip_unavailable' from command line to 'False'
[0.269s] Level 5:colcon.colcon_core.verb:set package 'rplidar_ros' build argument 'cmake_clean_cache' from command line to 'False'
[0.269s] Level 5:colcon.colcon_core.verb:set package 'rplidar_ros' build argument 'cmake_clean_first' from command line to 'False'
[0.269s] Level 5:colcon.colcon_core.verb:set package 'rplidar_ros' build argument 'cmake_force_configure' from command line to 'False'
[0.269s] Level 5:colcon.colcon_core.verb:set package 'rplidar_ros' build argument 'ament_cmake_args' from command line to 'None'
[0.269s] Level 5:colcon.colcon_core.verb:set package 'rplidar_ros' build argument 'catkin_cmake_args' from command line to 'None'
[0.269s] Level 5:colcon.colcon_core.verb:set package 'rplidar_ros' build argument 'catkin_skip_building_tests' from command line to 'False'
[0.269s] DEBUG:colcon.colcon_core.verb:Building package 'rplidar_ros' with the following arguments: {'ament_cmake_args': None, 'build_base': '/home/jack/water_tank_ws/build/rplidar_ros', 'catkin_cmake_args': None, 'catkin_skip_building_tests': False, 'cmake_args': None, 'cmake_clean_cache': False, 'cmake_clean_first': False, 'cmake_force_configure': False, 'cmake_target': None, 'cmake_target_skip_unavailable': False, 'install_base': '/home/jack/water_tank_ws/install/rplidar_ros', 'merge_install': False, 'path': '/home/jack/water_tank_ws/src/rplidar_ros', 'symlink_install': True, 'test_result_base': None}
[0.270s] Level 5:colcon.colcon_core.verb:set package 'water_tank_cartographer' build argument 'cmake_args' from command line to 'None'
[0.270s] Level 5:colcon.colcon_core.verb:set package 'water_tank_cartographer' build argument 'cmake_target' from command line to 'None'
[0.270s] Level 5:colcon.colcon_core.verb:set package 'water_tank_cartographer' build argument 'cmake_target_skip_unavailable' from command line to 'False'
[0.270s] Level 5:colcon.colcon_core.verb:set package 'water_tank_cartographer' build argument 'cmake_clean_cache' from command line to 'False'
[0.270s] Level 5:colcon.colcon_core.verb:set package 'water_tank_cartographer' build argument 'cmake_clean_first' from command line to 'False'
[0.270s] Level 5:colcon.colcon_core.verb:set package 'water_tank_cartographer' build argument 'cmake_force_configure' from command line to 'False'
[0.270s] Level 5:colcon.colcon_core.verb:set package 'water_tank_cartographer' build argument 'ament_cmake_args' from command line to 'None'
[0.270s] Level 5:colcon.colcon_core.verb:set package 'water_tank_cartographer' build argument 'catkin_cmake_args' from command line to 'None'
[0.270s] Level 5:colcon.colcon_core.verb:set package 'water_tank_cartographer' build argument 'catkin_skip_building_tests' from command line to 'False'
[0.270s] DEBUG:colcon.colcon_core.verb:Building package 'water_tank_cartographer' with the following arguments: {'ament_cmake_args': None, 'build_base': '/home/jack/water_tank_ws/build/water_tank_cartographer', 'catkin_cmake_args': None, 'catkin_skip_building_tests': False, 'cmake_args': None, 'cmake_clean_cache': False, 'cmake_clean_first': False, 'cmake_force_configure': False, 'cmake_target': None, 'cmake_target_skip_unavailable': False, 'install_base': '/home/jack/water_tank_ws/install/water_tank_cartographer', 'merge_install': False, 'path': '/home/jack/water_tank_ws/src/water_tank_cartographer', 'symlink_install': True, 'test_result_base': None}
[0.270s] Level 5:colcon.colcon_core.verb:set package 'water_tank_navigation' build argument 'cmake_args' from command line to 'None'
[0.270s] Level 5:colcon.colcon_core.verb:set package 'water_tank_navigation' build argument 'cmake_target' from command line to 'None'
[0.270s] Level 5:colcon.colcon_core.verb:set package 'water_tank_navigation' build argument 'cmake_target_skip_unavailable' from command line to 'False'
[0.270s] Level 5:colcon.colcon_core.verb:set package 'water_tank_navigation' build argument 'cmake_clean_cache' from command line to 'False'
[0.270s] Level 5:colcon.colcon_core.verb:set package 'water_tank_navigation' build argument 'cmake_clean_first' from command line to 'False'
[0.270s] Level 5:colcon.colcon_core.verb:set package 'water_tank_navigation' build argument 'cmake_force_configure' from command line to 'False'
[0.270s] Level 5:colcon.colcon_core.verb:set package 'water_tank_navigation' build argument 'ament_cmake_args' from command line to 'None'
[0.270s] Level 5:colcon.colcon_core.verb:set package 'water_tank_navigation' build argument 'catkin_cmake_args' from command line to 'None'
[0.270s] Level 5:colcon.colcon_core.verb:set package 'water_tank_navigation' build argument 'catkin_skip_building_tests' from command line to 'False'
[0.270s] DEBUG:colcon.colcon_core.verb:Building package 'water_tank_navigation' with the following arguments: {'ament_cmake_args': None, 'build_base': '/home/jack/water_tank_ws/build/water_tank_navigation', 'catkin_cmake_args': None, 'catkin_skip_building_tests': False, 'cmake_args': None, 'cmake_clean_cache': False, 'cmake_clean_first': False, 'cmake_force_configure': False, 'cmake_target': None, 'cmake_target_skip_unavailable': False, 'install_base': '/home/jack/water_tank_ws/install/water_tank_navigation', 'merge_install': False, 'path': '/home/jack/water_tank_ws/src/water_tank_navigation', 'symlink_install': True, 'test_result_base': None}
[0.270s] Level 5:colcon.colcon_core.verb:set package 'waypoints_generator' build argument 'cmake_args' from command line to 'None'
[0.270s] Level 5:colcon.colcon_core.verb:set package 'waypoints_generator' build argument 'cmake_target' from command line to 'None'
[0.270s] Level 5:colcon.colcon_core.verb:set package 'waypoints_generator' build argument 'cmake_target_skip_unavailable' from command line to 'False'
[0.270s] Level 5:colcon.colcon_core.verb:set package 'waypoints_generator' build argument 'cmake_clean_cache' from command line to 'False'
[0.270s] Level 5:colcon.colcon_core.verb:set package 'waypoints_generator' build argument 'cmake_clean_first' from command line to 'False'
[0.270s] Level 5:colcon.colcon_core.verb:set package 'waypoints_generator' build argument 'cmake_force_configure' from command line to 'False'
[0.270s] Level 5:colcon.colcon_core.verb:set package 'waypoints_generator' build argument 'ament_cmake_args' from command line to 'None'
[0.270s] Level 5:colcon.colcon_core.verb:set package 'waypoints_generator' build argument 'catkin_cmake_args' from command line to 'None'
[0.270s] Level 5:colcon.colcon_core.verb:set package 'waypoints_generator' build argument 'catkin_skip_building_tests' from command line to 'False'
[0.270s] DEBUG:colcon.colcon_core.verb:Building package 'waypoints_generator' with the following arguments: {'ament_cmake_args': None, 'build_base': '/home/jack/water_tank_ws/build/waypoints_generator', 'catkin_cmake_args': None, 'catkin_skip_building_tests': False, 'cmake_args': None, 'cmake_clean_cache': False, 'cmake_clean_first': False, 'cmake_force_configure': False, 'cmake_target': None, 'cmake_target_skip_unavailable': False, 'install_base': '/home/jack/water_tank_ws/install/waypoints_generator', 'merge_install': False, 'path': '/home/jack/water_tank_ws/src/waypoints_generator', 'symlink_install': True, 'test_result_base': None}
[0.270s] Level 5:colcon.colcon_core.verb:set package 'ros2_control_demo_example_2' build argument 'cmake_args' from command line to 'None'
[0.270s] Level 5:colcon.colcon_core.verb:set package 'ros2_control_demo_example_2' build argument 'cmake_target' from command line to 'None'
[0.270s] Level 5:colcon.colcon_core.verb:set package 'ros2_control_demo_example_2' build argument 'cmake_target_skip_unavailable' from command line to 'False'
[0.270s] Level 5:colcon.colcon_core.verb:set package 'ros2_control_demo_example_2' build argument 'cmake_clean_cache' from command line to 'False'
[0.270s] Level 5:colcon.colcon_core.verb:set package 'ros2_control_demo_example_2' build argument 'cmake_clean_first' from command line to 'False'
[0.270s] Level 5:colcon.colcon_core.verb:set package 'ros2_control_demo_example_2' build argument 'cmake_force_configure' from command line to 'False'
[0.270s] Level 5:colcon.colcon_core.verb:set package 'ros2_control_demo_example_2' build argument 'ament_cmake_args' from command line to 'None'
[0.270s] Level 5:colcon.colcon_core.verb:set package 'ros2_control_demo_example_2' build argument 'catkin_cmake_args' from command line to 'None'
[0.270s] Level 5:colcon.colcon_core.verb:set package 'ros2_control_demo_example_2' build argument 'catkin_skip_building_tests' from command line to 'False'
[0.270s] DEBUG:colcon.colcon_core.verb:Building package 'ros2_control_demo_example_2' with the following arguments: {'ament_cmake_args': None, 'build_base': '/home/jack/water_tank_ws/build/ros2_control_demo_example_2', 'catkin_cmake_args': None, 'catkin_skip_building_tests': False, 'cmake_args': None, 'cmake_clean_cache': False, 'cmake_clean_first': False, 'cmake_force_configure': False, 'cmake_target': None, 'cmake_target_skip_unavailable': False, 'install_base': '/home/jack/water_tank_ws/install/ros2_control_demo_example_2', 'merge_install': False, 'path': '/home/jack/water_tank_ws/src/example_2', 'symlink_install': True, 'test_result_base': None}
[0.270s] INFO:colcon.colcon_core.executor:Executing jobs using 'parallel' executor
[0.271s] DEBUG:colcon.colcon_parallel_executor.executor.parallel:run_until_complete
[0.271s] INFO:colcon.colcon_ros.task.ament_cmake.build:Building ROS package in '/home/jack/water_tank_ws/src/ros2_control_demo_description' with build type 'ament_cmake'
[0.272s] INFO:colcon.colcon_cmake.task.cmake.build:Building CMake package in '/home/jack/water_tank_ws/src/ros2_control_demo_description'
[0.275s] INFO:colcon.colcon_core.plugin_system:Skipping extension 'colcon_core.shell.bat': Not used on non-Windows systems
[0.276s] INFO:colcon.colcon_core.shell:Skip shell extension 'powershell' for command environment: Not usable outside of PowerShell
[0.276s] DEBUG:colcon.colcon_core.shell:Skip shell extension 'dsv' for command environment
[0.278s] INFO:colcon.colcon_ros.task.ament_cmake.build:Building ROS package in '/home/jack/water_tank_ws/src/rf2o_laser_odometry' with build type 'ament_cmake'
[0.278s] INFO:colcon.colcon_cmake.task.cmake.build:Building CMake package in '/home/jack/water_tank_ws/src/rf2o_laser_odometry'
[0.279s] INFO:colcon.colcon_core.shell:Skip shell extension 'powershell' for command environment: Not usable outside of PowerShell
[0.279s] DEBUG:colcon.colcon_core.shell:Skip shell extension 'dsv' for command environment
[0.281s] INFO:colcon.colcon_ros.task.ament_cmake.build:Building ROS package in '/home/jack/water_tank_ws/src/rplidar_ros' with build type 'ament_cmake'
[0.281s] INFO:colcon.colcon_cmake.task.cmake.build:Building CMake package in '/home/jack/water_tank_ws/src/rplidar_ros'
[0.281s] INFO:colcon.colcon_core.shell:Skip shell extension 'powershell' for command environment: Not usable outside of PowerShell
[0.281s] DEBUG:colcon.colcon_core.shell:Skip shell extension 'dsv' for command environment
[0.284s] INFO:colcon.colcon_ros.task.ament_cmake.build:Building ROS package in '/home/jack/water_tank_ws/src/water_tank_cartographer' with build type 'ament_cmake'
[0.284s] INFO:colcon.colcon_cmake.task.cmake.build:Building CMake package in '/home/jack/water_tank_ws/src/water_tank_cartographer'
[0.284s] INFO:colcon.colcon_core.shell:Skip shell extension 'powershell' for command environment: Not usable outside of PowerShell
[0.284s] DEBUG:colcon.colcon_core.shell:Skip shell extension 'dsv' for command environment
[0.287s] INFO:colcon.colcon_ros.task.ament_cmake.build:Building ROS package in '/home/jack/water_tank_ws/src/water_tank_navigation' with build type 'ament_cmake'
[0.287s] INFO:colcon.colcon_cmake.task.cmake.build:Building CMake package in '/home/jack/water_tank_ws/src/water_tank_navigation'
[0.287s] INFO:colcon.colcon_core.shell:Skip shell extension 'powershell' for command environment: Not usable outside of PowerShell
[0.287s] DEBUG:colcon.colcon_core.shell:Skip shell extension 'dsv' for command environment
[0.290s] INFO:colcon.colcon_ros.task.ament_python.build:Building ROS package in '/home/jack/water_tank_ws/src/waypoints_generator' with build type 'ament_python'
[0.290s] Level 1:colcon.colcon_core.shell:create_environment_hook('waypoints_generator', 'ament_prefix_path')
[0.290s] INFO:colcon.colcon_core.shell:Creating environment hook '/home/jack/water_tank_ws/install/waypoints_generator/share/waypoints_generator/hook/ament_prefix_path.ps1'
[0.290s] INFO:colcon.colcon_core.shell:Creating environment descriptor '/home/jack/water_tank_ws/install/waypoints_generator/share/waypoints_generator/hook/ament_prefix_path.dsv'
[0.291s] INFO:colcon.colcon_core.shell:Creating environment hook '/home/jack/water_tank_ws/install/waypoints_generator/share/waypoints_generator/hook/ament_prefix_path.sh'
[0.291s] INFO:colcon.colcon_core.shell:Skip shell extension 'powershell' for command environment: Not usable outside of PowerShell
[0.291s] DEBUG:colcon.colcon_core.shell:Skip shell extension 'dsv' for command environment
[0.297s] DEBUG:colcon.colcon_core.event_handler.log_command:Invoking command in '/home/jack/water_tank_ws/build/ros2_control_demo_description': CMAKE_PREFIX_PATH=${CMAKE_PREFIX_PATH}:/home/jack/water_tank_ws/install/waypoints_generator:/opt/ros/jazzy DEBUGINFOD_URLS=https://debuginfod.ubuntu.com /usr/bin/cmake --build /home/jack/water_tank_ws/build/ros2_control_demo_description -- -j20 -l20
[0.300s] DEBUG:colcon.colcon_core.event_handler.log_command:Invoking command in '/home/jack/water_tank_ws/build/rf2o_laser_odometry': CMAKE_PREFIX_PATH=${CMAKE_PREFIX_PATH}:/home/jack/water_tank_ws/install/waypoints_generator:/opt/ros/jazzy DEBUGINFOD_URLS=https://debuginfod.ubuntu.com /usr/bin/cmake --build /home/jack/water_tank_ws/build/rf2o_laser_odometry -- -j20 -l20
[0.301s] DEBUG:colcon.colcon_core.event_handler.log_command:Invoking command in '/home/jack/water_tank_ws/build/rplidar_ros': CMAKE_PREFIX_PATH=${CMAKE_PREFIX_PATH}:/home/jack/water_tank_ws/install/waypoints_generator:/opt/ros/jazzy DEBUGINFOD_URLS=https://debuginfod.ubuntu.com /usr/bin/cmake --build /home/jack/water_tank_ws/build/rplidar_ros -- -j20 -l20
[0.302s] DEBUG:colcon.colcon_core.event_handler.log_command:Invoking command in '/home/jack/water_tank_ws/build/water_tank_cartographer': CMAKE_PREFIX_PATH=${CMAKE_PREFIX_PATH}:/home/jack/water_tank_ws/install/waypoints_generator:/opt/ros/jazzy DEBUGINFOD_URLS=https://debuginfod.ubuntu.com /usr/bin/cmake --build /home/jack/water_tank_ws/build/water_tank_cartographer -- -j20 -l20
[0.304s] DEBUG:colcon.colcon_core.event_handler.log_command:Invoking command in '/home/jack/water_tank_ws/build/water_tank_navigation': CMAKE_PREFIX_PATH=${CMAKE_PREFIX_PATH}:/home/jack/water_tank_ws/install/waypoints_generator:/opt/ros/jazzy DEBUGINFOD_URLS=https://debuginfod.ubuntu.com /usr/bin/cmake --build /home/jack/water_tank_ws/build/water_tank_navigation -- -j20 -l20
[0.447s] INFO:colcon.colcon_core.task.python.build:Building Python package in '/home/jack/water_tank_ws/src/waypoints_generator'
[0.447s] INFO:colcon.colcon_core.shell:Skip shell extension 'powershell' for command environment: Not usable outside of PowerShell
[0.447s] DEBUG:colcon.colcon_core.shell:Skip shell extension 'dsv' for command environment
[0.450s] DEBUG:colcon.colcon_core.event_handler.log_command:Invoked command in '/home/jack/water_tank_ws/build/rf2o_laser_odometry' returned '0': CMAKE_PREFIX_PATH=${CMAKE_PREFIX_PATH}:/home/jack/water_tank_ws/install/waypoints_generator:/opt/ros/jazzy DEBUGINFOD_URLS=https://debuginfod.ubuntu.com /usr/bin/cmake --build /home/jack/water_tank_ws/build/rf2o_laser_odometry -- -j20 -l20
[0.459s] DEBUG:colcon.colcon_core.event_handler.log_command:Invoking command in '/home/jack/water_tank_ws/build/rf2o_laser_odometry': CMAKE_PREFIX_PATH=${CMAKE_PREFIX_PATH}:/home/jack/water_tank_ws/install/waypoints_generator:/opt/ros/jazzy DEBUGINFOD_URLS=https://debuginfod.ubuntu.com /usr/bin/cmake --install /home/jack/water_tank_ws/build/rf2o_laser_odometry
[0.460s] DEBUG:colcon.colcon_core.event_handler.log_command:Invoked command in '/home/jack/water_tank_ws/build/rplidar_ros' returned '0': CMAKE_PREFIX_PATH=${CMAKE_PREFIX_PATH}:/home/jack/water_tank_ws/install/waypoints_generator:/opt/ros/jazzy DEBUGINFOD_URLS=https://debuginfod.ubuntu.com /usr/bin/cmake --build /home/jack/water_tank_ws/build/rplidar_ros -- -j20 -l20
[0.460s] DEBUG:colcon.colcon_core.event_handler.log_command:Invoking command in '/home/jack/water_tank_ws/build/rplidar_ros': CMAKE_PREFIX_PATH=${CMAKE_PREFIX_PATH}:/home/jack/water_tank_ws/install/waypoints_generator:/opt/ros/jazzy DEBUGINFOD_URLS=https://debuginfod.ubuntu.com /usr/bin/cmake --install /home/jack/water_tank_ws/build/rplidar_ros
[0.461s] DEBUG:colcon.colcon_core.event_handler.log_command:Invoked command in '/home/jack/water_tank_ws/build/water_tank_navigation' returned '0': CMAKE_PREFIX_PATH=${CMAKE_PREFIX_PATH}:/home/jack/water_tank_ws/install/waypoints_generator:/opt/ros/jazzy DEBUGINFOD_URLS=https://debuginfod.ubuntu.com /usr/bin/cmake --build /home/jack/water_tank_ws/build/water_tank_navigation -- -j20 -l20
[0.462s] DEBUG:colcon.colcon_core.event_handler.log_command:Invoking command in '/home/jack/water_tank_ws/build/water_tank_navigation': CMAKE_PREFIX_PATH=${CMAKE_PREFIX_PATH}:/home/jack/water_tank_ws/install/waypoints_generator:/opt/ros/jazzy DEBUGINFOD_URLS=https://debuginfod.ubuntu.com /usr/bin/cmake --install /home/jack/water_tank_ws/build/water_tank_navigation
[0.463s] DEBUG:colcon.colcon_core.event_handler.log_command:Invoked command in '/home/jack/water_tank_ws/build/ros2_control_demo_description' returned '0': CMAKE_PREFIX_PATH=${CMAKE_PREFIX_PATH}:/home/jack/water_tank_ws/install/waypoints_generator:/opt/ros/jazzy DEBUGINFOD_URLS=https://debuginfod.ubuntu.com /usr/bin/cmake --build /home/jack/water_tank_ws/build/ros2_control_demo_description -- -j20 -l20
[0.464s] DEBUG:colcon.colcon_core.event_handler.log_command:Invoking command in '/home/jack/water_tank_ws/build/ros2_control_demo_description': CMAKE_PREFIX_PATH=${CMAKE_PREFIX_PATH}:/home/jack/water_tank_ws/install/waypoints_generator:/opt/ros/jazzy DEBUGINFOD_URLS=https://debuginfod.ubuntu.com /usr/bin/cmake --install /home/jack/water_tank_ws/build/ros2_control_demo_description
[0.464s] DEBUG:colcon.colcon_core.event_handler.log_command:Invoked command in '/home/jack/water_tank_ws/build/water_tank_cartographer' returned '0': CMAKE_PREFIX_PATH=${CMAKE_PREFIX_PATH}:/home/jack/water_tank_ws/install/waypoints_generator:/opt/ros/jazzy DEBUGINFOD_URLS=https://debuginfod.ubuntu.com /usr/bin/cmake --build /home/jack/water_tank_ws/build/water_tank_cartographer -- -j20 -l20
[0.465s] DEBUG:colcon.colcon_core.event_handler.log_command:Invoking command in '/home/jack/water_tank_ws/build/water_tank_cartographer': CMAKE_PREFIX_PATH=${CMAKE_PREFIX_PATH}:/home/jack/water_tank_ws/install/waypoints_generator:/opt/ros/jazzy DEBUGINFOD_URLS=https://debuginfod.ubuntu.com /usr/bin/cmake --install /home/jack/water_tank_ws/build/water_tank_cartographer
[0.491s] Level 1:colcon.colcon_core.environment:create_environment_scripts_only(rf2o_laser_odometry)
[0.491s] DEBUG:colcon.colcon_core.event_handler.log_command:Invoked command in '/home/jack/water_tank_ws/build/rf2o_laser_odometry' returned '0': CMAKE_PREFIX_PATH=${CMAKE_PREFIX_PATH}:/home/jack/water_tank_ws/install/waypoints_generator:/opt/ros/jazzy DEBUGINFOD_URLS=https://debuginfod.ubuntu.com /usr/bin/cmake --install /home/jack/water_tank_ws/build/rf2o_laser_odometry
[0.495s] Level 1:colcon.colcon_core.environment:checking '/home/jack/water_tank_ws/install/rf2o_laser_odometry' for CMake module files
[0.496s] Level 1:colcon.colcon_core.environment:checking '/home/jack/water_tank_ws/install/rf2o_laser_odometry' for CMake config files
[0.497s] Level 1:colcon.colcon_core.shell:create_environment_hook('rf2o_laser_odometry', 'cmake_prefix_path')
[0.497s] INFO:colcon.colcon_core.shell:Creating environment hook '/home/jack/water_tank_ws/install/rf2o_laser_odometry/share/rf2o_laser_odometry/hook/cmake_prefix_path.ps1'
[0.497s] INFO:colcon.colcon_core.shell:Creating environment descriptor '/home/jack/water_tank_ws/install/rf2o_laser_odometry/share/rf2o_laser_odometry/hook/cmake_prefix_path.dsv'
[0.497s] INFO:colcon.colcon_core.shell:Creating environment hook '/home/jack/water_tank_ws/install/rf2o_laser_odometry/share/rf2o_laser_odometry/hook/cmake_prefix_path.sh'
[0.498s] Level 1:colcon.colcon_core.environment:checking '/home/jack/water_tank_ws/install/rf2o_laser_odometry/lib'
[0.498s] Level 1:colcon.colcon_core.environment:checking '/home/jack/water_tank_ws/install/rf2o_laser_odometry/bin'
[0.498s] Level 1:colcon.colcon_core.environment:checking '/home/jack/water_tank_ws/install/rf2o_laser_odometry/lib/pkgconfig/rf2o_laser_odometry.pc'
[0.498s] Level 1:colcon.colcon_core.environment:checking '/home/jack/water_tank_ws/install/rf2o_laser_odometry/lib/python3.12/site-packages'
[0.498s] Level 1:colcon.colcon_core.environment:checking '/home/jack/water_tank_ws/install/rf2o_laser_odometry/bin'
[0.498s] INFO:colcon.colcon_core.shell:Creating package script '/home/jack/water_tank_ws/install/rf2o_laser_odometry/share/rf2o_laser_odometry/package.ps1'
[0.499s] INFO:colcon.colcon_core.shell:Creating package descriptor '/home/jack/water_tank_ws/install/rf2o_laser_odometry/share/rf2o_laser_odometry/package.dsv'
[0.499s] INFO:colcon.colcon_core.shell:Creating package script '/home/jack/water_tank_ws/install/rf2o_laser_odometry/share/rf2o_laser_odometry/package.sh'
[0.499s] INFO:colcon.colcon_core.shell:Creating package script '/home/jack/water_tank_ws/install/rf2o_laser_odometry/share/rf2o_laser_odometry/package.bash'
[0.507s] INFO:colcon.colcon_core.shell:Creating package script '/home/jack/water_tank_ws/install/rf2o_laser_odometry/share/rf2o_laser_odometry/package.zsh'
[0.507s] Level 1:colcon.colcon_core.environment:create_file_with_runtime_dependencies(/home/jack/water_tank_ws/install/rf2o_laser_odometry/share/colcon-core/packages/rf2o_laser_odometry)
[0.508s] Level 1:colcon.colcon_core.environment:create_environment_scripts_only(rf2o_laser_odometry)
[0.508s] Level 1:colcon.colcon_core.environment:checking '/home/jack/water_tank_ws/install/rf2o_laser_odometry' for CMake module files
[0.508s] Level 1:colcon.colcon_core.environment:checking '/home/jack/water_tank_ws/install/rf2o_laser_odometry' for CMake config files
[0.508s] Level 1:colcon.colcon_core.shell:create_environment_hook('rf2o_laser_odometry', 'cmake_prefix_path')
[0.508s] INFO:colcon.colcon_core.shell:Creating environment hook '/home/jack/water_tank_ws/install/rf2o_laser_odometry/share/rf2o_laser_odometry/hook/cmake_prefix_path.ps1'
[0.508s] INFO:colcon.colcon_core.shell:Creating environment descriptor '/home/jack/water_tank_ws/install/rf2o_laser_odometry/share/rf2o_laser_odometry/hook/cmake_prefix_path.dsv'
[0.509s] INFO:colcon.colcon_core.shell:Creating environment hook '/home/jack/water_tank_ws/install/rf2o_laser_odometry/share/rf2o_laser_odometry/hook/cmake_prefix_path.sh'
[0.509s] Level 1:colcon.colcon_core.environment:checking '/home/jack/water_tank_ws/install/rf2o_laser_odometry/lib'
[0.509s] Level 1:colcon.colcon_core.environment:checking '/home/jack/water_tank_ws/install/rf2o_laser_odometry/bin'
[0.509s] Level 1:colcon.colcon_core.environment:checking '/home/jack/water_tank_ws/install/rf2o_laser_odometry/lib/pkgconfig/rf2o_laser_odometry.pc'
[0.509s] Level 1:colcon.colcon_core.environment:checking '/home/jack/water_tank_ws/install/rf2o_laser_odometry/lib/python3.12/site-packages'
[0.509s] Level 1:colcon.colcon_core.environment:checking '/home/jack/water_tank_ws/install/rf2o_laser_odometry/bin'
[0.509s] INFO:colcon.colcon_core.shell:Creating package script '/home/jack/water_tank_ws/install/rf2o_laser_odometry/share/rf2o_laser_odometry/package.ps1'
[0.510s] INFO:colcon.colcon_core.shell:Creating package descriptor '/home/jack/water_tank_ws/install/rf2o_laser_odometry/share/rf2o_laser_odometry/package.dsv'
[0.510s] INFO:colcon.colcon_core.shell:Creating package script '/home/jack/water_tank_ws/install/rf2o_laser_odometry/share/rf2o_laser_odometry/package.sh'
[0.510s] INFO:colcon.colcon_core.shell:Creating package script '/home/jack/water_tank_ws/install/rf2o_laser_odometry/share/rf2o_laser_odometry/package.bash'
[0.510s] INFO:colcon.colcon_core.shell:Creating package script '/home/jack/water_tank_ws/install/rf2o_laser_odometry/share/rf2o_laser_odometry/package.zsh'
[0.510s] Level 1:colcon.colcon_core.environment:create_file_with_runtime_dependencies(/home/jack/water_tank_ws/install/rf2o_laser_odometry/share/colcon-core/packages/rf2o_laser_odometry)
[0.511s] Level 1:colcon.colcon_core.environment:create_environment_scripts_only(ros2_control_demo_description)
[0.511s] Level 1:colcon.colcon_core.environment:checking '/home/jack/water_tank_ws/install/ros2_control_demo_description' for CMake module files
[0.512s] DEBUG:colcon.colcon_core.event_handler.log_command:Invoked command in '/home/jack/water_tank_ws/build/ros2_control_demo_description' returned '0': CMAKE_PREFIX_PATH=${CMAKE_PREFIX_PATH}:/home/jack/water_tank_ws/install/waypoints_generator:/opt/ros/jazzy DEBUGINFOD_URLS=https://debuginfod.ubuntu.com /usr/bin/cmake --install /home/jack/water_tank_ws/build/ros2_control_demo_description
[0.512s] Level 1:colcon.colcon_core.environment:checking '/home/jack/water_tank_ws/install/ros2_control_demo_description' for CMake config files
[0.513s] Level 1:colcon.colcon_core.shell:create_environment_hook('ros2_control_demo_description', 'cmake_prefix_path')
[0.513s] INFO:colcon.colcon_core.shell:Creating environment hook '/home/jack/water_tank_ws/install/ros2_control_demo_description/share/ros2_control_demo_description/hook/cmake_prefix_path.ps1'
[0.513s] INFO:colcon.colcon_core.shell:Creating environment descriptor '/home/jack/water_tank_ws/install/ros2_control_demo_description/share/ros2_control_demo_description/hook/cmake_prefix_path.dsv'
[0.513s] INFO:colcon.colcon_core.shell:Creating environment hook '/home/jack/water_tank_ws/install/ros2_control_demo_description/share/ros2_control_demo_description/hook/cmake_prefix_path.sh'
[0.513s] Level 1:colcon.colcon_core.environment:checking '/home/jack/water_tank_ws/install/ros2_control_demo_description/bin'
[0.514s] Level 1:colcon.colcon_core.environment:checking '/home/jack/water_tank_ws/install/ros2_control_demo_description/lib/pkgconfig/ros2_control_demo_description.pc'
[0.514s] Level 1:colcon.colcon_core.environment:checking '/home/jack/water_tank_ws/install/ros2_control_demo_description/lib/python3.12/site-packages'
[0.514s] Level 1:colcon.colcon_core.environment:checking '/home/jack/water_tank_ws/install/ros2_control_demo_description/bin'
[0.514s] INFO:colcon.colcon_core.shell:Creating package script '/home/jack/water_tank_ws/install/ros2_control_demo_description/share/ros2_control_demo_description/package.ps1'
[0.514s] INFO:colcon.colcon_core.shell:Creating package descriptor '/home/jack/water_tank_ws/install/ros2_control_demo_description/share/ros2_control_demo_description/package.dsv'
[0.514s] INFO:colcon.colcon_core.shell:Creating package script '/home/jack/water_tank_ws/install/ros2_control_demo_description/share/ros2_control_demo_description/package.sh'
[0.515s] INFO:colcon.colcon_core.shell:Creating package script '/home/jack/water_tank_ws/install/ros2_control_demo_description/share/ros2_control_demo_description/package.bash'
[0.515s] INFO:colcon.colcon_core.shell:Creating package script '/home/jack/water_tank_ws/install/ros2_control_demo_description/share/ros2_control_demo_description/package.zsh'
[0.515s] Level 1:colcon.colcon_core.environment:create_file_with_runtime_dependencies(/home/jack/water_tank_ws/install/ros2_control_demo_description/share/colcon-core/packages/ros2_control_demo_description)
[0.515s] Level 1:colcon.colcon_core.environment:create_environment_scripts_only(ros2_control_demo_description)
[0.515s] Level 1:colcon.colcon_core.environment:checking '/home/jack/water_tank_ws/install/ros2_control_demo_description' for CMake module files
[0.515s] Level 1:colcon.colcon_core.environment:checking '/home/jack/water_tank_ws/install/ros2_control_demo_description' for CMake config files
[0.516s] Level 1:colcon.colcon_core.shell:create_environment_hook('ros2_control_demo_description', 'cmake_prefix_path')
[0.516s] INFO:colcon.colcon_core.shell:Creating environment hook '/home/jack/water_tank_ws/install/ros2_control_demo_description/share/ros2_control_demo_description/hook/cmake_prefix_path.ps1'
[0.516s] INFO:colcon.colcon_core.shell:Creating environment descriptor '/home/jack/water_tank_ws/install/ros2_control_demo_description/share/ros2_control_demo_description/hook/cmake_prefix_path.dsv'
[0.516s] INFO:colcon.colcon_core.shell:Creating environment hook '/home/jack/water_tank_ws/install/ros2_control_demo_description/share/ros2_control_demo_description/hook/cmake_prefix_path.sh'
[0.516s] Level 1:colcon.colcon_core.environment:checking '/home/jack/water_tank_ws/install/ros2_control_demo_description/bin'
[0.516s] Level 1:colcon.colcon_core.environment:checking '/home/jack/water_tank_ws/install/ros2_control_demo_description/lib/pkgconfig/ros2_control_demo_description.pc'
[0.517s] Level 1:colcon.colcon_core.environment:checking '/home/jack/water_tank_ws/install/ros2_control_demo_description/lib/python3.12/site-packages'
[0.517s] Level 1:colcon.colcon_core.environment:checking '/home/jack/water_tank_ws/install/ros2_control_demo_description/bin'
[0.517s] INFO:colcon.colcon_core.shell:Creating package script '/home/jack/water_tank_ws/install/ros2_control_demo_description/share/ros2_control_demo_description/package.ps1'
[0.517s] INFO:colcon.colcon_core.shell:Creating package descriptor '/home/jack/water_tank_ws/install/ros2_control_demo_description/share/ros2_control_demo_description/package.dsv'
[0.517s] INFO:colcon.colcon_core.shell:Creating package script '/home/jack/water_tank_ws/install/ros2_control_demo_description/share/ros2_control_demo_description/package.sh'
[0.518s] INFO:colcon.colcon_core.shell:Creating package script '/home/jack/water_tank_ws/install/ros2_control_demo_description/share/ros2_control_demo_description/package.bash'
[0.518s] INFO:colcon.colcon_core.shell:Creating package script '/home/jack/water_tank_ws/install/ros2_control_demo_description/share/ros2_control_demo_description/package.zsh'
[0.518s] Level 1:colcon.colcon_core.environment:create_file_with_runtime_dependencies(/home/jack/water_tank_ws/install/ros2_control_demo_description/share/colcon-core/packages/ros2_control_demo_description)
[0.518s] INFO:colcon.colcon_ros.task.ament_cmake.build:Building ROS package in '/home/jack/water_tank_ws/src/example_2' with build type 'ament_cmake'
[0.518s] INFO:colcon.colcon_cmake.task.cmake.build:Building CMake package in '/home/jack/water_tank_ws/src/example_2'
[0.519s] INFO:colcon.colcon_core.shell:Skip shell extension 'powershell' for command environment: Not usable outside of PowerShell
[0.519s] DEBUG:colcon.colcon_core.shell:Skip shell extension 'dsv' for command environment
[0.521s] Level 1:colcon.colcon_core.environment:create_environment_scripts_only(water_tank_cartographer)
[0.521s] Level 1:colcon.colcon_core.environment:checking '/home/jack/water_tank_ws/install/water_tank_cartographer' for CMake module files
[0.521s] DEBUG:colcon.colcon_core.event_handler.log_command:Invoked command in '/home/jack/water_tank_ws/build/water_tank_cartographer' returned '0': CMAKE_PREFIX_PATH=${CMAKE_PREFIX_PATH}:/home/jack/water_tank_ws/install/waypoints_generator:/opt/ros/jazzy DEBUGINFOD_URLS=https://debuginfod.ubuntu.com /usr/bin/cmake --install /home/jack/water_tank_ws/build/water_tank_cartographer
[0.522s] Level 1:colcon.colcon_core.environment:checking '/home/jack/water_tank_ws/install/water_tank_cartographer' for CMake config files
[0.522s] Level 1:colcon.colcon_core.shell:create_environment_hook('water_tank_cartographer', 'cmake_prefix_path')
[0.522s] INFO:colcon.colcon_core.shell:Creating environment hook '/home/jack/water_tank_ws/install/water_tank_cartographer/share/water_tank_cartographer/hook/cmake_prefix_path.ps1'
[0.522s] INFO:colcon.colcon_core.shell:Creating environment descriptor '/home/jack/water_tank_ws/install/water_tank_cartographer/share/water_tank_cartographer/hook/cmake_prefix_path.dsv'
[0.523s] INFO:colcon.colcon_core.shell:Creating environment hook '/home/jack/water_tank_ws/install/water_tank_cartographer/share/water_tank_cartographer/hook/cmake_prefix_path.sh'
[0.523s] Level 1:colcon.colcon_core.environment:checking '/home/jack/water_tank_ws/install/water_tank_cartographer/bin'
[0.523s] Level 1:colcon.colcon_core.environment:checking '/home/jack/water_tank_ws/install/water_tank_cartographer/lib/pkgconfig/water_tank_cartographer.pc'
[0.523s] Level 1:colcon.colcon_core.environment:checking '/home/jack/water_tank_ws/install/water_tank_cartographer/lib/python3.12/site-packages'
[0.523s] Level 1:colcon.colcon_core.environment:checking '/home/jack/water_tank_ws/install/water_tank_cartographer/bin'
[0.523s] INFO:colcon.colcon_core.shell:Creating package script '/home/jack/water_tank_ws/install/water_tank_cartographer/share/water_tank_cartographer/package.ps1'
[0.523s] INFO:colcon.colcon_core.shell:Creating package descriptor '/home/jack/water_tank_ws/install/water_tank_cartographer/share/water_tank_cartographer/package.dsv'
[0.524s] INFO:colcon.colcon_core.shell:Creating package script '/home/jack/water_tank_ws/install/water_tank_cartographer/share/water_tank_cartographer/package.sh'
[0.524s] INFO:colcon.colcon_core.shell:Creating package script '/home/jack/water_tank_ws/install/water_tank_cartographer/share/water_tank_cartographer/package.bash'
[0.524s] INFO:colcon.colcon_core.shell:Creating package script '/home/jack/water_tank_ws/install/water_tank_cartographer/share/water_tank_cartographer/package.zsh'
[0.524s] Level 1:colcon.colcon_core.environment:create_file_with_runtime_dependencies(/home/jack/water_tank_ws/install/water_tank_cartographer/share/colcon-core/packages/water_tank_cartographer)
[0.524s] Level 1:colcon.colcon_core.environment:create_environment_scripts_only(water_tank_cartographer)
[0.525s] Level 1:colcon.colcon_core.environment:checking '/home/jack/water_tank_ws/install/water_tank_cartographer' for CMake module files
[0.525s] Level 1:colcon.colcon_core.environment:checking '/home/jack/water_tank_ws/install/water_tank_cartographer' for CMake config files
[0.525s] Level 1:colcon.colcon_core.shell:create_environment_hook('water_tank_cartographer', 'cmake_prefix_path')
[0.525s] INFO:colcon.colcon_core.shell:Creating environment hook '/home/jack/water_tank_ws/install/water_tank_cartographer/share/water_tank_cartographer/hook/cmake_prefix_path.ps1'
[0.525s] INFO:colcon.colcon_core.shell:Creating environment descriptor '/home/jack/water_tank_ws/install/water_tank_cartographer/share/water_tank_cartographer/hook/cmake_prefix_path.dsv'
[0.525s] INFO:colcon.colcon_core.shell:Creating environment hook '/home/jack/water_tank_ws/install/water_tank_cartographer/share/water_tank_cartographer/hook/cmake_prefix_path.sh'
[0.526s] Level 1:colcon.colcon_core.environment:checking '/home/jack/water_tank_ws/install/water_tank_cartographer/bin'
[0.526s] Level 1:colcon.colcon_core.environment:checking '/home/jack/water_tank_ws/install/water_tank_cartographer/lib/pkgconfig/water_tank_cartographer.pc'
[0.526s] Level 1:colcon.colcon_core.environment:checking '/home/jack/water_tank_ws/install/water_tank_cartographer/lib/python3.12/site-packages'
[0.526s] Level 1:colcon.colcon_core.environment:checking '/home/jack/water_tank_ws/install/water_tank_cartographer/bin'
[0.526s] INFO:colcon.colcon_core.shell:Creating package script '/home/jack/water_tank_ws/install/water_tank_cartographer/share/water_tank_cartographer/package.ps1'
[0.526s] INFO:colcon.colcon_core.shell:Creating package descriptor '/home/jack/water_tank_ws/install/water_tank_cartographer/share/water_tank_cartographer/package.dsv'
[0.526s] INFO:colcon.colcon_core.shell:Creating package script '/home/jack/water_tank_ws/install/water_tank_cartographer/share/water_tank_cartographer/package.sh'
[0.527s] INFO:colcon.colcon_core.shell:Creating package script '/home/jack/water_tank_ws/install/water_tank_cartographer/share/water_tank_cartographer/package.bash'
[0.527s] INFO:colcon.colcon_core.shell:Creating package script '/home/jack/water_tank_ws/install/water_tank_cartographer/share/water_tank_cartographer/package.zsh'
[0.527s] Level 1:colcon.colcon_core.environment:create_file_with_runtime_dependencies(/home/jack/water_tank_ws/install/water_tank_cartographer/share/colcon-core/packages/water_tank_cartographer)
[0.527s] Level 1:colcon.colcon_core.environment:create_environment_scripts_only(water_tank_navigation)
[0.527s] Level 1:colcon.colcon_core.environment:checking '/home/jack/water_tank_ws/install/water_tank_navigation' for CMake module files
[0.528s] DEBUG:colcon.colcon_core.event_handler.log_command:Invoked command in '/home/jack/water_tank_ws/build/water_tank_navigation' returned '0': CMAKE_PREFIX_PATH=${CMAKE_PREFIX_PATH}:/home/jack/water_tank_ws/install/waypoints_generator:/opt/ros/jazzy DEBUGINFOD_URLS=https://debuginfod.ubuntu.com /usr/bin/cmake --install /home/jack/water_tank_ws/build/water_tank_navigation
[0.528s] Level 1:colcon.colcon_core.environment:checking '/home/jack/water_tank_ws/install/water_tank_navigation' for CMake config files
[0.528s] Level 1:colcon.colcon_core.shell:create_environment_hook('water_tank_navigation', 'cmake_prefix_path')
[0.528s] INFO:colcon.colcon_core.shell:Creating environment hook '/home/jack/water_tank_ws/install/water_tank_navigation/share/water_tank_navigation/hook/cmake_prefix_path.ps1'
[0.528s] INFO:colcon.colcon_core.shell:Creating environment descriptor '/home/jack/water_tank_ws/install/water_tank_navigation/share/water_tank_navigation/hook/cmake_prefix_path.dsv'
[0.529s] INFO:colcon.colcon_core.shell:Creating environment hook '/home/jack/water_tank_ws/install/water_tank_navigation/share/water_tank_navigation/hook/cmake_prefix_path.sh'
[0.529s] Level 1:colcon.colcon_core.environment:checking '/home/jack/water_tank_ws/install/water_tank_navigation/bin'
[0.529s] Level 1:colcon.colcon_core.environment:checking '/home/jack/water_tank_ws/install/water_tank_navigation/lib/pkgconfig/water_tank_navigation.pc'
[0.529s] Level 1:colcon.colcon_core.environment:checking '/home/jack/water_tank_ws/install/water_tank_navigation/lib/python3.12/site-packages'
[0.529s] Level 1:colcon.colcon_core.environment:checking '/home/jack/water_tank_ws/install/water_tank_navigation/bin'
[0.529s] INFO:colcon.colcon_core.shell:Creating package script '/home/jack/water_tank_ws/install/water_tank_navigation/share/water_tank_navigation/package.ps1'
[0.529s] INFO:colcon.colcon_core.shell:Creating package descriptor '/home/jack/water_tank_ws/install/water_tank_navigation/share/water_tank_navigation/package.dsv'
[0.530s] INFO:colcon.colcon_core.shell:Creating package script '/home/jack/water_tank_ws/install/water_tank_navigation/share/water_tank_navigation/package.sh'
[0.530s] INFO:colcon.colcon_core.shell:Creating package script '/home/jack/water_tank_ws/install/water_tank_navigation/share/water_tank_navigation/package.bash'
[0.530s] INFO:colcon.colcon_core.shell:Creating package script '/home/jack/water_tank_ws/install/water_tank_navigation/share/water_tank_navigation/package.zsh'
[0.530s] Level 1:colcon.colcon_core.environment:create_file_with_runtime_dependencies(/home/jack/water_tank_ws/install/water_tank_navigation/share/colcon-core/packages/water_tank_navigation)
[0.530s] Level 1:colcon.colcon_core.environment:create_environment_scripts_only(water_tank_navigation)
[0.531s] Level 1:colcon.colcon_core.environment:checking '/home/jack/water_tank_ws/install/water_tank_navigation' for CMake module files
[0.531s] Level 1:colcon.colcon_core.environment:checking '/home/jack/water_tank_ws/install/water_tank_navigation' for CMake config files
[0.531s] Level 1:colcon.colcon_core.shell:create_environment_hook('water_tank_navigation', 'cmake_prefix_path')
[0.531s] INFO:colcon.colcon_core.shell:Creating environment hook '/home/jack/water_tank_ws/install/water_tank_navigation/share/water_tank_navigation/hook/cmake_prefix_path.ps1'
[0.531s] INFO:colcon.colcon_core.shell:Creating environment descriptor '/home/jack/water_tank_ws/install/water_tank_navigation/share/water_tank_navigation/hook/cmake_prefix_path.dsv'
[0.531s] INFO:colcon.colcon_core.shell:Creating environment hook '/home/jack/water_tank_ws/install/water_tank_navigation/share/water_tank_navigation/hook/cmake_prefix_path.sh'
[0.532s] Level 1:colcon.colcon_core.environment:checking '/home/jack/water_tank_ws/install/water_tank_navigation/bin'
[0.532s] Level 1:colcon.colcon_core.environment:checking '/home/jack/water_tank_ws/install/water_tank_navigation/lib/pkgconfig/water_tank_navigation.pc'
[0.532s] Level 1:colcon.colcon_core.environment:checking '/home/jack/water_tank_ws/install/water_tank_navigation/lib/python3.12/site-packages'
[0.532s] Level 1:colcon.colcon_core.environment:checking '/home/jack/water_tank_ws/install/water_tank_navigation/bin'
[0.532s] INFO:colcon.colcon_core.shell:Creating package script '/home/jack/water_tank_ws/install/water_tank_navigation/share/water_tank_navigation/package.ps1'
[0.532s] INFO:colcon.colcon_core.shell:Creating package descriptor '/home/jack/water_tank_ws/install/water_tank_navigation/share/water_tank_navigation/package.dsv'
[0.533s] INFO:colcon.colcon_core.shell:Creating package script '/home/jack/water_tank_ws/install/water_tank_navigation/share/water_tank_navigation/package.sh'
[0.533s] INFO:colcon.colcon_core.shell:Creating package script '/home/jack/water_tank_ws/install/water_tank_navigation/share/water_tank_navigation/package.bash'
[0.533s] INFO:colcon.colcon_core.shell:Creating package script '/home/jack/water_tank_ws/install/water_tank_navigation/share/water_tank_navigation/package.zsh'
[0.533s] Level 1:colcon.colcon_core.environment:create_file_with_runtime_dependencies(/home/jack/water_tank_ws/install/water_tank_navigation/share/colcon-core/packages/water_tank_navigation)
[0.533s] Level 1:colcon.colcon_core.environment:create_environment_scripts_only(rplidar_ros)
[0.533s] Level 1:colcon.colcon_core.environment:checking '/home/jack/water_tank_ws/install/rplidar_ros' for CMake module files
[0.534s] DEBUG:colcon.colcon_core.event_handler.log_command:Invoked command in '/home/jack/water_tank_ws/build/rplidar_ros' returned '0': CMAKE_PREFIX_PATH=${CMAKE_PREFIX_PATH}:/home/jack/water_tank_ws/install/waypoints_generator:/opt/ros/jazzy DEBUGINFOD_URLS=https://debuginfod.ubuntu.com /usr/bin/cmake --install /home/jack/water_tank_ws/build/rplidar_ros
[0.534s] Level 1:colcon.colcon_core.environment:checking '/home/jack/water_tank_ws/install/rplidar_ros' for CMake config files
[0.534s] Level 1:colcon.colcon_core.shell:create_environment_hook('rplidar_ros', 'cmake_prefix_path')
[0.534s] INFO:colcon.colcon_core.shell:Creating environment hook '/home/jack/water_tank_ws/install/rplidar_ros/share/rplidar_ros/hook/cmake_prefix_path.ps1'
[0.535s] INFO:colcon.colcon_core.shell:Creating environment descriptor '/home/jack/water_tank_ws/install/rplidar_ros/share/rplidar_ros/hook/cmake_prefix_path.dsv'
[0.535s] INFO:colcon.colcon_core.shell:Creating environment hook '/home/jack/water_tank_ws/install/rplidar_ros/share/rplidar_ros/hook/cmake_prefix_path.sh'
[0.535s] Level 1:colcon.colcon_core.environment:checking '/home/jack/water_tank_ws/install/rplidar_ros/lib'
[0.535s] Level 1:colcon.colcon_core.environment:checking '/home/jack/water_tank_ws/install/rplidar_ros/bin'
[0.535s] Level 1:colcon.colcon_core.environment:checking '/home/jack/water_tank_ws/install/rplidar_ros/lib/pkgconfig/rplidar_ros.pc'
[0.535s] Level 1:colcon.colcon_core.environment:checking '/home/jack/water_tank_ws/install/rplidar_ros/lib/python3.12/site-packages'
[0.535s] Level 1:colcon.colcon_core.environment:checking '/home/jack/water_tank_ws/install/rplidar_ros/bin'
[0.536s] INFO:colcon.colcon_core.shell:Creating package script '/home/jack/water_tank_ws/install/rplidar_ros/share/rplidar_ros/package.ps1'
[0.536s] INFO:colcon.colcon_core.shell:Creating package descriptor '/home/jack/water_tank_ws/install/rplidar_ros/share/rplidar_ros/package.dsv'
[0.536s] INFO:colcon.colcon_core.shell:Creating package script '/home/jack/water_tank_ws/install/rplidar_ros/share/rplidar_ros/package.sh'
[0.536s] INFO:colcon.colcon_core.shell:Creating package script '/home/jack/water_tank_ws/install/rplidar_ros/share/rplidar_ros/package.bash'
[0.536s] INFO:colcon.colcon_core.shell:Creating package script '/home/jack/water_tank_ws/install/rplidar_ros/share/rplidar_ros/package.zsh'
[0.537s] Level 1:colcon.colcon_core.environment:create_file_with_runtime_dependencies(/home/jack/water_tank_ws/install/rplidar_ros/share/colcon-core/packages/rplidar_ros)
[0.537s] Level 1:colcon.colcon_core.environment:create_environment_scripts_only(rplidar_ros)
[0.537s] Level 1:colcon.colcon_core.environment:checking '/home/jack/water_tank_ws/install/rplidar_ros' for CMake module files
[0.537s] Level 1:colcon.colcon_core.environment:checking '/home/jack/water_tank_ws/install/rplidar_ros' for CMake config files
[0.538s] Level 1:colcon.colcon_core.shell:create_environment_hook('rplidar_ros', 'cmake_prefix_path')
[0.538s] INFO:colcon.colcon_core.shell:Creating environment hook '/home/jack/water_tank_ws/install/rplidar_ros/share/rplidar_ros/hook/cmake_prefix_path.ps1'
[0.538s] INFO:colcon.colcon_core.shell:Creating environment descriptor '/home/jack/water_tank_ws/install/rplidar_ros/share/rplidar_ros/hook/cmake_prefix_path.dsv'
[0.538s] INFO:colcon.colcon_core.shell:Creating environment hook '/home/jack/water_tank_ws/install/rplidar_ros/share/rplidar_ros/hook/cmake_prefix_path.sh'
[0.538s] Level 1:colcon.colcon_core.environment:checking '/home/jack/water_tank_ws/install/rplidar_ros/lib'
[0.538s] Level 1:colcon.colcon_core.environment:checking '/home/jack/water_tank_ws/install/rplidar_ros/bin'
[0.538s] Level 1:colcon.colcon_core.environment:checking '/home/jack/water_tank_ws/install/rplidar_ros/lib/pkgconfig/rplidar_ros.pc'
[0.539s] Level 1:colcon.colcon_core.environment:checking '/home/jack/water_tank_ws/install/rplidar_ros/lib/python3.12/site-packages'
[0.539s] Level 1:colcon.colcon_core.environment:checking '/home/jack/water_tank_ws/install/rplidar_ros/bin'
[0.539s] INFO:colcon.colcon_core.shell:Creating package script '/home/jack/water_tank_ws/install/rplidar_ros/share/rplidar_ros/package.ps1'
[0.539s] INFO:colcon.colcon_core.shell:Creating package descriptor '/home/jack/water_tank_ws/install/rplidar_ros/share/rplidar_ros/package.dsv'
[0.539s] INFO:colcon.colcon_core.shell:Creating package script '/home/jack/water_tank_ws/install/rplidar_ros/share/rplidar_ros/package.sh'
[0.540s] INFO:colcon.colcon_core.shell:Creating package script '/home/jack/water_tank_ws/install/rplidar_ros/share/rplidar_ros/package.bash'
[0.540s] INFO:colcon.colcon_core.shell:Creating package script '/home/jack/water_tank_ws/install/rplidar_ros/share/rplidar_ros/package.zsh'
[0.540s] Level 1:colcon.colcon_core.environment:create_file_with_runtime_dependencies(/home/jack/water_tank_ws/install/rplidar_ros/share/colcon-core/packages/rplidar_ros)
[0.542s] DEBUG:colcon.colcon_core.event_handler.log_command:Invoking command in '/home/jack/water_tank_ws/build/ros2_control_demo_example_2': CMAKE_PREFIX_PATH=/home/jack/water_tank_ws/install/ros2_control_demo_description:/home/jack/water_tank_ws/install/water_tank_navigation:/home/jack/water_tank_ws/install/water_tank_cartographer:/home/jack/water_tank_ws/install/rplidar_ros:/home/jack/water_tank_ws/install/ros2_control_demo_example_2:/home/jack/water_tank_ws/install/rf2o_laser_odometry:/opt/ros/jazzy/opt/gz_sim_vendor:/opt/ros/jazzy/opt/gz_sensors_vendor:/opt/ros/jazzy/opt/gz_physics_vendor:/opt/ros/jazzy/opt/sdformat_vendor:/opt/ros/jazzy/opt/gz_gui_vendor:/opt/ros/jazzy/opt/gz_transport_vendor:/opt/ros/jazzy/opt/gz_rendering_vendor:/opt/ros/jazzy/opt/gz_plugin_vendor:/opt/ros/jazzy/opt/gz_fuel_tools_vendor:/opt/ros/jazzy/opt/gz_msgs_vendor:/opt/ros/jazzy/opt/gz_common_vendor:/opt/ros/jazzy/opt/gz_math_vendor:/opt/ros/jazzy/opt/gz_utils_vendor:/opt/ros/jazzy/opt/gz_tools_vendor:/opt/ros/jazzy/opt/gz_ogre_next_vendor:/opt/ros/jazzy/opt/gz_dartsim_vendor:/opt/ros/jazzy/opt/gz_cmake_vendor:/home/jack/water_tank_ws/install/waypoints_generator:/opt/ros/jazzy DEBUGINFOD_URLS=https://debuginfod.ubuntu.com /usr/bin/cmake --build /home/jack/water_tank_ws/build/ros2_control_demo_example_2 -- -j20 -l20
[0.606s] DEBUG:colcon.colcon_core.event_handler.log_command:Invoked command in '/home/jack/water_tank_ws/build/ros2_control_demo_example_2' returned '0': CMAKE_PREFIX_PATH=/home/jack/water_tank_ws/install/ros2_control_demo_description:/home/jack/water_tank_ws/install/water_tank_navigation:/home/jack/water_tank_ws/install/water_tank_cartographer:/home/jack/water_tank_ws/install/rplidar_ros:/home/jack/water_tank_ws/install/ros2_control_demo_example_2:/home/jack/water_tank_ws/install/rf2o_laser_odometry:/opt/ros/jazzy/opt/gz_sim_vendor:/opt/ros/jazzy/opt/gz_sensors_vendor:/opt/ros/jazzy/opt/gz_physics_vendor:/opt/ros/jazzy/opt/sdformat_vendor:/opt/ros/jazzy/opt/gz_gui_vendor:/opt/ros/jazzy/opt/gz_transport_vendor:/opt/ros/jazzy/opt/gz_rendering_vendor:/opt/ros/jazzy/opt/gz_plugin_vendor:/opt/ros/jazzy/opt/gz_fuel_tools_vendor:/opt/ros/jazzy/opt/gz_msgs_vendor:/opt/ros/jazzy/opt/gz_common_vendor:/opt/ros/jazzy/opt/gz_math_vendor:/opt/ros/jazzy/opt/gz_utils_vendor:/opt/ros/jazzy/opt/gz_tools_vendor:/opt/ros/jazzy/opt/gz_ogre_next_vendor:/opt/ros/jazzy/opt/gz_dartsim_vendor:/opt/ros/jazzy/opt/gz_cmake_vendor:/home/jack/water_tank_ws/install/waypoints_generator:/opt/ros/jazzy DEBUGINFOD_URLS=https://debuginfod.ubuntu.com /usr/bin/cmake --build /home/jack/water_tank_ws/build/ros2_control_demo_example_2 -- -j20 -l20
[0.608s] DEBUG:colcon.colcon_core.event_handler.log_command:Invoking command in '/home/jack/water_tank_ws/build/ros2_control_demo_example_2': CMAKE_PREFIX_PATH=/home/jack/water_tank_ws/install/ros2_control_demo_description:/home/jack/water_tank_ws/install/water_tank_navigation:/home/jack/water_tank_ws/install/water_tank_cartographer:/home/jack/water_tank_ws/install/rplidar_ros:/home/jack/water_tank_ws/install/ros2_control_demo_example_2:/home/jack/water_tank_ws/install/rf2o_laser_odometry:/opt/ros/jazzy/opt/gz_sim_vendor:/opt/ros/jazzy/opt/gz_sensors_vendor:/opt/ros/jazzy/opt/gz_physics_vendor:/opt/ros/jazzy/opt/sdformat_vendor:/opt/ros/jazzy/opt/gz_gui_vendor:/opt/ros/jazzy/opt/gz_transport_vendor:/opt/ros/jazzy/opt/gz_rendering_vendor:/opt/ros/jazzy/opt/gz_plugin_vendor:/opt/ros/jazzy/opt/gz_fuel_tools_vendor:/opt/ros/jazzy/opt/gz_msgs_vendor:/opt/ros/jazzy/opt/gz_common_vendor:/opt/ros/jazzy/opt/gz_math_vendor:/opt/ros/jazzy/opt/gz_utils_vendor:/opt/ros/jazzy/opt/gz_tools_vendor:/opt/ros/jazzy/opt/gz_ogre_next_vendor:/opt/ros/jazzy/opt/gz_dartsim_vendor:/opt/ros/jazzy/opt/gz_cmake_vendor:/home/jack/water_tank_ws/install/waypoints_generator:/opt/ros/jazzy DEBUGINFOD_URLS=https://debuginfod.ubuntu.com /usr/bin/cmake --install /home/jack/water_tank_ws/build/ros2_control_demo_example_2
[0.627s] Level 1:colcon.colcon_core.environment:create_environment_scripts_only(ros2_control_demo_example_2)
[0.627s] Level 1:colcon.colcon_core.environment:checking '/home/jack/water_tank_ws/install/ros2_control_demo_example_2' for CMake module files
[0.627s] DEBUG:colcon.colcon_core.event_handler.log_command:Invoked command in '/home/jack/water_tank_ws/build/ros2_control_demo_example_2' returned '0': CMAKE_PREFIX_PATH=/home/jack/water_tank_ws/install/ros2_control_demo_description:/home/jack/water_tank_ws/install/water_tank_navigation:/home/jack/water_tank_ws/install/water_tank_cartographer:/home/jack/water_tank_ws/install/rplidar_ros:/home/jack/water_tank_ws/install/ros2_control_demo_example_2:/home/jack/water_tank_ws/install/rf2o_laser_odometry:/opt/ros/jazzy/opt/gz_sim_vendor:/opt/ros/jazzy/opt/gz_sensors_vendor:/opt/ros/jazzy/opt/gz_physics_vendor:/opt/ros/jazzy/opt/sdformat_vendor:/opt/ros/jazzy/opt/gz_gui_vendor:/opt/ros/jazzy/opt/gz_transport_vendor:/opt/ros/jazzy/opt/gz_rendering_vendor:/opt/ros/jazzy/opt/gz_plugin_vendor:/opt/ros/jazzy/opt/gz_fuel_tools_vendor:/opt/ros/jazzy/opt/gz_msgs_vendor:/opt/ros/jazzy/opt/gz_common_vendor:/opt/ros/jazzy/opt/gz_math_vendor:/opt/ros/jazzy/opt/gz_utils_vendor:/opt/ros/jazzy/opt/gz_tools_vendor:/opt/ros/jazzy/opt/gz_ogre_next_vendor:/opt/ros/jazzy/opt/gz_dartsim_vendor:/opt/ros/jazzy/opt/gz_cmake_vendor:/home/jack/water_tank_ws/install/waypoints_generator:/opt/ros/jazzy DEBUGINFOD_URLS=https://debuginfod.ubuntu.com /usr/bin/cmake --install /home/jack/water_tank_ws/build/ros2_control_demo_example_2
[0.628s] Level 1:colcon.colcon_core.environment:checking '/home/jack/water_tank_ws/install/ros2_control_demo_example_2' for CMake config files
[0.628s] Level 1:colcon.colcon_core.shell:create_environment_hook('ros2_control_demo_example_2', 'cmake_prefix_path')
[0.628s] INFO:colcon.colcon_core.shell:Creating environment hook '/home/jack/water_tank_ws/install/ros2_control_demo_example_2/share/ros2_control_demo_example_2/hook/cmake_prefix_path.ps1'
[0.628s] INFO:colcon.colcon_core.shell:Creating environment descriptor '/home/jack/water_tank_ws/install/ros2_control_demo_example_2/share/ros2_control_demo_example_2/hook/cmake_prefix_path.dsv'
[0.629s] INFO:colcon.colcon_core.shell:Creating environment hook '/home/jack/water_tank_ws/install/ros2_control_demo_example_2/share/ros2_control_demo_example_2/hook/cmake_prefix_path.sh'
[0.629s] Level 1:colcon.colcon_core.environment:checking '/home/jack/water_tank_ws/install/ros2_control_demo_example_2/lib'
[0.629s] Level 1:colcon.colcon_core.shell:create_environment_hook('ros2_control_demo_example_2', 'ld_library_path_lib')
[0.629s] INFO:colcon.colcon_core.shell:Creating environment hook '/home/jack/water_tank_ws/install/ros2_control_demo_example_2/share/ros2_control_demo_example_2/hook/ld_library_path_lib.ps1'
[0.629s] INFO:colcon.colcon_core.shell:Creating environment descriptor '/home/jack/water_tank_ws/install/ros2_control_demo_example_2/share/ros2_control_demo_example_2/hook/ld_library_path_lib.dsv'
[0.629s] INFO:colcon.colcon_core.shell:Creating environment hook '/home/jack/water_tank_ws/install/ros2_control_demo_example_2/share/ros2_control_demo_example_2/hook/ld_library_path_lib.sh'
[0.630s] Level 1:colcon.colcon_core.environment:checking '/home/jack/water_tank_ws/install/ros2_control_demo_example_2/bin'
[0.630s] Level 1:colcon.colcon_core.environment:checking '/home/jack/water_tank_ws/install/ros2_control_demo_example_2/lib/pkgconfig/ros2_control_demo_example_2.pc'
[0.630s] Level 1:colcon.colcon_core.environment:checking '/home/jack/water_tank_ws/install/ros2_control_demo_example_2/lib/python3.12/site-packages'
[0.630s] Level 1:colcon.colcon_core.environment:checking '/home/jack/water_tank_ws/install/ros2_control_demo_example_2/bin'
[0.630s] INFO:colcon.colcon_core.shell:Creating package script '/home/jack/water_tank_ws/install/ros2_control_demo_example_2/share/ros2_control_demo_example_2/package.ps1'
[0.630s] INFO:colcon.colcon_core.shell:Creating package descriptor '/home/jack/water_tank_ws/install/ros2_control_demo_example_2/share/ros2_control_demo_example_2/package.dsv'
[0.631s] INFO:colcon.colcon_core.shell:Creating package script '/home/jack/water_tank_ws/install/ros2_control_demo_example_2/share/ros2_control_demo_example_2/package.sh'
[0.631s] INFO:colcon.colcon_core.shell:Creating package script '/home/jack/water_tank_ws/install/ros2_control_demo_example_2/share/ros2_control_demo_example_2/package.bash'
[0.631s] INFO:colcon.colcon_core.shell:Creating package script '/home/jack/water_tank_ws/install/ros2_control_demo_example_2/share/ros2_control_demo_example_2/package.zsh'
[0.631s] Level 1:colcon.colcon_core.environment:create_file_with_runtime_dependencies(/home/jack/water_tank_ws/install/ros2_control_demo_example_2/share/colcon-core/packages/ros2_control_demo_example_2)
[0.631s] Level 1:colcon.colcon_core.environment:create_environment_scripts_only(ros2_control_demo_example_2)
[0.631s] Level 1:colcon.colcon_core.environment:checking '/home/jack/water_tank_ws/install/ros2_control_demo_example_2' for CMake module files
[0.632s] Level 1:colcon.colcon_core.environment:checking '/home/jack/water_tank_ws/install/ros2_control_demo_example_2' for CMake config files
[0.632s] Level 1:colcon.colcon_core.shell:create_environment_hook('ros2_control_demo_example_2', 'cmake_prefix_path')
[0.632s] INFO:colcon.colcon_core.shell:Creating environment hook '/home/jack/water_tank_ws/install/ros2_control_demo_example_2/share/ros2_control_demo_example_2/hook/cmake_prefix_path.ps1'
[0.632s] INFO:colcon.colcon_core.shell:Creating environment descriptor '/home/jack/water_tank_ws/install/ros2_control_demo_example_2/share/ros2_control_demo_example_2/hook/cmake_prefix_path.dsv'
[0.632s] INFO:colcon.colcon_core.shell:Creating environment hook '/home/jack/water_tank_ws/install/ros2_control_demo_example_2/share/ros2_control_demo_example_2/hook/cmake_prefix_path.sh'
[0.633s] Level 1:colcon.colcon_core.environment:checking '/home/jack/water_tank_ws/install/ros2_control_demo_example_2/lib'
[0.633s] Level 1:colcon.colcon_core.shell:create_environment_hook('ros2_control_demo_example_2', 'ld_library_path_lib')
[0.633s] INFO:colcon.colcon_core.shell:Creating environment hook '/home/jack/water_tank_ws/install/ros2_control_demo_example_2/share/ros2_control_demo_example_2/hook/ld_library_path_lib.ps1'
[0.633s] INFO:colcon.colcon_core.shell:Creating environment descriptor '/home/jack/water_tank_ws/install/ros2_control_demo_example_2/share/ros2_control_demo_example_2/hook/ld_library_path_lib.dsv'
[0.633s] INFO:colcon.colcon_core.shell:Creating environment hook '/home/jack/water_tank_ws/install/ros2_control_demo_example_2/share/ros2_control_demo_example_2/hook/ld_library_path_lib.sh'
[0.633s] Level 1:colcon.colcon_core.environment:checking '/home/jack/water_tank_ws/install/ros2_control_demo_example_2/bin'
[0.633s] Level 1:colcon.colcon_core.environment:checking '/home/jack/water_tank_ws/install/ros2_control_demo_example_2/lib/pkgconfig/ros2_control_demo_example_2.pc'
[0.634s] Level 1:colcon.colcon_core.environment:checking '/home/jack/water_tank_ws/install/ros2_control_demo_example_2/lib/python3.12/site-packages'
[0.634s] Level 1:colcon.colcon_core.environment:checking '/home/jack/water_tank_ws/install/ros2_control_demo_example_2/bin'
[0.634s] INFO:colcon.colcon_core.shell:Creating package script '/home/jack/water_tank_ws/install/ros2_control_demo_example_2/share/ros2_control_demo_example_2/package.ps1'
[0.634s] INFO:colcon.colcon_core.shell:Creating package descriptor '/home/jack/water_tank_ws/install/ros2_control_demo_example_2/share/ros2_control_demo_example_2/package.dsv'
[0.634s] INFO:colcon.colcon_core.shell:Creating package script '/home/jack/water_tank_ws/install/ros2_control_demo_example_2/share/ros2_control_demo_example_2/package.sh'
[0.635s] INFO:colcon.colcon_core.shell:Creating package script '/home/jack/water_tank_ws/install/ros2_control_demo_example_2/share/ros2_control_demo_example_2/package.bash'
[0.635s] INFO:colcon.colcon_core.shell:Creating package script '/home/jack/water_tank_ws/install/ros2_control_demo_example_2/share/ros2_control_demo_example_2/package.zsh'
[0.635s] Level 1:colcon.colcon_core.environment:create_file_with_runtime_dependencies(/home/jack/water_tank_ws/install/ros2_control_demo_example_2/share/colcon-core/packages/ros2_control_demo_example_2)
[0.962s] DEBUG:colcon.colcon_core.event_handler.log_command:Invoking command in '/home/jack/water_tank_ws/build/waypoints_generator': DEBUGINFOD_URLS=https://debuginfod.ubuntu.com PYTHONPATH=/home/jack/water_tank_ws/build/waypoints_generator/prefix_override:/usr/lib/python3/dist-packages/colcon_core/task/python/colcon_distutils_commands:/home/jack/water_tank_ws/install/waypoints_generator/lib/python3.12/site-packages:${PYTHONPATH} /usr/bin/python3 -W ignore:setup.py install is deprecated -W ignore:easy_install command is deprecated setup.py develop --editable --build-directory /home/jack/water_tank_ws/build/waypoints_generator/build --no-deps symlink_data
[1.324s] Level 1:colcon.colcon_core.shell:create_environment_hook('waypoints_generator', 'pythonpath_develop')
[1.324s] INFO:colcon.colcon_core.shell:Creating environment hook '/home/jack/water_tank_ws/build/waypoints_generator/share/waypoints_generator/hook/pythonpath_develop.ps1'
[1.325s] DEBUG:colcon.colcon_core.event_handler.log_command:Invoked command in '/home/jack/water_tank_ws/build/waypoints_generator' returned '0': DEBUGINFOD_URLS=https://debuginfod.ubuntu.com PYTHONPATH=/home/jack/water_tank_ws/build/waypoints_generator/prefix_override:/usr/lib/python3/dist-packages/colcon_core/task/python/colcon_distutils_commands:/home/jack/water_tank_ws/install/waypoints_generator/lib/python3.12/site-packages:${PYTHONPATH} /usr/bin/python3 -W ignore:setup.py install is deprecated -W ignore:easy_install command is deprecated setup.py develop --editable --build-directory /home/jack/water_tank_ws/build/waypoints_generator/build --no-deps symlink_data
[1.326s] INFO:colcon.colcon_core.shell:Creating environment descriptor '/home/jack/water_tank_ws/build/waypoints_generator/share/waypoints_generator/hook/pythonpath_develop.dsv'
[1.326s] INFO:colcon.colcon_core.shell:Creating environment hook '/home/jack/water_tank_ws/build/waypoints_generator/share/waypoints_generator/hook/pythonpath_develop.sh'
[1.327s] Level 1:colcon.colcon_core.environment:checking '/home/jack/water_tank_ws/install/waypoints_generator' for CMake module files
[1.327s] Level 1:colcon.colcon_core.environment:checking '/home/jack/water_tank_ws/install/waypoints_generator' for CMake config files
[1.328s] Level 1:colcon.colcon_core.environment:checking '/home/jack/water_tank_ws/install/waypoints_generator/lib'
[1.328s] Level 1:colcon.colcon_core.environment:checking '/home/jack/water_tank_ws/install/waypoints_generator/bin'
[1.328s] Level 1:colcon.colcon_core.environment:checking '/home/jack/water_tank_ws/install/waypoints_generator/lib/pkgconfig/waypoints_generator.pc'
[1.328s] Level 1:colcon.colcon_core.environment:checking '/home/jack/water_tank_ws/install/waypoints_generator/lib/python3.12/site-packages'
[1.329s] Level 1:colcon.colcon_core.shell:create_environment_hook('waypoints_generator', 'pythonpath')
[1.329s] INFO:colcon.colcon_core.shell:Creating environment hook '/home/jack/water_tank_ws/install/waypoints_generator/share/waypoints_generator/hook/pythonpath.ps1'
[1.329s] INFO:colcon.colcon_core.shell:Creating environment descriptor '/home/jack/water_tank_ws/install/waypoints_generator/share/waypoints_generator/hook/pythonpath.dsv'
[1.329s] INFO:colcon.colcon_core.shell:Creating environment hook '/home/jack/water_tank_ws/install/waypoints_generator/share/waypoints_generator/hook/pythonpath.sh'
[1.330s] Level 1:colcon.colcon_core.environment:checking '/home/jack/water_tank_ws/install/waypoints_generator/bin'
[1.330s] Level 1:colcon.colcon_core.environment:create_environment_scripts_only(waypoints_generator)
[1.330s] INFO:colcon.colcon_core.shell:Creating package script '/home/jack/water_tank_ws/install/waypoints_generator/share/waypoints_generator/package.ps1'
[1.331s] INFO:colcon.colcon_core.shell:Creating package descriptor '/home/jack/water_tank_ws/install/waypoints_generator/share/waypoints_generator/package.dsv'
[1.331s] INFO:colcon.colcon_core.shell:Creating package script '/home/jack/water_tank_ws/install/waypoints_generator/share/waypoints_generator/package.sh'
[1.332s] INFO:colcon.colcon_core.shell:Creating package script '/home/jack/water_tank_ws/install/waypoints_generator/share/waypoints_generator/package.bash'
[1.332s] INFO:colcon.colcon_core.shell:Creating package script '/home/jack/water_tank_ws/install/waypoints_generator/share/waypoints_generator/package.zsh'
[1.332s] Level 1:colcon.colcon_core.environment:create_file_with_runtime_dependencies(/home/jack/water_tank_ws/install/waypoints_generator/share/colcon-core/packages/waypoints_generator)
[1.332s] DEBUG:colcon.colcon_parallel_executor.executor.parallel:closing loop
[1.333s] DEBUG:colcon.colcon_parallel_executor.executor.parallel:loop closed
[1.333s] DEBUG:colcon.colcon_parallel_executor.executor.parallel:run_until_complete finished with '0'
[1.333s] DEBUG:colcon.colcon_core.event_reactor:joining thread
[1.339s] INFO:colcon.colcon_core.plugin_system:Skipping extension 'colcon_notification.desktop_notification.terminal_notifier': Not used on non-Darwin systems
[1.339s] INFO:colcon.colcon_core.plugin_system:Skipping extension 'colcon_notification.desktop_notification.win32': Not used on non-Windows systems
[1.339s] INFO:colcon.colcon_notification.desktop_notification:Sending desktop notification using 'notify2'
[1.350s] DEBUG:colcon.colcon_core.event_reactor:joined thread
[1.351s] INFO:colcon.colcon_core.shell:Creating prefix script '/home/jack/water_tank_ws/install/local_setup.ps1'
[1.352s] INFO:colcon.colcon_core.shell:Creating prefix util module '/home/jack/water_tank_ws/install/_local_setup_util_ps1.py'
[1.352s] INFO:colcon.colcon_core.shell:Creating prefix chain script '/home/jack/water_tank_ws/install/setup.ps1'
[1.353s] INFO:colcon.colcon_core.shell:Creating prefix script '/home/jack/water_tank_ws/install/local_setup.sh'
[1.354s] INFO:colcon.colcon_core.shell:Creating prefix util module '/home/jack/water_tank_ws/install/_local_setup_util_sh.py'
[1.354s] INFO:colcon.colcon_core.shell:Creating prefix chain script '/home/jack/water_tank_ws/install/setup.sh'
[1.355s] INFO:colcon.colcon_core.shell:Creating prefix script '/home/jack/water_tank_ws/install/local_setup.bash'
[1.355s] INFO:colcon.colcon_core.shell:Creating prefix chain script '/home/jack/water_tank_ws/install/setup.bash'
[1.356s] INFO:colcon.colcon_core.shell:Creating prefix script '/home/jack/water_tank_ws/install/local_setup.zsh'
[1.356s] INFO:colcon.colcon_core.shell:Creating prefix chain script '/home/jack/water_tank_ws/install/setup.zsh'
