[0.006s] Invoking command in '/home/jack/water_tank_ws/build/ros2_control_demo_example_2': AMENT_PREFIX_PATH=/home/jack/water_tank_ws/install/ros2_control_demo_description:${AMENT_PREFIX_PATH} CMAKE_PREFIX_PATH=/home/jack/water_tank_ws/install/ros2_control_demo_description:/opt/ros/jazzy/opt/gz_sim_vendor:/opt/ros/jazzy/opt/gz_sensors_vendor:/opt/ros/jazzy/opt/gz_physics_vendor:/opt/ros/jazzy/opt/sdformat_vendor:/opt/ros/jazzy/opt/gz_gui_vendor:/opt/ros/jazzy/opt/gz_transport_vendor:/opt/ros/jazzy/opt/gz_rendering_vendor:/opt/ros/jazzy/opt/gz_plugin_vendor:/opt/ros/jazzy/opt/gz_fuel_tools_vendor:/opt/ros/jazzy/opt/gz_msgs_vendor:/opt/ros/jazzy/opt/gz_common_vendor:/opt/ros/jazzy/opt/gz_math_vendor:/opt/ros/jazzy/opt/gz_utils_vendor:/opt/ros/jazzy/opt/gz_tools_vendor:/opt/ros/jazzy/opt/gz_ogre_next_vendor:/opt/ros/jazzy/opt/gz_dartsim_vendor:/opt/ros/jazzy/opt/gz_cmake_vendor:/opt/ros/jazzy DEBUGINFOD_URLS=https://debuginfod.ubuntu.com /usr/bin/cmake --build /home/jack/water_tank_ws/build/ros2_control_demo_example_2 -- -j20 -l20
[0.059s] [ 50%] [32mBuilding CXX object CMakeFiles/ros2_control_demo_example_2.dir/hardware/diffbot_system.cpp.o[0m
[2.714s] [100%] [32m[1mLinking CXX shared library libros2_control_demo_example_2.so[0m
[2.873s] [100%] Built target ros2_control_demo_example_2
[2.881s] Invoked command in '/home/jack/water_tank_ws/build/ros2_control_demo_example_2' returned '0': AMENT_PREFIX_PATH=/home/jack/water_tank_ws/install/ros2_control_demo_description:${AMENT_PREFIX_PATH} CMAKE_PREFIX_PATH=/home/jack/water_tank_ws/install/ros2_control_demo_description:/opt/ros/jazzy/opt/gz_sim_vendor:/opt/ros/jazzy/opt/gz_sensors_vendor:/opt/ros/jazzy/opt/gz_physics_vendor:/opt/ros/jazzy/opt/sdformat_vendor:/opt/ros/jazzy/opt/gz_gui_vendor:/opt/ros/jazzy/opt/gz_transport_vendor:/opt/ros/jazzy/opt/gz_rendering_vendor:/opt/ros/jazzy/opt/gz_plugin_vendor:/opt/ros/jazzy/opt/gz_fuel_tools_vendor:/opt/ros/jazzy/opt/gz_msgs_vendor:/opt/ros/jazzy/opt/gz_common_vendor:/opt/ros/jazzy/opt/gz_math_vendor:/opt/ros/jazzy/opt/gz_utils_vendor:/opt/ros/jazzy/opt/gz_tools_vendor:/opt/ros/jazzy/opt/gz_ogre_next_vendor:/opt/ros/jazzy/opt/gz_dartsim_vendor:/opt/ros/jazzy/opt/gz_cmake_vendor:/opt/ros/jazzy DEBUGINFOD_URLS=https://debuginfod.ubuntu.com /usr/bin/cmake --build /home/jack/water_tank_ws/build/ros2_control_demo_example_2 -- -j20 -l20
[2.882s] Invoking command in '/home/jack/water_tank_ws/build/ros2_control_demo_example_2': AMENT_PREFIX_PATH=/home/jack/water_tank_ws/install/ros2_control_demo_description:${AMENT_PREFIX_PATH} CMAKE_PREFIX_PATH=/home/jack/water_tank_ws/install/ros2_control_demo_description:/opt/ros/jazzy/opt/gz_sim_vendor:/opt/ros/jazzy/opt/gz_sensors_vendor:/opt/ros/jazzy/opt/gz_physics_vendor:/opt/ros/jazzy/opt/sdformat_vendor:/opt/ros/jazzy/opt/gz_gui_vendor:/opt/ros/jazzy/opt/gz_transport_vendor:/opt/ros/jazzy/opt/gz_rendering_vendor:/opt/ros/jazzy/opt/gz_plugin_vendor:/opt/ros/jazzy/opt/gz_fuel_tools_vendor:/opt/ros/jazzy/opt/gz_msgs_vendor:/opt/ros/jazzy/opt/gz_common_vendor:/opt/ros/jazzy/opt/gz_math_vendor:/opt/ros/jazzy/opt/gz_utils_vendor:/opt/ros/jazzy/opt/gz_tools_vendor:/opt/ros/jazzy/opt/gz_ogre_next_vendor:/opt/ros/jazzy/opt/gz_dartsim_vendor:/opt/ros/jazzy/opt/gz_cmake_vendor:/opt/ros/jazzy DEBUGINFOD_URLS=https://debuginfod.ubuntu.com /usr/bin/cmake --install /home/jack/water_tank_ws/build/ros2_control_demo_example_2
[2.890s] -- Install configuration: ""
[2.891s] -- Execute custom install script
[2.891s] -- Up-to-date symlink: /home/jack/water_tank_ws/install/ros2_control_demo_example_2/share/ros2_control_demo_example_2//ros2_control_demo_example_2.xml
[2.892s] -- Up-to-date symlink: /home/jack/water_tank_ws/install/ros2_control_demo_example_2/include/ros2_control_demo_example_2/ros2_control_demo_example_2/SerialComs.hpp
[2.892s] -- Up-to-date symlink: /home/jack/water_tank_ws/install/ros2_control_demo_example_2/include/ros2_control_demo_example_2/ros2_control_demo_example_2/diffbot_system.hpp
[2.893s] -- Up-to-date symlink: /home/jack/water_tank_ws/install/ros2_control_demo_example_2/share/ros2_control_demo_example_2/launch/view_robot.launch.py
[2.893s] -- Up-to-date symlink: /home/jack/water_tank_ws/install/ros2_control_demo_example_2/share/ros2_control_demo_example_2/ros2_control/diffbot.ros2_control.xacro
[2.893s] -- Up-to-date symlink: /home/jack/water_tank_ws/install/ros2_control_demo_example_2/share/ros2_control_demo_example_2/urdf/diffbot.urdf.xacro
[2.894s] -- Up-to-date symlink: /home/jack/water_tank_ws/install/ros2_control_demo_example_2/share/ros2_control_demo_example_2/launch/diffbot.launch.py
[2.894s] -- Up-to-date symlink: /home/jack/water_tank_ws/install/ros2_control_demo_example_2/share/ros2_control_demo_example_2/config/diffbot_controllers.yaml
[2.894s] -- Up-to-date symlink: /home/jack/water_tank_ws/install/ros2_control_demo_example_2/share/ros2_control_demo_example_2/environment/library_path.sh
[2.895s] -- Up-to-date symlink: /home/jack/water_tank_ws/install/ros2_control_demo_example_2/share/ros2_control_demo_example_2/environment/library_path.dsv
[2.895s] -- Up-to-date symlink: /home/jack/water_tank_ws/install/ros2_control_demo_example_2/share/ament_index/resource_index/package_run_dependencies/ros2_control_demo_example_2
[2.895s] -- Up-to-date symlink: /home/jack/water_tank_ws/install/ros2_control_demo_example_2/share/ament_index/resource_index/parent_prefix_path/ros2_control_demo_example_2
[2.896s] -- Up-to-date symlink: /home/jack/water_tank_ws/install/ros2_control_demo_example_2/share/ros2_control_demo_example_2/environment/ament_prefix_path.sh
[2.896s] -- Up-to-date symlink: /home/jack/water_tank_ws/install/ros2_control_demo_example_2/share/ros2_control_demo_example_2/environment/ament_prefix_path.dsv
[2.896s] -- Up-to-date symlink: /home/jack/water_tank_ws/install/ros2_control_demo_example_2/share/ros2_control_demo_example_2/environment/path.sh
[2.896s] -- Up-to-date symlink: /home/jack/water_tank_ws/install/ros2_control_demo_example_2/share/ros2_control_demo_example_2/environment/path.dsv
[2.897s] -- Up-to-date symlink: /home/jack/water_tank_ws/install/ros2_control_demo_example_2/share/ros2_control_demo_example_2/local_setup.bash
[2.897s] -- Up-to-date symlink: /home/jack/water_tank_ws/install/ros2_control_demo_example_2/share/ros2_control_demo_example_2/local_setup.sh
[2.897s] -- Up-to-date symlink: /home/jack/water_tank_ws/install/ros2_control_demo_example_2/share/ros2_control_demo_example_2/local_setup.zsh
[2.897s] -- Up-to-date symlink: /home/jack/water_tank_ws/install/ros2_control_demo_example_2/share/ros2_control_demo_example_2/local_setup.dsv
[2.897s] -- Symlinking: /home/jack/water_tank_ws/install/ros2_control_demo_example_2/share/ros2_control_demo_example_2/package.dsv
[2.917s] -- Up-to-date symlink: /home/jack/water_tank_ws/install/ros2_control_demo_example_2/share/ament_index/resource_index/packages/ros2_control_demo_example_2
[2.918s] -- Up-to-date symlink: /home/jack/water_tank_ws/install/ros2_control_demo_example_2/share/ament_index/resource_index/hardware_interface__pluginlib__plugin/ros2_control_demo_example_2
[2.918s] -- Up-to-date symlink: /home/jack/water_tank_ws/install/ros2_control_demo_example_2/share/ros2_control_demo_example_2/cmake/ament_cmake_export_targets-extras.cmake
[2.918s] -- Up-to-date symlink: /home/jack/water_tank_ws/install/ros2_control_demo_example_2/share/ros2_control_demo_example_2/cmake/ament_cmake_export_dependencies-extras.cmake
[2.918s] -- Up-to-date symlink: /home/jack/water_tank_ws/install/ros2_control_demo_example_2/share/ros2_control_demo_example_2/cmake/ros2_control_demo_example_2Config.cmake
[2.919s] -- Up-to-date symlink: /home/jack/water_tank_ws/install/ros2_control_demo_example_2/share/ros2_control_demo_example_2/cmake/ros2_control_demo_example_2Config-version.cmake
[2.919s] -- Up-to-date symlink: /home/jack/water_tank_ws/install/ros2_control_demo_example_2/share/ros2_control_demo_example_2/package.xml
[2.920s] -- Installing: /home/jack/water_tank_ws/install/ros2_control_demo_example_2/lib/libros2_control_demo_example_2.so
[2.922s] -- Set non-toolchain portion of runtime path of "/home/jack/water_tank_ws/install/ros2_control_demo_example_2/lib/libros2_control_demo_example_2.so" to ""
[2.922s] -- Up-to-date: /home/jack/water_tank_ws/install/ros2_control_demo_example_2/share/ros2_control_demo_example_2/cmake/export_ros2_control_demo_example_2Export.cmake
[2.922s] -- Up-to-date: /home/jack/water_tank_ws/install/ros2_control_demo_example_2/share/ros2_control_demo_example_2/cmake/export_ros2_control_demo_example_2Export-noconfig.cmake
[2.926s] Invoked command in '/home/jack/water_tank_ws/build/ros2_control_demo_example_2' returned '0': AMENT_PREFIX_PATH=/home/jack/water_tank_ws/install/ros2_control_demo_description:${AMENT_PREFIX_PATH} CMAKE_PREFIX_PATH=/home/jack/water_tank_ws/install/ros2_control_demo_description:/opt/ros/jazzy/opt/gz_sim_vendor:/opt/ros/jazzy/opt/gz_sensors_vendor:/opt/ros/jazzy/opt/gz_physics_vendor:/opt/ros/jazzy/opt/sdformat_vendor:/opt/ros/jazzy/opt/gz_gui_vendor:/opt/ros/jazzy/opt/gz_transport_vendor:/opt/ros/jazzy/opt/gz_rendering_vendor:/opt/ros/jazzy/opt/gz_plugin_vendor:/opt/ros/jazzy/opt/gz_fuel_tools_vendor:/opt/ros/jazzy/opt/gz_msgs_vendor:/opt/ros/jazzy/opt/gz_common_vendor:/opt/ros/jazzy/opt/gz_math_vendor:/opt/ros/jazzy/opt/gz_utils_vendor:/opt/ros/jazzy/opt/gz_tools_vendor:/opt/ros/jazzy/opt/gz_ogre_next_vendor:/opt/ros/jazzy/opt/gz_dartsim_vendor:/opt/ros/jazzy/opt/gz_cmake_vendor:/opt/ros/jazzy DEBUGINFOD_URLS=https://debuginfod.ubuntu.com /usr/bin/cmake --install /home/jack/water_tank_ws/build/ros2_control_demo_example_2
