[0.574s] Invoking command in '/home/jack/water_tank_ws/build/waypoints_generator': DEBUGINFOD_URLS=https://debuginfod.ubuntu.com PYTHONPATH=/home/jack/water_tank_ws/build/waypoints_generator/prefix_override:/usr/lib/python3/dist-packages/colcon_core/task/python/colcon_distutils_commands:/home/jack/water_tank_ws/install/waypoints_generator/lib/python3.12/site-packages:${PYTHONPATH} /usr/bin/python3 -W ignore:setup.py install is deprecated -W ignore:easy_install command is deprecated setup.py develop --editable --build-directory /home/jack/water_tank_ws/build/waypoints_generator/build --no-deps symlink_data
[0.774s] running develop
[0.880s] running egg_info
[0.880s] creating waypoints_generator.egg-info
[0.891s] writing waypoints_generator.egg-info/PKG-INFO
[0.891s] writing dependency_links to waypoints_generator.egg-info/dependency_links.txt
[0.891s] writing requirements to waypoints_generator.egg-info/requires.txt
[0.891s] writing top-level names to waypoints_generator.egg-info/top_level.txt
[0.891s] writing manifest file 'waypoints_generator.egg-info/SOURCES.txt'
[0.913s] reading manifest file 'waypoints_generator.egg-info/SOURCES.txt'
[0.913s] writing manifest file 'waypoints_generator.egg-info/SOURCES.txt'
[0.924s] running build_ext
[0.924s] Creating /home/jack/water_tank_ws/install/waypoints_generator/lib/python3.12/site-packages/waypoints-generator.egg-link (link to .)
[0.924s] 
[0.924s] Installed /home/jack/water_tank_ws/build/waypoints_generator
[0.924s] running symlink_data
[0.925s] creating /home/jack/water_tank_ws/install/waypoints_generator/share/ament_index
[0.925s] creating /home/jack/water_tank_ws/install/waypoints_generator/share/ament_index/resource_index
[0.925s] creating /home/jack/water_tank_ws/install/waypoints_generator/share/ament_index/resource_index/packages
[0.925s] symbolically linking /home/jack/water_tank_ws/build/waypoints_generator/resource/waypoints_generator -> /home/jack/water_tank_ws/install/waypoints_generator/share/ament_index/resource_index/packages
[0.925s] symbolically linking /home/jack/water_tank_ws/build/waypoints_generator/package.xml -> /home/jack/water_tank_ws/install/waypoints_generator/share/waypoints_generator
[0.943s] Invoked command in '/home/jack/water_tank_ws/build/waypoints_generator' returned '0': DEBUGINFOD_URLS=https://debuginfod.ubuntu.com PYTHONPATH=/home/jack/water_tank_ws/build/waypoints_generator/prefix_override:/usr/lib/python3/dist-packages/colcon_core/task/python/colcon_distutils_commands:/home/jack/water_tank_ws/install/waypoints_generator/lib/python3.12/site-packages:${PYTHONPATH} /usr/bin/python3 -W ignore:setup.py install is deprecated -W ignore:easy_install command is deprecated setup.py develop --editable --build-directory /home/jack/water_tank_ws/build/waypoints_generator/build --no-deps symlink_data
