-- Install configuration: ""
-- Execute custom install script
-- Up-to-date symlink: /home/jack/water_tank_ws/install/water_tank_cartographer/share/water_tank_cartographer/config/cart_pure_locate.lua
-- Up-to-date symlink: /home/jack/water_tank_ws/install/water_tank_cartographer/share/water_tank_cartographer/config/cart_slam_2d.lua
-- Up-to-date symlink: /home/jack/water_tank_ws/install/water_tank_cartographer/share/water_tank_cartographer/launch/cartographer_locate.launch.py
-- Up-to-date symlink: /home/jack/water_tank_ws/install/water_tank_cartographer/share/water_tank_cartographer/launch/cartographer_map.launch.py
-- Up-to-date symlink: /home/jack/water_tank_ws/install/water_tank_cartographer/share/ament_index/resource_index/package_run_dependencies/water_tank_cartographer
-- Up-to-date symlink: /home/jack/water_tank_ws/install/water_tank_cartographer/share/ament_index/resource_index/parent_prefix_path/water_tank_cartographer
-- Up-to-date symlink: /home/jack/water_tank_ws/install/water_tank_cartographer/share/water_tank_cartographer/environment/ament_prefix_path.sh
-- Up-to-date symlink: /home/jack/water_tank_ws/install/water_tank_cartographer/share/water_tank_cartographer/environment/ament_prefix_path.dsv
-- Up-to-date symlink: /home/jack/water_tank_ws/install/water_tank_cartographer/share/water_tank_cartographer/environment/path.sh
-- Up-to-date symlink: /home/jack/water_tank_ws/install/water_tank_cartographer/share/water_tank_cartographer/environment/path.dsv
-- Up-to-date symlink: /home/jack/water_tank_ws/install/water_tank_cartographer/share/water_tank_cartographer/local_setup.bash
-- Up-to-date symlink: /home/jack/water_tank_ws/install/water_tank_cartographer/share/water_tank_cartographer/local_setup.sh
-- Up-to-date symlink: /home/jack/water_tank_ws/install/water_tank_cartographer/share/water_tank_cartographer/local_setup.zsh
-- Up-to-date symlink: /home/jack/water_tank_ws/install/water_tank_cartographer/share/water_tank_cartographer/local_setup.dsv
-- Symlinking: /home/jack/water_tank_ws/install/water_tank_cartographer/share/water_tank_cartographer/package.dsv
-- Up-to-date symlink: /home/jack/water_tank_ws/install/water_tank_cartographer/share/ament_index/resource_index/packages/water_tank_cartographer
-- Up-to-date symlink: /home/jack/water_tank_ws/install/water_tank_cartographer/share/water_tank_cartographer/cmake/water_tank_cartographerConfig.cmake
-- Up-to-date symlink: /home/jack/water_tank_ws/install/water_tank_cartographer/share/water_tank_cartographer/cmake/water_tank_cartographerConfig-version.cmake
-- Up-to-date symlink: /home/jack/water_tank_ws/install/water_tank_cartographer/share/water_tank_cartographer/package.xml
