[0.022s] Invoking command in '/home/jack/water_tank_ws/build/water_tank_cartographer': CMAKE_PREFIX_PATH=${CMAKE_PREFIX_PATH}:/home/jack/water_tank_ws/install/waypoints_generator:/opt/ros/jazzy DEBUGINFOD_URLS=https://debuginfod.ubuntu.com /usr/bin/cmake --build /home/jack/water_tank_ws/build/water_tank_cartographer -- -j20 -l20
[0.223s] Invoked command in '/home/jack/water_tank_ws/build/water_tank_cartographer' returned '0': CMAKE_PREFIX_PATH=${CMAKE_PREFIX_PATH}:/home/jack/water_tank_ws/install/waypoints_generator:/opt/ros/jazzy DEBUGINFOD_URLS=https://debuginfod.ubuntu.com /usr/bin/cmake --build /home/jack/water_tank_ws/build/water_tank_cartographer -- -j20 -l20
[0.224s] Invoking command in '/home/jack/water_tank_ws/build/water_tank_cartographer': CMAKE_PREFIX_PATH=${CMAKE_PREFIX_PATH}:/home/jack/water_tank_ws/install/waypoints_generator:/opt/ros/jazzy DEBUGINFOD_URLS=https://debuginfod.ubuntu.com /usr/bin/cmake --install /home/jack/water_tank_ws/build/water_tank_cartographer
[0.232s] -- Install configuration: ""
[0.233s] -- Execute custom install script
[0.233s] -- Up-to-date symlink: /home/jack/water_tank_ws/install/water_tank_cartographer/share/water_tank_cartographer/config/cart_pure_locate.lua
[0.233s] -- Up-to-date symlink: /home/jack/water_tank_ws/install/water_tank_cartographer/share/water_tank_cartographer/config/cart_slam_2d.lua
[0.233s] -- Up-to-date symlink: /home/jack/water_tank_ws/install/water_tank_cartographer/share/water_tank_cartographer/launch/cartographer_locate.launch.py
[0.233s] -- Up-to-date symlink: /home/jack/water_tank_ws/install/water_tank_cartographer/share/water_tank_cartographer/launch/cartographer_map.launch.py
[0.234s] -- Up-to-date symlink: /home/jack/water_tank_ws/install/water_tank_cartographer/share/ament_index/resource_index/package_run_dependencies/water_tank_cartographer
[0.234s] -- Up-to-date symlink: /home/jack/water_tank_ws/install/water_tank_cartographer/share/ament_index/resource_index/parent_prefix_path/water_tank_cartographer
[0.234s] -- Up-to-date symlink: /home/jack/water_tank_ws/install/water_tank_cartographer/share/water_tank_cartographer/environment/ament_prefix_path.sh
[0.234s] -- Up-to-date symlink: /home/jack/water_tank_ws/install/water_tank_cartographer/share/water_tank_cartographer/environment/ament_prefix_path.dsv
[0.234s] -- Up-to-date symlink: /home/jack/water_tank_ws/install/water_tank_cartographer/share/water_tank_cartographer/environment/path.sh
[0.234s] -- Up-to-date symlink: /home/jack/water_tank_ws/install/water_tank_cartographer/share/water_tank_cartographer/environment/path.dsv
[0.235s] -- Up-to-date symlink: /home/jack/water_tank_ws/install/water_tank_cartographer/share/water_tank_cartographer/local_setup.bash
[0.235s] -- Up-to-date symlink: /home/jack/water_tank_ws/install/water_tank_cartographer/share/water_tank_cartographer/local_setup.sh
[0.235s] -- Up-to-date symlink: /home/jack/water_tank_ws/install/water_tank_cartographer/share/water_tank_cartographer/local_setup.zsh
[0.235s] -- Up-to-date symlink: /home/jack/water_tank_ws/install/water_tank_cartographer/share/water_tank_cartographer/local_setup.dsv
[0.235s] -- Symlinking: /home/jack/water_tank_ws/install/water_tank_cartographer/share/water_tank_cartographer/package.dsv
[0.246s] -- Up-to-date symlink: /home/jack/water_tank_ws/install/water_tank_cartographer/share/ament_index/resource_index/packages/water_tank_cartographer
[0.246s] -- Up-to-date symlink: /home/jack/water_tank_ws/install/water_tank_cartographer/share/water_tank_cartographer/cmake/water_tank_cartographerConfig.cmake
[0.246s] -- Up-to-date symlink: /home/jack/water_tank_ws/install/water_tank_cartographer/share/water_tank_cartographer/cmake/water_tank_cartographerConfig-version.cmake
[0.246s] -- Up-to-date symlink: /home/jack/water_tank_ws/install/water_tank_cartographer/share/water_tank_cartographer/package.xml
[0.270s] Invoked command in '/home/jack/water_tank_ws/build/water_tank_cartographer' returned '0': CMAKE_PREFIX_PATH=${CMAKE_PREFIX_PATH}:/home/jack/water_tank_ws/install/waypoints_generator:/opt/ros/jazzy DEBUGINFOD_URLS=https://debuginfod.ubuntu.com /usr/bin/cmake --install /home/jack/water_tank_ws/build/water_tank_cartographer
