[0.063s] DEBUG:colcon:Command line arguments: ['/usr/bin/colcon', 'build', '--symlink-install']
[0.063s] DEBUG:colcon:Parsed command line arguments: Namespace(log_base=None, log_level=None, verb_name='build', build_base='build', install_base='install', merge_install=False, symlink_install=True, test_result_base=None, continue_on_error=False, executor='parallel', parallel_workers=20, event_handlers=None, ignore_user_meta=False, metas=['./colcon.meta'], base_paths=['.'], packages_ignore=None, packages_ignore_regex=None, paths=None, packages_up_to=None, packages_up_to_regex=None, packages_above=None, packages_above_and_dependencies=None, packages_above_depth=None, packages_select_by_dep=None, packages_skip_by_dep=None, packages_skip_up_to=None, packages_select_build_failed=False, packages_skip_build_finished=False, packages_select_test_failures=False, packages_skip_test_passed=False, packages_select=None, packages_skip=None, packages_select_regex=None, packages_skip_regex=None, packages_start=None, packages_end=None, allow_overriding=[], cmake_args=None, cmake_target=None, cmake_target_skip_unavailable=False, cmake_clean_cache=False, cmake_clean_first=False, cmake_force_configure=False, ament_cmake_args=None, catkin_cmake_args=None, catkin_skip_building_tests=False, mixin_files=None, mixin=None, verb_parser=<colcon_mixin.mixin.mixin_argument.MixinArgumentDecorator object at 0x79ccc998d520>, verb_extension=<colcon_core.verb.build.BuildVerb object at 0x79ccc9935130>, main=<bound method BuildVerb.main of <colcon_core.verb.build.BuildVerb object at 0x79ccc9935130>>, mixin_verb=('build',))
[0.084s] Level 1:colcon.colcon_core.package_discovery:discover_packages(colcon_meta) check parameters
[0.084s] Level 1:colcon.colcon_core.package_discovery:discover_packages(recursive) check parameters
[0.084s] Level 1:colcon.colcon_core.package_discovery:discover_packages(ignore) check parameters
[0.084s] Level 1:colcon.colcon_core.package_discovery:discover_packages(path) check parameters
[0.084s] Level 1:colcon.colcon_core.package_discovery:discover_packages(colcon_meta) discover
[0.084s] Level 1:colcon.colcon_core.package_discovery:discover_packages(recursive) discover
[0.084s] INFO:colcon.colcon_core.package_discovery:Crawling recursively for packages in '/home/jack/water_tank_ws'
[0.085s] Level 1:colcon.colcon_core.package_identification:_identify(.) by extensions ['ignore', 'ignore_ament_install']
[0.085s] Level 1:colcon.colcon_core.package_identification:_identify(.) by extension 'ignore'
[0.085s] Level 1:colcon.colcon_core.package_identification:_identify(.) by extension 'ignore_ament_install'
[0.085s] Level 1:colcon.colcon_core.package_identification:_identify(.) by extensions ['colcon_pkg']
[0.085s] Level 1:colcon.colcon_core.package_identification:_identify(.) by extension 'colcon_pkg'
[0.085s] Level 1:colcon.colcon_core.package_identification:_identify(.) by extensions ['colcon_meta']
[0.085s] Level 1:colcon.colcon_core.package_identification:_identify(.) by extension 'colcon_meta'
[0.085s] Level 1:colcon.colcon_core.package_identification:_identify(.) by extensions ['ros']
[0.085s] Level 1:colcon.colcon_core.package_identification:_identify(.) by extension 'ros'
[0.099s] Level 1:colcon.colcon_core.package_identification:_identify(.) by extensions ['cmake', 'python']
[0.099s] Level 1:colcon.colcon_core.package_identification:_identify(.) by extension 'cmake'
[0.099s] Level 1:colcon.colcon_core.package_identification:_identify(.) by extension 'python'
[0.099s] Level 1:colcon.colcon_core.package_identification:_identify(.) by extensions ['python_setup_py']
[0.099s] Level 1:colcon.colcon_core.package_identification:_identify(.) by extension 'python_setup_py'
[0.099s] Level 1:colcon.colcon_core.package_identification:_identify(build) by extensions ['ignore', 'ignore_ament_install']
[0.099s] Level 1:colcon.colcon_core.package_identification:_identify(build) by extension 'ignore'
[0.099s] Level 1:colcon.colcon_core.package_identification:_identify(build) ignored
[0.099s] Level 1:colcon.colcon_core.package_identification:_identify(install) by extensions ['ignore', 'ignore_ament_install']
[0.100s] Level 1:colcon.colcon_core.package_identification:_identify(install) by extension 'ignore'
[0.100s] Level 1:colcon.colcon_core.package_identification:_identify(install) ignored
[0.100s] Level 1:colcon.colcon_core.package_identification:_identify(log) by extensions ['ignore', 'ignore_ament_install']
[0.100s] Level 1:colcon.colcon_core.package_identification:_identify(log) by extension 'ignore'
[0.100s] Level 1:colcon.colcon_core.package_identification:_identify(log) ignored
[0.100s] Level 1:colcon.colcon_core.package_identification:_identify(src) by extensions ['ignore', 'ignore_ament_install']
[0.100s] Level 1:colcon.colcon_core.package_identification:_identify(src) by extension 'ignore'
[0.100s] Level 1:colcon.colcon_core.package_identification:_identify(src) by extension 'ignore_ament_install'
[0.100s] Level 1:colcon.colcon_core.package_identification:_identify(src) by extensions ['colcon_pkg']
[0.100s] Level 1:colcon.colcon_core.package_identification:_identify(src) by extension 'colcon_pkg'
[0.100s] Level 1:colcon.colcon_core.package_identification:_identify(src) by extensions ['colcon_meta']
[0.100s] Level 1:colcon.colcon_core.package_identification:_identify(src) by extension 'colcon_meta'
[0.100s] Level 1:colcon.colcon_core.package_identification:_identify(src) by extensions ['ros']
[0.100s] Level 1:colcon.colcon_core.package_identification:_identify(src) by extension 'ros'
[0.100s] Level 1:colcon.colcon_core.package_identification:_identify(src) by extensions ['cmake', 'python']
[0.100s] Level 1:colcon.colcon_core.package_identification:_identify(src) by extension 'cmake'
[0.100s] Level 1:colcon.colcon_core.package_identification:_identify(src) by extension 'python'
[0.100s] Level 1:colcon.colcon_core.package_identification:_identify(src) by extensions ['python_setup_py']
[0.100s] Level 1:colcon.colcon_core.package_identification:_identify(src) by extension 'python_setup_py'
[0.100s] Level 1:colcon.colcon_core.package_identification:_identify(src/example_2) by extensions ['ignore', 'ignore_ament_install']
[0.100s] Level 1:colcon.colcon_core.package_identification:_identify(src/example_2) by extension 'ignore'
[0.100s] Level 1:colcon.colcon_core.package_identification:_identify(src/example_2) by extension 'ignore_ament_install'
[0.100s] Level 1:colcon.colcon_core.package_identification:_identify(src/example_2) by extensions ['colcon_pkg']
[0.100s] Level 1:colcon.colcon_core.package_identification:_identify(src/example_2) by extension 'colcon_pkg'
[0.100s] Level 1:colcon.colcon_core.package_identification:_identify(src/example_2) by extensions ['colcon_meta']
[0.100s] Level 1:colcon.colcon_core.package_identification:_identify(src/example_2) by extension 'colcon_meta'
[0.100s] Level 1:colcon.colcon_core.package_identification:_identify(src/example_2) by extensions ['ros']
[0.100s] Level 1:colcon.colcon_core.package_identification:_identify(src/example_2) by extension 'ros'
[0.102s] DEBUG:colcon.colcon_core.package_identification:Package 'src/example_2' with type 'ros.ament_cmake' and name 'ros2_control_demo_example_2'
[0.102s] Level 1:colcon.colcon_core.package_identification:_identify(src/rf2o_laser_odometry) by extensions ['ignore', 'ignore_ament_install']
[0.102s] Level 1:colcon.colcon_core.package_identification:_identify(src/rf2o_laser_odometry) by extension 'ignore'
[0.102s] Level 1:colcon.colcon_core.package_identification:_identify(src/rf2o_laser_odometry) by extension 'ignore_ament_install'
[0.102s] Level 1:colcon.colcon_core.package_identification:_identify(src/rf2o_laser_odometry) by extensions ['colcon_pkg']
[0.102s] Level 1:colcon.colcon_core.package_identification:_identify(src/rf2o_laser_odometry) by extension 'colcon_pkg'
[0.102s] Level 1:colcon.colcon_core.package_identification:_identify(src/rf2o_laser_odometry) by extensions ['colcon_meta']
[0.102s] Level 1:colcon.colcon_core.package_identification:_identify(src/rf2o_laser_odometry) by extension 'colcon_meta'
[0.102s] Level 1:colcon.colcon_core.package_identification:_identify(src/rf2o_laser_odometry) by extensions ['ros']
[0.102s] Level 1:colcon.colcon_core.package_identification:_identify(src/rf2o_laser_odometry) by extension 'ros'
[0.102s] DEBUG:colcon.colcon_core.package_identification:Package 'src/rf2o_laser_odometry' with type 'ros.ament_cmake' and name 'rf2o_laser_odometry'
[0.102s] Level 1:colcon.colcon_core.package_identification:_identify(src/ros2_control_demo_description) by extensions ['ignore', 'ignore_ament_install']
[0.102s] Level 1:colcon.colcon_core.package_identification:_identify(src/ros2_control_demo_description) by extension 'ignore'
[0.102s] Level 1:colcon.colcon_core.package_identification:_identify(src/ros2_control_demo_description) by extension 'ignore_ament_install'
[0.102s] Level 1:colcon.colcon_core.package_identification:_identify(src/ros2_control_demo_description) by extensions ['colcon_pkg']
[0.102s] Level 1:colcon.colcon_core.package_identification:_identify(src/ros2_control_demo_description) by extension 'colcon_pkg'
[0.102s] Level 1:colcon.colcon_core.package_identification:_identify(src/ros2_control_demo_description) by extensions ['colcon_meta']
[0.102s] Level 1:colcon.colcon_core.package_identification:_identify(src/ros2_control_demo_description) by extension 'colcon_meta'
[0.102s] Level 1:colcon.colcon_core.package_identification:_identify(src/ros2_control_demo_description) by extensions ['ros']
[0.102s] Level 1:colcon.colcon_core.package_identification:_identify(src/ros2_control_demo_description) by extension 'ros'
[0.103s] DEBUG:colcon.colcon_core.package_identification:Package 'src/ros2_control_demo_description' with type 'ros.ament_cmake' and name 'ros2_control_demo_description'
[0.103s] Level 1:colcon.colcon_core.package_identification:_identify(src/rplidar_ros) by extensions ['ignore', 'ignore_ament_install']
[0.103s] Level 1:colcon.colcon_core.package_identification:_identify(src/rplidar_ros) by extension 'ignore'
[0.103s] Level 1:colcon.colcon_core.package_identification:_identify(src/rplidar_ros) by extension 'ignore_ament_install'
[0.103s] Level 1:colcon.colcon_core.package_identification:_identify(src/rplidar_ros) by extensions ['colcon_pkg']
[0.103s] Level 1:colcon.colcon_core.package_identification:_identify(src/rplidar_ros) by extension 'colcon_pkg'
[0.103s] Level 1:colcon.colcon_core.package_identification:_identify(src/rplidar_ros) by extensions ['colcon_meta']
[0.103s] Level 1:colcon.colcon_core.package_identification:_identify(src/rplidar_ros) by extension 'colcon_meta'
[0.103s] Level 1:colcon.colcon_core.package_identification:_identify(src/rplidar_ros) by extensions ['ros']
[0.103s] Level 1:colcon.colcon_core.package_identification:_identify(src/rplidar_ros) by extension 'ros'
[0.103s] DEBUG:colcon.colcon_core.package_identification:Package 'src/rplidar_ros' with type 'ros.ament_cmake' and name 'rplidar_ros'
[0.103s] Level 1:colcon.colcon_core.package_identification:_identify(src/water_tank_cartographer) by extensions ['ignore', 'ignore_ament_install']
[0.103s] Level 1:colcon.colcon_core.package_identification:_identify(src/water_tank_cartographer) by extension 'ignore'
[0.103s] Level 1:colcon.colcon_core.package_identification:_identify(src/water_tank_cartographer) by extension 'ignore_ament_install'
[0.103s] Level 1:colcon.colcon_core.package_identification:_identify(src/water_tank_cartographer) by extensions ['colcon_pkg']
[0.103s] Level 1:colcon.colcon_core.package_identification:_identify(src/water_tank_cartographer) by extension 'colcon_pkg'
[0.103s] Level 1:colcon.colcon_core.package_identification:_identify(src/water_tank_cartographer) by extensions ['colcon_meta']
[0.103s] Level 1:colcon.colcon_core.package_identification:_identify(src/water_tank_cartographer) by extension 'colcon_meta'
[0.103s] Level 1:colcon.colcon_core.package_identification:_identify(src/water_tank_cartographer) by extensions ['ros']
[0.103s] Level 1:colcon.colcon_core.package_identification:_identify(src/water_tank_cartographer) by extension 'ros'
[0.104s] DEBUG:colcon.colcon_core.package_identification:Package 'src/water_tank_cartographer' with type 'ros.ament_cmake' and name 'water_tank_cartographer'
[0.104s] Level 1:colcon.colcon_core.package_identification:_identify(src/water_tank_navigation) by extensions ['ignore', 'ignore_ament_install']
[0.104s] Level 1:colcon.colcon_core.package_identification:_identify(src/water_tank_navigation) by extension 'ignore'
[0.104s] Level 1:colcon.colcon_core.package_identification:_identify(src/water_tank_navigation) by extension 'ignore_ament_install'
[0.104s] Level 1:colcon.colcon_core.package_identification:_identify(src/water_tank_navigation) by extensions ['colcon_pkg']
[0.104s] Level 1:colcon.colcon_core.package_identification:_identify(src/water_tank_navigation) by extension 'colcon_pkg'
[0.104s] Level 1:colcon.colcon_core.package_identification:_identify(src/water_tank_navigation) by extensions ['colcon_meta']
[0.104s] Level 1:colcon.colcon_core.package_identification:_identify(src/water_tank_navigation) by extension 'colcon_meta'
[0.104s] Level 1:colcon.colcon_core.package_identification:_identify(src/water_tank_navigation) by extensions ['ros']
[0.104s] Level 1:colcon.colcon_core.package_identification:_identify(src/water_tank_navigation) by extension 'ros'
[0.104s] DEBUG:colcon.colcon_core.package_identification:Package 'src/water_tank_navigation' with type 'ros.ament_cmake' and name 'water_tank_navigation'
[0.104s] Level 1:colcon.colcon_core.package_identification:_identify(src/waypoints_generator) by extensions ['ignore', 'ignore_ament_install']
[0.104s] Level 1:colcon.colcon_core.package_identification:_identify(src/waypoints_generator) by extension 'ignore'
[0.104s] Level 1:colcon.colcon_core.package_identification:_identify(src/waypoints_generator) by extension 'ignore_ament_install'
[0.104s] Level 1:colcon.colcon_core.package_identification:_identify(src/waypoints_generator) by extensions ['colcon_pkg']
[0.104s] Level 1:colcon.colcon_core.package_identification:_identify(src/waypoints_generator) by extension 'colcon_pkg'
[0.104s] Level 1:colcon.colcon_core.package_identification:_identify(src/waypoints_generator) by extensions ['colcon_meta']
[0.104s] Level 1:colcon.colcon_core.package_identification:_identify(src/waypoints_generator) by extension 'colcon_meta'
[0.104s] Level 1:colcon.colcon_core.package_identification:_identify(src/waypoints_generator) by extensions ['ros']
[0.104s] Level 1:colcon.colcon_core.package_identification:_identify(src/waypoints_generator) by extension 'ros'
[0.105s] DEBUG:colcon.colcon_core.package_identification:Package 'src/waypoints_generator' with type 'ros.ament_python' and name 'waypoints_generator'
[0.105s] Level 1:colcon.colcon_core.package_discovery:discover_packages(recursive) using defaults
[0.105s] Level 1:colcon.colcon_core.package_discovery:discover_packages(ignore) discover
[0.105s] Level 1:colcon.colcon_core.package_discovery:discover_packages(ignore) using defaults
[0.105s] Level 1:colcon.colcon_core.package_discovery:discover_packages(path) discover
[0.105s] Level 1:colcon.colcon_core.package_discovery:discover_packages(path) using defaults
[0.115s] Level 1:colcon.colcon_core.package_discovery:discover_packages(prefix_path) check parameters
[0.115s] Level 1:colcon.colcon_core.package_discovery:discover_packages(prefix_path) discover
[0.116s] DEBUG:colcon.colcon_installed_package_information.package_discovery:Found 7 installed packages in /home/jack/water_tank_ws/install
[0.117s] DEBUG:colcon.colcon_installed_package_information.package_discovery:Found 426 installed packages in /opt/ros/jazzy
[0.118s] Level 1:colcon.colcon_core.package_discovery:discover_packages(prefix_path) using defaults
[0.144s] Level 5:colcon.colcon_core.verb:set package 'rf2o_laser_odometry' build argument 'cmake_args' from command line to 'None'
[0.144s] Level 5:colcon.colcon_core.verb:set package 'rf2o_laser_odometry' build argument 'cmake_target' from command line to 'None'
[0.144s] Level 5:colcon.colcon_core.verb:set package 'rf2o_laser_odometry' build argument 'cmake_target_skip_unavailable' from command line to 'False'
[0.144s] Level 5:colcon.colcon_core.verb:set package 'rf2o_laser_odometry' build argument 'cmake_clean_cache' from command line to 'False'
[0.144s] Level 5:colcon.colcon_core.verb:set package 'rf2o_laser_odometry' build argument 'cmake_clean_first' from command line to 'False'
[0.144s] Level 5:colcon.colcon_core.verb:set package 'rf2o_laser_odometry' build argument 'cmake_force_configure' from command line to 'False'
[0.144s] Level 5:colcon.colcon_core.verb:set package 'rf2o_laser_odometry' build argument 'ament_cmake_args' from command line to 'None'
[0.144s] Level 5:colcon.colcon_core.verb:set package 'rf2o_laser_odometry' build argument 'catkin_cmake_args' from command line to 'None'
[0.144s] Level 5:colcon.colcon_core.verb:set package 'rf2o_laser_odometry' build argument 'catkin_skip_building_tests' from command line to 'False'
[0.144s] DEBUG:colcon.colcon_core.verb:Building package 'rf2o_laser_odometry' with the following arguments: {'ament_cmake_args': None, 'build_base': '/home/jack/water_tank_ws/build/rf2o_laser_odometry', 'catkin_cmake_args': None, 'catkin_skip_building_tests': False, 'cmake_args': None, 'cmake_clean_cache': False, 'cmake_clean_first': False, 'cmake_force_configure': False, 'cmake_target': None, 'cmake_target_skip_unavailable': False, 'install_base': '/home/jack/water_tank_ws/install/rf2o_laser_odometry', 'merge_install': False, 'path': '/home/jack/water_tank_ws/src/rf2o_laser_odometry', 'symlink_install': True, 'test_result_base': None}
[0.144s] Level 5:colcon.colcon_core.verb:set package 'ros2_control_demo_description' build argument 'cmake_args' from command line to 'None'
[0.145s] Level 5:colcon.colcon_core.verb:set package 'ros2_control_demo_description' build argument 'cmake_target' from command line to 'None'
[0.145s] Level 5:colcon.colcon_core.verb:set package 'ros2_control_demo_description' build argument 'cmake_target_skip_unavailable' from command line to 'False'
[0.145s] Level 5:colcon.colcon_core.verb:set package 'ros2_control_demo_description' build argument 'cmake_clean_cache' from command line to 'False'
[0.145s] Level 5:colcon.colcon_core.verb:set package 'ros2_control_demo_description' build argument 'cmake_clean_first' from command line to 'False'
[0.145s] Level 5:colcon.colcon_core.verb:set package 'ros2_control_demo_description' build argument 'cmake_force_configure' from command line to 'False'
[0.145s] Level 5:colcon.colcon_core.verb:set package 'ros2_control_demo_description' build argument 'ament_cmake_args' from command line to 'None'
[0.145s] Level 5:colcon.colcon_core.verb:set package 'ros2_control_demo_description' build argument 'catkin_cmake_args' from command line to 'None'
[0.145s] Level 5:colcon.colcon_core.verb:set package 'ros2_control_demo_description' build argument 'catkin_skip_building_tests' from command line to 'False'
[0.145s] DEBUG:colcon.colcon_core.verb:Building package 'ros2_control_demo_description' with the following arguments: {'ament_cmake_args': None, 'build_base': '/home/jack/water_tank_ws/build/ros2_control_demo_description', 'catkin_cmake_args': None, 'catkin_skip_building_tests': False, 'cmake_args': None, 'cmake_clean_cache': False, 'cmake_clean_first': False, 'cmake_force_configure': False, 'cmake_target': None, 'cmake_target_skip_unavailable': False, 'install_base': '/home/jack/water_tank_ws/install/ros2_control_demo_description', 'merge_install': False, 'path': '/home/jack/water_tank_ws/src/ros2_control_demo_description', 'symlink_install': True, 'test_result_base': None}
[0.145s] Level 5:colcon.colcon_core.verb:set package 'rplidar_ros' build argument 'cmake_args' from command line to 'None'
[0.145s] Level 5:colcon.colcon_core.verb:set package 'rplidar_ros' build argument 'cmake_target' from command line to 'None'
[0.145s] Level 5:colcon.colcon_core.verb:set package 'rplidar_ros' build argument 'cmake_target_skip_unavailable' from command line to 'False'
[0.145s] Level 5:colcon.colcon_core.verb:set package 'rplidar_ros' build argument 'cmake_clean_cache' from command line to 'False'
[0.145s] Level 5:colcon.colcon_core.verb:set package 'rplidar_ros' build argument 'cmake_clean_first' from command line to 'False'
[0.145s] Level 5:colcon.colcon_core.verb:set package 'rplidar_ros' build argument 'cmake_force_configure' from command line to 'False'
[0.145s] Level 5:colcon.colcon_core.verb:set package 'rplidar_ros' build argument 'ament_cmake_args' from command line to 'None'
[0.145s] Level 5:colcon.colcon_core.verb:set package 'rplidar_ros' build argument 'catkin_cmake_args' from command line to 'None'
[0.145s] Level 5:colcon.colcon_core.verb:set package 'rplidar_ros' build argument 'catkin_skip_building_tests' from command line to 'False'
[0.145s] DEBUG:colcon.colcon_core.verb:Building package 'rplidar_ros' with the following arguments: {'ament_cmake_args': None, 'build_base': '/home/jack/water_tank_ws/build/rplidar_ros', 'catkin_cmake_args': None, 'catkin_skip_building_tests': False, 'cmake_args': None, 'cmake_clean_cache': False, 'cmake_clean_first': False, 'cmake_force_configure': False, 'cmake_target': None, 'cmake_target_skip_unavailable': False, 'install_base': '/home/jack/water_tank_ws/install/rplidar_ros', 'merge_install': False, 'path': '/home/jack/water_tank_ws/src/rplidar_ros', 'symlink_install': True, 'test_result_base': None}
[0.145s] Level 5:colcon.colcon_core.verb:set package 'water_tank_cartographer' build argument 'cmake_args' from command line to 'None'
[0.145s] Level 5:colcon.colcon_core.verb:set package 'water_tank_cartographer' build argument 'cmake_target' from command line to 'None'
[0.145s] Level 5:colcon.colcon_core.verb:set package 'water_tank_cartographer' build argument 'cmake_target_skip_unavailable' from command line to 'False'
[0.145s] Level 5:colcon.colcon_core.verb:set package 'water_tank_cartographer' build argument 'cmake_clean_cache' from command line to 'False'
[0.145s] Level 5:colcon.colcon_core.verb:set package 'water_tank_cartographer' build argument 'cmake_clean_first' from command line to 'False'
[0.145s] Level 5:colcon.colcon_core.verb:set package 'water_tank_cartographer' build argument 'cmake_force_configure' from command line to 'False'
[0.145s] Level 5:colcon.colcon_core.verb:set package 'water_tank_cartographer' build argument 'ament_cmake_args' from command line to 'None'
[0.145s] Level 5:colcon.colcon_core.verb:set package 'water_tank_cartographer' build argument 'catkin_cmake_args' from command line to 'None'
[0.145s] Level 5:colcon.colcon_core.verb:set package 'water_tank_cartographer' build argument 'catkin_skip_building_tests' from command line to 'False'
[0.145s] DEBUG:colcon.colcon_core.verb:Building package 'water_tank_cartographer' with the following arguments: {'ament_cmake_args': None, 'build_base': '/home/jack/water_tank_ws/build/water_tank_cartographer', 'catkin_cmake_args': None, 'catkin_skip_building_tests': False, 'cmake_args': None, 'cmake_clean_cache': False, 'cmake_clean_first': False, 'cmake_force_configure': False, 'cmake_target': None, 'cmake_target_skip_unavailable': False, 'install_base': '/home/jack/water_tank_ws/install/water_tank_cartographer', 'merge_install': False, 'path': '/home/jack/water_tank_ws/src/water_tank_cartographer', 'symlink_install': True, 'test_result_base': None}
[0.145s] Level 5:colcon.colcon_core.verb:set package 'water_tank_navigation' build argument 'cmake_args' from command line to 'None'
[0.145s] Level 5:colcon.colcon_core.verb:set package 'water_tank_navigation' build argument 'cmake_target' from command line to 'None'
[0.145s] Level 5:colcon.colcon_core.verb:set package 'water_tank_navigation' build argument 'cmake_target_skip_unavailable' from command line to 'False'
[0.145s] Level 5:colcon.colcon_core.verb:set package 'water_tank_navigation' build argument 'cmake_clean_cache' from command line to 'False'
[0.145s] Level 5:colcon.colcon_core.verb:set package 'water_tank_navigation' build argument 'cmake_clean_first' from command line to 'False'
[0.145s] Level 5:colcon.colcon_core.verb:set package 'water_tank_navigation' build argument 'cmake_force_configure' from command line to 'False'
[0.145s] Level 5:colcon.colcon_core.verb:set package 'water_tank_navigation' build argument 'ament_cmake_args' from command line to 'None'
[0.145s] Level 5:colcon.colcon_core.verb:set package 'water_tank_navigation' build argument 'catkin_cmake_args' from command line to 'None'
[0.145s] Level 5:colcon.colcon_core.verb:set package 'water_tank_navigation' build argument 'catkin_skip_building_tests' from command line to 'False'
[0.145s] DEBUG:colcon.colcon_core.verb:Building package 'water_tank_navigation' with the following arguments: {'ament_cmake_args': None, 'build_base': '/home/jack/water_tank_ws/build/water_tank_navigation', 'catkin_cmake_args': None, 'catkin_skip_building_tests': False, 'cmake_args': None, 'cmake_clean_cache': False, 'cmake_clean_first': False, 'cmake_force_configure': False, 'cmake_target': None, 'cmake_target_skip_unavailable': False, 'install_base': '/home/jack/water_tank_ws/install/water_tank_navigation', 'merge_install': False, 'path': '/home/jack/water_tank_ws/src/water_tank_navigation', 'symlink_install': True, 'test_result_base': None}
[0.145s] Level 5:colcon.colcon_core.verb:set package 'waypoints_generator' build argument 'cmake_args' from command line to 'None'
[0.145s] Level 5:colcon.colcon_core.verb:set package 'waypoints_generator' build argument 'cmake_target' from command line to 'None'
[0.145s] Level 5:colcon.colcon_core.verb:set package 'waypoints_generator' build argument 'cmake_target_skip_unavailable' from command line to 'False'
[0.145s] Level 5:colcon.colcon_core.verb:set package 'waypoints_generator' build argument 'cmake_clean_cache' from command line to 'False'
[0.145s] Level 5:colcon.colcon_core.verb:set package 'waypoints_generator' build argument 'cmake_clean_first' from command line to 'False'
[0.145s] Level 5:colcon.colcon_core.verb:set package 'waypoints_generator' build argument 'cmake_force_configure' from command line to 'False'
[0.145s] Level 5:colcon.colcon_core.verb:set package 'waypoints_generator' build argument 'ament_cmake_args' from command line to 'None'
[0.145s] Level 5:colcon.colcon_core.verb:set package 'waypoints_generator' build argument 'catkin_cmake_args' from command line to 'None'
[0.145s] Level 5:colcon.colcon_core.verb:set package 'waypoints_generator' build argument 'catkin_skip_building_tests' from command line to 'False'
[0.145s] DEBUG:colcon.colcon_core.verb:Building package 'waypoints_generator' with the following arguments: {'ament_cmake_args': None, 'build_base': '/home/jack/water_tank_ws/build/waypoints_generator', 'catkin_cmake_args': None, 'catkin_skip_building_tests': False, 'cmake_args': None, 'cmake_clean_cache': False, 'cmake_clean_first': False, 'cmake_force_configure': False, 'cmake_target': None, 'cmake_target_skip_unavailable': False, 'install_base': '/home/jack/water_tank_ws/install/waypoints_generator', 'merge_install': False, 'path': '/home/jack/water_tank_ws/src/waypoints_generator', 'symlink_install': True, 'test_result_base': None}
[0.145s] Level 5:colcon.colcon_core.verb:set package 'ros2_control_demo_example_2' build argument 'cmake_args' from command line to 'None'
[0.146s] Level 5:colcon.colcon_core.verb:set package 'ros2_control_demo_example_2' build argument 'cmake_target' from command line to 'None'
[0.146s] Level 5:colcon.colcon_core.verb:set package 'ros2_control_demo_example_2' build argument 'cmake_target_skip_unavailable' from command line to 'False'
[0.146s] Level 5:colcon.colcon_core.verb:set package 'ros2_control_demo_example_2' build argument 'cmake_clean_cache' from command line to 'False'
[0.146s] Level 5:colcon.colcon_core.verb:set package 'ros2_control_demo_example_2' build argument 'cmake_clean_first' from command line to 'False'
[0.146s] Level 5:colcon.colcon_core.verb:set package 'ros2_control_demo_example_2' build argument 'cmake_force_configure' from command line to 'False'
[0.146s] Level 5:colcon.colcon_core.verb:set package 'ros2_control_demo_example_2' build argument 'ament_cmake_args' from command line to 'None'
[0.146s] Level 5:colcon.colcon_core.verb:set package 'ros2_control_demo_example_2' build argument 'catkin_cmake_args' from command line to 'None'
[0.146s] Level 5:colcon.colcon_core.verb:set package 'ros2_control_demo_example_2' build argument 'catkin_skip_building_tests' from command line to 'False'
[0.146s] DEBUG:colcon.colcon_core.verb:Building package 'ros2_control_demo_example_2' with the following arguments: {'ament_cmake_args': None, 'build_base': '/home/jack/water_tank_ws/build/ros2_control_demo_example_2', 'catkin_cmake_args': None, 'catkin_skip_building_tests': False, 'cmake_args': None, 'cmake_clean_cache': False, 'cmake_clean_first': False, 'cmake_force_configure': False, 'cmake_target': None, 'cmake_target_skip_unavailable': False, 'install_base': '/home/jack/water_tank_ws/install/ros2_control_demo_example_2', 'merge_install': False, 'path': '/home/jack/water_tank_ws/src/example_2', 'symlink_install': True, 'test_result_base': None}
[0.146s] INFO:colcon.colcon_core.executor:Executing jobs using 'parallel' executor
[0.146s] DEBUG:colcon.colcon_parallel_executor.executor.parallel:run_until_complete
[0.146s] INFO:colcon.colcon_ros.task.ament_cmake.build:Building ROS package in '/home/jack/water_tank_ws/src/ros2_control_demo_description' with build type 'ament_cmake'
[0.146s] INFO:colcon.colcon_cmake.task.cmake.build:Building CMake package in '/home/jack/water_tank_ws/src/ros2_control_demo_description'
[0.148s] INFO:colcon.colcon_core.plugin_system:Skipping extension 'colcon_core.shell.bat': Not used on non-Windows systems
[0.148s] INFO:colcon.colcon_core.shell:Skip shell extension 'powershell' for command environment: Not usable outside of PowerShell
[0.148s] DEBUG:colcon.colcon_core.shell:Skip shell extension 'dsv' for command environment
[0.150s] INFO:colcon.colcon_ros.task.ament_cmake.build:Building ROS package in '/home/jack/water_tank_ws/src/rf2o_laser_odometry' with build type 'ament_cmake'
[0.150s] INFO:colcon.colcon_cmake.task.cmake.build:Building CMake package in '/home/jack/water_tank_ws/src/rf2o_laser_odometry'
[0.150s] INFO:colcon.colcon_core.shell:Skip shell extension 'powershell' for command environment: Not usable outside of PowerShell
[0.151s] DEBUG:colcon.colcon_core.shell:Skip shell extension 'dsv' for command environment
[0.153s] INFO:colcon.colcon_ros.task.ament_cmake.build:Building ROS package in '/home/jack/water_tank_ws/src/rplidar_ros' with build type 'ament_cmake'
[0.153s] INFO:colcon.colcon_cmake.task.cmake.build:Building CMake package in '/home/jack/water_tank_ws/src/rplidar_ros'
[0.153s] INFO:colcon.colcon_core.shell:Skip shell extension 'powershell' for command environment: Not usable outside of PowerShell
[0.153s] DEBUG:colcon.colcon_core.shell:Skip shell extension 'dsv' for command environment
[0.156s] INFO:colcon.colcon_ros.task.ament_cmake.build:Building ROS package in '/home/jack/water_tank_ws/src/water_tank_cartographer' with build type 'ament_cmake'
[0.156s] INFO:colcon.colcon_cmake.task.cmake.build:Building CMake package in '/home/jack/water_tank_ws/src/water_tank_cartographer'
[0.156s] INFO:colcon.colcon_core.shell:Skip shell extension 'powershell' for command environment: Not usable outside of PowerShell
[0.156s] DEBUG:colcon.colcon_core.shell:Skip shell extension 'dsv' for command environment
[0.158s] INFO:colcon.colcon_ros.task.ament_cmake.build:Building ROS package in '/home/jack/water_tank_ws/src/water_tank_navigation' with build type 'ament_cmake'
[0.158s] INFO:colcon.colcon_cmake.task.cmake.build:Building CMake package in '/home/jack/water_tank_ws/src/water_tank_navigation'
[0.158s] INFO:colcon.colcon_core.shell:Skip shell extension 'powershell' for command environment: Not usable outside of PowerShell
[0.158s] DEBUG:colcon.colcon_core.shell:Skip shell extension 'dsv' for command environment
[0.161s] INFO:colcon.colcon_ros.task.ament_python.build:Building ROS package in '/home/jack/water_tank_ws/src/waypoints_generator' with build type 'ament_python'
[0.161s] Level 1:colcon.colcon_core.shell:create_environment_hook('waypoints_generator', 'ament_prefix_path')
[0.161s] INFO:colcon.colcon_core.shell:Creating environment hook '/home/jack/water_tank_ws/install/waypoints_generator/share/waypoints_generator/hook/ament_prefix_path.ps1'
[0.161s] INFO:colcon.colcon_core.shell:Creating environment descriptor '/home/jack/water_tank_ws/install/waypoints_generator/share/waypoints_generator/hook/ament_prefix_path.dsv'
[0.162s] INFO:colcon.colcon_core.shell:Creating environment hook '/home/jack/water_tank_ws/install/waypoints_generator/share/waypoints_generator/hook/ament_prefix_path.sh'
[0.162s] INFO:colcon.colcon_core.shell:Skip shell extension 'powershell' for command environment: Not usable outside of PowerShell
[0.162s] DEBUG:colcon.colcon_core.shell:Skip shell extension 'dsv' for command environment
[0.167s] DEBUG:colcon.colcon_core.event_handler.log_command:Invoking command in '/home/jack/water_tank_ws/build/ros2_control_demo_description': CMAKE_PREFIX_PATH=${CMAKE_PREFIX_PATH}:/home/jack/water_tank_ws/install/waypoints_generator:/opt/ros/jazzy DEBUGINFOD_URLS=https://debuginfod.ubuntu.com /usr/bin/cmake --build /home/jack/water_tank_ws/build/ros2_control_demo_description -- -j20 -l20
[0.168s] DEBUG:colcon.colcon_core.event_handler.log_command:Invoking command in '/home/jack/water_tank_ws/build/rf2o_laser_odometry': CMAKE_PREFIX_PATH=${CMAKE_PREFIX_PATH}:/home/jack/water_tank_ws/install/waypoints_generator:/opt/ros/jazzy DEBUGINFOD_URLS=https://debuginfod.ubuntu.com /usr/bin/cmake --build /home/jack/water_tank_ws/build/rf2o_laser_odometry -- -j20 -l20
[0.170s] DEBUG:colcon.colcon_core.event_handler.log_command:Invoking command in '/home/jack/water_tank_ws/build/rplidar_ros': CMAKE_PREFIX_PATH=${CMAKE_PREFIX_PATH}:/home/jack/water_tank_ws/install/waypoints_generator:/opt/ros/jazzy DEBUGINFOD_URLS=https://debuginfod.ubuntu.com /usr/bin/cmake --build /home/jack/water_tank_ws/build/rplidar_ros -- -j20 -l20
[0.171s] DEBUG:colcon.colcon_core.event_handler.log_command:Invoking command in '/home/jack/water_tank_ws/build/water_tank_cartographer': CMAKE_PREFIX_PATH=${CMAKE_PREFIX_PATH}:/home/jack/water_tank_ws/install/waypoints_generator:/opt/ros/jazzy DEBUGINFOD_URLS=https://debuginfod.ubuntu.com /usr/bin/cmake --build /home/jack/water_tank_ws/build/water_tank_cartographer -- -j20 -l20
[0.172s] DEBUG:colcon.colcon_core.event_handler.log_command:Invoking command in '/home/jack/water_tank_ws/build/water_tank_navigation': CMAKE_PREFIX_PATH=${CMAKE_PREFIX_PATH}:/home/jack/water_tank_ws/install/waypoints_generator:/opt/ros/jazzy DEBUGINFOD_URLS=https://debuginfod.ubuntu.com /usr/bin/cmake --build /home/jack/water_tank_ws/build/water_tank_navigation -- -j20 -l20
[0.313s] INFO:colcon.colcon_core.task.python.build:Building Python package in '/home/jack/water_tank_ws/src/waypoints_generator'
[0.314s] INFO:colcon.colcon_core.shell:Skip shell extension 'powershell' for command environment: Not usable outside of PowerShell
[0.314s] DEBUG:colcon.colcon_core.shell:Skip shell extension 'dsv' for command environment
[0.317s] DEBUG:colcon.colcon_core.event_handler.log_command:Invoked command in '/home/jack/water_tank_ws/build/water_tank_navigation' returned '0': CMAKE_PREFIX_PATH=${CMAKE_PREFIX_PATH}:/home/jack/water_tank_ws/install/waypoints_generator:/opt/ros/jazzy DEBUGINFOD_URLS=https://debuginfod.ubuntu.com /usr/bin/cmake --build /home/jack/water_tank_ws/build/water_tank_navigation -- -j20 -l20
[0.327s] DEBUG:colcon.colcon_core.event_handler.log_command:Invoking command in '/home/jack/water_tank_ws/build/water_tank_navigation': CMAKE_PREFIX_PATH=${CMAKE_PREFIX_PATH}:/home/jack/water_tank_ws/install/waypoints_generator:/opt/ros/jazzy DEBUGINFOD_URLS=https://debuginfod.ubuntu.com /usr/bin/cmake --install /home/jack/water_tank_ws/build/water_tank_navigation
[0.327s] DEBUG:colcon.colcon_core.event_handler.log_command:Invoked command in '/home/jack/water_tank_ws/build/rplidar_ros' returned '0': CMAKE_PREFIX_PATH=${CMAKE_PREFIX_PATH}:/home/jack/water_tank_ws/install/waypoints_generator:/opt/ros/jazzy DEBUGINFOD_URLS=https://debuginfod.ubuntu.com /usr/bin/cmake --build /home/jack/water_tank_ws/build/rplidar_ros -- -j20 -l20
[0.328s] DEBUG:colcon.colcon_core.event_handler.log_command:Invoking command in '/home/jack/water_tank_ws/build/rplidar_ros': CMAKE_PREFIX_PATH=${CMAKE_PREFIX_PATH}:/home/jack/water_tank_ws/install/waypoints_generator:/opt/ros/jazzy DEBUGINFOD_URLS=https://debuginfod.ubuntu.com /usr/bin/cmake --install /home/jack/water_tank_ws/build/rplidar_ros
[0.328s] DEBUG:colcon.colcon_core.event_handler.log_command:Invoked command in '/home/jack/water_tank_ws/build/water_tank_cartographer' returned '0': CMAKE_PREFIX_PATH=${CMAKE_PREFIX_PATH}:/home/jack/water_tank_ws/install/waypoints_generator:/opt/ros/jazzy DEBUGINFOD_URLS=https://debuginfod.ubuntu.com /usr/bin/cmake --build /home/jack/water_tank_ws/build/water_tank_cartographer -- -j20 -l20
[0.329s] DEBUG:colcon.colcon_core.event_handler.log_command:Invoking command in '/home/jack/water_tank_ws/build/water_tank_cartographer': CMAKE_PREFIX_PATH=${CMAKE_PREFIX_PATH}:/home/jack/water_tank_ws/install/waypoints_generator:/opt/ros/jazzy DEBUGINFOD_URLS=https://debuginfod.ubuntu.com /usr/bin/cmake --install /home/jack/water_tank_ws/build/water_tank_cartographer
[0.330s] DEBUG:colcon.colcon_core.event_handler.log_command:Invoked command in '/home/jack/water_tank_ws/build/ros2_control_demo_description' returned '0': CMAKE_PREFIX_PATH=${CMAKE_PREFIX_PATH}:/home/jack/water_tank_ws/install/waypoints_generator:/opt/ros/jazzy DEBUGINFOD_URLS=https://debuginfod.ubuntu.com /usr/bin/cmake --build /home/jack/water_tank_ws/build/ros2_control_demo_description -- -j20 -l20
[0.330s] DEBUG:colcon.colcon_core.event_handler.log_command:Invoking command in '/home/jack/water_tank_ws/build/ros2_control_demo_description': CMAKE_PREFIX_PATH=${CMAKE_PREFIX_PATH}:/home/jack/water_tank_ws/install/waypoints_generator:/opt/ros/jazzy DEBUGINFOD_URLS=https://debuginfod.ubuntu.com /usr/bin/cmake --install /home/jack/water_tank_ws/build/ros2_control_demo_description
[0.331s] DEBUG:colcon.colcon_core.event_handler.log_command:Invoked command in '/home/jack/water_tank_ws/build/rf2o_laser_odometry' returned '0': CMAKE_PREFIX_PATH=${CMAKE_PREFIX_PATH}:/home/jack/water_tank_ws/install/waypoints_generator:/opt/ros/jazzy DEBUGINFOD_URLS=https://debuginfod.ubuntu.com /usr/bin/cmake --build /home/jack/water_tank_ws/build/rf2o_laser_odometry -- -j20 -l20
[0.332s] DEBUG:colcon.colcon_core.event_handler.log_command:Invoking command in '/home/jack/water_tank_ws/build/rf2o_laser_odometry': CMAKE_PREFIX_PATH=${CMAKE_PREFIX_PATH}:/home/jack/water_tank_ws/install/waypoints_generator:/opt/ros/jazzy DEBUGINFOD_URLS=https://debuginfod.ubuntu.com /usr/bin/cmake --install /home/jack/water_tank_ws/build/rf2o_laser_odometry
[0.350s] Level 1:colcon.colcon_core.environment:create_environment_scripts_only(ros2_control_demo_description)
[0.351s] DEBUG:colcon.colcon_core.event_handler.log_command:Invoked command in '/home/jack/water_tank_ws/build/ros2_control_demo_description' returned '0': CMAKE_PREFIX_PATH=${CMAKE_PREFIX_PATH}:/home/jack/water_tank_ws/install/waypoints_generator:/opt/ros/jazzy DEBUGINFOD_URLS=https://debuginfod.ubuntu.com /usr/bin/cmake --install /home/jack/water_tank_ws/build/ros2_control_demo_description
[0.352s] Level 1:colcon.colcon_core.environment:checking '/home/jack/water_tank_ws/install/ros2_control_demo_description' for CMake module files
[0.353s] Level 1:colcon.colcon_core.environment:checking '/home/jack/water_tank_ws/install/ros2_control_demo_description' for CMake config files
[0.353s] Level 1:colcon.colcon_core.shell:create_environment_hook('ros2_control_demo_description', 'cmake_prefix_path')
[0.353s] INFO:colcon.colcon_core.shell:Creating environment hook '/home/jack/water_tank_ws/install/ros2_control_demo_description/share/ros2_control_demo_description/hook/cmake_prefix_path.ps1'
[0.353s] INFO:colcon.colcon_core.shell:Creating environment descriptor '/home/jack/water_tank_ws/install/ros2_control_demo_description/share/ros2_control_demo_description/hook/cmake_prefix_path.dsv'
[0.353s] INFO:colcon.colcon_core.shell:Creating environment hook '/home/jack/water_tank_ws/install/ros2_control_demo_description/share/ros2_control_demo_description/hook/cmake_prefix_path.sh'
[0.354s] Level 1:colcon.colcon_core.environment:checking '/home/jack/water_tank_ws/install/ros2_control_demo_description/bin'
[0.354s] Level 1:colcon.colcon_core.environment:checking '/home/jack/water_tank_ws/install/ros2_control_demo_description/lib/pkgconfig/ros2_control_demo_description.pc'
[0.354s] Level 1:colcon.colcon_core.environment:checking '/home/jack/water_tank_ws/install/ros2_control_demo_description/lib/python3.12/site-packages'
[0.354s] Level 1:colcon.colcon_core.environment:checking '/home/jack/water_tank_ws/install/ros2_control_demo_description/bin'
[0.354s] INFO:colcon.colcon_core.shell:Creating package script '/home/jack/water_tank_ws/install/ros2_control_demo_description/share/ros2_control_demo_description/package.ps1'
[0.355s] INFO:colcon.colcon_core.shell:Creating package descriptor '/home/jack/water_tank_ws/install/ros2_control_demo_description/share/ros2_control_demo_description/package.dsv'
[0.355s] INFO:colcon.colcon_core.shell:Creating package script '/home/jack/water_tank_ws/install/ros2_control_demo_description/share/ros2_control_demo_description/package.sh'
[0.355s] INFO:colcon.colcon_core.shell:Creating package script '/home/jack/water_tank_ws/install/ros2_control_demo_description/share/ros2_control_demo_description/package.bash'
[0.356s] INFO:colcon.colcon_core.shell:Creating package script '/home/jack/water_tank_ws/install/ros2_control_demo_description/share/ros2_control_demo_description/package.zsh'
[0.356s] Level 1:colcon.colcon_core.environment:create_file_with_runtime_dependencies(/home/jack/water_tank_ws/install/ros2_control_demo_description/share/colcon-core/packages/ros2_control_demo_description)
[0.356s] Level 1:colcon.colcon_core.environment:create_environment_scripts_only(ros2_control_demo_description)
[0.356s] Level 1:colcon.colcon_core.environment:checking '/home/jack/water_tank_ws/install/ros2_control_demo_description' for CMake module files
[0.357s] Level 1:colcon.colcon_core.environment:checking '/home/jack/water_tank_ws/install/ros2_control_demo_description' for CMake config files
[0.357s] Level 1:colcon.colcon_core.shell:create_environment_hook('ros2_control_demo_description', 'cmake_prefix_path')
[0.357s] INFO:colcon.colcon_core.shell:Creating environment hook '/home/jack/water_tank_ws/install/ros2_control_demo_description/share/ros2_control_demo_description/hook/cmake_prefix_path.ps1'
[0.357s] INFO:colcon.colcon_core.shell:Creating environment descriptor '/home/jack/water_tank_ws/install/ros2_control_demo_description/share/ros2_control_demo_description/hook/cmake_prefix_path.dsv'
[0.357s] INFO:colcon.colcon_core.shell:Creating environment hook '/home/jack/water_tank_ws/install/ros2_control_demo_description/share/ros2_control_demo_description/hook/cmake_prefix_path.sh'
[0.365s] Level 1:colcon.colcon_core.environment:checking '/home/jack/water_tank_ws/install/ros2_control_demo_description/bin'
[0.365s] Level 1:colcon.colcon_core.environment:checking '/home/jack/water_tank_ws/install/ros2_control_demo_description/lib/pkgconfig/ros2_control_demo_description.pc'
[0.365s] Level 1:colcon.colcon_core.environment:checking '/home/jack/water_tank_ws/install/ros2_control_demo_description/lib/python3.12/site-packages'
[0.365s] Level 1:colcon.colcon_core.environment:checking '/home/jack/water_tank_ws/install/ros2_control_demo_description/bin'
[0.365s] INFO:colcon.colcon_core.shell:Creating package script '/home/jack/water_tank_ws/install/ros2_control_demo_description/share/ros2_control_demo_description/package.ps1'
[0.366s] INFO:colcon.colcon_core.shell:Creating package descriptor '/home/jack/water_tank_ws/install/ros2_control_demo_description/share/ros2_control_demo_description/package.dsv'
[0.366s] INFO:colcon.colcon_core.shell:Creating package script '/home/jack/water_tank_ws/install/ros2_control_demo_description/share/ros2_control_demo_description/package.sh'
[0.366s] INFO:colcon.colcon_core.shell:Creating package script '/home/jack/water_tank_ws/install/ros2_control_demo_description/share/ros2_control_demo_description/package.bash'
[0.366s] INFO:colcon.colcon_core.shell:Creating package script '/home/jack/water_tank_ws/install/ros2_control_demo_description/share/ros2_control_demo_description/package.zsh'
[0.366s] Level 1:colcon.colcon_core.environment:create_file_with_runtime_dependencies(/home/jack/water_tank_ws/install/ros2_control_demo_description/share/colcon-core/packages/ros2_control_demo_description)
[0.367s] Level 1:colcon.colcon_core.environment:create_environment_scripts_only(rf2o_laser_odometry)
[0.367s] Level 1:colcon.colcon_core.environment:checking '/home/jack/water_tank_ws/install/rf2o_laser_odometry' for CMake module files
[0.367s] DEBUG:colcon.colcon_core.event_handler.log_command:Invoked command in '/home/jack/water_tank_ws/build/rf2o_laser_odometry' returned '0': CMAKE_PREFIX_PATH=${CMAKE_PREFIX_PATH}:/home/jack/water_tank_ws/install/waypoints_generator:/opt/ros/jazzy DEBUGINFOD_URLS=https://debuginfod.ubuntu.com /usr/bin/cmake --install /home/jack/water_tank_ws/build/rf2o_laser_odometry
[0.367s] Level 1:colcon.colcon_core.environment:checking '/home/jack/water_tank_ws/install/rf2o_laser_odometry' for CMake config files
[0.367s] Level 1:colcon.colcon_core.shell:create_environment_hook('rf2o_laser_odometry', 'cmake_prefix_path')
[0.368s] INFO:colcon.colcon_core.shell:Creating environment hook '/home/jack/water_tank_ws/install/rf2o_laser_odometry/share/rf2o_laser_odometry/hook/cmake_prefix_path.ps1'
[0.368s] INFO:colcon.colcon_core.shell:Creating environment descriptor '/home/jack/water_tank_ws/install/rf2o_laser_odometry/share/rf2o_laser_odometry/hook/cmake_prefix_path.dsv'
[0.368s] INFO:colcon.colcon_core.shell:Creating environment hook '/home/jack/water_tank_ws/install/rf2o_laser_odometry/share/rf2o_laser_odometry/hook/cmake_prefix_path.sh'
[0.368s] Level 1:colcon.colcon_core.environment:checking '/home/jack/water_tank_ws/install/rf2o_laser_odometry/lib'
[0.368s] Level 1:colcon.colcon_core.environment:checking '/home/jack/water_tank_ws/install/rf2o_laser_odometry/bin'
[0.369s] Level 1:colcon.colcon_core.environment:checking '/home/jack/water_tank_ws/install/rf2o_laser_odometry/lib/pkgconfig/rf2o_laser_odometry.pc'
[0.369s] Level 1:colcon.colcon_core.environment:checking '/home/jack/water_tank_ws/install/rf2o_laser_odometry/lib/python3.12/site-packages'
[0.369s] Level 1:colcon.colcon_core.environment:checking '/home/jack/water_tank_ws/install/rf2o_laser_odometry/bin'
[0.369s] INFO:colcon.colcon_core.shell:Creating package script '/home/jack/water_tank_ws/install/rf2o_laser_odometry/share/rf2o_laser_odometry/package.ps1'
[0.369s] INFO:colcon.colcon_core.shell:Creating package descriptor '/home/jack/water_tank_ws/install/rf2o_laser_odometry/share/rf2o_laser_odometry/package.dsv'
[0.369s] INFO:colcon.colcon_core.shell:Creating package script '/home/jack/water_tank_ws/install/rf2o_laser_odometry/share/rf2o_laser_odometry/package.sh'
[0.370s] INFO:colcon.colcon_core.shell:Creating package script '/home/jack/water_tank_ws/install/rf2o_laser_odometry/share/rf2o_laser_odometry/package.bash'
[0.370s] INFO:colcon.colcon_core.shell:Creating package script '/home/jack/water_tank_ws/install/rf2o_laser_odometry/share/rf2o_laser_odometry/package.zsh'
[0.370s] Level 1:colcon.colcon_core.environment:create_file_with_runtime_dependencies(/home/jack/water_tank_ws/install/rf2o_laser_odometry/share/colcon-core/packages/rf2o_laser_odometry)
[0.370s] Level 1:colcon.colcon_core.environment:create_environment_scripts_only(rf2o_laser_odometry)
[0.370s] Level 1:colcon.colcon_core.environment:checking '/home/jack/water_tank_ws/install/rf2o_laser_odometry' for CMake module files
[0.371s] Level 1:colcon.colcon_core.environment:checking '/home/jack/water_tank_ws/install/rf2o_laser_odometry' for CMake config files
[0.371s] Level 1:colcon.colcon_core.shell:create_environment_hook('rf2o_laser_odometry', 'cmake_prefix_path')
[0.371s] INFO:colcon.colcon_core.shell:Creating environment hook '/home/jack/water_tank_ws/install/rf2o_laser_odometry/share/rf2o_laser_odometry/hook/cmake_prefix_path.ps1'
[0.371s] INFO:colcon.colcon_core.shell:Creating environment descriptor '/home/jack/water_tank_ws/install/rf2o_laser_odometry/share/rf2o_laser_odometry/hook/cmake_prefix_path.dsv'
[0.371s] INFO:colcon.colcon_core.shell:Creating environment hook '/home/jack/water_tank_ws/install/rf2o_laser_odometry/share/rf2o_laser_odometry/hook/cmake_prefix_path.sh'
[0.371s] Level 1:colcon.colcon_core.environment:checking '/home/jack/water_tank_ws/install/rf2o_laser_odometry/lib'
[0.372s] Level 1:colcon.colcon_core.environment:checking '/home/jack/water_tank_ws/install/rf2o_laser_odometry/bin'
[0.372s] Level 1:colcon.colcon_core.environment:checking '/home/jack/water_tank_ws/install/rf2o_laser_odometry/lib/pkgconfig/rf2o_laser_odometry.pc'
[0.372s] Level 1:colcon.colcon_core.environment:checking '/home/jack/water_tank_ws/install/rf2o_laser_odometry/lib/python3.12/site-packages'
[0.372s] Level 1:colcon.colcon_core.environment:checking '/home/jack/water_tank_ws/install/rf2o_laser_odometry/bin'
[0.372s] INFO:colcon.colcon_core.shell:Creating package script '/home/jack/water_tank_ws/install/rf2o_laser_odometry/share/rf2o_laser_odometry/package.ps1'
[0.372s] INFO:colcon.colcon_core.shell:Creating package descriptor '/home/jack/water_tank_ws/install/rf2o_laser_odometry/share/rf2o_laser_odometry/package.dsv'
[0.372s] INFO:colcon.colcon_core.shell:Creating package script '/home/jack/water_tank_ws/install/rf2o_laser_odometry/share/rf2o_laser_odometry/package.sh'
[0.373s] INFO:colcon.colcon_core.shell:Creating package script '/home/jack/water_tank_ws/install/rf2o_laser_odometry/share/rf2o_laser_odometry/package.bash'
[0.373s] INFO:colcon.colcon_core.shell:Creating package script '/home/jack/water_tank_ws/install/rf2o_laser_odometry/share/rf2o_laser_odometry/package.zsh'
[0.373s] Level 1:colcon.colcon_core.environment:create_file_with_runtime_dependencies(/home/jack/water_tank_ws/install/rf2o_laser_odometry/share/colcon-core/packages/rf2o_laser_odometry)
[0.373s] INFO:colcon.colcon_ros.task.ament_cmake.build:Building ROS package in '/home/jack/water_tank_ws/src/example_2' with build type 'ament_cmake'
[0.374s] INFO:colcon.colcon_cmake.task.cmake.build:Building CMake package in '/home/jack/water_tank_ws/src/example_2'
[0.374s] INFO:colcon.colcon_core.shell:Skip shell extension 'powershell' for command environment: Not usable outside of PowerShell
[0.374s] DEBUG:colcon.colcon_core.shell:Skip shell extension 'dsv' for command environment
[0.376s] Level 1:colcon.colcon_core.environment:create_environment_scripts_only(rplidar_ros)
[0.376s] Level 1:colcon.colcon_core.environment:checking '/home/jack/water_tank_ws/install/rplidar_ros' for CMake module files
[0.377s] DEBUG:colcon.colcon_core.event_handler.log_command:Invoked command in '/home/jack/water_tank_ws/build/rplidar_ros' returned '0': CMAKE_PREFIX_PATH=${CMAKE_PREFIX_PATH}:/home/jack/water_tank_ws/install/waypoints_generator:/opt/ros/jazzy DEBUGINFOD_URLS=https://debuginfod.ubuntu.com /usr/bin/cmake --install /home/jack/water_tank_ws/build/rplidar_ros
[0.377s] Level 1:colcon.colcon_core.environment:checking '/home/jack/water_tank_ws/install/rplidar_ros' for CMake config files
[0.377s] Level 1:colcon.colcon_core.shell:create_environment_hook('rplidar_ros', 'cmake_prefix_path')
[0.377s] INFO:colcon.colcon_core.shell:Creating environment hook '/home/jack/water_tank_ws/install/rplidar_ros/share/rplidar_ros/hook/cmake_prefix_path.ps1'
[0.378s] INFO:colcon.colcon_core.shell:Creating environment descriptor '/home/jack/water_tank_ws/install/rplidar_ros/share/rplidar_ros/hook/cmake_prefix_path.dsv'
[0.378s] INFO:colcon.colcon_core.shell:Creating environment hook '/home/jack/water_tank_ws/install/rplidar_ros/share/rplidar_ros/hook/cmake_prefix_path.sh'
[0.378s] Level 1:colcon.colcon_core.environment:checking '/home/jack/water_tank_ws/install/rplidar_ros/lib'
[0.378s] Level 1:colcon.colcon_core.environment:checking '/home/jack/water_tank_ws/install/rplidar_ros/bin'
[0.378s] Level 1:colcon.colcon_core.environment:checking '/home/jack/water_tank_ws/install/rplidar_ros/lib/pkgconfig/rplidar_ros.pc'
[0.378s] Level 1:colcon.colcon_core.environment:checking '/home/jack/water_tank_ws/install/rplidar_ros/lib/python3.12/site-packages'
[0.379s] Level 1:colcon.colcon_core.environment:checking '/home/jack/water_tank_ws/install/rplidar_ros/bin'
[0.379s] INFO:colcon.colcon_core.shell:Creating package script '/home/jack/water_tank_ws/install/rplidar_ros/share/rplidar_ros/package.ps1'
[0.379s] INFO:colcon.colcon_core.shell:Creating package descriptor '/home/jack/water_tank_ws/install/rplidar_ros/share/rplidar_ros/package.dsv'
[0.379s] INFO:colcon.colcon_core.shell:Creating package script '/home/jack/water_tank_ws/install/rplidar_ros/share/rplidar_ros/package.sh'
[0.379s] INFO:colcon.colcon_core.shell:Creating package script '/home/jack/water_tank_ws/install/rplidar_ros/share/rplidar_ros/package.bash'
[0.379s] INFO:colcon.colcon_core.shell:Creating package script '/home/jack/water_tank_ws/install/rplidar_ros/share/rplidar_ros/package.zsh'
[0.380s] Level 1:colcon.colcon_core.environment:create_file_with_runtime_dependencies(/home/jack/water_tank_ws/install/rplidar_ros/share/colcon-core/packages/rplidar_ros)
[0.380s] Level 1:colcon.colcon_core.environment:create_environment_scripts_only(rplidar_ros)
[0.380s] Level 1:colcon.colcon_core.environment:checking '/home/jack/water_tank_ws/install/rplidar_ros' for CMake module files
[0.380s] Level 1:colcon.colcon_core.environment:checking '/home/jack/water_tank_ws/install/rplidar_ros' for CMake config files
[0.380s] Level 1:colcon.colcon_core.shell:create_environment_hook('rplidar_ros', 'cmake_prefix_path')
[0.381s] INFO:colcon.colcon_core.shell:Creating environment hook '/home/jack/water_tank_ws/install/rplidar_ros/share/rplidar_ros/hook/cmake_prefix_path.ps1'
[0.381s] INFO:colcon.colcon_core.shell:Creating environment descriptor '/home/jack/water_tank_ws/install/rplidar_ros/share/rplidar_ros/hook/cmake_prefix_path.dsv'
[0.381s] INFO:colcon.colcon_core.shell:Creating environment hook '/home/jack/water_tank_ws/install/rplidar_ros/share/rplidar_ros/hook/cmake_prefix_path.sh'
[0.381s] Level 1:colcon.colcon_core.environment:checking '/home/jack/water_tank_ws/install/rplidar_ros/lib'
[0.381s] Level 1:colcon.colcon_core.environment:checking '/home/jack/water_tank_ws/install/rplidar_ros/bin'
[0.381s] Level 1:colcon.colcon_core.environment:checking '/home/jack/water_tank_ws/install/rplidar_ros/lib/pkgconfig/rplidar_ros.pc'
[0.381s] Level 1:colcon.colcon_core.environment:checking '/home/jack/water_tank_ws/install/rplidar_ros/lib/python3.12/site-packages'
[0.382s] Level 1:colcon.colcon_core.environment:checking '/home/jack/water_tank_ws/install/rplidar_ros/bin'
[0.382s] INFO:colcon.colcon_core.shell:Creating package script '/home/jack/water_tank_ws/install/rplidar_ros/share/rplidar_ros/package.ps1'
[0.382s] INFO:colcon.colcon_core.shell:Creating package descriptor '/home/jack/water_tank_ws/install/rplidar_ros/share/rplidar_ros/package.dsv'
[0.382s] INFO:colcon.colcon_core.shell:Creating package script '/home/jack/water_tank_ws/install/rplidar_ros/share/rplidar_ros/package.sh'
[0.382s] INFO:colcon.colcon_core.shell:Creating package script '/home/jack/water_tank_ws/install/rplidar_ros/share/rplidar_ros/package.bash'
[0.383s] INFO:colcon.colcon_core.shell:Creating package script '/home/jack/water_tank_ws/install/rplidar_ros/share/rplidar_ros/package.zsh'
[0.383s] Level 1:colcon.colcon_core.environment:create_file_with_runtime_dependencies(/home/jack/water_tank_ws/install/rplidar_ros/share/colcon-core/packages/rplidar_ros)
[0.383s] Level 1:colcon.colcon_core.environment:create_environment_scripts_only(water_tank_cartographer)
[0.383s] Level 1:colcon.colcon_core.environment:checking '/home/jack/water_tank_ws/install/water_tank_cartographer' for CMake module files
[0.384s] DEBUG:colcon.colcon_core.event_handler.log_command:Invoked command in '/home/jack/water_tank_ws/build/water_tank_cartographer' returned '0': CMAKE_PREFIX_PATH=${CMAKE_PREFIX_PATH}:/home/jack/water_tank_ws/install/waypoints_generator:/opt/ros/jazzy DEBUGINFOD_URLS=https://debuginfod.ubuntu.com /usr/bin/cmake --install /home/jack/water_tank_ws/build/water_tank_cartographer
[0.384s] Level 1:colcon.colcon_core.environment:checking '/home/jack/water_tank_ws/install/water_tank_cartographer' for CMake config files
[0.384s] Level 1:colcon.colcon_core.shell:create_environment_hook('water_tank_cartographer', 'cmake_prefix_path')
[0.384s] INFO:colcon.colcon_core.shell:Creating environment hook '/home/jack/water_tank_ws/install/water_tank_cartographer/share/water_tank_cartographer/hook/cmake_prefix_path.ps1'
[0.384s] INFO:colcon.colcon_core.shell:Creating environment descriptor '/home/jack/water_tank_ws/install/water_tank_cartographer/share/water_tank_cartographer/hook/cmake_prefix_path.dsv'
[0.385s] INFO:colcon.colcon_core.shell:Creating environment hook '/home/jack/water_tank_ws/install/water_tank_cartographer/share/water_tank_cartographer/hook/cmake_prefix_path.sh'
[0.385s] Level 1:colcon.colcon_core.environment:checking '/home/jack/water_tank_ws/install/water_tank_cartographer/bin'
[0.385s] Level 1:colcon.colcon_core.environment:checking '/home/jack/water_tank_ws/install/water_tank_cartographer/lib/pkgconfig/water_tank_cartographer.pc'
[0.385s] Level 1:colcon.colcon_core.environment:checking '/home/jack/water_tank_ws/install/water_tank_cartographer/lib/python3.12/site-packages'
[0.385s] Level 1:colcon.colcon_core.environment:checking '/home/jack/water_tank_ws/install/water_tank_cartographer/bin'
[0.385s] INFO:colcon.colcon_core.shell:Creating package script '/home/jack/water_tank_ws/install/water_tank_cartographer/share/water_tank_cartographer/package.ps1'
[0.386s] INFO:colcon.colcon_core.shell:Creating package descriptor '/home/jack/water_tank_ws/install/water_tank_cartographer/share/water_tank_cartographer/package.dsv'
[0.386s] INFO:colcon.colcon_core.shell:Creating package script '/home/jack/water_tank_ws/install/water_tank_cartographer/share/water_tank_cartographer/package.sh'
[0.386s] INFO:colcon.colcon_core.shell:Creating package script '/home/jack/water_tank_ws/install/water_tank_cartographer/share/water_tank_cartographer/package.bash'
[0.386s] INFO:colcon.colcon_core.shell:Creating package script '/home/jack/water_tank_ws/install/water_tank_cartographer/share/water_tank_cartographer/package.zsh'
[0.386s] Level 1:colcon.colcon_core.environment:create_file_with_runtime_dependencies(/home/jack/water_tank_ws/install/water_tank_cartographer/share/colcon-core/packages/water_tank_cartographer)
[0.387s] Level 1:colcon.colcon_core.environment:create_environment_scripts_only(water_tank_cartographer)
[0.387s] Level 1:colcon.colcon_core.environment:checking '/home/jack/water_tank_ws/install/water_tank_cartographer' for CMake module files
[0.387s] Level 1:colcon.colcon_core.environment:checking '/home/jack/water_tank_ws/install/water_tank_cartographer' for CMake config files
[0.387s] Level 1:colcon.colcon_core.shell:create_environment_hook('water_tank_cartographer', 'cmake_prefix_path')
[0.387s] INFO:colcon.colcon_core.shell:Creating environment hook '/home/jack/water_tank_ws/install/water_tank_cartographer/share/water_tank_cartographer/hook/cmake_prefix_path.ps1'
[0.387s] INFO:colcon.colcon_core.shell:Creating environment descriptor '/home/jack/water_tank_ws/install/water_tank_cartographer/share/water_tank_cartographer/hook/cmake_prefix_path.dsv'
[0.387s] INFO:colcon.colcon_core.shell:Creating environment hook '/home/jack/water_tank_ws/install/water_tank_cartographer/share/water_tank_cartographer/hook/cmake_prefix_path.sh'
[0.388s] Level 1:colcon.colcon_core.environment:checking '/home/jack/water_tank_ws/install/water_tank_cartographer/bin'
[0.388s] Level 1:colcon.colcon_core.environment:checking '/home/jack/water_tank_ws/install/water_tank_cartographer/lib/pkgconfig/water_tank_cartographer.pc'
[0.388s] Level 1:colcon.colcon_core.environment:checking '/home/jack/water_tank_ws/install/water_tank_cartographer/lib/python3.12/site-packages'
[0.388s] Level 1:colcon.colcon_core.environment:checking '/home/jack/water_tank_ws/install/water_tank_cartographer/bin'
[0.388s] INFO:colcon.colcon_core.shell:Creating package script '/home/jack/water_tank_ws/install/water_tank_cartographer/share/water_tank_cartographer/package.ps1'
[0.388s] INFO:colcon.colcon_core.shell:Creating package descriptor '/home/jack/water_tank_ws/install/water_tank_cartographer/share/water_tank_cartographer/package.dsv'
[0.389s] INFO:colcon.colcon_core.shell:Creating package script '/home/jack/water_tank_ws/install/water_tank_cartographer/share/water_tank_cartographer/package.sh'
[0.389s] INFO:colcon.colcon_core.shell:Creating package script '/home/jack/water_tank_ws/install/water_tank_cartographer/share/water_tank_cartographer/package.bash'
[0.389s] INFO:colcon.colcon_core.shell:Creating package script '/home/jack/water_tank_ws/install/water_tank_cartographer/share/water_tank_cartographer/package.zsh'
[0.389s] Level 1:colcon.colcon_core.environment:create_file_with_runtime_dependencies(/home/jack/water_tank_ws/install/water_tank_cartographer/share/colcon-core/packages/water_tank_cartographer)
[0.389s] Level 1:colcon.colcon_core.environment:create_environment_scripts_only(water_tank_navigation)
[0.389s] Level 1:colcon.colcon_core.environment:checking '/home/jack/water_tank_ws/install/water_tank_navigation' for CMake module files
[0.390s] Level 1:colcon.colcon_core.environment:checking '/home/jack/water_tank_ws/install/water_tank_navigation' for CMake config files
[0.390s] DEBUG:colcon.colcon_core.event_handler.log_command:Invoked command in '/home/jack/water_tank_ws/build/water_tank_navigation' returned '0': CMAKE_PREFIX_PATH=${CMAKE_PREFIX_PATH}:/home/jack/water_tank_ws/install/waypoints_generator:/opt/ros/jazzy DEBUGINFOD_URLS=https://debuginfod.ubuntu.com /usr/bin/cmake --install /home/jack/water_tank_ws/build/water_tank_navigation
[0.390s] Level 1:colcon.colcon_core.shell:create_environment_hook('water_tank_navigation', 'cmake_prefix_path')
[0.391s] INFO:colcon.colcon_core.shell:Creating environment hook '/home/jack/water_tank_ws/install/water_tank_navigation/share/water_tank_navigation/hook/cmake_prefix_path.ps1'
[0.391s] INFO:colcon.colcon_core.shell:Creating environment descriptor '/home/jack/water_tank_ws/install/water_tank_navigation/share/water_tank_navigation/hook/cmake_prefix_path.dsv'
[0.391s] INFO:colcon.colcon_core.shell:Creating environment hook '/home/jack/water_tank_ws/install/water_tank_navigation/share/water_tank_navigation/hook/cmake_prefix_path.sh'
[0.391s] Level 1:colcon.colcon_core.environment:checking '/home/jack/water_tank_ws/install/water_tank_navigation/bin'
[0.391s] Level 1:colcon.colcon_core.environment:checking '/home/jack/water_tank_ws/install/water_tank_navigation/lib/pkgconfig/water_tank_navigation.pc'
[0.391s] Level 1:colcon.colcon_core.environment:checking '/home/jack/water_tank_ws/install/water_tank_navigation/lib/python3.12/site-packages'
[0.392s] Level 1:colcon.colcon_core.environment:checking '/home/jack/water_tank_ws/install/water_tank_navigation/bin'
[0.392s] INFO:colcon.colcon_core.shell:Creating package script '/home/jack/water_tank_ws/install/water_tank_navigation/share/water_tank_navigation/package.ps1'
[0.392s] INFO:colcon.colcon_core.shell:Creating package descriptor '/home/jack/water_tank_ws/install/water_tank_navigation/share/water_tank_navigation/package.dsv'
[0.392s] INFO:colcon.colcon_core.shell:Creating package script '/home/jack/water_tank_ws/install/water_tank_navigation/share/water_tank_navigation/package.sh'
[0.392s] INFO:colcon.colcon_core.shell:Creating package script '/home/jack/water_tank_ws/install/water_tank_navigation/share/water_tank_navigation/package.bash'
[0.392s] INFO:colcon.colcon_core.shell:Creating package script '/home/jack/water_tank_ws/install/water_tank_navigation/share/water_tank_navigation/package.zsh'
[0.393s] Level 1:colcon.colcon_core.environment:create_file_with_runtime_dependencies(/home/jack/water_tank_ws/install/water_tank_navigation/share/colcon-core/packages/water_tank_navigation)
[0.393s] Level 1:colcon.colcon_core.environment:create_environment_scripts_only(water_tank_navigation)
[0.393s] Level 1:colcon.colcon_core.environment:checking '/home/jack/water_tank_ws/install/water_tank_navigation' for CMake module files
[0.393s] Level 1:colcon.colcon_core.environment:checking '/home/jack/water_tank_ws/install/water_tank_navigation' for CMake config files
[0.394s] Level 1:colcon.colcon_core.shell:create_environment_hook('water_tank_navigation', 'cmake_prefix_path')
[0.394s] INFO:colcon.colcon_core.shell:Creating environment hook '/home/jack/water_tank_ws/install/water_tank_navigation/share/water_tank_navigation/hook/cmake_prefix_path.ps1'
[0.394s] INFO:colcon.colcon_core.shell:Creating environment descriptor '/home/jack/water_tank_ws/install/water_tank_navigation/share/water_tank_navigation/hook/cmake_prefix_path.dsv'
[0.394s] INFO:colcon.colcon_core.shell:Creating environment hook '/home/jack/water_tank_ws/install/water_tank_navigation/share/water_tank_navigation/hook/cmake_prefix_path.sh'
[0.394s] Level 1:colcon.colcon_core.environment:checking '/home/jack/water_tank_ws/install/water_tank_navigation/bin'
[0.394s] Level 1:colcon.colcon_core.environment:checking '/home/jack/water_tank_ws/install/water_tank_navigation/lib/pkgconfig/water_tank_navigation.pc'
[0.394s] Level 1:colcon.colcon_core.environment:checking '/home/jack/water_tank_ws/install/water_tank_navigation/lib/python3.12/site-packages'
[0.395s] Level 1:colcon.colcon_core.environment:checking '/home/jack/water_tank_ws/install/water_tank_navigation/bin'
[0.395s] INFO:colcon.colcon_core.shell:Creating package script '/home/jack/water_tank_ws/install/water_tank_navigation/share/water_tank_navigation/package.ps1'
[0.395s] INFO:colcon.colcon_core.shell:Creating package descriptor '/home/jack/water_tank_ws/install/water_tank_navigation/share/water_tank_navigation/package.dsv'
[0.395s] INFO:colcon.colcon_core.shell:Creating package script '/home/jack/water_tank_ws/install/water_tank_navigation/share/water_tank_navigation/package.sh'
[0.395s] INFO:colcon.colcon_core.shell:Creating package script '/home/jack/water_tank_ws/install/water_tank_navigation/share/water_tank_navigation/package.bash'
[0.396s] INFO:colcon.colcon_core.shell:Creating package script '/home/jack/water_tank_ws/install/water_tank_navigation/share/water_tank_navigation/package.zsh'
[0.396s] Level 1:colcon.colcon_core.environment:create_file_with_runtime_dependencies(/home/jack/water_tank_ws/install/water_tank_navigation/share/colcon-core/packages/water_tank_navigation)
[0.398s] DEBUG:colcon.colcon_core.event_handler.log_command:Invoking command in '/home/jack/water_tank_ws/build/ros2_control_demo_example_2': CMAKE_PREFIX_PATH=/home/jack/water_tank_ws/install/ros2_control_demo_description:/home/jack/water_tank_ws/install/water_tank_navigation:/home/jack/water_tank_ws/install/water_tank_cartographer:/home/jack/water_tank_ws/install/rplidar_ros:/home/jack/water_tank_ws/install/ros2_control_demo_example_2:/home/jack/water_tank_ws/install/rf2o_laser_odometry:/opt/ros/jazzy/opt/gz_sim_vendor:/opt/ros/jazzy/opt/gz_sensors_vendor:/opt/ros/jazzy/opt/gz_physics_vendor:/opt/ros/jazzy/opt/sdformat_vendor:/opt/ros/jazzy/opt/gz_gui_vendor:/opt/ros/jazzy/opt/gz_transport_vendor:/opt/ros/jazzy/opt/gz_rendering_vendor:/opt/ros/jazzy/opt/gz_plugin_vendor:/opt/ros/jazzy/opt/gz_fuel_tools_vendor:/opt/ros/jazzy/opt/gz_msgs_vendor:/opt/ros/jazzy/opt/gz_common_vendor:/opt/ros/jazzy/opt/gz_math_vendor:/opt/ros/jazzy/opt/gz_utils_vendor:/opt/ros/jazzy/opt/gz_tools_vendor:/opt/ros/jazzy/opt/gz_ogre_next_vendor:/opt/ros/jazzy/opt/gz_dartsim_vendor:/opt/ros/jazzy/opt/gz_cmake_vendor:/home/jack/water_tank_ws/install/waypoints_generator:/opt/ros/jazzy DEBUGINFOD_URLS=https://debuginfod.ubuntu.com /usr/bin/cmake --build /home/jack/water_tank_ws/build/ros2_control_demo_example_2 -- -j20 -l20
[0.456s] DEBUG:colcon.colcon_core.event_handler.log_command:Invoked command in '/home/jack/water_tank_ws/build/ros2_control_demo_example_2' returned '0': CMAKE_PREFIX_PATH=/home/jack/water_tank_ws/install/ros2_control_demo_description:/home/jack/water_tank_ws/install/water_tank_navigation:/home/jack/water_tank_ws/install/water_tank_cartographer:/home/jack/water_tank_ws/install/rplidar_ros:/home/jack/water_tank_ws/install/ros2_control_demo_example_2:/home/jack/water_tank_ws/install/rf2o_laser_odometry:/opt/ros/jazzy/opt/gz_sim_vendor:/opt/ros/jazzy/opt/gz_sensors_vendor:/opt/ros/jazzy/opt/gz_physics_vendor:/opt/ros/jazzy/opt/sdformat_vendor:/opt/ros/jazzy/opt/gz_gui_vendor:/opt/ros/jazzy/opt/gz_transport_vendor:/opt/ros/jazzy/opt/gz_rendering_vendor:/opt/ros/jazzy/opt/gz_plugin_vendor:/opt/ros/jazzy/opt/gz_fuel_tools_vendor:/opt/ros/jazzy/opt/gz_msgs_vendor:/opt/ros/jazzy/opt/gz_common_vendor:/opt/ros/jazzy/opt/gz_math_vendor:/opt/ros/jazzy/opt/gz_utils_vendor:/opt/ros/jazzy/opt/gz_tools_vendor:/opt/ros/jazzy/opt/gz_ogre_next_vendor:/opt/ros/jazzy/opt/gz_dartsim_vendor:/opt/ros/jazzy/opt/gz_cmake_vendor:/home/jack/water_tank_ws/install/waypoints_generator:/opt/ros/jazzy DEBUGINFOD_URLS=https://debuginfod.ubuntu.com /usr/bin/cmake --build /home/jack/water_tank_ws/build/ros2_control_demo_example_2 -- -j20 -l20
[0.457s] DEBUG:colcon.colcon_core.event_handler.log_command:Invoking command in '/home/jack/water_tank_ws/build/ros2_control_demo_example_2': CMAKE_PREFIX_PATH=/home/jack/water_tank_ws/install/ros2_control_demo_description:/home/jack/water_tank_ws/install/water_tank_navigation:/home/jack/water_tank_ws/install/water_tank_cartographer:/home/jack/water_tank_ws/install/rplidar_ros:/home/jack/water_tank_ws/install/ros2_control_demo_example_2:/home/jack/water_tank_ws/install/rf2o_laser_odometry:/opt/ros/jazzy/opt/gz_sim_vendor:/opt/ros/jazzy/opt/gz_sensors_vendor:/opt/ros/jazzy/opt/gz_physics_vendor:/opt/ros/jazzy/opt/sdformat_vendor:/opt/ros/jazzy/opt/gz_gui_vendor:/opt/ros/jazzy/opt/gz_transport_vendor:/opt/ros/jazzy/opt/gz_rendering_vendor:/opt/ros/jazzy/opt/gz_plugin_vendor:/opt/ros/jazzy/opt/gz_fuel_tools_vendor:/opt/ros/jazzy/opt/gz_msgs_vendor:/opt/ros/jazzy/opt/gz_common_vendor:/opt/ros/jazzy/opt/gz_math_vendor:/opt/ros/jazzy/opt/gz_utils_vendor:/opt/ros/jazzy/opt/gz_tools_vendor:/opt/ros/jazzy/opt/gz_ogre_next_vendor:/opt/ros/jazzy/opt/gz_dartsim_vendor:/opt/ros/jazzy/opt/gz_cmake_vendor:/home/jack/water_tank_ws/install/waypoints_generator:/opt/ros/jazzy DEBUGINFOD_URLS=https://debuginfod.ubuntu.com /usr/bin/cmake --install /home/jack/water_tank_ws/build/ros2_control_demo_example_2
[0.472s] Level 1:colcon.colcon_core.environment:create_environment_scripts_only(ros2_control_demo_example_2)
[0.472s] Level 1:colcon.colcon_core.environment:checking '/home/jack/water_tank_ws/install/ros2_control_demo_example_2' for CMake module files
[0.473s] DEBUG:colcon.colcon_core.event_handler.log_command:Invoked command in '/home/jack/water_tank_ws/build/ros2_control_demo_example_2' returned '0': CMAKE_PREFIX_PATH=/home/jack/water_tank_ws/install/ros2_control_demo_description:/home/jack/water_tank_ws/install/water_tank_navigation:/home/jack/water_tank_ws/install/water_tank_cartographer:/home/jack/water_tank_ws/install/rplidar_ros:/home/jack/water_tank_ws/install/ros2_control_demo_example_2:/home/jack/water_tank_ws/install/rf2o_laser_odometry:/opt/ros/jazzy/opt/gz_sim_vendor:/opt/ros/jazzy/opt/gz_sensors_vendor:/opt/ros/jazzy/opt/gz_physics_vendor:/opt/ros/jazzy/opt/sdformat_vendor:/opt/ros/jazzy/opt/gz_gui_vendor:/opt/ros/jazzy/opt/gz_transport_vendor:/opt/ros/jazzy/opt/gz_rendering_vendor:/opt/ros/jazzy/opt/gz_plugin_vendor:/opt/ros/jazzy/opt/gz_fuel_tools_vendor:/opt/ros/jazzy/opt/gz_msgs_vendor:/opt/ros/jazzy/opt/gz_common_vendor:/opt/ros/jazzy/opt/gz_math_vendor:/opt/ros/jazzy/opt/gz_utils_vendor:/opt/ros/jazzy/opt/gz_tools_vendor:/opt/ros/jazzy/opt/gz_ogre_next_vendor:/opt/ros/jazzy/opt/gz_dartsim_vendor:/opt/ros/jazzy/opt/gz_cmake_vendor:/home/jack/water_tank_ws/install/waypoints_generator:/opt/ros/jazzy DEBUGINFOD_URLS=https://debuginfod.ubuntu.com /usr/bin/cmake --install /home/jack/water_tank_ws/build/ros2_control_demo_example_2
[0.473s] Level 1:colcon.colcon_core.environment:checking '/home/jack/water_tank_ws/install/ros2_control_demo_example_2' for CMake config files
[0.473s] Level 1:colcon.colcon_core.shell:create_environment_hook('ros2_control_demo_example_2', 'cmake_prefix_path')
[0.473s] INFO:colcon.colcon_core.shell:Creating environment hook '/home/jack/water_tank_ws/install/ros2_control_demo_example_2/share/ros2_control_demo_example_2/hook/cmake_prefix_path.ps1'
[0.473s] INFO:colcon.colcon_core.shell:Creating environment descriptor '/home/jack/water_tank_ws/install/ros2_control_demo_example_2/share/ros2_control_demo_example_2/hook/cmake_prefix_path.dsv'
[0.474s] INFO:colcon.colcon_core.shell:Creating environment hook '/home/jack/water_tank_ws/install/ros2_control_demo_example_2/share/ros2_control_demo_example_2/hook/cmake_prefix_path.sh'
[0.474s] Level 1:colcon.colcon_core.environment:checking '/home/jack/water_tank_ws/install/ros2_control_demo_example_2/lib'
[0.474s] Level 1:colcon.colcon_core.shell:create_environment_hook('ros2_control_demo_example_2', 'ld_library_path_lib')
[0.474s] INFO:colcon.colcon_core.shell:Creating environment hook '/home/jack/water_tank_ws/install/ros2_control_demo_example_2/share/ros2_control_demo_example_2/hook/ld_library_path_lib.ps1'
[0.474s] INFO:colcon.colcon_core.shell:Creating environment descriptor '/home/jack/water_tank_ws/install/ros2_control_demo_example_2/share/ros2_control_demo_example_2/hook/ld_library_path_lib.dsv'
[0.474s] INFO:colcon.colcon_core.shell:Creating environment hook '/home/jack/water_tank_ws/install/ros2_control_demo_example_2/share/ros2_control_demo_example_2/hook/ld_library_path_lib.sh'
[0.475s] Level 1:colcon.colcon_core.environment:checking '/home/jack/water_tank_ws/install/ros2_control_demo_example_2/bin'
[0.475s] Level 1:colcon.colcon_core.environment:checking '/home/jack/water_tank_ws/install/ros2_control_demo_example_2/lib/pkgconfig/ros2_control_demo_example_2.pc'
[0.475s] Level 1:colcon.colcon_core.environment:checking '/home/jack/water_tank_ws/install/ros2_control_demo_example_2/lib/python3.12/site-packages'
[0.475s] Level 1:colcon.colcon_core.environment:checking '/home/jack/water_tank_ws/install/ros2_control_demo_example_2/bin'
[0.475s] INFO:colcon.colcon_core.shell:Creating package script '/home/jack/water_tank_ws/install/ros2_control_demo_example_2/share/ros2_control_demo_example_2/package.ps1'
[0.475s] INFO:colcon.colcon_core.shell:Creating package descriptor '/home/jack/water_tank_ws/install/ros2_control_demo_example_2/share/ros2_control_demo_example_2/package.dsv'
[0.476s] INFO:colcon.colcon_core.shell:Creating package script '/home/jack/water_tank_ws/install/ros2_control_demo_example_2/share/ros2_control_demo_example_2/package.sh'
[0.476s] INFO:colcon.colcon_core.shell:Creating package script '/home/jack/water_tank_ws/install/ros2_control_demo_example_2/share/ros2_control_demo_example_2/package.bash'
[0.476s] INFO:colcon.colcon_core.shell:Creating package script '/home/jack/water_tank_ws/install/ros2_control_demo_example_2/share/ros2_control_demo_example_2/package.zsh'
[0.476s] Level 1:colcon.colcon_core.environment:create_file_with_runtime_dependencies(/home/jack/water_tank_ws/install/ros2_control_demo_example_2/share/colcon-core/packages/ros2_control_demo_example_2)
[0.476s] Level 1:colcon.colcon_core.environment:create_environment_scripts_only(ros2_control_demo_example_2)
[0.476s] Level 1:colcon.colcon_core.environment:checking '/home/jack/water_tank_ws/install/ros2_control_demo_example_2' for CMake module files
[0.477s] Level 1:colcon.colcon_core.environment:checking '/home/jack/water_tank_ws/install/ros2_control_demo_example_2' for CMake config files
[0.477s] Level 1:colcon.colcon_core.shell:create_environment_hook('ros2_control_demo_example_2', 'cmake_prefix_path')
[0.477s] INFO:colcon.colcon_core.shell:Creating environment hook '/home/jack/water_tank_ws/install/ros2_control_demo_example_2/share/ros2_control_demo_example_2/hook/cmake_prefix_path.ps1'
[0.477s] INFO:colcon.colcon_core.shell:Creating environment descriptor '/home/jack/water_tank_ws/install/ros2_control_demo_example_2/share/ros2_control_demo_example_2/hook/cmake_prefix_path.dsv'
[0.477s] INFO:colcon.colcon_core.shell:Creating environment hook '/home/jack/water_tank_ws/install/ros2_control_demo_example_2/share/ros2_control_demo_example_2/hook/cmake_prefix_path.sh'
[0.478s] Level 1:colcon.colcon_core.environment:checking '/home/jack/water_tank_ws/install/ros2_control_demo_example_2/lib'
[0.478s] Level 1:colcon.colcon_core.shell:create_environment_hook('ros2_control_demo_example_2', 'ld_library_path_lib')
[0.478s] INFO:colcon.colcon_core.shell:Creating environment hook '/home/jack/water_tank_ws/install/ros2_control_demo_example_2/share/ros2_control_demo_example_2/hook/ld_library_path_lib.ps1'
[0.478s] INFO:colcon.colcon_core.shell:Creating environment descriptor '/home/jack/water_tank_ws/install/ros2_control_demo_example_2/share/ros2_control_demo_example_2/hook/ld_library_path_lib.dsv'
[0.478s] INFO:colcon.colcon_core.shell:Creating environment hook '/home/jack/water_tank_ws/install/ros2_control_demo_example_2/share/ros2_control_demo_example_2/hook/ld_library_path_lib.sh'
[0.478s] Level 1:colcon.colcon_core.environment:checking '/home/jack/water_tank_ws/install/ros2_control_demo_example_2/bin'
[0.478s] Level 1:colcon.colcon_core.environment:checking '/home/jack/water_tank_ws/install/ros2_control_demo_example_2/lib/pkgconfig/ros2_control_demo_example_2.pc'
[0.478s] Level 1:colcon.colcon_core.environment:checking '/home/jack/water_tank_ws/install/ros2_control_demo_example_2/lib/python3.12/site-packages'
[0.479s] Level 1:colcon.colcon_core.environment:checking '/home/jack/water_tank_ws/install/ros2_control_demo_example_2/bin'
[0.479s] INFO:colcon.colcon_core.shell:Creating package script '/home/jack/water_tank_ws/install/ros2_control_demo_example_2/share/ros2_control_demo_example_2/package.ps1'
[0.479s] INFO:colcon.colcon_core.shell:Creating package descriptor '/home/jack/water_tank_ws/install/ros2_control_demo_example_2/share/ros2_control_demo_example_2/package.dsv'
[0.479s] INFO:colcon.colcon_core.shell:Creating package script '/home/jack/water_tank_ws/install/ros2_control_demo_example_2/share/ros2_control_demo_example_2/package.sh'
[0.479s] INFO:colcon.colcon_core.shell:Creating package script '/home/jack/water_tank_ws/install/ros2_control_demo_example_2/share/ros2_control_demo_example_2/package.bash'
[0.480s] INFO:colcon.colcon_core.shell:Creating package script '/home/jack/water_tank_ws/install/ros2_control_demo_example_2/share/ros2_control_demo_example_2/package.zsh'
[0.480s] Level 1:colcon.colcon_core.environment:create_file_with_runtime_dependencies(/home/jack/water_tank_ws/install/ros2_control_demo_example_2/share/colcon-core/packages/ros2_control_demo_example_2)
[0.686s] DEBUG:colcon.colcon_core.event_handler.log_command:Invoking command in '/home/jack/water_tank_ws/build/waypoints_generator': DEBUGINFOD_URLS=https://debuginfod.ubuntu.com PYTHONPATH=/home/jack/water_tank_ws/build/waypoints_generator/prefix_override:/usr/lib/python3/dist-packages/colcon_core/task/python/colcon_distutils_commands:/home/jack/water_tank_ws/install/waypoints_generator/lib/python3.12/site-packages:${PYTHONPATH} /usr/bin/python3 -W ignore:setup.py install is deprecated -W ignore:easy_install command is deprecated setup.py develop --editable --build-directory /home/jack/water_tank_ws/build/waypoints_generator/build --no-deps symlink_data
[1.040s] Level 1:colcon.colcon_core.shell:create_environment_hook('waypoints_generator', 'pythonpath_develop')
[1.040s] DEBUG:colcon.colcon_core.event_handler.log_command:Invoked command in '/home/jack/water_tank_ws/build/waypoints_generator' returned '0': DEBUGINFOD_URLS=https://debuginfod.ubuntu.com PYTHONPATH=/home/jack/water_tank_ws/build/waypoints_generator/prefix_override:/usr/lib/python3/dist-packages/colcon_core/task/python/colcon_distutils_commands:/home/jack/water_tank_ws/install/waypoints_generator/lib/python3.12/site-packages:${PYTHONPATH} /usr/bin/python3 -W ignore:setup.py install is deprecated -W ignore:easy_install command is deprecated setup.py develop --editable --build-directory /home/jack/water_tank_ws/build/waypoints_generator/build --no-deps symlink_data
[1.040s] INFO:colcon.colcon_core.shell:Creating environment hook '/home/jack/water_tank_ws/build/waypoints_generator/share/waypoints_generator/hook/pythonpath_develop.ps1'
[1.041s] INFO:colcon.colcon_core.shell:Creating environment descriptor '/home/jack/water_tank_ws/build/waypoints_generator/share/waypoints_generator/hook/pythonpath_develop.dsv'
[1.041s] INFO:colcon.colcon_core.shell:Creating environment hook '/home/jack/water_tank_ws/build/waypoints_generator/share/waypoints_generator/hook/pythonpath_develop.sh'
[1.042s] Level 1:colcon.colcon_core.environment:checking '/home/jack/water_tank_ws/install/waypoints_generator' for CMake module files
[1.042s] Level 1:colcon.colcon_core.environment:checking '/home/jack/water_tank_ws/install/waypoints_generator' for CMake config files
[1.042s] Level 1:colcon.colcon_core.environment:checking '/home/jack/water_tank_ws/install/waypoints_generator/lib'
[1.042s] Level 1:colcon.colcon_core.environment:checking '/home/jack/water_tank_ws/install/waypoints_generator/bin'
[1.043s] Level 1:colcon.colcon_core.environment:checking '/home/jack/water_tank_ws/install/waypoints_generator/lib/pkgconfig/waypoints_generator.pc'
[1.043s] Level 1:colcon.colcon_core.environment:checking '/home/jack/water_tank_ws/install/waypoints_generator/lib/python3.12/site-packages'
[1.043s] Level 1:colcon.colcon_core.shell:create_environment_hook('waypoints_generator', 'pythonpath')
[1.043s] INFO:colcon.colcon_core.shell:Creating environment hook '/home/jack/water_tank_ws/install/waypoints_generator/share/waypoints_generator/hook/pythonpath.ps1'
[1.043s] INFO:colcon.colcon_core.shell:Creating environment descriptor '/home/jack/water_tank_ws/install/waypoints_generator/share/waypoints_generator/hook/pythonpath.dsv'
[1.044s] INFO:colcon.colcon_core.shell:Creating environment hook '/home/jack/water_tank_ws/install/waypoints_generator/share/waypoints_generator/hook/pythonpath.sh'
[1.044s] Level 1:colcon.colcon_core.environment:checking '/home/jack/water_tank_ws/install/waypoints_generator/bin'
[1.044s] Level 1:colcon.colcon_core.environment:create_environment_scripts_only(waypoints_generator)
[1.044s] INFO:colcon.colcon_core.shell:Creating package script '/home/jack/water_tank_ws/install/waypoints_generator/share/waypoints_generator/package.ps1'
[1.045s] INFO:colcon.colcon_core.shell:Creating package descriptor '/home/jack/water_tank_ws/install/waypoints_generator/share/waypoints_generator/package.dsv'
[1.045s] INFO:colcon.colcon_core.shell:Creating package script '/home/jack/water_tank_ws/install/waypoints_generator/share/waypoints_generator/package.sh'
[1.046s] INFO:colcon.colcon_core.shell:Creating package script '/home/jack/water_tank_ws/install/waypoints_generator/share/waypoints_generator/package.bash'
[1.046s] INFO:colcon.colcon_core.shell:Creating package script '/home/jack/water_tank_ws/install/waypoints_generator/share/waypoints_generator/package.zsh'
[1.046s] Level 1:colcon.colcon_core.environment:create_file_with_runtime_dependencies(/home/jack/water_tank_ws/install/waypoints_generator/share/colcon-core/packages/waypoints_generator)
[1.047s] DEBUG:colcon.colcon_parallel_executor.executor.parallel:closing loop
[1.047s] DEBUG:colcon.colcon_parallel_executor.executor.parallel:loop closed
[1.047s] DEBUG:colcon.colcon_parallel_executor.executor.parallel:run_until_complete finished with '0'
[1.047s] DEBUG:colcon.colcon_core.event_reactor:joining thread
[1.051s] INFO:colcon.colcon_core.plugin_system:Skipping extension 'colcon_notification.desktop_notification.terminal_notifier': Not used on non-Darwin systems
[1.051s] INFO:colcon.colcon_core.plugin_system:Skipping extension 'colcon_notification.desktop_notification.win32': Not used on non-Windows systems
[1.051s] INFO:colcon.colcon_notification.desktop_notification:Sending desktop notification using 'notify2'
[1.061s] DEBUG:colcon.colcon_core.event_reactor:joined thread
[1.061s] INFO:colcon.colcon_core.shell:Creating prefix script '/home/jack/water_tank_ws/install/local_setup.ps1'
[1.062s] INFO:colcon.colcon_core.shell:Creating prefix util module '/home/jack/water_tank_ws/install/_local_setup_util_ps1.py'
[1.064s] INFO:colcon.colcon_core.shell:Creating prefix chain script '/home/jack/water_tank_ws/install/setup.ps1'
[1.066s] INFO:colcon.colcon_core.shell:Creating prefix script '/home/jack/water_tank_ws/install/local_setup.sh'
[1.066s] INFO:colcon.colcon_core.shell:Creating prefix util module '/home/jack/water_tank_ws/install/_local_setup_util_sh.py'
[1.067s] INFO:colcon.colcon_core.shell:Creating prefix chain script '/home/jack/water_tank_ws/install/setup.sh'
[1.068s] INFO:colcon.colcon_core.shell:Creating prefix script '/home/jack/water_tank_ws/install/local_setup.bash'
[1.068s] INFO:colcon.colcon_core.shell:Creating prefix chain script '/home/jack/water_tank_ws/install/setup.bash'
[1.069s] INFO:colcon.colcon_core.shell:Creating prefix script '/home/jack/water_tank_ws/install/local_setup.zsh'
[1.069s] INFO:colcon.colcon_core.shell:Creating prefix chain script '/home/jack/water_tank_ws/install/setup.zsh'
