[0.009s] Invoking command in '/home/jack/water_tank_ws/build/rf2o_laser_odometry': CMAKE_PREFIX_PATH=${CMAKE_PREFIX_PATH}:/opt/ros/jazzy DEBUGINFOD_URLS=https://debuginfod.ubuntu.com /usr/bin/cmake /home/jack/water_tank_ws/src/rf2o_laser_odometry -DAMENT_CMAKE_SYMLINK_INSTALL=1 -DCMAKE_INSTALL_PREFIX=/home/jack/water_tank_ws/install/rf2o_laser_odometry
[0.051s] -- The C compiler identification is GNU 13.3.0
[0.094s] -- The CXX compiler identification is GNU 13.3.0
[0.105s] -- Detecting C compiler ABI info
[0.164s] -- Detecting C compiler ABI info - done
[0.170s] -- Check for working C compiler: /usr/bin/cc - skipped
[0.170s] -- Detecting C compile features
[0.170s] -- Detecting C compile features - done
[0.177s] -- Detecting CXX compiler ABI info
[0.250s] -- Detecting CXX compiler ABI info - done
[0.257s] -- Check for working CXX compiler: /usr/bin/c++ - skipped
[0.257s] -- Detecting CXX compile features
[0.257s] -- Detecting CXX compile features - done
[0.259s] -- Found ament_cmake: 2.5.4 (/opt/ros/jazzy/share/ament_cmake/cmake)
[0.370s] -- Found Python3: /usr/bin/python3 (found version "3.12.3") found components: Interpreter 
[0.425s] -- Override CMake install command with custom implementation using symlinks instead of copying resources
[0.443s] -- Found rclcpp: 28.1.9 (/opt/ros/jazzy/share/rclcpp/cmake)
[0.468s] -- Found rosidl_generator_c: 4.6.5 (/opt/ros/jazzy/share/rosidl_generator_c/cmake)
[0.476s] -- Found rosidl_generator_cpp: 4.6.5 (/opt/ros/jazzy/share/rosidl_generator_cpp/cmake)
[0.486s] -- Using all available rosidl_typesupport_c: rosidl_typesupport_fastrtps_c;rosidl_typesupport_introspection_c
[0.496s] -- Using all available rosidl_typesupport_cpp: rosidl_typesupport_fastrtps_cpp;rosidl_typesupport_introspection_cpp
[0.547s] -- Found rmw_implementation_cmake: 7.3.2 (/opt/ros/jazzy/share/rmw_implementation_cmake/cmake)
[0.549s] -- Found rmw_fastrtps_cpp: 8.4.2 (/opt/ros/jazzy/share/rmw_fastrtps_cpp/cmake)
[0.607s] -- Found OpenSSL: /usr/lib/x86_64-linux-gnu/libcrypto.so (found version "3.0.13")  
[0.623s] -- Found FastRTPS: /opt/ros/jazzy/include (Required is at least version "2.13") 
[0.640s] -- Using RMW implementation 'rmw_fastrtps_cpp' as default
[0.692s] -- Found std_msgs: 5.3.6 (/opt/ros/jazzy/share/std_msgs/cmake)
[0.702s] -- Found geometry_msgs: 5.3.6 (/opt/ros/jazzy/share/geometry_msgs/cmake)
[0.713s] -- Found tf2_geometry_msgs: 0.36.11 (/opt/ros/jazzy/share/tf2_geometry_msgs/cmake)
[0.723s] -- Found eigen3_cmake_module: 0.3.0 (/opt/ros/jazzy/share/eigen3_cmake_module/cmake)
[0.724s] -- Found Eigen3: TRUE (found version "3.4.0") 
[0.724s] -- Ensuring Eigen3 include directory is part of orocos-kdl CMake target
[0.817s] -- Found sensor_msgs: 5.3.6 (/opt/ros/jazzy/share/sensor_msgs/cmake)
[0.834s] -- Found nav_msgs: 5.3.6 (/opt/ros/jazzy/share/nav_msgs/cmake)
[0.856s] -- Found Boost: /usr/lib/x86_64-linux-gnu/cmake/Boost-1.83.0/BoostConfig.cmake (found version "1.83.0")  
[1.039s] -- Configuring done (1.0s)
[1.091s] -- Generating done (0.0s)
[1.100s] -- Build files have been written to: /home/jack/water_tank_ws/build/rf2o_laser_odometry
[1.126s] Invoked command in '/home/jack/water_tank_ws/build/rf2o_laser_odometry' returned '0': CMAKE_PREFIX_PATH=${CMAKE_PREFIX_PATH}:/opt/ros/jazzy DEBUGINFOD_URLS=https://debuginfod.ubuntu.com /usr/bin/cmake /home/jack/water_tank_ws/src/rf2o_laser_odometry -DAMENT_CMAKE_SYMLINK_INSTALL=1 -DCMAKE_INSTALL_PREFIX=/home/jack/water_tank_ws/install/rf2o_laser_odometry
[1.127s] Invoking command in '/home/jack/water_tank_ws/build/rf2o_laser_odometry': CMAKE_PREFIX_PATH=${CMAKE_PREFIX_PATH}:/opt/ros/jazzy DEBUGINFOD_URLS=https://debuginfod.ubuntu.com /usr/bin/cmake --build /home/jack/water_tank_ws/build/rf2o_laser_odometry -- -j20 -l20
[1.258s] [ 20%] [32mBuilding CXX object CMakeFiles/rf2o_laser_odometry_node.dir/src/CLaserOdometry2DNode.cpp.o[0m
[1.265s] [ 40%] [32mBuilding CXX object CMakeFiles/rf2o_laser_odometry.dir/src/CLaserOdometry2D.cpp.o[0m
[1.271s] [ 60%] [32mBuilding CXX object CMakeFiles/rf2o_laser_odometry_node.dir/src/CLaserOdometry2D.cpp.o[0m
[13.112s] [ 80%] [32m[1mLinking CXX static library librf2o_laser_odometry.a[0m
[13.133s] [100%] [32m[1mLinking CXX executable rf2o_laser_odometry_node[0m
[13.240s] [100%] Built target rf2o_laser_odometry
[13.668s] [100%] Built target rf2o_laser_odometry_node
[13.676s] Invoked command in '/home/jack/water_tank_ws/build/rf2o_laser_odometry' returned '0': CMAKE_PREFIX_PATH=${CMAKE_PREFIX_PATH}:/opt/ros/jazzy DEBUGINFOD_URLS=https://debuginfod.ubuntu.com /usr/bin/cmake --build /home/jack/water_tank_ws/build/rf2o_laser_odometry -- -j20 -l20
[13.676s] Invoking command in '/home/jack/water_tank_ws/build/rf2o_laser_odometry': CMAKE_PREFIX_PATH=${CMAKE_PREFIX_PATH}:/opt/ros/jazzy DEBUGINFOD_URLS=https://debuginfod.ubuntu.com /usr/bin/cmake --install /home/jack/water_tank_ws/build/rf2o_laser_odometry
[13.683s] -- Install configuration: ""
[13.683s] -- Execute custom install script
[13.683s] -- Symlinking: /home/jack/water_tank_ws/install/rf2o_laser_odometry/lib/rf2o_laser_odometry/rf2o_laser_odometry_node
[13.692s] -- Symlinking: /home/jack/water_tank_ws/install/rf2o_laser_odometry/share/rf2o_laser_odometry/launch/rf2o_laser_odometry.launch.py
[13.701s] -- Symlinking: /home/jack/water_tank_ws/install/rf2o_laser_odometry/share/ament_index/resource_index/package_run_dependencies/rf2o_laser_odometry
[13.710s] -- Symlinking: /home/jack/water_tank_ws/install/rf2o_laser_odometry/share/ament_index/resource_index/parent_prefix_path/rf2o_laser_odometry
[13.718s] -- Symlinking: /home/jack/water_tank_ws/install/rf2o_laser_odometry/share/rf2o_laser_odometry/environment/ament_prefix_path.sh
[13.725s] -- Symlinking: /home/jack/water_tank_ws/install/rf2o_laser_odometry/share/rf2o_laser_odometry/environment/ament_prefix_path.dsv
[13.742s] -- Symlinking: /home/jack/water_tank_ws/install/rf2o_laser_odometry/share/rf2o_laser_odometry/environment/path.sh
[13.758s] -- Symlinking: /home/jack/water_tank_ws/install/rf2o_laser_odometry/share/rf2o_laser_odometry/environment/path.dsv
[13.770s] -- Symlinking: /home/jack/water_tank_ws/install/rf2o_laser_odometry/share/rf2o_laser_odometry/local_setup.bash
[13.782s] -- Symlinking: /home/jack/water_tank_ws/install/rf2o_laser_odometry/share/rf2o_laser_odometry/local_setup.sh
[13.794s] -- Symlinking: /home/jack/water_tank_ws/install/rf2o_laser_odometry/share/rf2o_laser_odometry/local_setup.zsh
[13.804s] -- Symlinking: /home/jack/water_tank_ws/install/rf2o_laser_odometry/share/rf2o_laser_odometry/local_setup.dsv
[13.818s] -- Symlinking: /home/jack/water_tank_ws/install/rf2o_laser_odometry/share/rf2o_laser_odometry/package.dsv
[13.829s] -- Symlinking: /home/jack/water_tank_ws/install/rf2o_laser_odometry/share/ament_index/resource_index/packages/rf2o_laser_odometry
[13.841s] -- Symlinking: /home/jack/water_tank_ws/install/rf2o_laser_odometry/share/rf2o_laser_odometry/cmake/rf2o_laser_odometryConfig.cmake
[13.854s] -- Symlinking: /home/jack/water_tank_ws/install/rf2o_laser_odometry/share/rf2o_laser_odometry/cmake/rf2o_laser_odometryConfig-version.cmake
[13.864s] -- Symlinking: /home/jack/water_tank_ws/install/rf2o_laser_odometry/share/rf2o_laser_odometry/package.xml
[13.875s] Invoked command in '/home/jack/water_tank_ws/build/rf2o_laser_odometry' returned '0': CMAKE_PREFIX_PATH=${CMAKE_PREFIX_PATH}:/opt/ros/jazzy DEBUGINFOD_URLS=https://debuginfod.ubuntu.com /usr/bin/cmake --install /home/jack/water_tank_ws/build/rf2o_laser_odometry
