-- Found ament_cmake: 2.5.4 (/opt/ros/jazzy/share/ament_cmake/cmake)
-- Override CMake install command with custom implementation using symlinks instead of copying resources
-- Found ament_lint_auto: 0.17.2 (/opt/ros/jazzy/share/ament_lint_auto/cmake)
-- Added test 'flake8' to check Python code syntax and style conventions
-- Configured 'flake8' exclude dirs and/or files: 
-- Added test 'lint_cmake' to check CMake code style
-- Added test 'pep257' to check Python code against some of the docstring style conventions in PEP 257
-- Added test 'xmllint' to check XML markup files
-- Configuring done (0.3s)
-- Generating done (0.0s)
-- Build files have been written to: /home/jack/water_tank_ws/build/water_tank_navigation
-- Install configuration: ""
-- Execute custom install script
-- Symlinking: /home/jack/water_tank_ws/install/water_tank_navigation/share/water_tank_navigation/config/nav.yaml
-- Symlinking: /home/jack/water_tank_ws/install/water_tank_navigation/share/water_tank_navigation/config/nav_world_time.yaml
-- Symlinking: /home/jack/water_tank_ws/install/water_tank_navigation/share/water_tank_navigation/launch/navigation_launch.launch.py
-- Up-to-date symlink: /home/jack/water_tank_ws/install/water_tank_navigation/share/ament_index/resource_index/package_run_dependencies/water_tank_navigation
-- Up-to-date symlink: /home/jack/water_tank_ws/install/water_tank_navigation/share/ament_index/resource_index/parent_prefix_path/water_tank_navigation
-- Up-to-date symlink: /home/jack/water_tank_ws/install/water_tank_navigation/share/water_tank_navigation/environment/ament_prefix_path.sh
-- Up-to-date symlink: /home/jack/water_tank_ws/install/water_tank_navigation/share/water_tank_navigation/environment/ament_prefix_path.dsv
-- Up-to-date symlink: /home/jack/water_tank_ws/install/water_tank_navigation/share/water_tank_navigation/environment/path.sh
-- Up-to-date symlink: /home/jack/water_tank_ws/install/water_tank_navigation/share/water_tank_navigation/environment/path.dsv
-- Up-to-date symlink: /home/jack/water_tank_ws/install/water_tank_navigation/share/water_tank_navigation/local_setup.bash
-- Up-to-date symlink: /home/jack/water_tank_ws/install/water_tank_navigation/share/water_tank_navigation/local_setup.sh
-- Up-to-date symlink: /home/jack/water_tank_ws/install/water_tank_navigation/share/water_tank_navigation/local_setup.zsh
-- Up-to-date symlink: /home/jack/water_tank_ws/install/water_tank_navigation/share/water_tank_navigation/local_setup.dsv
-- Symlinking: /home/jack/water_tank_ws/install/water_tank_navigation/share/water_tank_navigation/package.dsv
-- Up-to-date symlink: /home/jack/water_tank_ws/install/water_tank_navigation/share/ament_index/resource_index/packages/water_tank_navigation
-- Up-to-date symlink: /home/jack/water_tank_ws/install/water_tank_navigation/share/water_tank_navigation/cmake/water_tank_navigationConfig.cmake
-- Up-to-date symlink: /home/jack/water_tank_ws/install/water_tank_navigation/share/water_tank_navigation/cmake/water_tank_navigationConfig-version.cmake
-- Up-to-date symlink: /home/jack/water_tank_ws/install/water_tank_navigation/share/water_tank_navigation/package.xml
