[0.021s] Invoking command in '/home/jack/water_tank_ws/build/water_tank_navigation': CMAKE_PREFIX_PATH=${CMAKE_PREFIX_PATH}:/home/jack/water_tank_ws/install/waypoints_generator:/opt/ros/jazzy DEBUGINFOD_URLS=https://debuginfod.ubuntu.com /usr/bin/cmake --build /home/jack/water_tank_ws/build/water_tank_navigation -- -j20 -l20
[0.052s] -- Found ament_cmake: 2.5.4 (/opt/ros/jazzy/share/ament_cmake/cmake)
[0.246s] -- Override CMake install command with custom implementation using symlinks instead of copying resources
[0.251s] -- Found ament_lint_auto: 0.17.2 (/opt/ros/jazzy/share/ament_lint_auto/cmake)
[0.333s] -- Added test 'flake8' to check Python code syntax and style conventions
[0.333s] -- Configured 'flake8' exclude dirs and/or files: 
[0.333s] -- Added test 'lint_cmake' to check CMake code style
[0.333s] -- Added test 'pep257' to check Python code against some of the docstring style conventions in PEP 257
[0.334s] -- Added test 'xmllint' to check XML markup files
[0.335s] -- Configuring done (0.3s)
[0.337s] -- Generating done (0.0s)
[0.338s] -- Build files have been written to: /home/jack/water_tank_ws/build/water_tank_navigation
[0.358s] Invoked command in '/home/jack/water_tank_ws/build/water_tank_navigation' returned '0': CMAKE_PREFIX_PATH=${CMAKE_PREFIX_PATH}:/home/jack/water_tank_ws/install/waypoints_generator:/opt/ros/jazzy DEBUGINFOD_URLS=https://debuginfod.ubuntu.com /usr/bin/cmake --build /home/jack/water_tank_ws/build/water_tank_navigation -- -j20 -l20
[0.359s] Invoking command in '/home/jack/water_tank_ws/build/water_tank_navigation': CMAKE_PREFIX_PATH=${CMAKE_PREFIX_PATH}:/home/jack/water_tank_ws/install/waypoints_generator:/opt/ros/jazzy DEBUGINFOD_URLS=https://debuginfod.ubuntu.com /usr/bin/cmake --install /home/jack/water_tank_ws/build/water_tank_navigation
[0.368s] -- Install configuration: ""
[0.368s] -- Execute custom install script
[0.368s] -- Up-to-date symlink: /home/jack/water_tank_ws/install/water_tank_navigation/share/water_tank_navigation/config/nav.yaml
[0.368s] -- Up-to-date symlink: /home/jack/water_tank_ws/install/water_tank_navigation/share/water_tank_navigation/config/nav_world_time.yaml
[0.368s] -- Up-to-date symlink: /home/jack/water_tank_ws/install/water_tank_navigation/share/water_tank_navigation/launch/navigation_launch.launch.py
[0.369s] -- Symlinking: /home/jack/water_tank_ws/install/water_tank_navigation/share/water_tank_navigation/map/map_server_params.yaml
[0.376s] -- Symlinking: /home/jack/water_tank_ws/install/water_tank_navigation/share/water_tank_navigation/map/testing_map.pgm
[0.385s] -- Symlinking: /home/jack/water_tank_ws/install/water_tank_navigation/share/water_tank_navigation/map/testing_map.yaml
[0.393s] -- Up-to-date symlink: /home/jack/water_tank_ws/install/water_tank_navigation/share/ament_index/resource_index/package_run_dependencies/water_tank_navigation
[0.393s] -- Up-to-date symlink: /home/jack/water_tank_ws/install/water_tank_navigation/share/ament_index/resource_index/parent_prefix_path/water_tank_navigation
[0.393s] -- Up-to-date symlink: /home/jack/water_tank_ws/install/water_tank_navigation/share/water_tank_navigation/environment/ament_prefix_path.sh
[0.393s] -- Up-to-date symlink: /home/jack/water_tank_ws/install/water_tank_navigation/share/water_tank_navigation/environment/ament_prefix_path.dsv
[0.393s] -- Up-to-date symlink: /home/jack/water_tank_ws/install/water_tank_navigation/share/water_tank_navigation/environment/path.sh
[0.394s] -- Up-to-date symlink: /home/jack/water_tank_ws/install/water_tank_navigation/share/water_tank_navigation/environment/path.dsv
[0.394s] -- Up-to-date symlink: /home/jack/water_tank_ws/install/water_tank_navigation/share/water_tank_navigation/local_setup.bash
[0.394s] -- Up-to-date symlink: /home/jack/water_tank_ws/install/water_tank_navigation/share/water_tank_navigation/local_setup.sh
[0.394s] -- Up-to-date symlink: /home/jack/water_tank_ws/install/water_tank_navigation/share/water_tank_navigation/local_setup.zsh
[0.394s] -- Up-to-date symlink: /home/jack/water_tank_ws/install/water_tank_navigation/share/water_tank_navigation/local_setup.dsv
[0.394s] -- Symlinking: /home/jack/water_tank_ws/install/water_tank_navigation/share/water_tank_navigation/package.dsv
[0.404s] -- Up-to-date symlink: /home/jack/water_tank_ws/install/water_tank_navigation/share/ament_index/resource_index/packages/water_tank_navigation
[0.404s] -- Up-to-date symlink: /home/jack/water_tank_ws/install/water_tank_navigation/share/water_tank_navigation/cmake/water_tank_navigationConfig.cmake
[0.404s] -- Up-to-date symlink: /home/jack/water_tank_ws/install/water_tank_navigation/share/water_tank_navigation/cmake/water_tank_navigationConfig-version.cmake
[0.404s] -- Up-to-date symlink: /home/jack/water_tank_ws/install/water_tank_navigation/share/water_tank_navigation/package.xml
[0.405s] Invoked command in '/home/jack/water_tank_ws/build/water_tank_navigation' returned '0': CMAKE_PREFIX_PATH=${CMAKE_PREFIX_PATH}:/home/jack/water_tank_ws/install/waypoints_generator:/opt/ros/jazzy DEBUGINFOD_URLS=https://debuginfod.ubuntu.com /usr/bin/cmake --install /home/jack/water_tank_ws/build/water_tank_navigation
