[0.029s] Invoking command in '/home/jack/water_tank_ws/build/rf2o_laser_odometry': CMAKE_PREFIX_PATH=${CMAKE_PREFIX_PATH}:/home/jack/water_tank_ws/install/waypoints_generator:/opt/ros/jazzy DEBUGINFOD_URLS=https://debuginfod.ubuntu.com /usr/bin/cmake --build /home/jack/water_tank_ws/build/rf2o_laser_odometry -- -j20 -l20
[0.098s] [ 40%] Built target rf2o_laser_odometry
[0.107s] [100%] Built target rf2o_laser_odometry_node
[0.271s] Invoked command in '/home/jack/water_tank_ws/build/rf2o_laser_odometry' returned '0': CMAKE_PREFIX_PATH=${CMAKE_PREFIX_PATH}:/home/jack/water_tank_ws/install/waypoints_generator:/opt/ros/jazzy DEBUGINFOD_URLS=https://debuginfod.ubuntu.com /usr/bin/cmake --build /home/jack/water_tank_ws/build/rf2o_laser_odometry -- -j20 -l20
[0.275s] Invoking command in '/home/jack/water_tank_ws/build/rf2o_laser_odometry': CMAKE_PREFIX_PATH=${CMAKE_PREFIX_PATH}:/home/jack/water_tank_ws/install/waypoints_generator:/opt/ros/jazzy DEBUGINFOD_URLS=https://debuginfod.ubuntu.com /usr/bin/cmake --install /home/jack/water_tank_ws/build/rf2o_laser_odometry
[0.295s] -- Install configuration: ""
[0.299s] -- Execute custom install script
[0.299s] -- Up-to-date symlink: /home/jack/water_tank_ws/install/rf2o_laser_odometry/lib/rf2o_laser_odometry/rf2o_laser_odometry_node
[0.301s] -- Up-to-date symlink: /home/jack/water_tank_ws/install/rf2o_laser_odometry/share/rf2o_laser_odometry/launch/rf2o_laser_odometry.launch.py
[0.301s] -- Up-to-date symlink: /home/jack/water_tank_ws/install/rf2o_laser_odometry/share/ament_index/resource_index/package_run_dependencies/rf2o_laser_odometry
[0.301s] -- Up-to-date symlink: /home/jack/water_tank_ws/install/rf2o_laser_odometry/share/ament_index/resource_index/parent_prefix_path/rf2o_laser_odometry
[0.302s] -- Up-to-date symlink: /home/jack/water_tank_ws/install/rf2o_laser_odometry/share/rf2o_laser_odometry/environment/ament_prefix_path.sh
[0.302s] -- Up-to-date symlink: /home/jack/water_tank_ws/install/rf2o_laser_odometry/share/rf2o_laser_odometry/environment/ament_prefix_path.dsv
[0.303s] -- Up-to-date symlink: /home/jack/water_tank_ws/install/rf2o_laser_odometry/share/rf2o_laser_odometry/environment/path.sh
[0.304s] -- Up-to-date symlink: /home/jack/water_tank_ws/install/rf2o_laser_odometry/share/rf2o_laser_odometry/environment/path.dsv
[0.304s] -- Up-to-date symlink: /home/jack/water_tank_ws/install/rf2o_laser_odometry/share/rf2o_laser_odometry/local_setup.bash
[0.304s] -- Up-to-date symlink: /home/jack/water_tank_ws/install/rf2o_laser_odometry/share/rf2o_laser_odometry/local_setup.sh
[0.305s] -- Up-to-date symlink: /home/jack/water_tank_ws/install/rf2o_laser_odometry/share/rf2o_laser_odometry/local_setup.zsh
[0.305s] -- Up-to-date symlink: /home/jack/water_tank_ws/install/rf2o_laser_odometry/share/rf2o_laser_odometry/local_setup.dsv
[0.305s] -- Symlinking: /home/jack/water_tank_ws/install/rf2o_laser_odometry/share/rf2o_laser_odometry/package.dsv
[0.318s] -- Up-to-date symlink: /home/jack/water_tank_ws/install/rf2o_laser_odometry/share/ament_index/resource_index/packages/rf2o_laser_odometry
[0.318s] -- Up-to-date symlink: /home/jack/water_tank_ws/install/rf2o_laser_odometry/share/rf2o_laser_odometry/cmake/rf2o_laser_odometryConfig.cmake
[0.318s] -- Up-to-date symlink: /home/jack/water_tank_ws/install/rf2o_laser_odometry/share/rf2o_laser_odometry/cmake/rf2o_laser_odometryConfig-version.cmake
[0.318s] -- Up-to-date symlink: /home/jack/water_tank_ws/install/rf2o_laser_odometry/share/rf2o_laser_odometry/package.xml
[0.352s] Invoked command in '/home/jack/water_tank_ws/build/rf2o_laser_odometry' returned '0': CMAKE_PREFIX_PATH=${CMAKE_PREFIX_PATH}:/home/jack/water_tank_ws/install/waypoints_generator:/opt/ros/jazzy DEBUGINFOD_URLS=https://debuginfod.ubuntu.com /usr/bin/cmake --install /home/jack/water_tank_ws/build/rf2o_laser_odometry
