[0.015s] Invoking command in '/home/jack/water_tank_ws/build/rf2o_laser_odometry': CMAKE_PREFIX_PATH=${CMAKE_PREFIX_PATH}:/opt/ros/jazzy DEBUGINFOD_URLS=https://debuginfod.ubuntu.com /usr/bin/cmake --build /home/jack/water_tank_ws/build/rf2o_laser_odometry -- -j20 -l20
[0.070s] [ 40%] Built target rf2o_laser_odometry
[0.074s] [100%] Built target rf2o_laser_odometry_node
[0.173s] Invoked command in '/home/jack/water_tank_ws/build/rf2o_laser_odometry' returned '0': CMAKE_PREFIX_PATH=${CMAKE_PREFIX_PATH}:/opt/ros/jazzy DEBUGINFOD_URLS=https://debuginfod.ubuntu.com /usr/bin/cmake --build /home/jack/water_tank_ws/build/rf2o_laser_odometry -- -j20 -l20
[0.174s] Invoking command in '/home/jack/water_tank_ws/build/rf2o_laser_odometry': CMAKE_PREFIX_PATH=${CMAKE_PREFIX_PATH}:/opt/ros/jazzy DEBUGINFOD_URLS=https://debuginfod.ubuntu.com /usr/bin/cmake --install /home/jack/water_tank_ws/build/rf2o_laser_odometry
[0.179s] -- Install configuration: ""
[0.179s] -- Execute custom install script
[0.180s] -- Up-to-date symlink: /home/jack/water_tank_ws/install/rf2o_laser_odometry/lib/rf2o_laser_odometry/rf2o_laser_odometry_node
[0.181s] -- Up-to-date symlink: /home/jack/water_tank_ws/install/rf2o_laser_odometry/share/rf2o_laser_odometry/launch/rf2o_laser_odometry.launch.py
[0.182s] -- Up-to-date symlink: /home/jack/water_tank_ws/install/rf2o_laser_odometry/share/ament_index/resource_index/package_run_dependencies/rf2o_laser_odometry
[0.182s] -- Up-to-date symlink: /home/jack/water_tank_ws/install/rf2o_laser_odometry/share/ament_index/resource_index/parent_prefix_path/rf2o_laser_odometry
[0.182s] -- Up-to-date symlink: /home/jack/water_tank_ws/install/rf2o_laser_odometry/share/rf2o_laser_odometry/environment/ament_prefix_path.sh
[0.182s] -- Up-to-date symlink: /home/jack/water_tank_ws/install/rf2o_laser_odometry/share/rf2o_laser_odometry/environment/ament_prefix_path.dsv
[0.183s] -- Up-to-date symlink: /home/jack/water_tank_ws/install/rf2o_laser_odometry/share/rf2o_laser_odometry/environment/path.sh
[0.183s] -- Up-to-date symlink: /home/jack/water_tank_ws/install/rf2o_laser_odometry/share/rf2o_laser_odometry/environment/path.dsv
[0.183s] -- Up-to-date symlink: /home/jack/water_tank_ws/install/rf2o_laser_odometry/share/rf2o_laser_odometry/local_setup.bash
[0.183s] -- Up-to-date symlink: /home/jack/water_tank_ws/install/rf2o_laser_odometry/share/rf2o_laser_odometry/local_setup.sh
[0.184s] -- Up-to-date symlink: /home/jack/water_tank_ws/install/rf2o_laser_odometry/share/rf2o_laser_odometry/local_setup.zsh
[0.184s] -- Up-to-date symlink: /home/jack/water_tank_ws/install/rf2o_laser_odometry/share/rf2o_laser_odometry/local_setup.dsv
[0.184s] -- Symlinking: /home/jack/water_tank_ws/install/rf2o_laser_odometry/share/rf2o_laser_odometry/package.dsv
[0.188s] -- Up-to-date symlink: /home/jack/water_tank_ws/install/rf2o_laser_odometry/share/ament_index/resource_index/packages/rf2o_laser_odometry
[0.189s] -- Up-to-date symlink: /home/jack/water_tank_ws/install/rf2o_laser_odometry/share/rf2o_laser_odometry/cmake/rf2o_laser_odometryConfig.cmake
[0.189s] -- Up-to-date symlink: /home/jack/water_tank_ws/install/rf2o_laser_odometry/share/rf2o_laser_odometry/cmake/rf2o_laser_odometryConfig-version.cmake
[0.189s] -- Up-to-date symlink: /home/jack/water_tank_ws/install/rf2o_laser_odometry/share/rf2o_laser_odometry/package.xml
[0.192s] Invoked command in '/home/jack/water_tank_ws/build/rf2o_laser_odometry' returned '0': CMAKE_PREFIX_PATH=${CMAKE_PREFIX_PATH}:/opt/ros/jazzy DEBUGINFOD_URLS=https://debuginfod.ubuntu.com /usr/bin/cmake --install /home/jack/water_tank_ws/build/rf2o_laser_odometry
