[0.009s] Invoking command in '/home/jack/water_tank_ws/build/water_tank_cartographer': CMAKE_PREFIX_PATH=${CMAKE_PREFIX_PATH}:/opt/ros/jazzy DEBUGINFOD_URLS=https://debuginfod.ubuntu.com /usr/bin/cmake /home/jack/water_tank_ws/src/water_tank_cartographer -DAMENT_CMAKE_SYMLINK_INSTALL=1 -DCMAKE_INSTALL_PREFIX=/home/jack/water_tank_ws/install/water_tank_cartographer
[0.047s] -- The C compiler identification is GNU 13.3.0
[0.085s] -- The CXX compiler identification is GNU 13.3.0
[0.097s] -- Detecting C compiler ABI info
[0.158s] -- Detecting C compiler ABI info - done
[0.164s] -- Check for working C compiler: /usr/bin/cc - skipped
[0.164s] -- Detecting C compile features
[0.164s] -- Detecting C compile features - done
[0.170s] -- Detecting CXX compiler ABI info
[0.242s] -- Detecting CXX compiler ABI info - done
[0.248s] -- Check for working CXX compiler: /usr/bin/c++ - skipped
[0.249s] -- Detecting CXX compile features
[0.249s] -- Detecting CXX compile features - done
[0.250s] -- Found ament_cmake: 2.5.4 (/opt/ros/jazzy/share/ament_cmake/cmake)
[0.352s] -- Found Python3: /usr/bin/python3 (found version "3.12.3") found components: Interpreter 
[0.403s] -- Override CMake install command with custom implementation using symlinks instead of copying resources
[0.421s] -- Found ament_lint_auto: 0.17.2 (/opt/ros/jazzy/share/ament_lint_auto/cmake)
[0.490s] -- Added test 'flake8' to check Python code syntax and style conventions
[0.490s] -- Configured 'flake8' exclude dirs and/or files: 
[0.490s] -- Added test 'lint_cmake' to check CMake code style
[0.491s] -- Added test 'pep257' to check Python code against some of the docstring style conventions in PEP 257
[0.491s] -- Added test 'xmllint' to check XML markup files
[0.492s] -- Configuring done (0.5s)
[0.494s] -- Generating done (0.0s)
[0.495s] -- Build files have been written to: /home/jack/water_tank_ws/build/water_tank_cartographer
[0.498s] Invoked command in '/home/jack/water_tank_ws/build/water_tank_cartographer' returned '0': CMAKE_PREFIX_PATH=${CMAKE_PREFIX_PATH}:/opt/ros/jazzy DEBUGINFOD_URLS=https://debuginfod.ubuntu.com /usr/bin/cmake /home/jack/water_tank_ws/src/water_tank_cartographer -DAMENT_CMAKE_SYMLINK_INSTALL=1 -DCMAKE_INSTALL_PREFIX=/home/jack/water_tank_ws/install/water_tank_cartographer
[0.499s] Invoking command in '/home/jack/water_tank_ws/build/water_tank_cartographer': CMAKE_PREFIX_PATH=${CMAKE_PREFIX_PATH}:/opt/ros/jazzy DEBUGINFOD_URLS=https://debuginfod.ubuntu.com /usr/bin/cmake --build /home/jack/water_tank_ws/build/water_tank_cartographer -- -j20 -l20
[0.526s] Invoked command in '/home/jack/water_tank_ws/build/water_tank_cartographer' returned '0': CMAKE_PREFIX_PATH=${CMAKE_PREFIX_PATH}:/opt/ros/jazzy DEBUGINFOD_URLS=https://debuginfod.ubuntu.com /usr/bin/cmake --build /home/jack/water_tank_ws/build/water_tank_cartographer -- -j20 -l20
[0.532s] Invoking command in '/home/jack/water_tank_ws/build/water_tank_cartographer': CMAKE_PREFIX_PATH=${CMAKE_PREFIX_PATH}:/opt/ros/jazzy DEBUGINFOD_URLS=https://debuginfod.ubuntu.com /usr/bin/cmake --install /home/jack/water_tank_ws/build/water_tank_cartographer
[0.538s] -- Install configuration: ""
[0.539s] -- Execute custom install script
[0.539s] -- Symlinking: /home/jack/water_tank_ws/install/water_tank_cartographer/share/water_tank_cartographer/config/cart_pure_locate.lua
[0.545s] -- Symlinking: /home/jack/water_tank_ws/install/water_tank_cartographer/share/water_tank_cartographer/config/cart_slam_2d.lua
[0.550s] -- Symlinking: /home/jack/water_tank_ws/install/water_tank_cartographer/share/water_tank_cartographer/launch/cartographer_locate.launch.py
[0.555s] -- Symlinking: /home/jack/water_tank_ws/install/water_tank_cartographer/share/water_tank_cartographer/launch/cartographer_map.launch,py
[0.562s] -- Symlinking: /home/jack/water_tank_ws/install/water_tank_cartographer/share/water_tank_cartographer/launch/cartographer_map.launch.py
[0.569s] -- Symlinking: /home/jack/water_tank_ws/install/water_tank_cartographer/share/ament_index/resource_index/package_run_dependencies/water_tank_cartographer
[0.574s] -- Symlinking: /home/jack/water_tank_ws/install/water_tank_cartographer/share/ament_index/resource_index/parent_prefix_path/water_tank_cartographer
[0.580s] -- Symlinking: /home/jack/water_tank_ws/install/water_tank_cartographer/share/water_tank_cartographer/environment/ament_prefix_path.sh
[0.588s] -- Symlinking: /home/jack/water_tank_ws/install/water_tank_cartographer/share/water_tank_cartographer/environment/ament_prefix_path.dsv
[0.594s] -- Symlinking: /home/jack/water_tank_ws/install/water_tank_cartographer/share/water_tank_cartographer/environment/path.sh
[0.600s] -- Symlinking: /home/jack/water_tank_ws/install/water_tank_cartographer/share/water_tank_cartographer/environment/path.dsv
[0.607s] -- Symlinking: /home/jack/water_tank_ws/install/water_tank_cartographer/share/water_tank_cartographer/local_setup.bash
[0.613s] -- Symlinking: /home/jack/water_tank_ws/install/water_tank_cartographer/share/water_tank_cartographer/local_setup.sh
[0.619s] -- Symlinking: /home/jack/water_tank_ws/install/water_tank_cartographer/share/water_tank_cartographer/local_setup.zsh
[0.625s] -- Symlinking: /home/jack/water_tank_ws/install/water_tank_cartographer/share/water_tank_cartographer/local_setup.dsv
[0.631s] -- Symlinking: /home/jack/water_tank_ws/install/water_tank_cartographer/share/water_tank_cartographer/package.dsv
[0.638s] -- Symlinking: /home/jack/water_tank_ws/install/water_tank_cartographer/share/ament_index/resource_index/packages/water_tank_cartographer
[0.646s] -- Symlinking: /home/jack/water_tank_ws/install/water_tank_cartographer/share/water_tank_cartographer/cmake/water_tank_cartographerConfig.cmake
[0.653s] -- Symlinking: /home/jack/water_tank_ws/install/water_tank_cartographer/share/water_tank_cartographer/cmake/water_tank_cartographerConfig-version.cmake
[0.658s] -- Symlinking: /home/jack/water_tank_ws/install/water_tank_cartographer/share/water_tank_cartographer/package.xml
[0.671s] Invoked command in '/home/jack/water_tank_ws/build/water_tank_cartographer' returned '0': CMAKE_PREFIX_PATH=${CMAKE_PREFIX_PATH}:/opt/ros/jazzy DEBUGINFOD_URLS=https://debuginfod.ubuntu.com /usr/bin/cmake --install /home/jack/water_tank_ws/build/water_tank_cartographer
