-- The C compiler identification is GNU 13.3.0
-- The CXX compiler identification is GNU 13.3.0
-- Detecting C compiler ABI info
-- Detecting C compiler ABI info - done
-- Check for working C compiler: /usr/bin/cc - skipped
-- Detecting C compile features
-- Detecting C compile features - done
-- Detecting CXX compiler ABI info
-- Detecting CXX compiler ABI info - done
-- Check for working CXX compiler: /usr/bin/c++ - skipped
-- Detecting CXX compile features
-- Detecting CXX compile features - done
-- Found ament_cmake: 2.5.4 (/opt/ros/jazzy/share/ament_cmake/cmake)
-- Found Python3: /usr/bin/python3 (found version "3.12.3") found components: Interpreter 
-- Override CMake install command with custom implementation using symlinks instead of copying resources
-- Found ament_lint_auto: 0.17.2 (/opt/ros/jazzy/share/ament_lint_auto/cmake)
-- Added test 'flake8' to check Python code syntax and style conventions
-- Configured 'flake8' exclude dirs and/or files: 
-- Added test 'lint_cmake' to check CMake code style
-- Added test 'pep257' to check Python code against some of the docstring style conventions in PEP 257
-- Added test 'xmllint' to check XML markup files
-- Configuring done (0.7s)
-- Generating done (0.0s)
-- Build files have been written to: /home/jack/water_tank_ws/build/turtle_bot_sim_world
-- Install configuration: ""
-- Execute custom install script
-- Symlinking: /home/jack/water_tank_ws/install/turtle_bot_sim_world/share/turtle_bot_sim_world/models/turtlebot3_world/meshes/hexagon.dae
-- Symlinking: /home/jack/water_tank_ws/install/turtle_bot_sim_world/share/turtle_bot_sim_world/models/turtlebot3_world/meshes/wall.dae
-- Symlinking: /home/jack/water_tank_ws/install/turtle_bot_sim_world/share/turtle_bot_sim_world/models/turtlebot3_world/model-1_4.sdf
-- Symlinking: /home/jack/water_tank_ws/install/turtle_bot_sim_world/share/turtle_bot_sim_world/models/turtlebot3_world/model.config
-- Symlinking: /home/jack/water_tank_ws/install/turtle_bot_sim_world/share/turtle_bot_sim_world/models/turtlebot3_world/model.sdf
-- Symlinking: /home/jack/water_tank_ws/install/turtle_bot_sim_world/share/turtle_bot_sim_world/launch/turtle_bot_test_world.launch.py
-- Symlinking: /home/jack/water_tank_ws/install/turtle_bot_sim_world/share/turtle_bot_sim_world/worlds/turtlebot3_world.world
-- Symlinking: /home/jack/water_tank_ws/install/turtle_bot_sim_world/share/ament_index/resource_index/package_run_dependencies/turtle_bot_sim_world
-- Symlinking: /home/jack/water_tank_ws/install/turtle_bot_sim_world/share/ament_index/resource_index/parent_prefix_path/turtle_bot_sim_world
-- Symlinking: /home/jack/water_tank_ws/install/turtle_bot_sim_world/share/turtle_bot_sim_world/environment/ament_prefix_path.sh
-- Symlinking: /home/jack/water_tank_ws/install/turtle_bot_sim_world/share/turtle_bot_sim_world/environment/ament_prefix_path.dsv
-- Symlinking: /home/jack/water_tank_ws/install/turtle_bot_sim_world/share/turtle_bot_sim_world/environment/path.sh
-- Symlinking: /home/jack/water_tank_ws/install/turtle_bot_sim_world/share/turtle_bot_sim_world/environment/path.dsv
-- Symlinking: /home/jack/water_tank_ws/install/turtle_bot_sim_world/share/turtle_bot_sim_world/local_setup.bash
-- Symlinking: /home/jack/water_tank_ws/install/turtle_bot_sim_world/share/turtle_bot_sim_world/local_setup.sh
-- Symlinking: /home/jack/water_tank_ws/install/turtle_bot_sim_world/share/turtle_bot_sim_world/local_setup.zsh
-- Symlinking: /home/jack/water_tank_ws/install/turtle_bot_sim_world/share/turtle_bot_sim_world/local_setup.dsv
-- Symlinking: /home/jack/water_tank_ws/install/turtle_bot_sim_world/share/turtle_bot_sim_world/package.dsv
-- Symlinking: /home/jack/water_tank_ws/install/turtle_bot_sim_world/share/ament_index/resource_index/packages/turtle_bot_sim_world
-- Symlinking: /home/jack/water_tank_ws/install/turtle_bot_sim_world/share/turtle_bot_sim_world/cmake/turtle_bot_sim_worldConfig.cmake
-- Symlinking: /home/jack/water_tank_ws/install/turtle_bot_sim_world/share/turtle_bot_sim_world/cmake/turtle_bot_sim_worldConfig-version.cmake
-- Symlinking: /home/jack/water_tank_ws/install/turtle_bot_sim_world/share/turtle_bot_sim_world/package.xml
