[0.013s] Invoking command in '/home/jack/water_tank_ws/build/water_tank_cartographer': CMAKE_PREFIX_PATH=${CMAKE_PREFIX_PATH}:/opt/ros/jazzy DEBUGINFOD_URLS=https://debuginfod.ubuntu.com /usr/bin/cmake --build /home/jack/water_tank_ws/build/water_tank_cartographer -- -j20 -l20
[0.165s] Invoked command in '/home/jack/water_tank_ws/build/water_tank_cartographer' returned '0': CMAKE_PREFIX_PATH=${CMAKE_PREFIX_PATH}:/opt/ros/jazzy DEBUGINFOD_URLS=https://debuginfod.ubuntu.com /usr/bin/cmake --build /home/jack/water_tank_ws/build/water_tank_cartographer -- -j20 -l20
[0.166s] Invoking command in '/home/jack/water_tank_ws/build/water_tank_cartographer': CMAKE_PREFIX_PATH=${CMAKE_PREFIX_PATH}:/opt/ros/jazzy DEBUGINFOD_URLS=https://debuginfod.ubuntu.com /usr/bin/cmake --install /home/jack/water_tank_ws/build/water_tank_cartographer
[0.173s] -- Install configuration: ""
[0.174s] -- Execute custom install script
[0.174s] -- Up-to-date symlink: /home/jack/water_tank_ws/install/water_tank_cartographer/share/water_tank_cartographer/config/cart_pure_locate.lua
[0.174s] -- Up-to-date symlink: /home/jack/water_tank_ws/install/water_tank_cartographer/share/water_tank_cartographer/config/cart_slam_2d.lua
[0.174s] -- Up-to-date symlink: /home/jack/water_tank_ws/install/water_tank_cartographer/share/water_tank_cartographer/launch/cartographer_locate.launch.py
[0.175s] -- Up-to-date symlink: /home/jack/water_tank_ws/install/water_tank_cartographer/share/water_tank_cartographer/launch/cartographer_map.launch.py
[0.175s] -- Up-to-date symlink: /home/jack/water_tank_ws/install/water_tank_cartographer/share/ament_index/resource_index/package_run_dependencies/water_tank_cartographer
[0.175s] -- Up-to-date symlink: /home/jack/water_tank_ws/install/water_tank_cartographer/share/ament_index/resource_index/parent_prefix_path/water_tank_cartographer
[0.176s] -- Up-to-date symlink: /home/jack/water_tank_ws/install/water_tank_cartographer/share/water_tank_cartographer/environment/ament_prefix_path.sh
[0.176s] -- Up-to-date symlink: /home/jack/water_tank_ws/install/water_tank_cartographer/share/water_tank_cartographer/environment/ament_prefix_path.dsv
[0.176s] -- Up-to-date symlink: /home/jack/water_tank_ws/install/water_tank_cartographer/share/water_tank_cartographer/environment/path.sh
[0.176s] -- Up-to-date symlink: /home/jack/water_tank_ws/install/water_tank_cartographer/share/water_tank_cartographer/environment/path.dsv
[0.176s] -- Up-to-date symlink: /home/jack/water_tank_ws/install/water_tank_cartographer/share/water_tank_cartographer/local_setup.bash
[0.176s] -- Up-to-date symlink: /home/jack/water_tank_ws/install/water_tank_cartographer/share/water_tank_cartographer/local_setup.sh
[0.176s] -- Up-to-date symlink: /home/jack/water_tank_ws/install/water_tank_cartographer/share/water_tank_cartographer/local_setup.zsh
[0.177s] -- Up-to-date symlink: /home/jack/water_tank_ws/install/water_tank_cartographer/share/water_tank_cartographer/local_setup.dsv
[0.177s] -- Symlinking: /home/jack/water_tank_ws/install/water_tank_cartographer/share/water_tank_cartographer/package.dsv
[0.186s] -- Up-to-date symlink: /home/jack/water_tank_ws/install/water_tank_cartographer/share/ament_index/resource_index/packages/water_tank_cartographer
[0.186s] -- Up-to-date symlink: /home/jack/water_tank_ws/install/water_tank_cartographer/share/water_tank_cartographer/cmake/water_tank_cartographerConfig.cmake
[0.187s] -- Up-to-date symlink: /home/jack/water_tank_ws/install/water_tank_cartographer/share/water_tank_cartographer/cmake/water_tank_cartographerConfig-version.cmake
[0.187s] -- Up-to-date symlink: /home/jack/water_tank_ws/install/water_tank_cartographer/share/water_tank_cartographer/package.xml
[0.214s] Invoked command in '/home/jack/water_tank_ws/build/water_tank_cartographer' returned '0': CMAKE_PREFIX_PATH=${CMAKE_PREFIX_PATH}:/opt/ros/jazzy DEBUGINFOD_URLS=https://debuginfod.ubuntu.com /usr/bin/cmake --install /home/jack/water_tank_ws/build/water_tank_cartographer
