[0.017s] Invoking command in '/home/jack/water_tank_ws/build/rf2o_laser_odometry': CMAKE_PREFIX_PATH=${CMAKE_PREFIX_PATH}:/home/jack/water_tank_ws/install/waypoints_generator:/opt/ros/jazzy DEBUGINFOD_URLS=https://debuginfod.ubuntu.com /usr/bin/cmake --build /home/jack/water_tank_ws/build/rf2o_laser_odometry -- -j20 -l20
[0.060s] [ 40%] Built target rf2o_laser_odometry
[0.067s] [100%] Built target rf2o_laser_odometry_node
[0.167s] Invoked command in '/home/jack/water_tank_ws/build/rf2o_laser_odometry' returned '0': CMAKE_PREFIX_PATH=${CMAKE_PREFIX_PATH}:/home/jack/water_tank_ws/install/waypoints_generator:/opt/ros/jazzy DEBUGINFOD_URLS=https://debuginfod.ubuntu.com /usr/bin/cmake --build /home/jack/water_tank_ws/build/rf2o_laser_odometry -- -j20 -l20
[0.167s] Invoking command in '/home/jack/water_tank_ws/build/rf2o_laser_odometry': CMAKE_PREFIX_PATH=${CMAKE_PREFIX_PATH}:/home/jack/water_tank_ws/install/waypoints_generator:/opt/ros/jazzy DEBUGINFOD_URLS=https://debuginfod.ubuntu.com /usr/bin/cmake --install /home/jack/water_tank_ws/build/rf2o_laser_odometry
[0.175s] -- Install configuration: ""
[0.175s] -- Execute custom install script
[0.175s] -- Up-to-date symlink: /home/jack/water_tank_ws/install/rf2o_laser_odometry/lib/rf2o_laser_odometry/rf2o_laser_odometry_node
[0.175s] -- Up-to-date symlink: /home/jack/water_tank_ws/install/rf2o_laser_odometry/share/rf2o_laser_odometry/launch/rf2o_laser_odometry.launch.py
[0.176s] -- Up-to-date symlink: /home/jack/water_tank_ws/install/rf2o_laser_odometry/share/ament_index/resource_index/package_run_dependencies/rf2o_laser_odometry
[0.176s] -- Up-to-date symlink: /home/jack/water_tank_ws/install/rf2o_laser_odometry/share/ament_index/resource_index/parent_prefix_path/rf2o_laser_odometry
[0.176s] -- Up-to-date symlink: /home/jack/water_tank_ws/install/rf2o_laser_odometry/share/rf2o_laser_odometry/environment/ament_prefix_path.sh
[0.176s] -- Up-to-date symlink: /home/jack/water_tank_ws/install/rf2o_laser_odometry/share/rf2o_laser_odometry/environment/ament_prefix_path.dsv
[0.176s] -- Up-to-date symlink: /home/jack/water_tank_ws/install/rf2o_laser_odometry/share/rf2o_laser_odometry/environment/path.sh
[0.176s] -- Up-to-date symlink: /home/jack/water_tank_ws/install/rf2o_laser_odometry/share/rf2o_laser_odometry/environment/path.dsv
[0.177s] -- Up-to-date symlink: /home/jack/water_tank_ws/install/rf2o_laser_odometry/share/rf2o_laser_odometry/local_setup.bash
[0.177s] -- Up-to-date symlink: /home/jack/water_tank_ws/install/rf2o_laser_odometry/share/rf2o_laser_odometry/local_setup.sh
[0.178s] -- Up-to-date symlink: /home/jack/water_tank_ws/install/rf2o_laser_odometry/share/rf2o_laser_odometry/local_setup.zsh
[0.178s] -- Up-to-date symlink: /home/jack/water_tank_ws/install/rf2o_laser_odometry/share/rf2o_laser_odometry/local_setup.dsv
[0.178s] -- Symlinking: /home/jack/water_tank_ws/install/rf2o_laser_odometry/share/rf2o_laser_odometry/package.dsv
[0.186s] -- Up-to-date symlink: /home/jack/water_tank_ws/install/rf2o_laser_odometry/share/ament_index/resource_index/packages/rf2o_laser_odometry
[0.186s] -- Up-to-date symlink: /home/jack/water_tank_ws/install/rf2o_laser_odometry/share/rf2o_laser_odometry/cmake/rf2o_laser_odometryConfig.cmake
[0.186s] -- Up-to-date symlink: /home/jack/water_tank_ws/install/rf2o_laser_odometry/share/rf2o_laser_odometry/cmake/rf2o_laser_odometryConfig-version.cmake
[0.186s] -- Up-to-date symlink: /home/jack/water_tank_ws/install/rf2o_laser_odometry/share/rf2o_laser_odometry/package.xml
[0.199s] Invoked command in '/home/jack/water_tank_ws/build/rf2o_laser_odometry' returned '0': CMAKE_PREFIX_PATH=${CMAKE_PREFIX_PATH}:/home/jack/water_tank_ws/install/waypoints_generator:/opt/ros/jazzy DEBUGINFOD_URLS=https://debuginfod.ubuntu.com /usr/bin/cmake --install /home/jack/water_tank_ws/build/rf2o_laser_odometry
