[0.067s] DEBUG:colcon:Command line arguments: ['/usr/bin/colcon', 'build', '--symlink-install']
[0.067s] DEBUG:colcon:Parsed command line arguments: Namespace(log_base=None, log_level=None, verb_name='build', build_base='build', install_base='install', merge_install=False, symlink_install=True, test_result_base=None, continue_on_error=False, executor='parallel', parallel_workers=20, event_handlers=None, ignore_user_meta=False, metas=['./colcon.meta'], base_paths=['.'], packages_ignore=None, packages_ignore_regex=None, paths=None, packages_up_to=None, packages_up_to_regex=None, packages_above=None, packages_above_and_dependencies=None, packages_above_depth=None, packages_select_by_dep=None, packages_skip_by_dep=None, packages_skip_up_to=None, packages_select_build_failed=False, packages_skip_build_finished=False, packages_select_test_failures=False, packages_skip_test_passed=False, packages_select=None, packages_skip=None, packages_select_regex=None, packages_skip_regex=None, packages_start=None, packages_end=None, allow_overriding=[], cmake_args=None, cmake_target=None, cmake_target_skip_unavailable=False, cmake_clean_cache=False, cmake_clean_first=False, cmake_force_configure=False, ament_cmake_args=None, catkin_cmake_args=None, catkin_skip_building_tests=False, mixin_files=None, mixin=None, verb_parser=<colcon_mixin.mixin.mixin_argument.MixinArgumentDecorator object at 0x78cb567914c0>, verb_extension=<colcon_core.verb.build.BuildVerb object at 0x78cb567308c0>, main=<bound method BuildVerb.main of <colcon_core.verb.build.BuildVerb object at 0x78cb567308c0>>, mixin_verb=('build',))
[0.091s] Level 1:colcon.colcon_core.package_discovery:discover_packages(colcon_meta) check parameters
[0.091s] Level 1:colcon.colcon_core.package_discovery:discover_packages(recursive) check parameters
[0.091s] Level 1:colcon.colcon_core.package_discovery:discover_packages(ignore) check parameters
[0.091s] Level 1:colcon.colcon_core.package_discovery:discover_packages(path) check parameters
[0.091s] Level 1:colcon.colcon_core.package_discovery:discover_packages(colcon_meta) discover
[0.092s] Level 1:colcon.colcon_core.package_discovery:discover_packages(recursive) discover
[0.092s] INFO:colcon.colcon_core.package_discovery:Crawling recursively for packages in '/home/jack/water_tank_ws'
[0.092s] Level 1:colcon.colcon_core.package_identification:_identify(.) by extensions ['ignore', 'ignore_ament_install']
[0.092s] Level 1:colcon.colcon_core.package_identification:_identify(.) by extension 'ignore'
[0.092s] Level 1:colcon.colcon_core.package_identification:_identify(.) by extension 'ignore_ament_install'
[0.092s] Level 1:colcon.colcon_core.package_identification:_identify(.) by extensions ['colcon_pkg']
[0.092s] Level 1:colcon.colcon_core.package_identification:_identify(.) by extension 'colcon_pkg'
[0.092s] Level 1:colcon.colcon_core.package_identification:_identify(.) by extensions ['colcon_meta']
[0.092s] Level 1:colcon.colcon_core.package_identification:_identify(.) by extension 'colcon_meta'
[0.092s] Level 1:colcon.colcon_core.package_identification:_identify(.) by extensions ['ros']
[0.092s] Level 1:colcon.colcon_core.package_identification:_identify(.) by extension 'ros'
[0.109s] Level 1:colcon.colcon_core.package_identification:_identify(.) by extensions ['cmake', 'python']
[0.109s] Level 1:colcon.colcon_core.package_identification:_identify(.) by extension 'cmake'
[0.109s] Level 1:colcon.colcon_core.package_identification:_identify(.) by extension 'python'
[0.109s] Level 1:colcon.colcon_core.package_identification:_identify(.) by extensions ['python_setup_py']
[0.109s] Level 1:colcon.colcon_core.package_identification:_identify(.) by extension 'python_setup_py'
[0.109s] Level 1:colcon.colcon_core.package_identification:_identify(build) by extensions ['ignore', 'ignore_ament_install']
[0.109s] Level 1:colcon.colcon_core.package_identification:_identify(build) by extension 'ignore'
[0.109s] Level 1:colcon.colcon_core.package_identification:_identify(build) ignored
[0.109s] Level 1:colcon.colcon_core.package_identification:_identify(install) by extensions ['ignore', 'ignore_ament_install']
[0.109s] Level 1:colcon.colcon_core.package_identification:_identify(install) by extension 'ignore'
[0.109s] Level 1:colcon.colcon_core.package_identification:_identify(install) ignored
[0.109s] Level 1:colcon.colcon_core.package_identification:_identify(log) by extensions ['ignore', 'ignore_ament_install']
[0.109s] Level 1:colcon.colcon_core.package_identification:_identify(log) by extension 'ignore'
[0.109s] Level 1:colcon.colcon_core.package_identification:_identify(log) ignored
[0.109s] Level 1:colcon.colcon_core.package_identification:_identify(src) by extensions ['ignore', 'ignore_ament_install']
[0.109s] Level 1:colcon.colcon_core.package_identification:_identify(src) by extension 'ignore'
[0.109s] Level 1:colcon.colcon_core.package_identification:_identify(src) by extension 'ignore_ament_install'
[0.109s] Level 1:colcon.colcon_core.package_identification:_identify(src) by extensions ['colcon_pkg']
[0.109s] Level 1:colcon.colcon_core.package_identification:_identify(src) by extension 'colcon_pkg'
[0.109s] Level 1:colcon.colcon_core.package_identification:_identify(src) by extensions ['colcon_meta']
[0.109s] Level 1:colcon.colcon_core.package_identification:_identify(src) by extension 'colcon_meta'
[0.109s] Level 1:colcon.colcon_core.package_identification:_identify(src) by extensions ['ros']
[0.110s] Level 1:colcon.colcon_core.package_identification:_identify(src) by extension 'ros'
[0.110s] Level 1:colcon.colcon_core.package_identification:_identify(src) by extensions ['cmake', 'python']
[0.110s] Level 1:colcon.colcon_core.package_identification:_identify(src) by extension 'cmake'
[0.110s] Level 1:colcon.colcon_core.package_identification:_identify(src) by extension 'python'
[0.110s] Level 1:colcon.colcon_core.package_identification:_identify(src) by extensions ['python_setup_py']
[0.110s] Level 1:colcon.colcon_core.package_identification:_identify(src) by extension 'python_setup_py'
[0.110s] Level 1:colcon.colcon_core.package_identification:_identify(src/example_2) by extensions ['ignore', 'ignore_ament_install']
[0.110s] Level 1:colcon.colcon_core.package_identification:_identify(src/example_2) by extension 'ignore'
[0.110s] Level 1:colcon.colcon_core.package_identification:_identify(src/example_2) by extension 'ignore_ament_install'
[0.110s] Level 1:colcon.colcon_core.package_identification:_identify(src/example_2) by extensions ['colcon_pkg']
[0.110s] Level 1:colcon.colcon_core.package_identification:_identify(src/example_2) by extension 'colcon_pkg'
[0.110s] Level 1:colcon.colcon_core.package_identification:_identify(src/example_2) by extensions ['colcon_meta']
[0.110s] Level 1:colcon.colcon_core.package_identification:_identify(src/example_2) by extension 'colcon_meta'
[0.110s] Level 1:colcon.colcon_core.package_identification:_identify(src/example_2) by extensions ['ros']
[0.110s] Level 1:colcon.colcon_core.package_identification:_identify(src/example_2) by extension 'ros'
[0.112s] DEBUG:colcon.colcon_core.package_identification:Package 'src/example_2' with type 'ros.ament_cmake' and name 'ros2_control_demo_example_2'
[0.112s] Level 1:colcon.colcon_core.package_identification:_identify(src/rf2o_laser_odometry) by extensions ['ignore', 'ignore_ament_install']
[0.112s] Level 1:colcon.colcon_core.package_identification:_identify(src/rf2o_laser_odometry) by extension 'ignore'
[0.112s] Level 1:colcon.colcon_core.package_identification:_identify(src/rf2o_laser_odometry) by extension 'ignore_ament_install'
[0.112s] Level 1:colcon.colcon_core.package_identification:_identify(src/rf2o_laser_odometry) by extensions ['colcon_pkg']
[0.112s] Level 1:colcon.colcon_core.package_identification:_identify(src/rf2o_laser_odometry) by extension 'colcon_pkg'
[0.112s] Level 1:colcon.colcon_core.package_identification:_identify(src/rf2o_laser_odometry) by extensions ['colcon_meta']
[0.112s] Level 1:colcon.colcon_core.package_identification:_identify(src/rf2o_laser_odometry) by extension 'colcon_meta'
[0.112s] Level 1:colcon.colcon_core.package_identification:_identify(src/rf2o_laser_odometry) by extensions ['ros']
[0.112s] Level 1:colcon.colcon_core.package_identification:_identify(src/rf2o_laser_odometry) by extension 'ros'
[0.112s] DEBUG:colcon.colcon_core.package_identification:Package 'src/rf2o_laser_odometry' with type 'ros.ament_cmake' and name 'rf2o_laser_odometry'
[0.113s] Level 1:colcon.colcon_core.package_identification:_identify(src/ros2_control_demo_description) by extensions ['ignore', 'ignore_ament_install']
[0.113s] Level 1:colcon.colcon_core.package_identification:_identify(src/ros2_control_demo_description) by extension 'ignore'
[0.113s] Level 1:colcon.colcon_core.package_identification:_identify(src/ros2_control_demo_description) by extension 'ignore_ament_install'
[0.113s] Level 1:colcon.colcon_core.package_identification:_identify(src/ros2_control_demo_description) by extensions ['colcon_pkg']
[0.113s] Level 1:colcon.colcon_core.package_identification:_identify(src/ros2_control_demo_description) by extension 'colcon_pkg'
[0.113s] Level 1:colcon.colcon_core.package_identification:_identify(src/ros2_control_demo_description) by extensions ['colcon_meta']
[0.113s] Level 1:colcon.colcon_core.package_identification:_identify(src/ros2_control_demo_description) by extension 'colcon_meta'
[0.113s] Level 1:colcon.colcon_core.package_identification:_identify(src/ros2_control_demo_description) by extensions ['ros']
[0.113s] Level 1:colcon.colcon_core.package_identification:_identify(src/ros2_control_demo_description) by extension 'ros'
[0.113s] DEBUG:colcon.colcon_core.package_identification:Package 'src/ros2_control_demo_description' with type 'ros.ament_cmake' and name 'ros2_control_demo_description'
[0.113s] Level 1:colcon.colcon_core.package_identification:_identify(src/rplidar_ros) by extensions ['ignore', 'ignore_ament_install']
[0.113s] Level 1:colcon.colcon_core.package_identification:_identify(src/rplidar_ros) by extension 'ignore'
[0.113s] Level 1:colcon.colcon_core.package_identification:_identify(src/rplidar_ros) by extension 'ignore_ament_install'
[0.113s] Level 1:colcon.colcon_core.package_identification:_identify(src/rplidar_ros) by extensions ['colcon_pkg']
[0.113s] Level 1:colcon.colcon_core.package_identification:_identify(src/rplidar_ros) by extension 'colcon_pkg'
[0.113s] Level 1:colcon.colcon_core.package_identification:_identify(src/rplidar_ros) by extensions ['colcon_meta']
[0.113s] Level 1:colcon.colcon_core.package_identification:_identify(src/rplidar_ros) by extension 'colcon_meta'
[0.113s] Level 1:colcon.colcon_core.package_identification:_identify(src/rplidar_ros) by extensions ['ros']
[0.113s] Level 1:colcon.colcon_core.package_identification:_identify(src/rplidar_ros) by extension 'ros'
[0.113s] DEBUG:colcon.colcon_core.package_identification:Package 'src/rplidar_ros' with type 'ros.ament_cmake' and name 'rplidar_ros'
[0.114s] Level 1:colcon.colcon_core.package_identification:_identify(src/water_bot_task_navigator) by extensions ['ignore', 'ignore_ament_install']
[0.114s] Level 1:colcon.colcon_core.package_identification:_identify(src/water_bot_task_navigator) by extension 'ignore'
[0.114s] Level 1:colcon.colcon_core.package_identification:_identify(src/water_bot_task_navigator) by extension 'ignore_ament_install'
[0.114s] Level 1:colcon.colcon_core.package_identification:_identify(src/water_bot_task_navigator) by extensions ['colcon_pkg']
[0.114s] Level 1:colcon.colcon_core.package_identification:_identify(src/water_bot_task_navigator) by extension 'colcon_pkg'
[0.114s] Level 1:colcon.colcon_core.package_identification:_identify(src/water_bot_task_navigator) by extensions ['colcon_meta']
[0.114s] Level 1:colcon.colcon_core.package_identification:_identify(src/water_bot_task_navigator) by extension 'colcon_meta'
[0.114s] Level 1:colcon.colcon_core.package_identification:_identify(src/water_bot_task_navigator) by extensions ['ros']
[0.114s] Level 1:colcon.colcon_core.package_identification:_identify(src/water_bot_task_navigator) by extension 'ros'
[0.114s] DEBUG:colcon.colcon_core.package_identification:Package 'src/water_bot_task_navigator' with type 'ros.ament_python' and name 'water_bot_task_navigator'
[0.114s] Level 1:colcon.colcon_core.package_identification:_identify(src/water_tank_cartographer) by extensions ['ignore', 'ignore_ament_install']
[0.114s] Level 1:colcon.colcon_core.package_identification:_identify(src/water_tank_cartographer) by extension 'ignore'
[0.114s] Level 1:colcon.colcon_core.package_identification:_identify(src/water_tank_cartographer) by extension 'ignore_ament_install'
[0.114s] Level 1:colcon.colcon_core.package_identification:_identify(src/water_tank_cartographer) by extensions ['colcon_pkg']
[0.114s] Level 1:colcon.colcon_core.package_identification:_identify(src/water_tank_cartographer) by extension 'colcon_pkg'
[0.114s] Level 1:colcon.colcon_core.package_identification:_identify(src/water_tank_cartographer) by extensions ['colcon_meta']
[0.114s] Level 1:colcon.colcon_core.package_identification:_identify(src/water_tank_cartographer) by extension 'colcon_meta'
[0.114s] Level 1:colcon.colcon_core.package_identification:_identify(src/water_tank_cartographer) by extensions ['ros']
[0.114s] Level 1:colcon.colcon_core.package_identification:_identify(src/water_tank_cartographer) by extension 'ros'
[0.115s] DEBUG:colcon.colcon_core.package_identification:Package 'src/water_tank_cartographer' with type 'ros.ament_cmake' and name 'water_tank_cartographer'
[0.115s] Level 1:colcon.colcon_core.package_identification:_identify(src/water_tank_navigation) by extensions ['ignore', 'ignore_ament_install']
[0.115s] Level 1:colcon.colcon_core.package_identification:_identify(src/water_tank_navigation) by extension 'ignore'
[0.115s] Level 1:colcon.colcon_core.package_identification:_identify(src/water_tank_navigation) by extension 'ignore_ament_install'
[0.115s] Level 1:colcon.colcon_core.package_identification:_identify(src/water_tank_navigation) by extensions ['colcon_pkg']
[0.115s] Level 1:colcon.colcon_core.package_identification:_identify(src/water_tank_navigation) by extension 'colcon_pkg'
[0.115s] Level 1:colcon.colcon_core.package_identification:_identify(src/water_tank_navigation) by extensions ['colcon_meta']
[0.115s] Level 1:colcon.colcon_core.package_identification:_identify(src/water_tank_navigation) by extension 'colcon_meta'
[0.115s] Level 1:colcon.colcon_core.package_identification:_identify(src/water_tank_navigation) by extensions ['ros']
[0.115s] Level 1:colcon.colcon_core.package_identification:_identify(src/water_tank_navigation) by extension 'ros'
[0.115s] DEBUG:colcon.colcon_core.package_identification:Package 'src/water_tank_navigation' with type 'ros.ament_cmake' and name 'water_tank_navigation'
[0.115s] Level 1:colcon.colcon_core.package_identification:_identify(src/waypoints_generator) by extensions ['ignore', 'ignore_ament_install']
[0.115s] Level 1:colcon.colcon_core.package_identification:_identify(src/waypoints_generator) by extension 'ignore'
[0.115s] Level 1:colcon.colcon_core.package_identification:_identify(src/waypoints_generator) by extension 'ignore_ament_install'
[0.115s] Level 1:colcon.colcon_core.package_identification:_identify(src/waypoints_generator) by extensions ['colcon_pkg']
[0.115s] Level 1:colcon.colcon_core.package_identification:_identify(src/waypoints_generator) by extension 'colcon_pkg'
[0.115s] Level 1:colcon.colcon_core.package_identification:_identify(src/waypoints_generator) by extensions ['colcon_meta']
[0.115s] Level 1:colcon.colcon_core.package_identification:_identify(src/waypoints_generator) by extension 'colcon_meta'
[0.115s] Level 1:colcon.colcon_core.package_identification:_identify(src/waypoints_generator) by extensions ['ros']
[0.115s] Level 1:colcon.colcon_core.package_identification:_identify(src/waypoints_generator) by extension 'ros'
[0.116s] DEBUG:colcon.colcon_core.package_identification:Package 'src/waypoints_generator' with type 'ros.ament_python' and name 'waypoints_generator'
[0.116s] Level 1:colcon.colcon_core.package_discovery:discover_packages(recursive) using defaults
[0.116s] Level 1:colcon.colcon_core.package_discovery:discover_packages(ignore) discover
[0.116s] Level 1:colcon.colcon_core.package_discovery:discover_packages(ignore) using defaults
[0.116s] Level 1:colcon.colcon_core.package_discovery:discover_packages(path) discover
[0.116s] Level 1:colcon.colcon_core.package_discovery:discover_packages(path) using defaults
[0.128s] Level 1:colcon.colcon_core.package_discovery:discover_packages(prefix_path) check parameters
[0.128s] Level 1:colcon.colcon_core.package_discovery:discover_packages(prefix_path) discover
[0.129s] DEBUG:colcon.colcon_installed_package_information.package_discovery:Found 8 installed packages in /home/jack/water_tank_ws/install
[0.130s] DEBUG:colcon.colcon_installed_package_information.package_discovery:Found 426 installed packages in /opt/ros/jazzy
[0.131s] Level 1:colcon.colcon_core.package_discovery:discover_packages(prefix_path) using defaults
[0.161s] Level 5:colcon.colcon_core.verb:set package 'rf2o_laser_odometry' build argument 'cmake_args' from command line to 'None'
[0.161s] Level 5:colcon.colcon_core.verb:set package 'rf2o_laser_odometry' build argument 'cmake_target' from command line to 'None'
[0.161s] Level 5:colcon.colcon_core.verb:set package 'rf2o_laser_odometry' build argument 'cmake_target_skip_unavailable' from command line to 'False'
[0.161s] Level 5:colcon.colcon_core.verb:set package 'rf2o_laser_odometry' build argument 'cmake_clean_cache' from command line to 'False'
[0.161s] Level 5:colcon.colcon_core.verb:set package 'rf2o_laser_odometry' build argument 'cmake_clean_first' from command line to 'False'
[0.161s] Level 5:colcon.colcon_core.verb:set package 'rf2o_laser_odometry' build argument 'cmake_force_configure' from command line to 'False'
[0.161s] Level 5:colcon.colcon_core.verb:set package 'rf2o_laser_odometry' build argument 'ament_cmake_args' from command line to 'None'
[0.161s] Level 5:colcon.colcon_core.verb:set package 'rf2o_laser_odometry' build argument 'catkin_cmake_args' from command line to 'None'
[0.161s] Level 5:colcon.colcon_core.verb:set package 'rf2o_laser_odometry' build argument 'catkin_skip_building_tests' from command line to 'False'
[0.161s] DEBUG:colcon.colcon_core.verb:Building package 'rf2o_laser_odometry' with the following arguments: {'ament_cmake_args': None, 'build_base': '/home/jack/water_tank_ws/build/rf2o_laser_odometry', 'catkin_cmake_args': None, 'catkin_skip_building_tests': False, 'cmake_args': None, 'cmake_clean_cache': False, 'cmake_clean_first': False, 'cmake_force_configure': False, 'cmake_target': None, 'cmake_target_skip_unavailable': False, 'install_base': '/home/jack/water_tank_ws/install/rf2o_laser_odometry', 'merge_install': False, 'path': '/home/jack/water_tank_ws/src/rf2o_laser_odometry', 'symlink_install': True, 'test_result_base': None}
[0.161s] Level 5:colcon.colcon_core.verb:set package 'ros2_control_demo_description' build argument 'cmake_args' from command line to 'None'
[0.161s] Level 5:colcon.colcon_core.verb:set package 'ros2_control_demo_description' build argument 'cmake_target' from command line to 'None'
[0.161s] Level 5:colcon.colcon_core.verb:set package 'ros2_control_demo_description' build argument 'cmake_target_skip_unavailable' from command line to 'False'
[0.161s] Level 5:colcon.colcon_core.verb:set package 'ros2_control_demo_description' build argument 'cmake_clean_cache' from command line to 'False'
[0.161s] Level 5:colcon.colcon_core.verb:set package 'ros2_control_demo_description' build argument 'cmake_clean_first' from command line to 'False'
[0.161s] Level 5:colcon.colcon_core.verb:set package 'ros2_control_demo_description' build argument 'cmake_force_configure' from command line to 'False'
[0.161s] Level 5:colcon.colcon_core.verb:set package 'ros2_control_demo_description' build argument 'ament_cmake_args' from command line to 'None'
[0.161s] Level 5:colcon.colcon_core.verb:set package 'ros2_control_demo_description' build argument 'catkin_cmake_args' from command line to 'None'
[0.161s] Level 5:colcon.colcon_core.verb:set package 'ros2_control_demo_description' build argument 'catkin_skip_building_tests' from command line to 'False'
[0.161s] DEBUG:colcon.colcon_core.verb:Building package 'ros2_control_demo_description' with the following arguments: {'ament_cmake_args': None, 'build_base': '/home/jack/water_tank_ws/build/ros2_control_demo_description', 'catkin_cmake_args': None, 'catkin_skip_building_tests': False, 'cmake_args': None, 'cmake_clean_cache': False, 'cmake_clean_first': False, 'cmake_force_configure': False, 'cmake_target': None, 'cmake_target_skip_unavailable': False, 'install_base': '/home/jack/water_tank_ws/install/ros2_control_demo_description', 'merge_install': False, 'path': '/home/jack/water_tank_ws/src/ros2_control_demo_description', 'symlink_install': True, 'test_result_base': None}
[0.161s] Level 5:colcon.colcon_core.verb:set package 'rplidar_ros' build argument 'cmake_args' from command line to 'None'
[0.161s] Level 5:colcon.colcon_core.verb:set package 'rplidar_ros' build argument 'cmake_target' from command line to 'None'
[0.161s] Level 5:colcon.colcon_core.verb:set package 'rplidar_ros' build argument 'cmake_target_skip_unavailable' from command line to 'False'
[0.161s] Level 5:colcon.colcon_core.verb:set package 'rplidar_ros' build argument 'cmake_clean_cache' from command line to 'False'
[0.161s] Level 5:colcon.colcon_core.verb:set package 'rplidar_ros' build argument 'cmake_clean_first' from command line to 'False'
[0.161s] Level 5:colcon.colcon_core.verb:set package 'rplidar_ros' build argument 'cmake_force_configure' from command line to 'False'
[0.161s] Level 5:colcon.colcon_core.verb:set package 'rplidar_ros' build argument 'ament_cmake_args' from command line to 'None'
[0.161s] Level 5:colcon.colcon_core.verb:set package 'rplidar_ros' build argument 'catkin_cmake_args' from command line to 'None'
[0.161s] Level 5:colcon.colcon_core.verb:set package 'rplidar_ros' build argument 'catkin_skip_building_tests' from command line to 'False'
[0.161s] DEBUG:colcon.colcon_core.verb:Building package 'rplidar_ros' with the following arguments: {'ament_cmake_args': None, 'build_base': '/home/jack/water_tank_ws/build/rplidar_ros', 'catkin_cmake_args': None, 'catkin_skip_building_tests': False, 'cmake_args': None, 'cmake_clean_cache': False, 'cmake_clean_first': False, 'cmake_force_configure': False, 'cmake_target': None, 'cmake_target_skip_unavailable': False, 'install_base': '/home/jack/water_tank_ws/install/rplidar_ros', 'merge_install': False, 'path': '/home/jack/water_tank_ws/src/rplidar_ros', 'symlink_install': True, 'test_result_base': None}
[0.161s] Level 5:colcon.colcon_core.verb:set package 'water_bot_task_navigator' build argument 'cmake_args' from command line to 'None'
[0.161s] Level 5:colcon.colcon_core.verb:set package 'water_bot_task_navigator' build argument 'cmake_target' from command line to 'None'
[0.161s] Level 5:colcon.colcon_core.verb:set package 'water_bot_task_navigator' build argument 'cmake_target_skip_unavailable' from command line to 'False'
[0.161s] Level 5:colcon.colcon_core.verb:set package 'water_bot_task_navigator' build argument 'cmake_clean_cache' from command line to 'False'
[0.161s] Level 5:colcon.colcon_core.verb:set package 'water_bot_task_navigator' build argument 'cmake_clean_first' from command line to 'False'
[0.161s] Level 5:colcon.colcon_core.verb:set package 'water_bot_task_navigator' build argument 'cmake_force_configure' from command line to 'False'
[0.161s] Level 5:colcon.colcon_core.verb:set package 'water_bot_task_navigator' build argument 'ament_cmake_args' from command line to 'None'
[0.161s] Level 5:colcon.colcon_core.verb:set package 'water_bot_task_navigator' build argument 'catkin_cmake_args' from command line to 'None'
[0.161s] Level 5:colcon.colcon_core.verb:set package 'water_bot_task_navigator' build argument 'catkin_skip_building_tests' from command line to 'False'
[0.161s] DEBUG:colcon.colcon_core.verb:Building package 'water_bot_task_navigator' with the following arguments: {'ament_cmake_args': None, 'build_base': '/home/jack/water_tank_ws/build/water_bot_task_navigator', 'catkin_cmake_args': None, 'catkin_skip_building_tests': False, 'cmake_args': None, 'cmake_clean_cache': False, 'cmake_clean_first': False, 'cmake_force_configure': False, 'cmake_target': None, 'cmake_target_skip_unavailable': False, 'install_base': '/home/jack/water_tank_ws/install/water_bot_task_navigator', 'merge_install': False, 'path': '/home/jack/water_tank_ws/src/water_bot_task_navigator', 'symlink_install': True, 'test_result_base': None}
[0.162s] Level 5:colcon.colcon_core.verb:set package 'water_tank_cartographer' build argument 'cmake_args' from command line to 'None'
[0.162s] Level 5:colcon.colcon_core.verb:set package 'water_tank_cartographer' build argument 'cmake_target' from command line to 'None'
[0.162s] Level 5:colcon.colcon_core.verb:set package 'water_tank_cartographer' build argument 'cmake_target_skip_unavailable' from command line to 'False'
[0.162s] Level 5:colcon.colcon_core.verb:set package 'water_tank_cartographer' build argument 'cmake_clean_cache' from command line to 'False'
[0.162s] Level 5:colcon.colcon_core.verb:set package 'water_tank_cartographer' build argument 'cmake_clean_first' from command line to 'False'
[0.162s] Level 5:colcon.colcon_core.verb:set package 'water_tank_cartographer' build argument 'cmake_force_configure' from command line to 'False'
[0.162s] Level 5:colcon.colcon_core.verb:set package 'water_tank_cartographer' build argument 'ament_cmake_args' from command line to 'None'
[0.162s] Level 5:colcon.colcon_core.verb:set package 'water_tank_cartographer' build argument 'catkin_cmake_args' from command line to 'None'
[0.162s] Level 5:colcon.colcon_core.verb:set package 'water_tank_cartographer' build argument 'catkin_skip_building_tests' from command line to 'False'
[0.162s] DEBUG:colcon.colcon_core.verb:Building package 'water_tank_cartographer' with the following arguments: {'ament_cmake_args': None, 'build_base': '/home/jack/water_tank_ws/build/water_tank_cartographer', 'catkin_cmake_args': None, 'catkin_skip_building_tests': False, 'cmake_args': None, 'cmake_clean_cache': False, 'cmake_clean_first': False, 'cmake_force_configure': False, 'cmake_target': None, 'cmake_target_skip_unavailable': False, 'install_base': '/home/jack/water_tank_ws/install/water_tank_cartographer', 'merge_install': False, 'path': '/home/jack/water_tank_ws/src/water_tank_cartographer', 'symlink_install': True, 'test_result_base': None}
[0.162s] Level 5:colcon.colcon_core.verb:set package 'water_tank_navigation' build argument 'cmake_args' from command line to 'None'
[0.162s] Level 5:colcon.colcon_core.verb:set package 'water_tank_navigation' build argument 'cmake_target' from command line to 'None'
[0.162s] Level 5:colcon.colcon_core.verb:set package 'water_tank_navigation' build argument 'cmake_target_skip_unavailable' from command line to 'False'
[0.162s] Level 5:colcon.colcon_core.verb:set package 'water_tank_navigation' build argument 'cmake_clean_cache' from command line to 'False'
[0.162s] Level 5:colcon.colcon_core.verb:set package 'water_tank_navigation' build argument 'cmake_clean_first' from command line to 'False'
[0.162s] Level 5:colcon.colcon_core.verb:set package 'water_tank_navigation' build argument 'cmake_force_configure' from command line to 'False'
[0.162s] Level 5:colcon.colcon_core.verb:set package 'water_tank_navigation' build argument 'ament_cmake_args' from command line to 'None'
[0.162s] Level 5:colcon.colcon_core.verb:set package 'water_tank_navigation' build argument 'catkin_cmake_args' from command line to 'None'
[0.162s] Level 5:colcon.colcon_core.verb:set package 'water_tank_navigation' build argument 'catkin_skip_building_tests' from command line to 'False'
[0.162s] DEBUG:colcon.colcon_core.verb:Building package 'water_tank_navigation' with the following arguments: {'ament_cmake_args': None, 'build_base': '/home/jack/water_tank_ws/build/water_tank_navigation', 'catkin_cmake_args': None, 'catkin_skip_building_tests': False, 'cmake_args': None, 'cmake_clean_cache': False, 'cmake_clean_first': False, 'cmake_force_configure': False, 'cmake_target': None, 'cmake_target_skip_unavailable': False, 'install_base': '/home/jack/water_tank_ws/install/water_tank_navigation', 'merge_install': False, 'path': '/home/jack/water_tank_ws/src/water_tank_navigation', 'symlink_install': True, 'test_result_base': None}
[0.162s] Level 5:colcon.colcon_core.verb:set package 'waypoints_generator' build argument 'cmake_args' from command line to 'None'
[0.162s] Level 5:colcon.colcon_core.verb:set package 'waypoints_generator' build argument 'cmake_target' from command line to 'None'
[0.162s] Level 5:colcon.colcon_core.verb:set package 'waypoints_generator' build argument 'cmake_target_skip_unavailable' from command line to 'False'
[0.162s] Level 5:colcon.colcon_core.verb:set package 'waypoints_generator' build argument 'cmake_clean_cache' from command line to 'False'
[0.162s] Level 5:colcon.colcon_core.verb:set package 'waypoints_generator' build argument 'cmake_clean_first' from command line to 'False'
[0.162s] Level 5:colcon.colcon_core.verb:set package 'waypoints_generator' build argument 'cmake_force_configure' from command line to 'False'
[0.162s] Level 5:colcon.colcon_core.verb:set package 'waypoints_generator' build argument 'ament_cmake_args' from command line to 'None'
[0.162s] Level 5:colcon.colcon_core.verb:set package 'waypoints_generator' build argument 'catkin_cmake_args' from command line to 'None'
[0.162s] Level 5:colcon.colcon_core.verb:set package 'waypoints_generator' build argument 'catkin_skip_building_tests' from command line to 'False'
[0.162s] DEBUG:colcon.colcon_core.verb:Building package 'waypoints_generator' with the following arguments: {'ament_cmake_args': None, 'build_base': '/home/jack/water_tank_ws/build/waypoints_generator', 'catkin_cmake_args': None, 'catkin_skip_building_tests': False, 'cmake_args': None, 'cmake_clean_cache': False, 'cmake_clean_first': False, 'cmake_force_configure': False, 'cmake_target': None, 'cmake_target_skip_unavailable': False, 'install_base': '/home/jack/water_tank_ws/install/waypoints_generator', 'merge_install': False, 'path': '/home/jack/water_tank_ws/src/waypoints_generator', 'symlink_install': True, 'test_result_base': None}
[0.162s] Level 5:colcon.colcon_core.verb:set package 'ros2_control_demo_example_2' build argument 'cmake_args' from command line to 'None'
[0.162s] Level 5:colcon.colcon_core.verb:set package 'ros2_control_demo_example_2' build argument 'cmake_target' from command line to 'None'
[0.162s] Level 5:colcon.colcon_core.verb:set package 'ros2_control_demo_example_2' build argument 'cmake_target_skip_unavailable' from command line to 'False'
[0.162s] Level 5:colcon.colcon_core.verb:set package 'ros2_control_demo_example_2' build argument 'cmake_clean_cache' from command line to 'False'
[0.162s] Level 5:colcon.colcon_core.verb:set package 'ros2_control_demo_example_2' build argument 'cmake_clean_first' from command line to 'False'
[0.162s] Level 5:colcon.colcon_core.verb:set package 'ros2_control_demo_example_2' build argument 'cmake_force_configure' from command line to 'False'
[0.162s] Level 5:colcon.colcon_core.verb:set package 'ros2_control_demo_example_2' build argument 'ament_cmake_args' from command line to 'None'
[0.162s] Level 5:colcon.colcon_core.verb:set package 'ros2_control_demo_example_2' build argument 'catkin_cmake_args' from command line to 'None'
[0.162s] Level 5:colcon.colcon_core.verb:set package 'ros2_control_demo_example_2' build argument 'catkin_skip_building_tests' from command line to 'False'
[0.162s] DEBUG:colcon.colcon_core.verb:Building package 'ros2_control_demo_example_2' with the following arguments: {'ament_cmake_args': None, 'build_base': '/home/jack/water_tank_ws/build/ros2_control_demo_example_2', 'catkin_cmake_args': None, 'catkin_skip_building_tests': False, 'cmake_args': None, 'cmake_clean_cache': False, 'cmake_clean_first': False, 'cmake_force_configure': False, 'cmake_target': None, 'cmake_target_skip_unavailable': False, 'install_base': '/home/jack/water_tank_ws/install/ros2_control_demo_example_2', 'merge_install': False, 'path': '/home/jack/water_tank_ws/src/example_2', 'symlink_install': True, 'test_result_base': None}
[0.162s] INFO:colcon.colcon_core.executor:Executing jobs using 'parallel' executor
[0.163s] DEBUG:colcon.colcon_parallel_executor.executor.parallel:run_until_complete
[0.163s] INFO:colcon.colcon_ros.task.ament_cmake.build:Building ROS package in '/home/jack/water_tank_ws/src/ros2_control_demo_description' with build type 'ament_cmake'
[0.163s] INFO:colcon.colcon_cmake.task.cmake.build:Building CMake package in '/home/jack/water_tank_ws/src/ros2_control_demo_description'
[0.164s] INFO:colcon.colcon_core.plugin_system:Skipping extension 'colcon_core.shell.bat': Not used on non-Windows systems
[0.164s] INFO:colcon.colcon_core.shell:Skip shell extension 'powershell' for command environment: Not usable outside of PowerShell
[0.165s] DEBUG:colcon.colcon_core.shell:Skip shell extension 'dsv' for command environment
[0.167s] INFO:colcon.colcon_ros.task.ament_cmake.build:Building ROS package in '/home/jack/water_tank_ws/src/rf2o_laser_odometry' with build type 'ament_cmake'
[0.167s] INFO:colcon.colcon_cmake.task.cmake.build:Building CMake package in '/home/jack/water_tank_ws/src/rf2o_laser_odometry'
[0.167s] INFO:colcon.colcon_core.shell:Skip shell extension 'powershell' for command environment: Not usable outside of PowerShell
[0.167s] DEBUG:colcon.colcon_core.shell:Skip shell extension 'dsv' for command environment
[0.170s] INFO:colcon.colcon_ros.task.ament_cmake.build:Building ROS package in '/home/jack/water_tank_ws/src/rplidar_ros' with build type 'ament_cmake'
[0.170s] INFO:colcon.colcon_cmake.task.cmake.build:Building CMake package in '/home/jack/water_tank_ws/src/rplidar_ros'
[0.170s] INFO:colcon.colcon_core.shell:Skip shell extension 'powershell' for command environment: Not usable outside of PowerShell
[0.170s] DEBUG:colcon.colcon_core.shell:Skip shell extension 'dsv' for command environment
[0.172s] INFO:colcon.colcon_ros.task.ament_python.build:Building ROS package in '/home/jack/water_tank_ws/src/water_bot_task_navigator' with build type 'ament_python'
[0.172s] Level 1:colcon.colcon_core.shell:create_environment_hook('water_bot_task_navigator', 'ament_prefix_path')
[0.173s] INFO:colcon.colcon_core.shell:Creating environment hook '/home/jack/water_tank_ws/install/water_bot_task_navigator/share/water_bot_task_navigator/hook/ament_prefix_path.ps1'
[0.173s] INFO:colcon.colcon_core.shell:Creating environment descriptor '/home/jack/water_tank_ws/install/water_bot_task_navigator/share/water_bot_task_navigator/hook/ament_prefix_path.dsv'
[0.173s] INFO:colcon.colcon_core.shell:Creating environment hook '/home/jack/water_tank_ws/install/water_bot_task_navigator/share/water_bot_task_navigator/hook/ament_prefix_path.sh'
[0.173s] INFO:colcon.colcon_core.shell:Skip shell extension 'powershell' for command environment: Not usable outside of PowerShell
[0.173s] DEBUG:colcon.colcon_core.shell:Skip shell extension 'dsv' for command environment
[0.176s] INFO:colcon.colcon_ros.task.ament_cmake.build:Building ROS package in '/home/jack/water_tank_ws/src/water_tank_cartographer' with build type 'ament_cmake'
[0.176s] INFO:colcon.colcon_cmake.task.cmake.build:Building CMake package in '/home/jack/water_tank_ws/src/water_tank_cartographer'
[0.176s] INFO:colcon.colcon_core.shell:Skip shell extension 'powershell' for command environment: Not usable outside of PowerShell
[0.176s] DEBUG:colcon.colcon_core.shell:Skip shell extension 'dsv' for command environment
[0.178s] INFO:colcon.colcon_ros.task.ament_cmake.build:Building ROS package in '/home/jack/water_tank_ws/src/water_tank_navigation' with build type 'ament_cmake'
[0.179s] INFO:colcon.colcon_cmake.task.cmake.build:Building CMake package in '/home/jack/water_tank_ws/src/water_tank_navigation'
[0.179s] INFO:colcon.colcon_core.shell:Skip shell extension 'powershell' for command environment: Not usable outside of PowerShell
[0.179s] DEBUG:colcon.colcon_core.shell:Skip shell extension 'dsv' for command environment
[0.181s] INFO:colcon.colcon_ros.task.ament_python.build:Building ROS package in '/home/jack/water_tank_ws/src/waypoints_generator' with build type 'ament_python'
[0.181s] Level 1:colcon.colcon_core.shell:create_environment_hook('waypoints_generator', 'ament_prefix_path')
[0.181s] INFO:colcon.colcon_core.shell:Creating environment hook '/home/jack/water_tank_ws/install/waypoints_generator/share/waypoints_generator/hook/ament_prefix_path.ps1'
[0.181s] INFO:colcon.colcon_core.shell:Creating environment descriptor '/home/jack/water_tank_ws/install/waypoints_generator/share/waypoints_generator/hook/ament_prefix_path.dsv'
[0.182s] INFO:colcon.colcon_core.shell:Creating environment hook '/home/jack/water_tank_ws/install/waypoints_generator/share/waypoints_generator/hook/ament_prefix_path.sh'
[0.182s] INFO:colcon.colcon_core.shell:Skip shell extension 'powershell' for command environment: Not usable outside of PowerShell
[0.182s] DEBUG:colcon.colcon_core.shell:Skip shell extension 'dsv' for command environment
[0.187s] DEBUG:colcon.colcon_core.event_handler.log_command:Invoking command in '/home/jack/water_tank_ws/build/ros2_control_demo_description': CMAKE_PREFIX_PATH=${CMAKE_PREFIX_PATH}:/home/jack/water_tank_ws/install/water_bot_task_navigator:/home/jack/water_tank_ws/install/waypoints_generator:/opt/ros/jazzy DEBUGINFOD_URLS=https://debuginfod.ubuntu.com /usr/bin/cmake --build /home/jack/water_tank_ws/build/ros2_control_demo_description -- -j20 -l20
[0.189s] DEBUG:colcon.colcon_core.event_handler.log_command:Invoking command in '/home/jack/water_tank_ws/build/rf2o_laser_odometry': CMAKE_PREFIX_PATH=${CMAKE_PREFIX_PATH}:/home/jack/water_tank_ws/install/water_bot_task_navigator:/home/jack/water_tank_ws/install/waypoints_generator:/opt/ros/jazzy DEBUGINFOD_URLS=https://debuginfod.ubuntu.com /usr/bin/cmake --build /home/jack/water_tank_ws/build/rf2o_laser_odometry -- -j20 -l20
[0.190s] DEBUG:colcon.colcon_core.event_handler.log_command:Invoking command in '/home/jack/water_tank_ws/build/rplidar_ros': CMAKE_PREFIX_PATH=${CMAKE_PREFIX_PATH}:/home/jack/water_tank_ws/install/water_bot_task_navigator:/home/jack/water_tank_ws/install/waypoints_generator:/opt/ros/jazzy DEBUGINFOD_URLS=https://debuginfod.ubuntu.com /usr/bin/cmake --build /home/jack/water_tank_ws/build/rplidar_ros -- -j20 -l20
[0.328s] INFO:colcon.colcon_core.task.python.build:Building Python package in '/home/jack/water_tank_ws/src/water_bot_task_navigator'
[0.328s] INFO:colcon.colcon_core.shell:Skip shell extension 'powershell' for command environment: Not usable outside of PowerShell
[0.328s] DEBUG:colcon.colcon_core.shell:Skip shell extension 'dsv' for command environment
[0.332s] DEBUG:colcon.colcon_core.event_handler.log_command:Invoking command in '/home/jack/water_tank_ws/build/water_tank_cartographer': CMAKE_PREFIX_PATH=${CMAKE_PREFIX_PATH}:/home/jack/water_tank_ws/install/water_bot_task_navigator:/home/jack/water_tank_ws/install/waypoints_generator:/opt/ros/jazzy DEBUGINFOD_URLS=https://debuginfod.ubuntu.com /usr/bin/cmake --build /home/jack/water_tank_ws/build/water_tank_cartographer -- -j20 -l20
[0.334s] DEBUG:colcon.colcon_core.event_handler.log_command:Invoking command in '/home/jack/water_tank_ws/build/water_tank_navigation': CMAKE_PREFIX_PATH=${CMAKE_PREFIX_PATH}:/home/jack/water_tank_ws/install/water_bot_task_navigator:/home/jack/water_tank_ws/install/waypoints_generator:/opt/ros/jazzy DEBUGINFOD_URLS=https://debuginfod.ubuntu.com /usr/bin/cmake --build /home/jack/water_tank_ws/build/water_tank_navigation -- -j20 -l20
[0.337s] DEBUG:colcon.colcon_core.event_handler.log_command:Invoked command in '/home/jack/water_tank_ws/build/ros2_control_demo_description' returned '0': CMAKE_PREFIX_PATH=${CMAKE_PREFIX_PATH}:/home/jack/water_tank_ws/install/water_bot_task_navigator:/home/jack/water_tank_ws/install/waypoints_generator:/opt/ros/jazzy DEBUGINFOD_URLS=https://debuginfod.ubuntu.com /usr/bin/cmake --build /home/jack/water_tank_ws/build/ros2_control_demo_description -- -j20 -l20
[0.346s] DEBUG:colcon.colcon_core.event_handler.log_command:Invoking command in '/home/jack/water_tank_ws/build/ros2_control_demo_description': CMAKE_PREFIX_PATH=${CMAKE_PREFIX_PATH}:/home/jack/water_tank_ws/install/water_bot_task_navigator:/home/jack/water_tank_ws/install/waypoints_generator:/opt/ros/jazzy DEBUGINFOD_URLS=https://debuginfod.ubuntu.com /usr/bin/cmake --install /home/jack/water_tank_ws/build/ros2_control_demo_description
[0.347s] DEBUG:colcon.colcon_core.event_handler.log_command:Invoked command in '/home/jack/water_tank_ws/build/rf2o_laser_odometry' returned '0': CMAKE_PREFIX_PATH=${CMAKE_PREFIX_PATH}:/home/jack/water_tank_ws/install/water_bot_task_navigator:/home/jack/water_tank_ws/install/waypoints_generator:/opt/ros/jazzy DEBUGINFOD_URLS=https://debuginfod.ubuntu.com /usr/bin/cmake --build /home/jack/water_tank_ws/build/rf2o_laser_odometry -- -j20 -l20
[0.347s] DEBUG:colcon.colcon_core.event_handler.log_command:Invoking command in '/home/jack/water_tank_ws/build/rf2o_laser_odometry': CMAKE_PREFIX_PATH=${CMAKE_PREFIX_PATH}:/home/jack/water_tank_ws/install/water_bot_task_navigator:/home/jack/water_tank_ws/install/waypoints_generator:/opt/ros/jazzy DEBUGINFOD_URLS=https://debuginfod.ubuntu.com /usr/bin/cmake --install /home/jack/water_tank_ws/build/rf2o_laser_odometry
[0.348s] DEBUG:colcon.colcon_core.event_handler.log_command:Invoked command in '/home/jack/water_tank_ws/build/rplidar_ros' returned '0': CMAKE_PREFIX_PATH=${CMAKE_PREFIX_PATH}:/home/jack/water_tank_ws/install/water_bot_task_navigator:/home/jack/water_tank_ws/install/waypoints_generator:/opt/ros/jazzy DEBUGINFOD_URLS=https://debuginfod.ubuntu.com /usr/bin/cmake --build /home/jack/water_tank_ws/build/rplidar_ros -- -j20 -l20
[0.349s] DEBUG:colcon.colcon_core.event_handler.log_command:Invoking command in '/home/jack/water_tank_ws/build/rplidar_ros': CMAKE_PREFIX_PATH=${CMAKE_PREFIX_PATH}:/home/jack/water_tank_ws/install/water_bot_task_navigator:/home/jack/water_tank_ws/install/waypoints_generator:/opt/ros/jazzy DEBUGINFOD_URLS=https://debuginfod.ubuntu.com /usr/bin/cmake --install /home/jack/water_tank_ws/build/rplidar_ros
[0.510s] INFO:colcon.colcon_core.task.python.build:Building Python package in '/home/jack/water_tank_ws/src/waypoints_generator'
[0.510s] INFO:colcon.colcon_core.shell:Skip shell extension 'powershell' for command environment: Not usable outside of PowerShell
[0.510s] DEBUG:colcon.colcon_core.shell:Skip shell extension 'dsv' for command environment
[0.519s] Level 1:colcon.colcon_core.environment:create_environment_scripts_only(ros2_control_demo_description)
[0.524s] DEBUG:colcon.colcon_core.event_handler.log_command:Invoked command in '/home/jack/water_tank_ws/build/water_tank_cartographer' returned '0': CMAKE_PREFIX_PATH=${CMAKE_PREFIX_PATH}:/home/jack/water_tank_ws/install/water_bot_task_navigator:/home/jack/water_tank_ws/install/waypoints_generator:/opt/ros/jazzy DEBUGINFOD_URLS=https://debuginfod.ubuntu.com /usr/bin/cmake --build /home/jack/water_tank_ws/build/water_tank_cartographer -- -j20 -l20
[0.524s] DEBUG:colcon.colcon_core.event_handler.log_command:Invoking command in '/home/jack/water_tank_ws/build/water_tank_cartographer': CMAKE_PREFIX_PATH=${CMAKE_PREFIX_PATH}:/home/jack/water_tank_ws/install/water_bot_task_navigator:/home/jack/water_tank_ws/install/waypoints_generator:/opt/ros/jazzy DEBUGINFOD_URLS=https://debuginfod.ubuntu.com /usr/bin/cmake --install /home/jack/water_tank_ws/build/water_tank_cartographer
[0.525s] DEBUG:colcon.colcon_core.event_handler.log_command:Invoked command in '/home/jack/water_tank_ws/build/ros2_control_demo_description' returned '0': CMAKE_PREFIX_PATH=${CMAKE_PREFIX_PATH}:/home/jack/water_tank_ws/install/water_bot_task_navigator:/home/jack/water_tank_ws/install/waypoints_generator:/opt/ros/jazzy DEBUGINFOD_URLS=https://debuginfod.ubuntu.com /usr/bin/cmake --install /home/jack/water_tank_ws/build/ros2_control_demo_description
[0.525s] Level 1:colcon.colcon_core.environment:checking '/home/jack/water_tank_ws/install/ros2_control_demo_description' for CMake module files
[0.525s] Level 1:colcon.colcon_core.environment:checking '/home/jack/water_tank_ws/install/ros2_control_demo_description' for CMake config files
[0.525s] Level 1:colcon.colcon_core.shell:create_environment_hook('ros2_control_demo_description', 'cmake_prefix_path')
[0.526s] INFO:colcon.colcon_core.shell:Creating environment hook '/home/jack/water_tank_ws/install/ros2_control_demo_description/share/ros2_control_demo_description/hook/cmake_prefix_path.ps1'
[0.526s] INFO:colcon.colcon_core.shell:Creating environment descriptor '/home/jack/water_tank_ws/install/ros2_control_demo_description/share/ros2_control_demo_description/hook/cmake_prefix_path.dsv'
[0.526s] INFO:colcon.colcon_core.shell:Creating environment hook '/home/jack/water_tank_ws/install/ros2_control_demo_description/share/ros2_control_demo_description/hook/cmake_prefix_path.sh'
[0.526s] Level 1:colcon.colcon_core.environment:checking '/home/jack/water_tank_ws/install/ros2_control_demo_description/bin'
[0.526s] Level 1:colcon.colcon_core.environment:checking '/home/jack/water_tank_ws/install/ros2_control_demo_description/lib/pkgconfig/ros2_control_demo_description.pc'
[0.527s] Level 1:colcon.colcon_core.environment:checking '/home/jack/water_tank_ws/install/ros2_control_demo_description/lib/python3.12/site-packages'
[0.527s] Level 1:colcon.colcon_core.environment:checking '/home/jack/water_tank_ws/install/ros2_control_demo_description/bin'
[0.527s] INFO:colcon.colcon_core.shell:Creating package script '/home/jack/water_tank_ws/install/ros2_control_demo_description/share/ros2_control_demo_description/package.ps1'
[0.527s] INFO:colcon.colcon_core.shell:Creating package descriptor '/home/jack/water_tank_ws/install/ros2_control_demo_description/share/ros2_control_demo_description/package.dsv'
[0.528s] INFO:colcon.colcon_core.shell:Creating package script '/home/jack/water_tank_ws/install/ros2_control_demo_description/share/ros2_control_demo_description/package.sh'
[0.528s] INFO:colcon.colcon_core.shell:Creating package script '/home/jack/water_tank_ws/install/ros2_control_demo_description/share/ros2_control_demo_description/package.bash'
[0.528s] INFO:colcon.colcon_core.shell:Creating package script '/home/jack/water_tank_ws/install/ros2_control_demo_description/share/ros2_control_demo_description/package.zsh'
[0.528s] Level 1:colcon.colcon_core.environment:create_file_with_runtime_dependencies(/home/jack/water_tank_ws/install/ros2_control_demo_description/share/colcon-core/packages/ros2_control_demo_description)
[0.529s] Level 1:colcon.colcon_core.environment:create_environment_scripts_only(ros2_control_demo_description)
[0.529s] Level 1:colcon.colcon_core.environment:checking '/home/jack/water_tank_ws/install/ros2_control_demo_description' for CMake module files
[0.537s] Level 1:colcon.colcon_core.environment:checking '/home/jack/water_tank_ws/install/ros2_control_demo_description' for CMake config files
[0.537s] Level 1:colcon.colcon_core.shell:create_environment_hook('ros2_control_demo_description', 'cmake_prefix_path')
[0.537s] INFO:colcon.colcon_core.shell:Creating environment hook '/home/jack/water_tank_ws/install/ros2_control_demo_description/share/ros2_control_demo_description/hook/cmake_prefix_path.ps1'
[0.537s] INFO:colcon.colcon_core.shell:Creating environment descriptor '/home/jack/water_tank_ws/install/ros2_control_demo_description/share/ros2_control_demo_description/hook/cmake_prefix_path.dsv'
[0.537s] INFO:colcon.colcon_core.shell:Creating environment hook '/home/jack/water_tank_ws/install/ros2_control_demo_description/share/ros2_control_demo_description/hook/cmake_prefix_path.sh'
[0.538s] Level 1:colcon.colcon_core.environment:checking '/home/jack/water_tank_ws/install/ros2_control_demo_description/bin'
[0.538s] Level 1:colcon.colcon_core.environment:checking '/home/jack/water_tank_ws/install/ros2_control_demo_description/lib/pkgconfig/ros2_control_demo_description.pc'
[0.538s] Level 1:colcon.colcon_core.environment:checking '/home/jack/water_tank_ws/install/ros2_control_demo_description/lib/python3.12/site-packages'
[0.538s] Level 1:colcon.colcon_core.environment:checking '/home/jack/water_tank_ws/install/ros2_control_demo_description/bin'
[0.538s] INFO:colcon.colcon_core.shell:Creating package script '/home/jack/water_tank_ws/install/ros2_control_demo_description/share/ros2_control_demo_description/package.ps1'
[0.538s] INFO:colcon.colcon_core.shell:Creating package descriptor '/home/jack/water_tank_ws/install/ros2_control_demo_description/share/ros2_control_demo_description/package.dsv'
[0.539s] INFO:colcon.colcon_core.shell:Creating package script '/home/jack/water_tank_ws/install/ros2_control_demo_description/share/ros2_control_demo_description/package.sh'
[0.539s] INFO:colcon.colcon_core.shell:Creating package script '/home/jack/water_tank_ws/install/ros2_control_demo_description/share/ros2_control_demo_description/package.bash'
[0.539s] INFO:colcon.colcon_core.shell:Creating package script '/home/jack/water_tank_ws/install/ros2_control_demo_description/share/ros2_control_demo_description/package.zsh'
[0.539s] Level 1:colcon.colcon_core.environment:create_file_with_runtime_dependencies(/home/jack/water_tank_ws/install/ros2_control_demo_description/share/colcon-core/packages/ros2_control_demo_description)
[0.539s] Level 1:colcon.colcon_core.environment:create_environment_scripts_only(rplidar_ros)
[0.539s] Level 1:colcon.colcon_core.environment:checking '/home/jack/water_tank_ws/install/rplidar_ros' for CMake module files
[0.540s] Level 1:colcon.colcon_core.environment:checking '/home/jack/water_tank_ws/install/rplidar_ros' for CMake config files
[0.540s] DEBUG:colcon.colcon_core.event_handler.log_command:Invoked command in '/home/jack/water_tank_ws/build/rplidar_ros' returned '0': CMAKE_PREFIX_PATH=${CMAKE_PREFIX_PATH}:/home/jack/water_tank_ws/install/water_bot_task_navigator:/home/jack/water_tank_ws/install/waypoints_generator:/opt/ros/jazzy DEBUGINFOD_URLS=https://debuginfod.ubuntu.com /usr/bin/cmake --install /home/jack/water_tank_ws/build/rplidar_ros
[0.541s] Level 1:colcon.colcon_core.shell:create_environment_hook('rplidar_ros', 'cmake_prefix_path')
[0.541s] INFO:colcon.colcon_core.shell:Creating environment hook '/home/jack/water_tank_ws/install/rplidar_ros/share/rplidar_ros/hook/cmake_prefix_path.ps1'
[0.541s] INFO:colcon.colcon_core.shell:Creating environment descriptor '/home/jack/water_tank_ws/install/rplidar_ros/share/rplidar_ros/hook/cmake_prefix_path.dsv'
[0.542s] INFO:colcon.colcon_core.shell:Creating environment hook '/home/jack/water_tank_ws/install/rplidar_ros/share/rplidar_ros/hook/cmake_prefix_path.sh'
[0.542s] Level 1:colcon.colcon_core.environment:checking '/home/jack/water_tank_ws/install/rplidar_ros/lib'
[0.543s] Level 1:colcon.colcon_core.environment:checking '/home/jack/water_tank_ws/install/rplidar_ros/bin'
[0.543s] Level 1:colcon.colcon_core.environment:checking '/home/jack/water_tank_ws/install/rplidar_ros/lib/pkgconfig/rplidar_ros.pc'
[0.543s] Level 1:colcon.colcon_core.environment:checking '/home/jack/water_tank_ws/install/rplidar_ros/lib/python3.12/site-packages'
[0.543s] Level 1:colcon.colcon_core.environment:checking '/home/jack/water_tank_ws/install/rplidar_ros/bin'
[0.543s] INFO:colcon.colcon_core.shell:Creating package script '/home/jack/water_tank_ws/install/rplidar_ros/share/rplidar_ros/package.ps1'
[0.544s] INFO:colcon.colcon_core.shell:Creating package descriptor '/home/jack/water_tank_ws/install/rplidar_ros/share/rplidar_ros/package.dsv'
[0.544s] INFO:colcon.colcon_core.shell:Creating package script '/home/jack/water_tank_ws/install/rplidar_ros/share/rplidar_ros/package.sh'
[0.545s] INFO:colcon.colcon_core.shell:Creating package script '/home/jack/water_tank_ws/install/rplidar_ros/share/rplidar_ros/package.bash'
[0.545s] INFO:colcon.colcon_core.shell:Creating package script '/home/jack/water_tank_ws/install/rplidar_ros/share/rplidar_ros/package.zsh'
[0.545s] Level 1:colcon.colcon_core.environment:create_file_with_runtime_dependencies(/home/jack/water_tank_ws/install/rplidar_ros/share/colcon-core/packages/rplidar_ros)
[0.546s] Level 1:colcon.colcon_core.environment:create_environment_scripts_only(rplidar_ros)
[0.546s] Level 1:colcon.colcon_core.environment:checking '/home/jack/water_tank_ws/install/rplidar_ros' for CMake module files
[0.546s] Level 1:colcon.colcon_core.environment:checking '/home/jack/water_tank_ws/install/rplidar_ros' for CMake config files
[0.546s] Level 1:colcon.colcon_core.shell:create_environment_hook('rplidar_ros', 'cmake_prefix_path')
[0.546s] INFO:colcon.colcon_core.shell:Creating environment hook '/home/jack/water_tank_ws/install/rplidar_ros/share/rplidar_ros/hook/cmake_prefix_path.ps1'
[0.546s] INFO:colcon.colcon_core.shell:Creating environment descriptor '/home/jack/water_tank_ws/install/rplidar_ros/share/rplidar_ros/hook/cmake_prefix_path.dsv'
[0.547s] INFO:colcon.colcon_core.shell:Creating environment hook '/home/jack/water_tank_ws/install/rplidar_ros/share/rplidar_ros/hook/cmake_prefix_path.sh'
[0.547s] Level 1:colcon.colcon_core.environment:checking '/home/jack/water_tank_ws/install/rplidar_ros/lib'
[0.547s] Level 1:colcon.colcon_core.environment:checking '/home/jack/water_tank_ws/install/rplidar_ros/bin'
[0.547s] Level 1:colcon.colcon_core.environment:checking '/home/jack/water_tank_ws/install/rplidar_ros/lib/pkgconfig/rplidar_ros.pc'
[0.547s] Level 1:colcon.colcon_core.environment:checking '/home/jack/water_tank_ws/install/rplidar_ros/lib/python3.12/site-packages'
[0.547s] Level 1:colcon.colcon_core.environment:checking '/home/jack/water_tank_ws/install/rplidar_ros/bin'
[0.547s] INFO:colcon.colcon_core.shell:Creating package script '/home/jack/water_tank_ws/install/rplidar_ros/share/rplidar_ros/package.ps1'
[0.548s] INFO:colcon.colcon_core.shell:Creating package descriptor '/home/jack/water_tank_ws/install/rplidar_ros/share/rplidar_ros/package.dsv'
[0.548s] INFO:colcon.colcon_core.shell:Creating package script '/home/jack/water_tank_ws/install/rplidar_ros/share/rplidar_ros/package.sh'
[0.548s] INFO:colcon.colcon_core.shell:Creating package script '/home/jack/water_tank_ws/install/rplidar_ros/share/rplidar_ros/package.bash'
[0.548s] INFO:colcon.colcon_core.shell:Creating package script '/home/jack/water_tank_ws/install/rplidar_ros/share/rplidar_ros/package.zsh'
[0.548s] Level 1:colcon.colcon_core.environment:create_file_with_runtime_dependencies(/home/jack/water_tank_ws/install/rplidar_ros/share/colcon-core/packages/rplidar_ros)
[0.549s] DEBUG:colcon.colcon_core.event_handler.log_command:Invoked command in '/home/jack/water_tank_ws/build/water_tank_navigation' returned '0': CMAKE_PREFIX_PATH=${CMAKE_PREFIX_PATH}:/home/jack/water_tank_ws/install/water_bot_task_navigator:/home/jack/water_tank_ws/install/waypoints_generator:/opt/ros/jazzy DEBUGINFOD_URLS=https://debuginfod.ubuntu.com /usr/bin/cmake --build /home/jack/water_tank_ws/build/water_tank_navigation -- -j20 -l20
[0.549s] DEBUG:colcon.colcon_core.event_handler.log_command:Invoking command in '/home/jack/water_tank_ws/build/water_tank_navigation': CMAKE_PREFIX_PATH=${CMAKE_PREFIX_PATH}:/home/jack/water_tank_ws/install/water_bot_task_navigator:/home/jack/water_tank_ws/install/waypoints_generator:/opt/ros/jazzy DEBUGINFOD_URLS=https://debuginfod.ubuntu.com /usr/bin/cmake --install /home/jack/water_tank_ws/build/water_tank_navigation
[0.550s] Level 1:colcon.colcon_core.environment:create_environment_scripts_only(rf2o_laser_odometry)
[0.550s] DEBUG:colcon.colcon_core.event_handler.log_command:Invoked command in '/home/jack/water_tank_ws/build/rf2o_laser_odometry' returned '0': CMAKE_PREFIX_PATH=${CMAKE_PREFIX_PATH}:/home/jack/water_tank_ws/install/water_bot_task_navigator:/home/jack/water_tank_ws/install/waypoints_generator:/opt/ros/jazzy DEBUGINFOD_URLS=https://debuginfod.ubuntu.com /usr/bin/cmake --install /home/jack/water_tank_ws/build/rf2o_laser_odometry
[0.550s] Level 1:colcon.colcon_core.environment:checking '/home/jack/water_tank_ws/install/rf2o_laser_odometry' for CMake module files
[0.550s] Level 1:colcon.colcon_core.environment:checking '/home/jack/water_tank_ws/install/rf2o_laser_odometry' for CMake config files
[0.550s] Level 1:colcon.colcon_core.shell:create_environment_hook('rf2o_laser_odometry', 'cmake_prefix_path')
[0.550s] INFO:colcon.colcon_core.shell:Creating environment hook '/home/jack/water_tank_ws/install/rf2o_laser_odometry/share/rf2o_laser_odometry/hook/cmake_prefix_path.ps1'
[0.551s] INFO:colcon.colcon_core.shell:Creating environment descriptor '/home/jack/water_tank_ws/install/rf2o_laser_odometry/share/rf2o_laser_odometry/hook/cmake_prefix_path.dsv'
[0.551s] INFO:colcon.colcon_core.shell:Creating environment hook '/home/jack/water_tank_ws/install/rf2o_laser_odometry/share/rf2o_laser_odometry/hook/cmake_prefix_path.sh'
[0.551s] Level 1:colcon.colcon_core.environment:checking '/home/jack/water_tank_ws/install/rf2o_laser_odometry/lib'
[0.551s] Level 1:colcon.colcon_core.environment:checking '/home/jack/water_tank_ws/install/rf2o_laser_odometry/bin'
[0.551s] Level 1:colcon.colcon_core.environment:checking '/home/jack/water_tank_ws/install/rf2o_laser_odometry/lib/pkgconfig/rf2o_laser_odometry.pc'
[0.551s] Level 1:colcon.colcon_core.environment:checking '/home/jack/water_tank_ws/install/rf2o_laser_odometry/lib/python3.12/site-packages'
[0.551s] Level 1:colcon.colcon_core.environment:checking '/home/jack/water_tank_ws/install/rf2o_laser_odometry/bin'
[0.552s] INFO:colcon.colcon_core.shell:Creating package script '/home/jack/water_tank_ws/install/rf2o_laser_odometry/share/rf2o_laser_odometry/package.ps1'
[0.552s] INFO:colcon.colcon_core.shell:Creating package descriptor '/home/jack/water_tank_ws/install/rf2o_laser_odometry/share/rf2o_laser_odometry/package.dsv'
[0.552s] INFO:colcon.colcon_core.shell:Creating package script '/home/jack/water_tank_ws/install/rf2o_laser_odometry/share/rf2o_laser_odometry/package.sh'
[0.552s] INFO:colcon.colcon_core.shell:Creating package script '/home/jack/water_tank_ws/install/rf2o_laser_odometry/share/rf2o_laser_odometry/package.bash'
[0.552s] INFO:colcon.colcon_core.shell:Creating package script '/home/jack/water_tank_ws/install/rf2o_laser_odometry/share/rf2o_laser_odometry/package.zsh'
[0.553s] Level 1:colcon.colcon_core.environment:create_file_with_runtime_dependencies(/home/jack/water_tank_ws/install/rf2o_laser_odometry/share/colcon-core/packages/rf2o_laser_odometry)
[0.553s] Level 1:colcon.colcon_core.environment:create_environment_scripts_only(rf2o_laser_odometry)
[0.553s] Level 1:colcon.colcon_core.environment:checking '/home/jack/water_tank_ws/install/rf2o_laser_odometry' for CMake module files
[0.553s] Level 1:colcon.colcon_core.environment:checking '/home/jack/water_tank_ws/install/rf2o_laser_odometry' for CMake config files
[0.553s] Level 1:colcon.colcon_core.shell:create_environment_hook('rf2o_laser_odometry', 'cmake_prefix_path')
[0.553s] INFO:colcon.colcon_core.shell:Creating environment hook '/home/jack/water_tank_ws/install/rf2o_laser_odometry/share/rf2o_laser_odometry/hook/cmake_prefix_path.ps1'
[0.554s] INFO:colcon.colcon_core.shell:Creating environment descriptor '/home/jack/water_tank_ws/install/rf2o_laser_odometry/share/rf2o_laser_odometry/hook/cmake_prefix_path.dsv'
[0.554s] INFO:colcon.colcon_core.shell:Creating environment hook '/home/jack/water_tank_ws/install/rf2o_laser_odometry/share/rf2o_laser_odometry/hook/cmake_prefix_path.sh'
[0.554s] Level 1:colcon.colcon_core.environment:checking '/home/jack/water_tank_ws/install/rf2o_laser_odometry/lib'
[0.554s] Level 1:colcon.colcon_core.environment:checking '/home/jack/water_tank_ws/install/rf2o_laser_odometry/bin'
[0.554s] Level 1:colcon.colcon_core.environment:checking '/home/jack/water_tank_ws/install/rf2o_laser_odometry/lib/pkgconfig/rf2o_laser_odometry.pc'
[0.554s] Level 1:colcon.colcon_core.environment:checking '/home/jack/water_tank_ws/install/rf2o_laser_odometry/lib/python3.12/site-packages'
[0.554s] Level 1:colcon.colcon_core.environment:checking '/home/jack/water_tank_ws/install/rf2o_laser_odometry/bin'
[0.554s] INFO:colcon.colcon_core.shell:Creating package script '/home/jack/water_tank_ws/install/rf2o_laser_odometry/share/rf2o_laser_odometry/package.ps1'
[0.555s] INFO:colcon.colcon_core.shell:Creating package descriptor '/home/jack/water_tank_ws/install/rf2o_laser_odometry/share/rf2o_laser_odometry/package.dsv'
[0.555s] INFO:colcon.colcon_core.shell:Creating package script '/home/jack/water_tank_ws/install/rf2o_laser_odometry/share/rf2o_laser_odometry/package.sh'
[0.555s] INFO:colcon.colcon_core.shell:Creating package script '/home/jack/water_tank_ws/install/rf2o_laser_odometry/share/rf2o_laser_odometry/package.bash'
[0.555s] INFO:colcon.colcon_core.shell:Creating package script '/home/jack/water_tank_ws/install/rf2o_laser_odometry/share/rf2o_laser_odometry/package.zsh'
[0.556s] Level 1:colcon.colcon_core.environment:create_file_with_runtime_dependencies(/home/jack/water_tank_ws/install/rf2o_laser_odometry/share/colcon-core/packages/rf2o_laser_odometry)
[0.556s] INFO:colcon.colcon_ros.task.ament_cmake.build:Building ROS package in '/home/jack/water_tank_ws/src/example_2' with build type 'ament_cmake'
[0.556s] INFO:colcon.colcon_cmake.task.cmake.build:Building CMake package in '/home/jack/water_tank_ws/src/example_2'
[0.556s] INFO:colcon.colcon_core.shell:Skip shell extension 'powershell' for command environment: Not usable outside of PowerShell
[0.556s] DEBUG:colcon.colcon_core.shell:Skip shell extension 'dsv' for command environment
[0.561s] Level 1:colcon.colcon_core.environment:create_environment_scripts_only(water_tank_cartographer)
[0.561s] Level 1:colcon.colcon_core.environment:checking '/home/jack/water_tank_ws/install/water_tank_cartographer' for CMake module files
[0.563s] Level 1:colcon.colcon_core.environment:checking '/home/jack/water_tank_ws/install/water_tank_cartographer' for CMake config files
[0.564s] DEBUG:colcon.colcon_core.event_handler.log_command:Invoked command in '/home/jack/water_tank_ws/build/water_tank_cartographer' returned '0': CMAKE_PREFIX_PATH=${CMAKE_PREFIX_PATH}:/home/jack/water_tank_ws/install/water_bot_task_navigator:/home/jack/water_tank_ws/install/waypoints_generator:/opt/ros/jazzy DEBUGINFOD_URLS=https://debuginfod.ubuntu.com /usr/bin/cmake --install /home/jack/water_tank_ws/build/water_tank_cartographer
[0.565s] Level 1:colcon.colcon_core.shell:create_environment_hook('water_tank_cartographer', 'cmake_prefix_path')
[0.565s] INFO:colcon.colcon_core.shell:Creating environment hook '/home/jack/water_tank_ws/install/water_tank_cartographer/share/water_tank_cartographer/hook/cmake_prefix_path.ps1'
[0.565s] INFO:colcon.colcon_core.shell:Creating environment descriptor '/home/jack/water_tank_ws/install/water_tank_cartographer/share/water_tank_cartographer/hook/cmake_prefix_path.dsv'
[0.565s] INFO:colcon.colcon_core.shell:Creating environment hook '/home/jack/water_tank_ws/install/water_tank_cartographer/share/water_tank_cartographer/hook/cmake_prefix_path.sh'
[0.566s] Level 1:colcon.colcon_core.environment:checking '/home/jack/water_tank_ws/install/water_tank_cartographer/bin'
[0.566s] Level 1:colcon.colcon_core.environment:checking '/home/jack/water_tank_ws/install/water_tank_cartographer/lib/pkgconfig/water_tank_cartographer.pc'
[0.566s] Level 1:colcon.colcon_core.environment:checking '/home/jack/water_tank_ws/install/water_tank_cartographer/lib/python3.12/site-packages'
[0.566s] Level 1:colcon.colcon_core.environment:checking '/home/jack/water_tank_ws/install/water_tank_cartographer/bin'
[0.566s] INFO:colcon.colcon_core.shell:Creating package script '/home/jack/water_tank_ws/install/water_tank_cartographer/share/water_tank_cartographer/package.ps1'
[0.566s] INFO:colcon.colcon_core.shell:Creating package descriptor '/home/jack/water_tank_ws/install/water_tank_cartographer/share/water_tank_cartographer/package.dsv'
[0.567s] INFO:colcon.colcon_core.shell:Creating package script '/home/jack/water_tank_ws/install/water_tank_cartographer/share/water_tank_cartographer/package.sh'
[0.567s] INFO:colcon.colcon_core.shell:Creating package script '/home/jack/water_tank_ws/install/water_tank_cartographer/share/water_tank_cartographer/package.bash'
[0.567s] INFO:colcon.colcon_core.shell:Creating package script '/home/jack/water_tank_ws/install/water_tank_cartographer/share/water_tank_cartographer/package.zsh'
[0.567s] Level 1:colcon.colcon_core.environment:create_file_with_runtime_dependencies(/home/jack/water_tank_ws/install/water_tank_cartographer/share/colcon-core/packages/water_tank_cartographer)
[0.567s] Level 1:colcon.colcon_core.environment:create_environment_scripts_only(water_tank_cartographer)
[0.568s] Level 1:colcon.colcon_core.environment:checking '/home/jack/water_tank_ws/install/water_tank_cartographer' for CMake module files
[0.568s] Level 1:colcon.colcon_core.environment:checking '/home/jack/water_tank_ws/install/water_tank_cartographer' for CMake config files
[0.568s] Level 1:colcon.colcon_core.shell:create_environment_hook('water_tank_cartographer', 'cmake_prefix_path')
[0.568s] INFO:colcon.colcon_core.shell:Creating environment hook '/home/jack/water_tank_ws/install/water_tank_cartographer/share/water_tank_cartographer/hook/cmake_prefix_path.ps1'
[0.568s] INFO:colcon.colcon_core.shell:Creating environment descriptor '/home/jack/water_tank_ws/install/water_tank_cartographer/share/water_tank_cartographer/hook/cmake_prefix_path.dsv'
[0.568s] INFO:colcon.colcon_core.shell:Creating environment hook '/home/jack/water_tank_ws/install/water_tank_cartographer/share/water_tank_cartographer/hook/cmake_prefix_path.sh'
[0.569s] Level 1:colcon.colcon_core.environment:checking '/home/jack/water_tank_ws/install/water_tank_cartographer/bin'
[0.569s] Level 1:colcon.colcon_core.environment:checking '/home/jack/water_tank_ws/install/water_tank_cartographer/lib/pkgconfig/water_tank_cartographer.pc'
[0.569s] Level 1:colcon.colcon_core.environment:checking '/home/jack/water_tank_ws/install/water_tank_cartographer/lib/python3.12/site-packages'
[0.569s] Level 1:colcon.colcon_core.environment:checking '/home/jack/water_tank_ws/install/water_tank_cartographer/bin'
[0.569s] INFO:colcon.colcon_core.shell:Creating package script '/home/jack/water_tank_ws/install/water_tank_cartographer/share/water_tank_cartographer/package.ps1'
[0.569s] INFO:colcon.colcon_core.shell:Creating package descriptor '/home/jack/water_tank_ws/install/water_tank_cartographer/share/water_tank_cartographer/package.dsv'
[0.570s] INFO:colcon.colcon_core.shell:Creating package script '/home/jack/water_tank_ws/install/water_tank_cartographer/share/water_tank_cartographer/package.sh'
[0.570s] INFO:colcon.colcon_core.shell:Creating package script '/home/jack/water_tank_ws/install/water_tank_cartographer/share/water_tank_cartographer/package.bash'
[0.570s] INFO:colcon.colcon_core.shell:Creating package script '/home/jack/water_tank_ws/install/water_tank_cartographer/share/water_tank_cartographer/package.zsh'
[0.570s] Level 1:colcon.colcon_core.environment:create_file_with_runtime_dependencies(/home/jack/water_tank_ws/install/water_tank_cartographer/share/colcon-core/packages/water_tank_cartographer)
[0.573s] DEBUG:colcon.colcon_core.event_handler.log_command:Invoking command in '/home/jack/water_tank_ws/build/ros2_control_demo_example_2': CMAKE_PREFIX_PATH=/home/jack/water_tank_ws/install/ros2_control_demo_description:/home/jack/water_tank_ws/install/water_tank_navigation:/home/jack/water_tank_ws/install/water_tank_cartographer:/home/jack/water_tank_ws/install/rplidar_ros:/home/jack/water_tank_ws/install/ros2_control_demo_example_2:/home/jack/water_tank_ws/install/rf2o_laser_odometry:/opt/ros/jazzy/opt/gz_sim_vendor:/opt/ros/jazzy/opt/gz_sensors_vendor:/opt/ros/jazzy/opt/gz_physics_vendor:/opt/ros/jazzy/opt/sdformat_vendor:/opt/ros/jazzy/opt/gz_gui_vendor:/opt/ros/jazzy/opt/gz_transport_vendor:/opt/ros/jazzy/opt/gz_rendering_vendor:/opt/ros/jazzy/opt/gz_plugin_vendor:/opt/ros/jazzy/opt/gz_fuel_tools_vendor:/opt/ros/jazzy/opt/gz_msgs_vendor:/opt/ros/jazzy/opt/gz_common_vendor:/opt/ros/jazzy/opt/gz_math_vendor:/opt/ros/jazzy/opt/gz_utils_vendor:/opt/ros/jazzy/opt/gz_tools_vendor:/opt/ros/jazzy/opt/gz_ogre_next_vendor:/opt/ros/jazzy/opt/gz_dartsim_vendor:/opt/ros/jazzy/opt/gz_cmake_vendor:/home/jack/water_tank_ws/install/water_bot_task_navigator:/home/jack/water_tank_ws/install/waypoints_generator:/opt/ros/jazzy DEBUGINFOD_URLS=https://debuginfod.ubuntu.com /usr/bin/cmake --build /home/jack/water_tank_ws/build/ros2_control_demo_example_2 -- -j20 -l20
[0.573s] Level 1:colcon.colcon_core.environment:create_environment_scripts_only(water_tank_navigation)
[0.574s] Level 1:colcon.colcon_core.environment:checking '/home/jack/water_tank_ws/install/water_tank_navigation' for CMake module files
[0.574s] DEBUG:colcon.colcon_core.event_handler.log_command:Invoked command in '/home/jack/water_tank_ws/build/water_tank_navigation' returned '0': CMAKE_PREFIX_PATH=${CMAKE_PREFIX_PATH}:/home/jack/water_tank_ws/install/water_bot_task_navigator:/home/jack/water_tank_ws/install/waypoints_generator:/opt/ros/jazzy DEBUGINFOD_URLS=https://debuginfod.ubuntu.com /usr/bin/cmake --install /home/jack/water_tank_ws/build/water_tank_navigation
[0.575s] Level 1:colcon.colcon_core.environment:checking '/home/jack/water_tank_ws/install/water_tank_navigation' for CMake config files
[0.575s] Level 1:colcon.colcon_core.shell:create_environment_hook('water_tank_navigation', 'cmake_prefix_path')
[0.575s] INFO:colcon.colcon_core.shell:Creating environment hook '/home/jack/water_tank_ws/install/water_tank_navigation/share/water_tank_navigation/hook/cmake_prefix_path.ps1'
[0.575s] INFO:colcon.colcon_core.shell:Creating environment descriptor '/home/jack/water_tank_ws/install/water_tank_navigation/share/water_tank_navigation/hook/cmake_prefix_path.dsv'
[0.575s] INFO:colcon.colcon_core.shell:Creating environment hook '/home/jack/water_tank_ws/install/water_tank_navigation/share/water_tank_navigation/hook/cmake_prefix_path.sh'
[0.576s] Level 1:colcon.colcon_core.environment:checking '/home/jack/water_tank_ws/install/water_tank_navigation/bin'
[0.576s] Level 1:colcon.colcon_core.environment:checking '/home/jack/water_tank_ws/install/water_tank_navigation/lib/pkgconfig/water_tank_navigation.pc'
[0.576s] Level 1:colcon.colcon_core.environment:checking '/home/jack/water_tank_ws/install/water_tank_navigation/lib/python3.12/site-packages'
[0.576s] Level 1:colcon.colcon_core.environment:checking '/home/jack/water_tank_ws/install/water_tank_navigation/bin'
[0.576s] INFO:colcon.colcon_core.shell:Creating package script '/home/jack/water_tank_ws/install/water_tank_navigation/share/water_tank_navigation/package.ps1'
[0.576s] INFO:colcon.colcon_core.shell:Creating package descriptor '/home/jack/water_tank_ws/install/water_tank_navigation/share/water_tank_navigation/package.dsv'
[0.577s] INFO:colcon.colcon_core.shell:Creating package script '/home/jack/water_tank_ws/install/water_tank_navigation/share/water_tank_navigation/package.sh'
[0.577s] INFO:colcon.colcon_core.shell:Creating package script '/home/jack/water_tank_ws/install/water_tank_navigation/share/water_tank_navigation/package.bash'
[0.577s] INFO:colcon.colcon_core.shell:Creating package script '/home/jack/water_tank_ws/install/water_tank_navigation/share/water_tank_navigation/package.zsh'
[0.577s] Level 1:colcon.colcon_core.environment:create_file_with_runtime_dependencies(/home/jack/water_tank_ws/install/water_tank_navigation/share/colcon-core/packages/water_tank_navigation)
[0.578s] Level 1:colcon.colcon_core.environment:create_environment_scripts_only(water_tank_navigation)
[0.578s] Level 1:colcon.colcon_core.environment:checking '/home/jack/water_tank_ws/install/water_tank_navigation' for CMake module files
[0.578s] Level 1:colcon.colcon_core.environment:checking '/home/jack/water_tank_ws/install/water_tank_navigation' for CMake config files
[0.578s] Level 1:colcon.colcon_core.shell:create_environment_hook('water_tank_navigation', 'cmake_prefix_path')
[0.578s] INFO:colcon.colcon_core.shell:Creating environment hook '/home/jack/water_tank_ws/install/water_tank_navigation/share/water_tank_navigation/hook/cmake_prefix_path.ps1'
[0.578s] INFO:colcon.colcon_core.shell:Creating environment descriptor '/home/jack/water_tank_ws/install/water_tank_navigation/share/water_tank_navigation/hook/cmake_prefix_path.dsv'
[0.579s] INFO:colcon.colcon_core.shell:Creating environment hook '/home/jack/water_tank_ws/install/water_tank_navigation/share/water_tank_navigation/hook/cmake_prefix_path.sh'
[0.579s] Level 1:colcon.colcon_core.environment:checking '/home/jack/water_tank_ws/install/water_tank_navigation/bin'
[0.579s] Level 1:colcon.colcon_core.environment:checking '/home/jack/water_tank_ws/install/water_tank_navigation/lib/pkgconfig/water_tank_navigation.pc'
[0.579s] Level 1:colcon.colcon_core.environment:checking '/home/jack/water_tank_ws/install/water_tank_navigation/lib/python3.12/site-packages'
[0.579s] Level 1:colcon.colcon_core.environment:checking '/home/jack/water_tank_ws/install/water_tank_navigation/bin'
[0.579s] INFO:colcon.colcon_core.shell:Creating package script '/home/jack/water_tank_ws/install/water_tank_navigation/share/water_tank_navigation/package.ps1'
[0.580s] INFO:colcon.colcon_core.shell:Creating package descriptor '/home/jack/water_tank_ws/install/water_tank_navigation/share/water_tank_navigation/package.dsv'
[0.580s] INFO:colcon.colcon_core.shell:Creating package script '/home/jack/water_tank_ws/install/water_tank_navigation/share/water_tank_navigation/package.sh'
[0.580s] INFO:colcon.colcon_core.shell:Creating package script '/home/jack/water_tank_ws/install/water_tank_navigation/share/water_tank_navigation/package.bash'
[0.581s] INFO:colcon.colcon_core.shell:Creating package script '/home/jack/water_tank_ws/install/water_tank_navigation/share/water_tank_navigation/package.zsh'
[0.581s] Level 1:colcon.colcon_core.environment:create_file_with_runtime_dependencies(/home/jack/water_tank_ws/install/water_tank_navigation/share/colcon-core/packages/water_tank_navigation)
[0.631s] DEBUG:colcon.colcon_core.event_handler.log_command:Invoked command in '/home/jack/water_tank_ws/build/ros2_control_demo_example_2' returned '0': CMAKE_PREFIX_PATH=/home/jack/water_tank_ws/install/ros2_control_demo_description:/home/jack/water_tank_ws/install/water_tank_navigation:/home/jack/water_tank_ws/install/water_tank_cartographer:/home/jack/water_tank_ws/install/rplidar_ros:/home/jack/water_tank_ws/install/ros2_control_demo_example_2:/home/jack/water_tank_ws/install/rf2o_laser_odometry:/opt/ros/jazzy/opt/gz_sim_vendor:/opt/ros/jazzy/opt/gz_sensors_vendor:/opt/ros/jazzy/opt/gz_physics_vendor:/opt/ros/jazzy/opt/sdformat_vendor:/opt/ros/jazzy/opt/gz_gui_vendor:/opt/ros/jazzy/opt/gz_transport_vendor:/opt/ros/jazzy/opt/gz_rendering_vendor:/opt/ros/jazzy/opt/gz_plugin_vendor:/opt/ros/jazzy/opt/gz_fuel_tools_vendor:/opt/ros/jazzy/opt/gz_msgs_vendor:/opt/ros/jazzy/opt/gz_common_vendor:/opt/ros/jazzy/opt/gz_math_vendor:/opt/ros/jazzy/opt/gz_utils_vendor:/opt/ros/jazzy/opt/gz_tools_vendor:/opt/ros/jazzy/opt/gz_ogre_next_vendor:/opt/ros/jazzy/opt/gz_dartsim_vendor:/opt/ros/jazzy/opt/gz_cmake_vendor:/home/jack/water_tank_ws/install/water_bot_task_navigator:/home/jack/water_tank_ws/install/waypoints_generator:/opt/ros/jazzy DEBUGINFOD_URLS=https://debuginfod.ubuntu.com /usr/bin/cmake --build /home/jack/water_tank_ws/build/ros2_control_demo_example_2 -- -j20 -l20
[0.632s] DEBUG:colcon.colcon_core.event_handler.log_command:Invoking command in '/home/jack/water_tank_ws/build/ros2_control_demo_example_2': CMAKE_PREFIX_PATH=/home/jack/water_tank_ws/install/ros2_control_demo_description:/home/jack/water_tank_ws/install/water_tank_navigation:/home/jack/water_tank_ws/install/water_tank_cartographer:/home/jack/water_tank_ws/install/rplidar_ros:/home/jack/water_tank_ws/install/ros2_control_demo_example_2:/home/jack/water_tank_ws/install/rf2o_laser_odometry:/opt/ros/jazzy/opt/gz_sim_vendor:/opt/ros/jazzy/opt/gz_sensors_vendor:/opt/ros/jazzy/opt/gz_physics_vendor:/opt/ros/jazzy/opt/sdformat_vendor:/opt/ros/jazzy/opt/gz_gui_vendor:/opt/ros/jazzy/opt/gz_transport_vendor:/opt/ros/jazzy/opt/gz_rendering_vendor:/opt/ros/jazzy/opt/gz_plugin_vendor:/opt/ros/jazzy/opt/gz_fuel_tools_vendor:/opt/ros/jazzy/opt/gz_msgs_vendor:/opt/ros/jazzy/opt/gz_common_vendor:/opt/ros/jazzy/opt/gz_math_vendor:/opt/ros/jazzy/opt/gz_utils_vendor:/opt/ros/jazzy/opt/gz_tools_vendor:/opt/ros/jazzy/opt/gz_ogre_next_vendor:/opt/ros/jazzy/opt/gz_dartsim_vendor:/opt/ros/jazzy/opt/gz_cmake_vendor:/home/jack/water_tank_ws/install/water_bot_task_navigator:/home/jack/water_tank_ws/install/waypoints_generator:/opt/ros/jazzy DEBUGINFOD_URLS=https://debuginfod.ubuntu.com /usr/bin/cmake --install /home/jack/water_tank_ws/build/ros2_control_demo_example_2
[0.653s] Level 1:colcon.colcon_core.environment:create_environment_scripts_only(ros2_control_demo_example_2)
[0.653s] Level 1:colcon.colcon_core.environment:checking '/home/jack/water_tank_ws/install/ros2_control_demo_example_2' for CMake module files
[0.653s] DEBUG:colcon.colcon_core.event_handler.log_command:Invoked command in '/home/jack/water_tank_ws/build/ros2_control_demo_example_2' returned '0': CMAKE_PREFIX_PATH=/home/jack/water_tank_ws/install/ros2_control_demo_description:/home/jack/water_tank_ws/install/water_tank_navigation:/home/jack/water_tank_ws/install/water_tank_cartographer:/home/jack/water_tank_ws/install/rplidar_ros:/home/jack/water_tank_ws/install/ros2_control_demo_example_2:/home/jack/water_tank_ws/install/rf2o_laser_odometry:/opt/ros/jazzy/opt/gz_sim_vendor:/opt/ros/jazzy/opt/gz_sensors_vendor:/opt/ros/jazzy/opt/gz_physics_vendor:/opt/ros/jazzy/opt/sdformat_vendor:/opt/ros/jazzy/opt/gz_gui_vendor:/opt/ros/jazzy/opt/gz_transport_vendor:/opt/ros/jazzy/opt/gz_rendering_vendor:/opt/ros/jazzy/opt/gz_plugin_vendor:/opt/ros/jazzy/opt/gz_fuel_tools_vendor:/opt/ros/jazzy/opt/gz_msgs_vendor:/opt/ros/jazzy/opt/gz_common_vendor:/opt/ros/jazzy/opt/gz_math_vendor:/opt/ros/jazzy/opt/gz_utils_vendor:/opt/ros/jazzy/opt/gz_tools_vendor:/opt/ros/jazzy/opt/gz_ogre_next_vendor:/opt/ros/jazzy/opt/gz_dartsim_vendor:/opt/ros/jazzy/opt/gz_cmake_vendor:/home/jack/water_tank_ws/install/water_bot_task_navigator:/home/jack/water_tank_ws/install/waypoints_generator:/opt/ros/jazzy DEBUGINFOD_URLS=https://debuginfod.ubuntu.com /usr/bin/cmake --install /home/jack/water_tank_ws/build/ros2_control_demo_example_2
[0.654s] Level 1:colcon.colcon_core.environment:checking '/home/jack/water_tank_ws/install/ros2_control_demo_example_2' for CMake config files
[0.654s] Level 1:colcon.colcon_core.shell:create_environment_hook('ros2_control_demo_example_2', 'cmake_prefix_path')
[0.655s] INFO:colcon.colcon_core.shell:Creating environment hook '/home/jack/water_tank_ws/install/ros2_control_demo_example_2/share/ros2_control_demo_example_2/hook/cmake_prefix_path.ps1'
[0.655s] INFO:colcon.colcon_core.shell:Creating environment descriptor '/home/jack/water_tank_ws/install/ros2_control_demo_example_2/share/ros2_control_demo_example_2/hook/cmake_prefix_path.dsv'
[0.655s] INFO:colcon.colcon_core.shell:Creating environment hook '/home/jack/water_tank_ws/install/ros2_control_demo_example_2/share/ros2_control_demo_example_2/hook/cmake_prefix_path.sh'
[0.656s] Level 1:colcon.colcon_core.environment:checking '/home/jack/water_tank_ws/install/ros2_control_demo_example_2/lib'
[0.656s] Level 1:colcon.colcon_core.shell:create_environment_hook('ros2_control_demo_example_2', 'ld_library_path_lib')
[0.656s] INFO:colcon.colcon_core.shell:Creating environment hook '/home/jack/water_tank_ws/install/ros2_control_demo_example_2/share/ros2_control_demo_example_2/hook/ld_library_path_lib.ps1'
[0.657s] INFO:colcon.colcon_core.shell:Creating environment descriptor '/home/jack/water_tank_ws/install/ros2_control_demo_example_2/share/ros2_control_demo_example_2/hook/ld_library_path_lib.dsv'
[0.657s] INFO:colcon.colcon_core.shell:Creating environment hook '/home/jack/water_tank_ws/install/ros2_control_demo_example_2/share/ros2_control_demo_example_2/hook/ld_library_path_lib.sh'
[0.657s] Level 1:colcon.colcon_core.environment:checking '/home/jack/water_tank_ws/install/ros2_control_demo_example_2/bin'
[0.657s] Level 1:colcon.colcon_core.environment:checking '/home/jack/water_tank_ws/install/ros2_control_demo_example_2/lib/pkgconfig/ros2_control_demo_example_2.pc'
[0.658s] Level 1:colcon.colcon_core.environment:checking '/home/jack/water_tank_ws/install/ros2_control_demo_example_2/lib/python3.12/site-packages'
[0.658s] Level 1:colcon.colcon_core.environment:checking '/home/jack/water_tank_ws/install/ros2_control_demo_example_2/bin'
[0.658s] INFO:colcon.colcon_core.shell:Creating package script '/home/jack/water_tank_ws/install/ros2_control_demo_example_2/share/ros2_control_demo_example_2/package.ps1'
[0.658s] INFO:colcon.colcon_core.shell:Creating package descriptor '/home/jack/water_tank_ws/install/ros2_control_demo_example_2/share/ros2_control_demo_example_2/package.dsv'
[0.658s] INFO:colcon.colcon_core.shell:Creating package script '/home/jack/water_tank_ws/install/ros2_control_demo_example_2/share/ros2_control_demo_example_2/package.sh'
[0.659s] INFO:colcon.colcon_core.shell:Creating package script '/home/jack/water_tank_ws/install/ros2_control_demo_example_2/share/ros2_control_demo_example_2/package.bash'
[0.659s] INFO:colcon.colcon_core.shell:Creating package script '/home/jack/water_tank_ws/install/ros2_control_demo_example_2/share/ros2_control_demo_example_2/package.zsh'
[0.659s] Level 1:colcon.colcon_core.environment:create_file_with_runtime_dependencies(/home/jack/water_tank_ws/install/ros2_control_demo_example_2/share/colcon-core/packages/ros2_control_demo_example_2)
[0.659s] Level 1:colcon.colcon_core.environment:create_environment_scripts_only(ros2_control_demo_example_2)
[0.659s] Level 1:colcon.colcon_core.environment:checking '/home/jack/water_tank_ws/install/ros2_control_demo_example_2' for CMake module files
[0.660s] Level 1:colcon.colcon_core.environment:checking '/home/jack/water_tank_ws/install/ros2_control_demo_example_2' for CMake config files
[0.660s] Level 1:colcon.colcon_core.shell:create_environment_hook('ros2_control_demo_example_2', 'cmake_prefix_path')
[0.660s] INFO:colcon.colcon_core.shell:Creating environment hook '/home/jack/water_tank_ws/install/ros2_control_demo_example_2/share/ros2_control_demo_example_2/hook/cmake_prefix_path.ps1'
[0.660s] INFO:colcon.colcon_core.shell:Creating environment descriptor '/home/jack/water_tank_ws/install/ros2_control_demo_example_2/share/ros2_control_demo_example_2/hook/cmake_prefix_path.dsv'
[0.660s] INFO:colcon.colcon_core.shell:Creating environment hook '/home/jack/water_tank_ws/install/ros2_control_demo_example_2/share/ros2_control_demo_example_2/hook/cmake_prefix_path.sh'
[0.661s] Level 1:colcon.colcon_core.environment:checking '/home/jack/water_tank_ws/install/ros2_control_demo_example_2/lib'
[0.661s] Level 1:colcon.colcon_core.shell:create_environment_hook('ros2_control_demo_example_2', 'ld_library_path_lib')
[0.661s] INFO:colcon.colcon_core.shell:Creating environment hook '/home/jack/water_tank_ws/install/ros2_control_demo_example_2/share/ros2_control_demo_example_2/hook/ld_library_path_lib.ps1'
[0.661s] INFO:colcon.colcon_core.shell:Creating environment descriptor '/home/jack/water_tank_ws/install/ros2_control_demo_example_2/share/ros2_control_demo_example_2/hook/ld_library_path_lib.dsv'
[0.661s] INFO:colcon.colcon_core.shell:Creating environment hook '/home/jack/water_tank_ws/install/ros2_control_demo_example_2/share/ros2_control_demo_example_2/hook/ld_library_path_lib.sh'
[0.661s] Level 1:colcon.colcon_core.environment:checking '/home/jack/water_tank_ws/install/ros2_control_demo_example_2/bin'
[0.661s] Level 1:colcon.colcon_core.environment:checking '/home/jack/water_tank_ws/install/ros2_control_demo_example_2/lib/pkgconfig/ros2_control_demo_example_2.pc'
[0.661s] Level 1:colcon.colcon_core.environment:checking '/home/jack/water_tank_ws/install/ros2_control_demo_example_2/lib/python3.12/site-packages'
[0.662s] Level 1:colcon.colcon_core.environment:checking '/home/jack/water_tank_ws/install/ros2_control_demo_example_2/bin'
[0.662s] INFO:colcon.colcon_core.shell:Creating package script '/home/jack/water_tank_ws/install/ros2_control_demo_example_2/share/ros2_control_demo_example_2/package.ps1'
[0.662s] INFO:colcon.colcon_core.shell:Creating package descriptor '/home/jack/water_tank_ws/install/ros2_control_demo_example_2/share/ros2_control_demo_example_2/package.dsv'
[0.662s] INFO:colcon.colcon_core.shell:Creating package script '/home/jack/water_tank_ws/install/ros2_control_demo_example_2/share/ros2_control_demo_example_2/package.sh'
[0.662s] INFO:colcon.colcon_core.shell:Creating package script '/home/jack/water_tank_ws/install/ros2_control_demo_example_2/share/ros2_control_demo_example_2/package.bash'
[0.663s] INFO:colcon.colcon_core.shell:Creating package script '/home/jack/water_tank_ws/install/ros2_control_demo_example_2/share/ros2_control_demo_example_2/package.zsh'
[0.663s] Level 1:colcon.colcon_core.environment:create_file_with_runtime_dependencies(/home/jack/water_tank_ws/install/ros2_control_demo_example_2/share/colcon-core/packages/ros2_control_demo_example_2)
[0.877s] DEBUG:colcon.colcon_core.event_handler.log_command:Invoking command in '/home/jack/water_tank_ws/build/water_bot_task_navigator': DEBUGINFOD_URLS=https://debuginfod.ubuntu.com PYTHONPATH=/home/jack/water_tank_ws/build/water_bot_task_navigator/prefix_override:/usr/lib/python3/dist-packages/colcon_core/task/python/colcon_distutils_commands:/home/jack/water_tank_ws/install/water_bot_task_navigator/lib/python3.12/site-packages:${PYTHONPATH} /usr/bin/python3 -W ignore:setup.py install is deprecated -W ignore:easy_install command is deprecated setup.py develop --editable --build-directory /home/jack/water_tank_ws/build/water_bot_task_navigator/build --no-deps symlink_data
[0.930s] DEBUG:colcon.colcon_core.event_handler.log_command:Invoking command in '/home/jack/water_tank_ws/build/waypoints_generator': DEBUGINFOD_URLS=https://debuginfod.ubuntu.com PYTHONPATH=/home/jack/water_tank_ws/build/waypoints_generator/prefix_override:/usr/lib/python3/dist-packages/colcon_core/task/python/colcon_distutils_commands:/home/jack/water_tank_ws/install/waypoints_generator/lib/python3.12/site-packages:${PYTHONPATH} /usr/bin/python3 -W ignore:setup.py install is deprecated -W ignore:easy_install command is deprecated setup.py develop --editable --build-directory /home/jack/water_tank_ws/build/waypoints_generator/build --no-deps symlink_data
[1.267s] Level 1:colcon.colcon_core.shell:create_environment_hook('water_bot_task_navigator', 'pythonpath_develop')
[1.267s] INFO:colcon.colcon_core.shell:Creating environment hook '/home/jack/water_tank_ws/build/water_bot_task_navigator/share/water_bot_task_navigator/hook/pythonpath_develop.ps1'
[1.267s] DEBUG:colcon.colcon_core.event_handler.log_command:Invoked command in '/home/jack/water_tank_ws/build/water_bot_task_navigator' returned '0': DEBUGINFOD_URLS=https://debuginfod.ubuntu.com PYTHONPATH=/home/jack/water_tank_ws/build/water_bot_task_navigator/prefix_override:/usr/lib/python3/dist-packages/colcon_core/task/python/colcon_distutils_commands:/home/jack/water_tank_ws/install/water_bot_task_navigator/lib/python3.12/site-packages:${PYTHONPATH} /usr/bin/python3 -W ignore:setup.py install is deprecated -W ignore:easy_install command is deprecated setup.py develop --editable --build-directory /home/jack/water_tank_ws/build/water_bot_task_navigator/build --no-deps symlink_data
[1.268s] INFO:colcon.colcon_core.shell:Creating environment descriptor '/home/jack/water_tank_ws/build/water_bot_task_navigator/share/water_bot_task_navigator/hook/pythonpath_develop.dsv'
[1.268s] INFO:colcon.colcon_core.shell:Creating environment hook '/home/jack/water_tank_ws/build/water_bot_task_navigator/share/water_bot_task_navigator/hook/pythonpath_develop.sh'
[1.269s] Level 1:colcon.colcon_core.environment:checking '/home/jack/water_tank_ws/install/water_bot_task_navigator' for CMake module files
[1.269s] Level 1:colcon.colcon_core.environment:checking '/home/jack/water_tank_ws/install/water_bot_task_navigator' for CMake config files
[1.269s] Level 1:colcon.colcon_core.environment:checking '/home/jack/water_tank_ws/install/water_bot_task_navigator/lib'
[1.269s] Level 1:colcon.colcon_core.environment:checking '/home/jack/water_tank_ws/install/water_bot_task_navigator/bin'
[1.269s] Level 1:colcon.colcon_core.environment:checking '/home/jack/water_tank_ws/install/water_bot_task_navigator/lib/pkgconfig/water_bot_task_navigator.pc'
[1.270s] Level 1:colcon.colcon_core.environment:checking '/home/jack/water_tank_ws/install/water_bot_task_navigator/lib/python3.12/site-packages'
[1.270s] Level 1:colcon.colcon_core.shell:create_environment_hook('water_bot_task_navigator', 'pythonpath')
[1.270s] INFO:colcon.colcon_core.shell:Creating environment hook '/home/jack/water_tank_ws/install/water_bot_task_navigator/share/water_bot_task_navigator/hook/pythonpath.ps1'
[1.270s] INFO:colcon.colcon_core.shell:Creating environment descriptor '/home/jack/water_tank_ws/install/water_bot_task_navigator/share/water_bot_task_navigator/hook/pythonpath.dsv'
[1.270s] INFO:colcon.colcon_core.shell:Creating environment hook '/home/jack/water_tank_ws/install/water_bot_task_navigator/share/water_bot_task_navigator/hook/pythonpath.sh'
[1.270s] Level 1:colcon.colcon_core.environment:checking '/home/jack/water_tank_ws/install/water_bot_task_navigator/bin'
[1.271s] Level 1:colcon.colcon_core.environment:create_environment_scripts_only(water_bot_task_navigator)
[1.271s] INFO:colcon.colcon_core.shell:Creating package script '/home/jack/water_tank_ws/install/water_bot_task_navigator/share/water_bot_task_navigator/package.ps1'
[1.271s] INFO:colcon.colcon_core.shell:Creating package descriptor '/home/jack/water_tank_ws/install/water_bot_task_navigator/share/water_bot_task_navigator/package.dsv'
[1.271s] INFO:colcon.colcon_core.shell:Creating package script '/home/jack/water_tank_ws/install/water_bot_task_navigator/share/water_bot_task_navigator/package.sh'
[1.271s] INFO:colcon.colcon_core.shell:Creating package script '/home/jack/water_tank_ws/install/water_bot_task_navigator/share/water_bot_task_navigator/package.bash'
[1.272s] INFO:colcon.colcon_core.shell:Creating package script '/home/jack/water_tank_ws/install/water_bot_task_navigator/share/water_bot_task_navigator/package.zsh'
[1.272s] Level 1:colcon.colcon_core.environment:create_file_with_runtime_dependencies(/home/jack/water_tank_ws/install/water_bot_task_navigator/share/colcon-core/packages/water_bot_task_navigator)
[1.330s] Level 1:colcon.colcon_core.shell:create_environment_hook('waypoints_generator', 'pythonpath_develop')
[1.330s] INFO:colcon.colcon_core.shell:Creating environment hook '/home/jack/water_tank_ws/build/waypoints_generator/share/waypoints_generator/hook/pythonpath_develop.ps1'
[1.331s] DEBUG:colcon.colcon_core.event_handler.log_command:Invoked command in '/home/jack/water_tank_ws/build/waypoints_generator' returned '0': DEBUGINFOD_URLS=https://debuginfod.ubuntu.com PYTHONPATH=/home/jack/water_tank_ws/build/waypoints_generator/prefix_override:/usr/lib/python3/dist-packages/colcon_core/task/python/colcon_distutils_commands:/home/jack/water_tank_ws/install/waypoints_generator/lib/python3.12/site-packages:${PYTHONPATH} /usr/bin/python3 -W ignore:setup.py install is deprecated -W ignore:easy_install command is deprecated setup.py develop --editable --build-directory /home/jack/water_tank_ws/build/waypoints_generator/build --no-deps symlink_data
[1.331s] INFO:colcon.colcon_core.shell:Creating environment descriptor '/home/jack/water_tank_ws/build/waypoints_generator/share/waypoints_generator/hook/pythonpath_develop.dsv'
[1.331s] INFO:colcon.colcon_core.shell:Creating environment hook '/home/jack/water_tank_ws/build/waypoints_generator/share/waypoints_generator/hook/pythonpath_develop.sh'
[1.332s] Level 1:colcon.colcon_core.environment:checking '/home/jack/water_tank_ws/install/waypoints_generator' for CMake module files
[1.332s] Level 1:colcon.colcon_core.environment:checking '/home/jack/water_tank_ws/install/waypoints_generator' for CMake config files
[1.332s] Level 1:colcon.colcon_core.environment:checking '/home/jack/water_tank_ws/install/waypoints_generator/lib'
[1.332s] Level 1:colcon.colcon_core.environment:checking '/home/jack/water_tank_ws/install/waypoints_generator/bin'
[1.332s] Level 1:colcon.colcon_core.environment:checking '/home/jack/water_tank_ws/install/waypoints_generator/lib/pkgconfig/waypoints_generator.pc'
[1.332s] Level 1:colcon.colcon_core.environment:checking '/home/jack/water_tank_ws/install/waypoints_generator/lib/python3.12/site-packages'
[1.332s] Level 1:colcon.colcon_core.shell:create_environment_hook('waypoints_generator', 'pythonpath')
[1.332s] INFO:colcon.colcon_core.shell:Creating environment hook '/home/jack/water_tank_ws/install/waypoints_generator/share/waypoints_generator/hook/pythonpath.ps1'
[1.333s] INFO:colcon.colcon_core.shell:Creating environment descriptor '/home/jack/water_tank_ws/install/waypoints_generator/share/waypoints_generator/hook/pythonpath.dsv'
[1.333s] INFO:colcon.colcon_core.shell:Creating environment hook '/home/jack/water_tank_ws/install/waypoints_generator/share/waypoints_generator/hook/pythonpath.sh'
[1.333s] Level 1:colcon.colcon_core.environment:checking '/home/jack/water_tank_ws/install/waypoints_generator/bin'
[1.333s] Level 1:colcon.colcon_core.environment:create_environment_scripts_only(waypoints_generator)
[1.333s] INFO:colcon.colcon_core.shell:Creating package script '/home/jack/water_tank_ws/install/waypoints_generator/share/waypoints_generator/package.ps1'
[1.334s] INFO:colcon.colcon_core.shell:Creating package descriptor '/home/jack/water_tank_ws/install/waypoints_generator/share/waypoints_generator/package.dsv'
[1.334s] INFO:colcon.colcon_core.shell:Creating package script '/home/jack/water_tank_ws/install/waypoints_generator/share/waypoints_generator/package.sh'
[1.334s] INFO:colcon.colcon_core.shell:Creating package script '/home/jack/water_tank_ws/install/waypoints_generator/share/waypoints_generator/package.bash'
[1.334s] INFO:colcon.colcon_core.shell:Creating package script '/home/jack/water_tank_ws/install/waypoints_generator/share/waypoints_generator/package.zsh'
[1.334s] Level 1:colcon.colcon_core.environment:create_file_with_runtime_dependencies(/home/jack/water_tank_ws/install/waypoints_generator/share/colcon-core/packages/waypoints_generator)
[1.335s] DEBUG:colcon.colcon_parallel_executor.executor.parallel:closing loop
[1.335s] DEBUG:colcon.colcon_parallel_executor.executor.parallel:loop closed
[1.335s] DEBUG:colcon.colcon_parallel_executor.executor.parallel:run_until_complete finished with '0'
[1.335s] DEBUG:colcon.colcon_core.event_reactor:joining thread
[1.340s] INFO:colcon.colcon_core.plugin_system:Skipping extension 'colcon_notification.desktop_notification.terminal_notifier': Not used on non-Darwin systems
[1.341s] INFO:colcon.colcon_core.plugin_system:Skipping extension 'colcon_notification.desktop_notification.win32': Not used on non-Windows systems
[1.341s] INFO:colcon.colcon_notification.desktop_notification:Sending desktop notification using 'notify2'
[1.350s] DEBUG:colcon.colcon_core.event_reactor:joined thread
[1.350s] INFO:colcon.colcon_core.shell:Creating prefix script '/home/jack/water_tank_ws/install/local_setup.ps1'
[1.351s] INFO:colcon.colcon_core.shell:Creating prefix util module '/home/jack/water_tank_ws/install/_local_setup_util_ps1.py'
[1.352s] INFO:colcon.colcon_core.shell:Creating prefix chain script '/home/jack/water_tank_ws/install/setup.ps1'
[1.352s] INFO:colcon.colcon_core.shell:Creating prefix script '/home/jack/water_tank_ws/install/local_setup.sh'
[1.352s] INFO:colcon.colcon_core.shell:Creating prefix util module '/home/jack/water_tank_ws/install/_local_setup_util_sh.py'
[1.353s] INFO:colcon.colcon_core.shell:Creating prefix chain script '/home/jack/water_tank_ws/install/setup.sh'
[1.353s] INFO:colcon.colcon_core.shell:Creating prefix script '/home/jack/water_tank_ws/install/local_setup.bash'
[1.354s] INFO:colcon.colcon_core.shell:Creating prefix chain script '/home/jack/water_tank_ws/install/setup.bash'
[1.354s] INFO:colcon.colcon_core.shell:Creating prefix script '/home/jack/water_tank_ws/install/local_setup.zsh'
[1.354s] INFO:colcon.colcon_core.shell:Creating prefix chain script '/home/jack/water_tank_ws/install/setup.zsh'
