[0.017s] Invoking command in '/home/jack/water_tank_ws/build/ros2_control_demo_example_2': CMAKE_PREFIX_PATH=/home/jack/water_tank_ws/install/ros2_control_demo_description:/home/jack/water_tank_ws/install/water_tank_navigation:/home/jack/water_tank_ws/install/water_tank_cartographer:/home/jack/water_tank_ws/install/rplidar_ros:/home/jack/water_tank_ws/install/ros2_control_demo_example_2:/home/jack/water_tank_ws/install/rf2o_laser_odometry:/opt/ros/jazzy/opt/gz_sim_vendor:/opt/ros/jazzy/opt/gz_sensors_vendor:/opt/ros/jazzy/opt/gz_physics_vendor:/opt/ros/jazzy/opt/sdformat_vendor:/opt/ros/jazzy/opt/gz_gui_vendor:/opt/ros/jazzy/opt/gz_transport_vendor:/opt/ros/jazzy/opt/gz_rendering_vendor:/opt/ros/jazzy/opt/gz_plugin_vendor:/opt/ros/jazzy/opt/gz_fuel_tools_vendor:/opt/ros/jazzy/opt/gz_msgs_vendor:/opt/ros/jazzy/opt/gz_common_vendor:/opt/ros/jazzy/opt/gz_math_vendor:/opt/ros/jazzy/opt/gz_utils_vendor:/opt/ros/jazzy/opt/gz_tools_vendor:/opt/ros/jazzy/opt/gz_ogre_next_vendor:/opt/ros/jazzy/opt/gz_dartsim_vendor:/opt/ros/jazzy/opt/gz_cmake_vendor:/home/jack/water_tank_ws/install/waypoints_generator:/opt/ros/jazzy DEBUGINFOD_URLS=https://debuginfod.ubuntu.com /usr/bin/cmake --build /home/jack/water_tank_ws/build/ros2_control_demo_example_2 -- -j20 -l20
[0.058s] [100%] Built target ros2_control_demo_example_2
[0.065s] Invoked command in '/home/jack/water_tank_ws/build/ros2_control_demo_example_2' returned '0': CMAKE_PREFIX_PATH=/home/jack/water_tank_ws/install/ros2_control_demo_description:/home/jack/water_tank_ws/install/water_tank_navigation:/home/jack/water_tank_ws/install/water_tank_cartographer:/home/jack/water_tank_ws/install/rplidar_ros:/home/jack/water_tank_ws/install/ros2_control_demo_example_2:/home/jack/water_tank_ws/install/rf2o_laser_odometry:/opt/ros/jazzy/opt/gz_sim_vendor:/opt/ros/jazzy/opt/gz_sensors_vendor:/opt/ros/jazzy/opt/gz_physics_vendor:/opt/ros/jazzy/opt/sdformat_vendor:/opt/ros/jazzy/opt/gz_gui_vendor:/opt/ros/jazzy/opt/gz_transport_vendor:/opt/ros/jazzy/opt/gz_rendering_vendor:/opt/ros/jazzy/opt/gz_plugin_vendor:/opt/ros/jazzy/opt/gz_fuel_tools_vendor:/opt/ros/jazzy/opt/gz_msgs_vendor:/opt/ros/jazzy/opt/gz_common_vendor:/opt/ros/jazzy/opt/gz_math_vendor:/opt/ros/jazzy/opt/gz_utils_vendor:/opt/ros/jazzy/opt/gz_tools_vendor:/opt/ros/jazzy/opt/gz_ogre_next_vendor:/opt/ros/jazzy/opt/gz_dartsim_vendor:/opt/ros/jazzy/opt/gz_cmake_vendor:/home/jack/water_tank_ws/install/waypoints_generator:/opt/ros/jazzy DEBUGINFOD_URLS=https://debuginfod.ubuntu.com /usr/bin/cmake --build /home/jack/water_tank_ws/build/ros2_control_demo_example_2 -- -j20 -l20
[0.066s] Invoking command in '/home/jack/water_tank_ws/build/ros2_control_demo_example_2': CMAKE_PREFIX_PATH=/home/jack/water_tank_ws/install/ros2_control_demo_description:/home/jack/water_tank_ws/install/water_tank_navigation:/home/jack/water_tank_ws/install/water_tank_cartographer:/home/jack/water_tank_ws/install/rplidar_ros:/home/jack/water_tank_ws/install/ros2_control_demo_example_2:/home/jack/water_tank_ws/install/rf2o_laser_odometry:/opt/ros/jazzy/opt/gz_sim_vendor:/opt/ros/jazzy/opt/gz_sensors_vendor:/opt/ros/jazzy/opt/gz_physics_vendor:/opt/ros/jazzy/opt/sdformat_vendor:/opt/ros/jazzy/opt/gz_gui_vendor:/opt/ros/jazzy/opt/gz_transport_vendor:/opt/ros/jazzy/opt/gz_rendering_vendor:/opt/ros/jazzy/opt/gz_plugin_vendor:/opt/ros/jazzy/opt/gz_fuel_tools_vendor:/opt/ros/jazzy/opt/gz_msgs_vendor:/opt/ros/jazzy/opt/gz_common_vendor:/opt/ros/jazzy/opt/gz_math_vendor:/opt/ros/jazzy/opt/gz_utils_vendor:/opt/ros/jazzy/opt/gz_tools_vendor:/opt/ros/jazzy/opt/gz_ogre_next_vendor:/opt/ros/jazzy/opt/gz_dartsim_vendor:/opt/ros/jazzy/opt/gz_cmake_vendor:/home/jack/water_tank_ws/install/waypoints_generator:/opt/ros/jazzy DEBUGINFOD_URLS=https://debuginfod.ubuntu.com /usr/bin/cmake --install /home/jack/water_tank_ws/build/ros2_control_demo_example_2
[0.072s] -- Install configuration: ""
[0.072s] -- Execute custom install script
[0.072s] -- Up-to-date symlink: /home/jack/water_tank_ws/install/ros2_control_demo_example_2/share/ros2_control_demo_example_2//ros2_control_demo_example_2.xml
[0.072s] -- Up-to-date symlink: /home/jack/water_tank_ws/install/ros2_control_demo_example_2/include/ros2_control_demo_example_2/ros2_control_demo_example_2/SerialComs.hpp
[0.073s] -- Up-to-date symlink: /home/jack/water_tank_ws/install/ros2_control_demo_example_2/include/ros2_control_demo_example_2/ros2_control_demo_example_2/diffbot_system.hpp
[0.073s] -- Up-to-date symlink: /home/jack/water_tank_ws/install/ros2_control_demo_example_2/share/ros2_control_demo_example_2/launch/view_robot.launch.py
[0.073s] -- Up-to-date symlink: /home/jack/water_tank_ws/install/ros2_control_demo_example_2/share/ros2_control_demo_example_2/ros2_control/diffbot.ros2_control.xacro
[0.073s] -- Up-to-date symlink: /home/jack/water_tank_ws/install/ros2_control_demo_example_2/share/ros2_control_demo_example_2/urdf/diffbot.urdf.xacro
[0.073s] -- Up-to-date symlink: /home/jack/water_tank_ws/install/ros2_control_demo_example_2/share/ros2_control_demo_example_2/launch/diffbot.launch.py
[0.073s] -- Up-to-date symlink: /home/jack/water_tank_ws/install/ros2_control_demo_example_2/share/ros2_control_demo_example_2/config/diffbot_controllers.yaml
[0.073s] -- Up-to-date symlink: /home/jack/water_tank_ws/install/ros2_control_demo_example_2/share/ros2_control_demo_example_2/environment/library_path.sh
[0.073s] -- Up-to-date symlink: /home/jack/water_tank_ws/install/ros2_control_demo_example_2/share/ros2_control_demo_example_2/environment/library_path.dsv
[0.073s] -- Up-to-date symlink: /home/jack/water_tank_ws/install/ros2_control_demo_example_2/share/ament_index/resource_index/package_run_dependencies/ros2_control_demo_example_2
[0.073s] -- Up-to-date symlink: /home/jack/water_tank_ws/install/ros2_control_demo_example_2/share/ament_index/resource_index/parent_prefix_path/ros2_control_demo_example_2
[0.074s] -- Up-to-date symlink: /home/jack/water_tank_ws/install/ros2_control_demo_example_2/share/ros2_control_demo_example_2/environment/ament_prefix_path.sh
[0.074s] -- Up-to-date symlink: /home/jack/water_tank_ws/install/ros2_control_demo_example_2/share/ros2_control_demo_example_2/environment/ament_prefix_path.dsv
[0.074s] -- Up-to-date symlink: /home/jack/water_tank_ws/install/ros2_control_demo_example_2/share/ros2_control_demo_example_2/environment/path.sh
[0.074s] -- Up-to-date symlink: /home/jack/water_tank_ws/install/ros2_control_demo_example_2/share/ros2_control_demo_example_2/environment/path.dsv
[0.074s] -- Up-to-date symlink: /home/jack/water_tank_ws/install/ros2_control_demo_example_2/share/ros2_control_demo_example_2/local_setup.bash
[0.074s] -- Up-to-date symlink: /home/jack/water_tank_ws/install/ros2_control_demo_example_2/share/ros2_control_demo_example_2/local_setup.sh
[0.074s] -- Up-to-date symlink: /home/jack/water_tank_ws/install/ros2_control_demo_example_2/share/ros2_control_demo_example_2/local_setup.zsh
[0.074s] -- Up-to-date symlink: /home/jack/water_tank_ws/install/ros2_control_demo_example_2/share/ros2_control_demo_example_2/local_setup.dsv
[0.074s] -- Symlinking: /home/jack/water_tank_ws/install/ros2_control_demo_example_2/share/ros2_control_demo_example_2/package.dsv
[0.082s] -- Up-to-date symlink: /home/jack/water_tank_ws/install/ros2_control_demo_example_2/share/ament_index/resource_index/packages/ros2_control_demo_example_2
[0.082s] -- Up-to-date symlink: /home/jack/water_tank_ws/install/ros2_control_demo_example_2/share/ament_index/resource_index/hardware_interface__pluginlib__plugin/ros2_control_demo_example_2
[0.082s] -- Up-to-date symlink: /home/jack/water_tank_ws/install/ros2_control_demo_example_2/share/ros2_control_demo_example_2/cmake/ament_cmake_export_targets-extras.cmake
[0.082s] -- Up-to-date symlink: /home/jack/water_tank_ws/install/ros2_control_demo_example_2/share/ros2_control_demo_example_2/cmake/ament_cmake_export_dependencies-extras.cmake
[0.082s] -- Up-to-date symlink: /home/jack/water_tank_ws/install/ros2_control_demo_example_2/share/ros2_control_demo_example_2/cmake/ros2_control_demo_example_2Config.cmake
[0.082s] -- Up-to-date symlink: /home/jack/water_tank_ws/install/ros2_control_demo_example_2/share/ros2_control_demo_example_2/cmake/ros2_control_demo_example_2Config-version.cmake
[0.082s] -- Up-to-date symlink: /home/jack/water_tank_ws/install/ros2_control_demo_example_2/share/ros2_control_demo_example_2/package.xml
[0.082s] -- Up-to-date: /home/jack/water_tank_ws/install/ros2_control_demo_example_2/lib/libros2_control_demo_example_2.so
[0.082s] -- Up-to-date: /home/jack/water_tank_ws/install/ros2_control_demo_example_2/share/ros2_control_demo_example_2/cmake/export_ros2_control_demo_example_2Export.cmake
[0.082s] -- Up-to-date: /home/jack/water_tank_ws/install/ros2_control_demo_example_2/share/ros2_control_demo_example_2/cmake/export_ros2_control_demo_example_2Export-noconfig.cmake
[0.084s] Invoked command in '/home/jack/water_tank_ws/build/ros2_control_demo_example_2' returned '0': CMAKE_PREFIX_PATH=/home/jack/water_tank_ws/install/ros2_control_demo_description:/home/jack/water_tank_ws/install/water_tank_navigation:/home/jack/water_tank_ws/install/water_tank_cartographer:/home/jack/water_tank_ws/install/rplidar_ros:/home/jack/water_tank_ws/install/ros2_control_demo_example_2:/home/jack/water_tank_ws/install/rf2o_laser_odometry:/opt/ros/jazzy/opt/gz_sim_vendor:/opt/ros/jazzy/opt/gz_sensors_vendor:/opt/ros/jazzy/opt/gz_physics_vendor:/opt/ros/jazzy/opt/sdformat_vendor:/opt/ros/jazzy/opt/gz_gui_vendor:/opt/ros/jazzy/opt/gz_transport_vendor:/opt/ros/jazzy/opt/gz_rendering_vendor:/opt/ros/jazzy/opt/gz_plugin_vendor:/opt/ros/jazzy/opt/gz_fuel_tools_vendor:/opt/ros/jazzy/opt/gz_msgs_vendor:/opt/ros/jazzy/opt/gz_common_vendor:/opt/ros/jazzy/opt/gz_math_vendor:/opt/ros/jazzy/opt/gz_utils_vendor:/opt/ros/jazzy/opt/gz_tools_vendor:/opt/ros/jazzy/opt/gz_ogre_next_vendor:/opt/ros/jazzy/opt/gz_dartsim_vendor:/opt/ros/jazzy/opt/gz_cmake_vendor:/home/jack/water_tank_ws/install/waypoints_generator:/opt/ros/jazzy DEBUGINFOD_URLS=https://debuginfod.ubuntu.com /usr/bin/cmake --install /home/jack/water_tank_ws/build/ros2_control_demo_example_2
