[0.087s] DEBUG:colcon:Command line arguments: ['/usr/bin/colcon', 'build', '--symlink-install']
[0.087s] DEBUG:colcon:Parsed command line arguments: Namespace(log_base=None, log_level=None, verb_name='build', build_base='build', install_base='install', merge_install=False, symlink_install=True, test_result_base=None, continue_on_error=False, executor='parallel', parallel_workers=20, event_handlers=None, ignore_user_meta=False, metas=['./colcon.meta'], base_paths=['.'], packages_ignore=None, packages_ignore_regex=None, paths=None, packages_up_to=None, packages_up_to_regex=None, packages_above=None, packages_above_and_dependencies=None, packages_above_depth=None, packages_select_by_dep=None, packages_skip_by_dep=None, packages_skip_up_to=None, packages_select_build_failed=False, packages_skip_build_finished=False, packages_select_test_failures=False, packages_skip_test_passed=False, packages_select=None, packages_skip=None, packages_select_regex=None, packages_skip_regex=None, packages_start=None, packages_end=None, allow_overriding=[], cmake_args=None, cmake_target=None, cmake_target_skip_unavailable=False, cmake_clean_cache=False, cmake_clean_first=False, cmake_force_configure=False, ament_cmake_args=None, catkin_cmake_args=None, catkin_skip_building_tests=False, mixin_files=None, mixin=None, verb_parser=<colcon_mixin.mixin.mixin_argument.MixinArgumentDecorator object at 0x7b10d3fa9280>, verb_extension=<colcon_core.verb.build.BuildVerb object at 0x7b10d3f48740>, main=<bound method BuildVerb.main of <colcon_core.verb.build.BuildVerb object at 0x7b10d3f48740>>, mixin_verb=('build',))
[0.121s] Level 1:colcon.colcon_core.package_discovery:discover_packages(colcon_meta) check parameters
[0.121s] Level 1:colcon.colcon_core.package_discovery:discover_packages(recursive) check parameters
[0.121s] Level 1:colcon.colcon_core.package_discovery:discover_packages(ignore) check parameters
[0.122s] Level 1:colcon.colcon_core.package_discovery:discover_packages(path) check parameters
[0.122s] Level 1:colcon.colcon_core.package_discovery:discover_packages(colcon_meta) discover
[0.122s] Level 1:colcon.colcon_core.package_discovery:discover_packages(recursive) discover
[0.122s] INFO:colcon.colcon_core.package_discovery:Crawling recursively for packages in '/home/jack/water_tank_ws'
[0.122s] Level 1:colcon.colcon_core.package_identification:_identify(.) by extensions ['ignore', 'ignore_ament_install']
[0.122s] Level 1:colcon.colcon_core.package_identification:_identify(.) by extension 'ignore'
[0.122s] Level 1:colcon.colcon_core.package_identification:_identify(.) by extension 'ignore_ament_install'
[0.122s] Level 1:colcon.colcon_core.package_identification:_identify(.) by extensions ['colcon_pkg']
[0.122s] Level 1:colcon.colcon_core.package_identification:_identify(.) by extension 'colcon_pkg'
[0.122s] Level 1:colcon.colcon_core.package_identification:_identify(.) by extensions ['colcon_meta']
[0.122s] Level 1:colcon.colcon_core.package_identification:_identify(.) by extension 'colcon_meta'
[0.122s] Level 1:colcon.colcon_core.package_identification:_identify(.) by extensions ['ros']
[0.122s] Level 1:colcon.colcon_core.package_identification:_identify(.) by extension 'ros'
[0.141s] Level 1:colcon.colcon_core.package_identification:_identify(.) by extensions ['cmake', 'python']
[0.141s] Level 1:colcon.colcon_core.package_identification:_identify(.) by extension 'cmake'
[0.141s] Level 1:colcon.colcon_core.package_identification:_identify(.) by extension 'python'
[0.141s] Level 1:colcon.colcon_core.package_identification:_identify(.) by extensions ['python_setup_py']
[0.141s] Level 1:colcon.colcon_core.package_identification:_identify(.) by extension 'python_setup_py'
[0.141s] Level 1:colcon.colcon_core.package_identification:_identify(build) by extensions ['ignore', 'ignore_ament_install']
[0.141s] Level 1:colcon.colcon_core.package_identification:_identify(build) by extension 'ignore'
[0.141s] Level 1:colcon.colcon_core.package_identification:_identify(build) ignored
[0.141s] Level 1:colcon.colcon_core.package_identification:_identify(install) by extensions ['ignore', 'ignore_ament_install']
[0.141s] Level 1:colcon.colcon_core.package_identification:_identify(install) by extension 'ignore'
[0.142s] Level 1:colcon.colcon_core.package_identification:_identify(install) ignored
[0.142s] Level 1:colcon.colcon_core.package_identification:_identify(log) by extensions ['ignore', 'ignore_ament_install']
[0.142s] Level 1:colcon.colcon_core.package_identification:_identify(log) by extension 'ignore'
[0.142s] Level 1:colcon.colcon_core.package_identification:_identify(log) ignored
[0.142s] Level 1:colcon.colcon_core.package_identification:_identify(src) by extensions ['ignore', 'ignore_ament_install']
[0.142s] Level 1:colcon.colcon_core.package_identification:_identify(src) by extension 'ignore'
[0.142s] Level 1:colcon.colcon_core.package_identification:_identify(src) by extension 'ignore_ament_install'
[0.142s] Level 1:colcon.colcon_core.package_identification:_identify(src) by extensions ['colcon_pkg']
[0.142s] Level 1:colcon.colcon_core.package_identification:_identify(src) by extension 'colcon_pkg'
[0.142s] Level 1:colcon.colcon_core.package_identification:_identify(src) by extensions ['colcon_meta']
[0.142s] Level 1:colcon.colcon_core.package_identification:_identify(src) by extension 'colcon_meta'
[0.142s] Level 1:colcon.colcon_core.package_identification:_identify(src) by extensions ['ros']
[0.142s] Level 1:colcon.colcon_core.package_identification:_identify(src) by extension 'ros'
[0.142s] Level 1:colcon.colcon_core.package_identification:_identify(src) by extensions ['cmake', 'python']
[0.142s] Level 1:colcon.colcon_core.package_identification:_identify(src) by extension 'cmake'
[0.142s] Level 1:colcon.colcon_core.package_identification:_identify(src) by extension 'python'
[0.142s] Level 1:colcon.colcon_core.package_identification:_identify(src) by extensions ['python_setup_py']
[0.142s] Level 1:colcon.colcon_core.package_identification:_identify(src) by extension 'python_setup_py'
[0.142s] Level 1:colcon.colcon_core.package_identification:_identify(src/example_2) by extensions ['ignore', 'ignore_ament_install']
[0.142s] Level 1:colcon.colcon_core.package_identification:_identify(src/example_2) by extension 'ignore'
[0.142s] Level 1:colcon.colcon_core.package_identification:_identify(src/example_2) by extension 'ignore_ament_install'
[0.142s] Level 1:colcon.colcon_core.package_identification:_identify(src/example_2) by extensions ['colcon_pkg']
[0.142s] Level 1:colcon.colcon_core.package_identification:_identify(src/example_2) by extension 'colcon_pkg'
[0.142s] Level 1:colcon.colcon_core.package_identification:_identify(src/example_2) by extensions ['colcon_meta']
[0.142s] Level 1:colcon.colcon_core.package_identification:_identify(src/example_2) by extension 'colcon_meta'
[0.142s] Level 1:colcon.colcon_core.package_identification:_identify(src/example_2) by extensions ['ros']
[0.142s] Level 1:colcon.colcon_core.package_identification:_identify(src/example_2) by extension 'ros'
[0.144s] DEBUG:colcon.colcon_core.package_identification:Package 'src/example_2' with type 'ros.ament_cmake' and name 'ros2_control_demo_example_2'
[0.144s] Level 1:colcon.colcon_core.package_identification:_identify(src/rf2o_laser_odometry) by extensions ['ignore', 'ignore_ament_install']
[0.144s] Level 1:colcon.colcon_core.package_identification:_identify(src/rf2o_laser_odometry) by extension 'ignore'
[0.144s] Level 1:colcon.colcon_core.package_identification:_identify(src/rf2o_laser_odometry) by extension 'ignore_ament_install'
[0.144s] Level 1:colcon.colcon_core.package_identification:_identify(src/rf2o_laser_odometry) by extensions ['colcon_pkg']
[0.144s] Level 1:colcon.colcon_core.package_identification:_identify(src/rf2o_laser_odometry) by extension 'colcon_pkg'
[0.144s] Level 1:colcon.colcon_core.package_identification:_identify(src/rf2o_laser_odometry) by extensions ['colcon_meta']
[0.144s] Level 1:colcon.colcon_core.package_identification:_identify(src/rf2o_laser_odometry) by extension 'colcon_meta'
[0.144s] Level 1:colcon.colcon_core.package_identification:_identify(src/rf2o_laser_odometry) by extensions ['ros']
[0.144s] Level 1:colcon.colcon_core.package_identification:_identify(src/rf2o_laser_odometry) by extension 'ros'
[0.145s] DEBUG:colcon.colcon_core.package_identification:Package 'src/rf2o_laser_odometry' with type 'ros.ament_cmake' and name 'rf2o_laser_odometry'
[0.145s] Level 1:colcon.colcon_core.package_identification:_identify(src/ros2_control_demo_description) by extensions ['ignore', 'ignore_ament_install']
[0.145s] Level 1:colcon.colcon_core.package_identification:_identify(src/ros2_control_demo_description) by extension 'ignore'
[0.145s] Level 1:colcon.colcon_core.package_identification:_identify(src/ros2_control_demo_description) by extension 'ignore_ament_install'
[0.145s] Level 1:colcon.colcon_core.package_identification:_identify(src/ros2_control_demo_description) by extensions ['colcon_pkg']
[0.145s] Level 1:colcon.colcon_core.package_identification:_identify(src/ros2_control_demo_description) by extension 'colcon_pkg'
[0.145s] Level 1:colcon.colcon_core.package_identification:_identify(src/ros2_control_demo_description) by extensions ['colcon_meta']
[0.145s] Level 1:colcon.colcon_core.package_identification:_identify(src/ros2_control_demo_description) by extension 'colcon_meta'
[0.145s] Level 1:colcon.colcon_core.package_identification:_identify(src/ros2_control_demo_description) by extensions ['ros']
[0.145s] Level 1:colcon.colcon_core.package_identification:_identify(src/ros2_control_demo_description) by extension 'ros'
[0.146s] DEBUG:colcon.colcon_core.package_identification:Package 'src/ros2_control_demo_description' with type 'ros.ament_cmake' and name 'ros2_control_demo_description'
[0.146s] Level 1:colcon.colcon_core.package_identification:_identify(src/rplidar_ros) by extensions ['ignore', 'ignore_ament_install']
[0.146s] Level 1:colcon.colcon_core.package_identification:_identify(src/rplidar_ros) by extension 'ignore'
[0.146s] Level 1:colcon.colcon_core.package_identification:_identify(src/rplidar_ros) by extension 'ignore_ament_install'
[0.146s] Level 1:colcon.colcon_core.package_identification:_identify(src/rplidar_ros) by extensions ['colcon_pkg']
[0.146s] Level 1:colcon.colcon_core.package_identification:_identify(src/rplidar_ros) by extension 'colcon_pkg'
[0.146s] Level 1:colcon.colcon_core.package_identification:_identify(src/rplidar_ros) by extensions ['colcon_meta']
[0.146s] Level 1:colcon.colcon_core.package_identification:_identify(src/rplidar_ros) by extension 'colcon_meta'
[0.146s] Level 1:colcon.colcon_core.package_identification:_identify(src/rplidar_ros) by extensions ['ros']
[0.146s] Level 1:colcon.colcon_core.package_identification:_identify(src/rplidar_ros) by extension 'ros'
[0.146s] DEBUG:colcon.colcon_core.package_identification:Package 'src/rplidar_ros' with type 'ros.ament_cmake' and name 'rplidar_ros'
[0.146s] Level 1:colcon.colcon_core.package_identification:_identify(src/water_bot_task_navigator) by extensions ['ignore', 'ignore_ament_install']
[0.147s] Level 1:colcon.colcon_core.package_identification:_identify(src/water_bot_task_navigator) by extension 'ignore'
[0.147s] Level 1:colcon.colcon_core.package_identification:_identify(src/water_bot_task_navigator) by extension 'ignore_ament_install'
[0.147s] Level 1:colcon.colcon_core.package_identification:_identify(src/water_bot_task_navigator) by extensions ['colcon_pkg']
[0.147s] Level 1:colcon.colcon_core.package_identification:_identify(src/water_bot_task_navigator) by extension 'colcon_pkg'
[0.147s] Level 1:colcon.colcon_core.package_identification:_identify(src/water_bot_task_navigator) by extensions ['colcon_meta']
[0.147s] Level 1:colcon.colcon_core.package_identification:_identify(src/water_bot_task_navigator) by extension 'colcon_meta'
[0.147s] Level 1:colcon.colcon_core.package_identification:_identify(src/water_bot_task_navigator) by extensions ['ros']
[0.147s] Level 1:colcon.colcon_core.package_identification:_identify(src/water_bot_task_navigator) by extension 'ros'
[0.147s] DEBUG:colcon.colcon_core.package_identification:Package 'src/water_bot_task_navigator' with type 'ros.ament_python' and name 'water_bot_task_navigator'
[0.147s] Level 1:colcon.colcon_core.package_identification:_identify(src/water_tank_cartographer) by extensions ['ignore', 'ignore_ament_install']
[0.147s] Level 1:colcon.colcon_core.package_identification:_identify(src/water_tank_cartographer) by extension 'ignore'
[0.147s] Level 1:colcon.colcon_core.package_identification:_identify(src/water_tank_cartographer) by extension 'ignore_ament_install'
[0.147s] Level 1:colcon.colcon_core.package_identification:_identify(src/water_tank_cartographer) by extensions ['colcon_pkg']
[0.147s] Level 1:colcon.colcon_core.package_identification:_identify(src/water_tank_cartographer) by extension 'colcon_pkg'
[0.147s] Level 1:colcon.colcon_core.package_identification:_identify(src/water_tank_cartographer) by extensions ['colcon_meta']
[0.147s] Level 1:colcon.colcon_core.package_identification:_identify(src/water_tank_cartographer) by extension 'colcon_meta'
[0.147s] Level 1:colcon.colcon_core.package_identification:_identify(src/water_tank_cartographer) by extensions ['ros']
[0.147s] Level 1:colcon.colcon_core.package_identification:_identify(src/water_tank_cartographer) by extension 'ros'
[0.148s] DEBUG:colcon.colcon_core.package_identification:Package 'src/water_tank_cartographer' with type 'ros.ament_cmake' and name 'water_tank_cartographer'
[0.148s] Level 1:colcon.colcon_core.package_identification:_identify(src/water_tank_navigation) by extensions ['ignore', 'ignore_ament_install']
[0.148s] Level 1:colcon.colcon_core.package_identification:_identify(src/water_tank_navigation) by extension 'ignore'
[0.148s] Level 1:colcon.colcon_core.package_identification:_identify(src/water_tank_navigation) by extension 'ignore_ament_install'
[0.148s] Level 1:colcon.colcon_core.package_identification:_identify(src/water_tank_navigation) by extensions ['colcon_pkg']
[0.148s] Level 1:colcon.colcon_core.package_identification:_identify(src/water_tank_navigation) by extension 'colcon_pkg'
[0.148s] Level 1:colcon.colcon_core.package_identification:_identify(src/water_tank_navigation) by extensions ['colcon_meta']
[0.148s] Level 1:colcon.colcon_core.package_identification:_identify(src/water_tank_navigation) by extension 'colcon_meta'
[0.148s] Level 1:colcon.colcon_core.package_identification:_identify(src/water_tank_navigation) by extensions ['ros']
[0.148s] Level 1:colcon.colcon_core.package_identification:_identify(src/water_tank_navigation) by extension 'ros'
[0.148s] DEBUG:colcon.colcon_core.package_identification:Package 'src/water_tank_navigation' with type 'ros.ament_cmake' and name 'water_tank_navigation'
[0.148s] Level 1:colcon.colcon_core.package_identification:_identify(src/waypoints_generator) by extensions ['ignore', 'ignore_ament_install']
[0.148s] Level 1:colcon.colcon_core.package_identification:_identify(src/waypoints_generator) by extension 'ignore'
[0.148s] Level 1:colcon.colcon_core.package_identification:_identify(src/waypoints_generator) by extension 'ignore_ament_install'
[0.148s] Level 1:colcon.colcon_core.package_identification:_identify(src/waypoints_generator) by extensions ['colcon_pkg']
[0.148s] Level 1:colcon.colcon_core.package_identification:_identify(src/waypoints_generator) by extension 'colcon_pkg'
[0.148s] Level 1:colcon.colcon_core.package_identification:_identify(src/waypoints_generator) by extensions ['colcon_meta']
[0.148s] Level 1:colcon.colcon_core.package_identification:_identify(src/waypoints_generator) by extension 'colcon_meta'
[0.148s] Level 1:colcon.colcon_core.package_identification:_identify(src/waypoints_generator) by extensions ['ros']
[0.148s] Level 1:colcon.colcon_core.package_identification:_identify(src/waypoints_generator) by extension 'ros'
[0.149s] DEBUG:colcon.colcon_core.package_identification:Package 'src/waypoints_generator' with type 'ros.ament_python' and name 'waypoints_generator'
[0.149s] Level 1:colcon.colcon_core.package_discovery:discover_packages(recursive) using defaults
[0.149s] Level 1:colcon.colcon_core.package_discovery:discover_packages(ignore) discover
[0.149s] Level 1:colcon.colcon_core.package_discovery:discover_packages(ignore) using defaults
[0.149s] Level 1:colcon.colcon_core.package_discovery:discover_packages(path) discover
[0.149s] Level 1:colcon.colcon_core.package_discovery:discover_packages(path) using defaults
[0.164s] Level 1:colcon.colcon_core.package_discovery:discover_packages(prefix_path) check parameters
[0.164s] Level 1:colcon.colcon_core.package_discovery:discover_packages(prefix_path) discover
[0.169s] DEBUG:colcon.colcon_installed_package_information.package_discovery:Found 7 installed packages in /home/jack/water_tank_ws/install
[0.170s] DEBUG:colcon.colcon_installed_package_information.package_discovery:Found 426 installed packages in /opt/ros/jazzy
[0.171s] Level 1:colcon.colcon_core.package_discovery:discover_packages(prefix_path) using defaults
[0.216s] Level 5:colcon.colcon_core.verb:set package 'rf2o_laser_odometry' build argument 'cmake_args' from command line to 'None'
[0.216s] Level 5:colcon.colcon_core.verb:set package 'rf2o_laser_odometry' build argument 'cmake_target' from command line to 'None'
[0.216s] Level 5:colcon.colcon_core.verb:set package 'rf2o_laser_odometry' build argument 'cmake_target_skip_unavailable' from command line to 'False'
[0.216s] Level 5:colcon.colcon_core.verb:set package 'rf2o_laser_odometry' build argument 'cmake_clean_cache' from command line to 'False'
[0.216s] Level 5:colcon.colcon_core.verb:set package 'rf2o_laser_odometry' build argument 'cmake_clean_first' from command line to 'False'
[0.216s] Level 5:colcon.colcon_core.verb:set package 'rf2o_laser_odometry' build argument 'cmake_force_configure' from command line to 'False'
[0.216s] Level 5:colcon.colcon_core.verb:set package 'rf2o_laser_odometry' build argument 'ament_cmake_args' from command line to 'None'
[0.216s] Level 5:colcon.colcon_core.verb:set package 'rf2o_laser_odometry' build argument 'catkin_cmake_args' from command line to 'None'
[0.216s] Level 5:colcon.colcon_core.verb:set package 'rf2o_laser_odometry' build argument 'catkin_skip_building_tests' from command line to 'False'
[0.216s] DEBUG:colcon.colcon_core.verb:Building package 'rf2o_laser_odometry' with the following arguments: {'ament_cmake_args': None, 'build_base': '/home/jack/water_tank_ws/build/rf2o_laser_odometry', 'catkin_cmake_args': None, 'catkin_skip_building_tests': False, 'cmake_args': None, 'cmake_clean_cache': False, 'cmake_clean_first': False, 'cmake_force_configure': False, 'cmake_target': None, 'cmake_target_skip_unavailable': False, 'install_base': '/home/jack/water_tank_ws/install/rf2o_laser_odometry', 'merge_install': False, 'path': '/home/jack/water_tank_ws/src/rf2o_laser_odometry', 'symlink_install': True, 'test_result_base': None}
[0.216s] Level 5:colcon.colcon_core.verb:set package 'ros2_control_demo_description' build argument 'cmake_args' from command line to 'None'
[0.216s] Level 5:colcon.colcon_core.verb:set package 'ros2_control_demo_description' build argument 'cmake_target' from command line to 'None'
[0.216s] Level 5:colcon.colcon_core.verb:set package 'ros2_control_demo_description' build argument 'cmake_target_skip_unavailable' from command line to 'False'
[0.216s] Level 5:colcon.colcon_core.verb:set package 'ros2_control_demo_description' build argument 'cmake_clean_cache' from command line to 'False'
[0.216s] Level 5:colcon.colcon_core.verb:set package 'ros2_control_demo_description' build argument 'cmake_clean_first' from command line to 'False'
[0.216s] Level 5:colcon.colcon_core.verb:set package 'ros2_control_demo_description' build argument 'cmake_force_configure' from command line to 'False'
[0.216s] Level 5:colcon.colcon_core.verb:set package 'ros2_control_demo_description' build argument 'ament_cmake_args' from command line to 'None'
[0.216s] Level 5:colcon.colcon_core.verb:set package 'ros2_control_demo_description' build argument 'catkin_cmake_args' from command line to 'None'
[0.216s] Level 5:colcon.colcon_core.verb:set package 'ros2_control_demo_description' build argument 'catkin_skip_building_tests' from command line to 'False'
[0.216s] DEBUG:colcon.colcon_core.verb:Building package 'ros2_control_demo_description' with the following arguments: {'ament_cmake_args': None, 'build_base': '/home/jack/water_tank_ws/build/ros2_control_demo_description', 'catkin_cmake_args': None, 'catkin_skip_building_tests': False, 'cmake_args': None, 'cmake_clean_cache': False, 'cmake_clean_first': False, 'cmake_force_configure': False, 'cmake_target': None, 'cmake_target_skip_unavailable': False, 'install_base': '/home/jack/water_tank_ws/install/ros2_control_demo_description', 'merge_install': False, 'path': '/home/jack/water_tank_ws/src/ros2_control_demo_description', 'symlink_install': True, 'test_result_base': None}
[0.216s] Level 5:colcon.colcon_core.verb:set package 'rplidar_ros' build argument 'cmake_args' from command line to 'None'
[0.216s] Level 5:colcon.colcon_core.verb:set package 'rplidar_ros' build argument 'cmake_target' from command line to 'None'
[0.216s] Level 5:colcon.colcon_core.verb:set package 'rplidar_ros' build argument 'cmake_target_skip_unavailable' from command line to 'False'
[0.216s] Level 5:colcon.colcon_core.verb:set package 'rplidar_ros' build argument 'cmake_clean_cache' from command line to 'False'
[0.216s] Level 5:colcon.colcon_core.verb:set package 'rplidar_ros' build argument 'cmake_clean_first' from command line to 'False'
[0.216s] Level 5:colcon.colcon_core.verb:set package 'rplidar_ros' build argument 'cmake_force_configure' from command line to 'False'
[0.216s] Level 5:colcon.colcon_core.verb:set package 'rplidar_ros' build argument 'ament_cmake_args' from command line to 'None'
[0.216s] Level 5:colcon.colcon_core.verb:set package 'rplidar_ros' build argument 'catkin_cmake_args' from command line to 'None'
[0.216s] Level 5:colcon.colcon_core.verb:set package 'rplidar_ros' build argument 'catkin_skip_building_tests' from command line to 'False'
[0.216s] DEBUG:colcon.colcon_core.verb:Building package 'rplidar_ros' with the following arguments: {'ament_cmake_args': None, 'build_base': '/home/jack/water_tank_ws/build/rplidar_ros', 'catkin_cmake_args': None, 'catkin_skip_building_tests': False, 'cmake_args': None, 'cmake_clean_cache': False, 'cmake_clean_first': False, 'cmake_force_configure': False, 'cmake_target': None, 'cmake_target_skip_unavailable': False, 'install_base': '/home/jack/water_tank_ws/install/rplidar_ros', 'merge_install': False, 'path': '/home/jack/water_tank_ws/src/rplidar_ros', 'symlink_install': True, 'test_result_base': None}
[0.216s] Level 5:colcon.colcon_core.verb:set package 'water_bot_task_navigator' build argument 'cmake_args' from command line to 'None'
[0.216s] Level 5:colcon.colcon_core.verb:set package 'water_bot_task_navigator' build argument 'cmake_target' from command line to 'None'
[0.216s] Level 5:colcon.colcon_core.verb:set package 'water_bot_task_navigator' build argument 'cmake_target_skip_unavailable' from command line to 'False'
[0.216s] Level 5:colcon.colcon_core.verb:set package 'water_bot_task_navigator' build argument 'cmake_clean_cache' from command line to 'False'
[0.216s] Level 5:colcon.colcon_core.verb:set package 'water_bot_task_navigator' build argument 'cmake_clean_first' from command line to 'False'
[0.216s] Level 5:colcon.colcon_core.verb:set package 'water_bot_task_navigator' build argument 'cmake_force_configure' from command line to 'False'
[0.216s] Level 5:colcon.colcon_core.verb:set package 'water_bot_task_navigator' build argument 'ament_cmake_args' from command line to 'None'
[0.217s] Level 5:colcon.colcon_core.verb:set package 'water_bot_task_navigator' build argument 'catkin_cmake_args' from command line to 'None'
[0.217s] Level 5:colcon.colcon_core.verb:set package 'water_bot_task_navigator' build argument 'catkin_skip_building_tests' from command line to 'False'
[0.217s] DEBUG:colcon.colcon_core.verb:Building package 'water_bot_task_navigator' with the following arguments: {'ament_cmake_args': None, 'build_base': '/home/jack/water_tank_ws/build/water_bot_task_navigator', 'catkin_cmake_args': None, 'catkin_skip_building_tests': False, 'cmake_args': None, 'cmake_clean_cache': False, 'cmake_clean_first': False, 'cmake_force_configure': False, 'cmake_target': None, 'cmake_target_skip_unavailable': False, 'install_base': '/home/jack/water_tank_ws/install/water_bot_task_navigator', 'merge_install': False, 'path': '/home/jack/water_tank_ws/src/water_bot_task_navigator', 'symlink_install': True, 'test_result_base': None}
[0.217s] Level 5:colcon.colcon_core.verb:set package 'water_tank_cartographer' build argument 'cmake_args' from command line to 'None'
[0.217s] Level 5:colcon.colcon_core.verb:set package 'water_tank_cartographer' build argument 'cmake_target' from command line to 'None'
[0.217s] Level 5:colcon.colcon_core.verb:set package 'water_tank_cartographer' build argument 'cmake_target_skip_unavailable' from command line to 'False'
[0.217s] Level 5:colcon.colcon_core.verb:set package 'water_tank_cartographer' build argument 'cmake_clean_cache' from command line to 'False'
[0.217s] Level 5:colcon.colcon_core.verb:set package 'water_tank_cartographer' build argument 'cmake_clean_first' from command line to 'False'
[0.217s] Level 5:colcon.colcon_core.verb:set package 'water_tank_cartographer' build argument 'cmake_force_configure' from command line to 'False'
[0.217s] Level 5:colcon.colcon_core.verb:set package 'water_tank_cartographer' build argument 'ament_cmake_args' from command line to 'None'
[0.217s] Level 5:colcon.colcon_core.verb:set package 'water_tank_cartographer' build argument 'catkin_cmake_args' from command line to 'None'
[0.217s] Level 5:colcon.colcon_core.verb:set package 'water_tank_cartographer' build argument 'catkin_skip_building_tests' from command line to 'False'
[0.217s] DEBUG:colcon.colcon_core.verb:Building package 'water_tank_cartographer' with the following arguments: {'ament_cmake_args': None, 'build_base': '/home/jack/water_tank_ws/build/water_tank_cartographer', 'catkin_cmake_args': None, 'catkin_skip_building_tests': False, 'cmake_args': None, 'cmake_clean_cache': False, 'cmake_clean_first': False, 'cmake_force_configure': False, 'cmake_target': None, 'cmake_target_skip_unavailable': False, 'install_base': '/home/jack/water_tank_ws/install/water_tank_cartographer', 'merge_install': False, 'path': '/home/jack/water_tank_ws/src/water_tank_cartographer', 'symlink_install': True, 'test_result_base': None}
[0.217s] Level 5:colcon.colcon_core.verb:set package 'water_tank_navigation' build argument 'cmake_args' from command line to 'None'
[0.217s] Level 5:colcon.colcon_core.verb:set package 'water_tank_navigation' build argument 'cmake_target' from command line to 'None'
[0.217s] Level 5:colcon.colcon_core.verb:set package 'water_tank_navigation' build argument 'cmake_target_skip_unavailable' from command line to 'False'
[0.217s] Level 5:colcon.colcon_core.verb:set package 'water_tank_navigation' build argument 'cmake_clean_cache' from command line to 'False'
[0.217s] Level 5:colcon.colcon_core.verb:set package 'water_tank_navigation' build argument 'cmake_clean_first' from command line to 'False'
[0.217s] Level 5:colcon.colcon_core.verb:set package 'water_tank_navigation' build argument 'cmake_force_configure' from command line to 'False'
[0.217s] Level 5:colcon.colcon_core.verb:set package 'water_tank_navigation' build argument 'ament_cmake_args' from command line to 'None'
[0.217s] Level 5:colcon.colcon_core.verb:set package 'water_tank_navigation' build argument 'catkin_cmake_args' from command line to 'None'
[0.217s] Level 5:colcon.colcon_core.verb:set package 'water_tank_navigation' build argument 'catkin_skip_building_tests' from command line to 'False'
[0.217s] DEBUG:colcon.colcon_core.verb:Building package 'water_tank_navigation' with the following arguments: {'ament_cmake_args': None, 'build_base': '/home/jack/water_tank_ws/build/water_tank_navigation', 'catkin_cmake_args': None, 'catkin_skip_building_tests': False, 'cmake_args': None, 'cmake_clean_cache': False, 'cmake_clean_first': False, 'cmake_force_configure': False, 'cmake_target': None, 'cmake_target_skip_unavailable': False, 'install_base': '/home/jack/water_tank_ws/install/water_tank_navigation', 'merge_install': False, 'path': '/home/jack/water_tank_ws/src/water_tank_navigation', 'symlink_install': True, 'test_result_base': None}
[0.217s] Level 5:colcon.colcon_core.verb:set package 'waypoints_generator' build argument 'cmake_args' from command line to 'None'
[0.217s] Level 5:colcon.colcon_core.verb:set package 'waypoints_generator' build argument 'cmake_target' from command line to 'None'
[0.217s] Level 5:colcon.colcon_core.verb:set package 'waypoints_generator' build argument 'cmake_target_skip_unavailable' from command line to 'False'
[0.217s] Level 5:colcon.colcon_core.verb:set package 'waypoints_generator' build argument 'cmake_clean_cache' from command line to 'False'
[0.217s] Level 5:colcon.colcon_core.verb:set package 'waypoints_generator' build argument 'cmake_clean_first' from command line to 'False'
[0.217s] Level 5:colcon.colcon_core.verb:set package 'waypoints_generator' build argument 'cmake_force_configure' from command line to 'False'
[0.217s] Level 5:colcon.colcon_core.verb:set package 'waypoints_generator' build argument 'ament_cmake_args' from command line to 'None'
[0.217s] Level 5:colcon.colcon_core.verb:set package 'waypoints_generator' build argument 'catkin_cmake_args' from command line to 'None'
[0.217s] Level 5:colcon.colcon_core.verb:set package 'waypoints_generator' build argument 'catkin_skip_building_tests' from command line to 'False'
[0.217s] DEBUG:colcon.colcon_core.verb:Building package 'waypoints_generator' with the following arguments: {'ament_cmake_args': None, 'build_base': '/home/jack/water_tank_ws/build/waypoints_generator', 'catkin_cmake_args': None, 'catkin_skip_building_tests': False, 'cmake_args': None, 'cmake_clean_cache': False, 'cmake_clean_first': False, 'cmake_force_configure': False, 'cmake_target': None, 'cmake_target_skip_unavailable': False, 'install_base': '/home/jack/water_tank_ws/install/waypoints_generator', 'merge_install': False, 'path': '/home/jack/water_tank_ws/src/waypoints_generator', 'symlink_install': True, 'test_result_base': None}
[0.217s] Level 5:colcon.colcon_core.verb:set package 'ros2_control_demo_example_2' build argument 'cmake_args' from command line to 'None'
[0.217s] Level 5:colcon.colcon_core.verb:set package 'ros2_control_demo_example_2' build argument 'cmake_target' from command line to 'None'
[0.217s] Level 5:colcon.colcon_core.verb:set package 'ros2_control_demo_example_2' build argument 'cmake_target_skip_unavailable' from command line to 'False'
[0.217s] Level 5:colcon.colcon_core.verb:set package 'ros2_control_demo_example_2' build argument 'cmake_clean_cache' from command line to 'False'
[0.217s] Level 5:colcon.colcon_core.verb:set package 'ros2_control_demo_example_2' build argument 'cmake_clean_first' from command line to 'False'
[0.217s] Level 5:colcon.colcon_core.verb:set package 'ros2_control_demo_example_2' build argument 'cmake_force_configure' from command line to 'False'
[0.217s] Level 5:colcon.colcon_core.verb:set package 'ros2_control_demo_example_2' build argument 'ament_cmake_args' from command line to 'None'
[0.217s] Level 5:colcon.colcon_core.verb:set package 'ros2_control_demo_example_2' build argument 'catkin_cmake_args' from command line to 'None'
[0.217s] Level 5:colcon.colcon_core.verb:set package 'ros2_control_demo_example_2' build argument 'catkin_skip_building_tests' from command line to 'False'
[0.217s] DEBUG:colcon.colcon_core.verb:Building package 'ros2_control_demo_example_2' with the following arguments: {'ament_cmake_args': None, 'build_base': '/home/jack/water_tank_ws/build/ros2_control_demo_example_2', 'catkin_cmake_args': None, 'catkin_skip_building_tests': False, 'cmake_args': None, 'cmake_clean_cache': False, 'cmake_clean_first': False, 'cmake_force_configure': False, 'cmake_target': None, 'cmake_target_skip_unavailable': False, 'install_base': '/home/jack/water_tank_ws/install/ros2_control_demo_example_2', 'merge_install': False, 'path': '/home/jack/water_tank_ws/src/example_2', 'symlink_install': True, 'test_result_base': None}
[0.217s] INFO:colcon.colcon_core.executor:Executing jobs using 'parallel' executor
[0.218s] DEBUG:colcon.colcon_parallel_executor.executor.parallel:run_until_complete
[0.218s] INFO:colcon.colcon_ros.task.ament_cmake.build:Building ROS package in '/home/jack/water_tank_ws/src/ros2_control_demo_description' with build type 'ament_cmake'
[0.218s] INFO:colcon.colcon_cmake.task.cmake.build:Building CMake package in '/home/jack/water_tank_ws/src/ros2_control_demo_description'
[0.221s] INFO:colcon.colcon_core.plugin_system:Skipping extension 'colcon_core.shell.bat': Not used on non-Windows systems
[0.221s] INFO:colcon.colcon_core.shell:Skip shell extension 'powershell' for command environment: Not usable outside of PowerShell
[0.221s] DEBUG:colcon.colcon_core.shell:Skip shell extension 'dsv' for command environment
[0.224s] INFO:colcon.colcon_ros.task.ament_cmake.build:Building ROS package in '/home/jack/water_tank_ws/src/rf2o_laser_odometry' with build type 'ament_cmake'
[0.225s] INFO:colcon.colcon_cmake.task.cmake.build:Building CMake package in '/home/jack/water_tank_ws/src/rf2o_laser_odometry'
[0.225s] INFO:colcon.colcon_core.shell:Skip shell extension 'powershell' for command environment: Not usable outside of PowerShell
[0.225s] DEBUG:colcon.colcon_core.shell:Skip shell extension 'dsv' for command environment
[0.227s] INFO:colcon.colcon_ros.task.ament_cmake.build:Building ROS package in '/home/jack/water_tank_ws/src/rplidar_ros' with build type 'ament_cmake'
[0.227s] INFO:colcon.colcon_cmake.task.cmake.build:Building CMake package in '/home/jack/water_tank_ws/src/rplidar_ros'
[0.227s] INFO:colcon.colcon_core.shell:Skip shell extension 'powershell' for command environment: Not usable outside of PowerShell
[0.227s] DEBUG:colcon.colcon_core.shell:Skip shell extension 'dsv' for command environment
[0.229s] INFO:colcon.colcon_ros.task.ament_python.build:Building ROS package in '/home/jack/water_tank_ws/src/water_bot_task_navigator' with build type 'ament_python'
[0.230s] Level 1:colcon.colcon_core.shell:create_environment_hook('water_bot_task_navigator', 'ament_prefix_path')
[0.230s] INFO:colcon.colcon_core.shell:Creating environment hook '/home/jack/water_tank_ws/install/water_bot_task_navigator/share/water_bot_task_navigator/hook/ament_prefix_path.ps1'
[0.230s] INFO:colcon.colcon_core.shell:Creating environment descriptor '/home/jack/water_tank_ws/install/water_bot_task_navigator/share/water_bot_task_navigator/hook/ament_prefix_path.dsv'
[0.230s] INFO:colcon.colcon_core.shell:Creating environment hook '/home/jack/water_tank_ws/install/water_bot_task_navigator/share/water_bot_task_navigator/hook/ament_prefix_path.sh'
[0.231s] INFO:colcon.colcon_core.shell:Skip shell extension 'powershell' for command environment: Not usable outside of PowerShell
[0.231s] DEBUG:colcon.colcon_core.shell:Skip shell extension 'dsv' for command environment
[0.233s] INFO:colcon.colcon_ros.task.ament_cmake.build:Building ROS package in '/home/jack/water_tank_ws/src/water_tank_cartographer' with build type 'ament_cmake'
[0.233s] INFO:colcon.colcon_cmake.task.cmake.build:Building CMake package in '/home/jack/water_tank_ws/src/water_tank_cartographer'
[0.233s] INFO:colcon.colcon_core.shell:Skip shell extension 'powershell' for command environment: Not usable outside of PowerShell
[0.233s] DEBUG:colcon.colcon_core.shell:Skip shell extension 'dsv' for command environment
[0.235s] INFO:colcon.colcon_ros.task.ament_cmake.build:Building ROS package in '/home/jack/water_tank_ws/src/water_tank_navigation' with build type 'ament_cmake'
[0.235s] INFO:colcon.colcon_cmake.task.cmake.build:Building CMake package in '/home/jack/water_tank_ws/src/water_tank_navigation'
[0.235s] INFO:colcon.colcon_core.shell:Skip shell extension 'powershell' for command environment: Not usable outside of PowerShell
[0.235s] DEBUG:colcon.colcon_core.shell:Skip shell extension 'dsv' for command environment
[0.238s] INFO:colcon.colcon_ros.task.ament_python.build:Building ROS package in '/home/jack/water_tank_ws/src/waypoints_generator' with build type 'ament_python'
[0.238s] Level 1:colcon.colcon_core.shell:create_environment_hook('waypoints_generator', 'ament_prefix_path')
[0.238s] INFO:colcon.colcon_core.shell:Creating environment hook '/home/jack/water_tank_ws/install/waypoints_generator/share/waypoints_generator/hook/ament_prefix_path.ps1'
[0.238s] INFO:colcon.colcon_core.shell:Creating environment descriptor '/home/jack/water_tank_ws/install/waypoints_generator/share/waypoints_generator/hook/ament_prefix_path.dsv'
[0.239s] INFO:colcon.colcon_core.shell:Creating environment hook '/home/jack/water_tank_ws/install/waypoints_generator/share/waypoints_generator/hook/ament_prefix_path.sh'
[0.239s] INFO:colcon.colcon_core.shell:Skip shell extension 'powershell' for command environment: Not usable outside of PowerShell
[0.239s] DEBUG:colcon.colcon_core.shell:Skip shell extension 'dsv' for command environment
[0.244s] DEBUG:colcon.colcon_core.event_handler.log_command:Invoking command in '/home/jack/water_tank_ws/build/ros2_control_demo_description': CMAKE_PREFIX_PATH=${CMAKE_PREFIX_PATH}:/home/jack/water_tank_ws/install/waypoints_generator:/opt/ros/jazzy DEBUGINFOD_URLS=https://debuginfod.ubuntu.com /usr/bin/cmake --build /home/jack/water_tank_ws/build/ros2_control_demo_description -- -j20 -l20
[0.247s] DEBUG:colcon.colcon_core.event_handler.log_command:Invoking command in '/home/jack/water_tank_ws/build/rf2o_laser_odometry': CMAKE_PREFIX_PATH=${CMAKE_PREFIX_PATH}:/home/jack/water_tank_ws/install/waypoints_generator:/opt/ros/jazzy DEBUGINFOD_URLS=https://debuginfod.ubuntu.com /usr/bin/cmake --build /home/jack/water_tank_ws/build/rf2o_laser_odometry -- -j20 -l20
[0.249s] DEBUG:colcon.colcon_core.event_handler.log_command:Invoking command in '/home/jack/water_tank_ws/build/rplidar_ros': CMAKE_PREFIX_PATH=${CMAKE_PREFIX_PATH}:/home/jack/water_tank_ws/install/waypoints_generator:/opt/ros/jazzy DEBUGINFOD_URLS=https://debuginfod.ubuntu.com /usr/bin/cmake --build /home/jack/water_tank_ws/build/rplidar_ros -- -j20 -l20
[0.395s] INFO:colcon.colcon_core.task.python.build:Building Python package in '/home/jack/water_tank_ws/src/water_bot_task_navigator'
[0.395s] INFO:colcon.colcon_core.shell:Skip shell extension 'powershell' for command environment: Not usable outside of PowerShell
[0.395s] DEBUG:colcon.colcon_core.shell:Skip shell extension 'dsv' for command environment
[0.400s] DEBUG:colcon.colcon_core.event_handler.log_command:Invoking command in '/home/jack/water_tank_ws/build/water_tank_cartographer': CMAKE_PREFIX_PATH=${CMAKE_PREFIX_PATH}:/home/jack/water_tank_ws/install/waypoints_generator:/opt/ros/jazzy DEBUGINFOD_URLS=https://debuginfod.ubuntu.com /usr/bin/cmake --build /home/jack/water_tank_ws/build/water_tank_cartographer -- -j20 -l20
[0.401s] DEBUG:colcon.colcon_core.event_handler.log_command:Invoking command in '/home/jack/water_tank_ws/build/water_tank_navigation': CMAKE_PREFIX_PATH=${CMAKE_PREFIX_PATH}:/home/jack/water_tank_ws/install/waypoints_generator:/opt/ros/jazzy DEBUGINFOD_URLS=https://debuginfod.ubuntu.com /usr/bin/cmake --build /home/jack/water_tank_ws/build/water_tank_navigation -- -j20 -l20
[0.405s] DEBUG:colcon.colcon_core.event_handler.log_command:Invoked command in '/home/jack/water_tank_ws/build/ros2_control_demo_description' returned '0': CMAKE_PREFIX_PATH=${CMAKE_PREFIX_PATH}:/home/jack/water_tank_ws/install/waypoints_generator:/opt/ros/jazzy DEBUGINFOD_URLS=https://debuginfod.ubuntu.com /usr/bin/cmake --build /home/jack/water_tank_ws/build/ros2_control_demo_description -- -j20 -l20
[0.412s] DEBUG:colcon.colcon_core.event_handler.log_command:Invoking command in '/home/jack/water_tank_ws/build/ros2_control_demo_description': CMAKE_PREFIX_PATH=${CMAKE_PREFIX_PATH}:/home/jack/water_tank_ws/install/waypoints_generator:/opt/ros/jazzy DEBUGINFOD_URLS=https://debuginfod.ubuntu.com /usr/bin/cmake --install /home/jack/water_tank_ws/build/ros2_control_demo_description
[0.412s] DEBUG:colcon.colcon_core.event_handler.log_command:Invoked command in '/home/jack/water_tank_ws/build/rf2o_laser_odometry' returned '0': CMAKE_PREFIX_PATH=${CMAKE_PREFIX_PATH}:/home/jack/water_tank_ws/install/waypoints_generator:/opt/ros/jazzy DEBUGINFOD_URLS=https://debuginfod.ubuntu.com /usr/bin/cmake --build /home/jack/water_tank_ws/build/rf2o_laser_odometry -- -j20 -l20
[0.413s] DEBUG:colcon.colcon_core.event_handler.log_command:Invoking command in '/home/jack/water_tank_ws/build/rf2o_laser_odometry': CMAKE_PREFIX_PATH=${CMAKE_PREFIX_PATH}:/home/jack/water_tank_ws/install/waypoints_generator:/opt/ros/jazzy DEBUGINFOD_URLS=https://debuginfod.ubuntu.com /usr/bin/cmake --install /home/jack/water_tank_ws/build/rf2o_laser_odometry
[0.556s] INFO:colcon.colcon_core.task.python.build:Building Python package in '/home/jack/water_tank_ws/src/waypoints_generator'
[0.556s] INFO:colcon.colcon_core.shell:Skip shell extension 'powershell' for command environment: Not usable outside of PowerShell
[0.556s] DEBUG:colcon.colcon_core.shell:Skip shell extension 'dsv' for command environment
[0.563s] DEBUG:colcon.colcon_core.event_handler.log_command:Invoked command in '/home/jack/water_tank_ws/build/rplidar_ros' returned '0': CMAKE_PREFIX_PATH=${CMAKE_PREFIX_PATH}:/home/jack/water_tank_ws/install/waypoints_generator:/opt/ros/jazzy DEBUGINFOD_URLS=https://debuginfod.ubuntu.com /usr/bin/cmake --build /home/jack/water_tank_ws/build/rplidar_ros -- -j20 -l20
[0.563s] DEBUG:colcon.colcon_core.event_handler.log_command:Invoking command in '/home/jack/water_tank_ws/build/rplidar_ros': CMAKE_PREFIX_PATH=${CMAKE_PREFIX_PATH}:/home/jack/water_tank_ws/install/waypoints_generator:/opt/ros/jazzy DEBUGINFOD_URLS=https://debuginfod.ubuntu.com /usr/bin/cmake --install /home/jack/water_tank_ws/build/rplidar_ros
[0.565s] Level 1:colcon.colcon_core.environment:create_environment_scripts_only(ros2_control_demo_description)
[0.566s] DEBUG:colcon.colcon_core.event_handler.log_command:Invoked command in '/home/jack/water_tank_ws/build/ros2_control_demo_description' returned '0': CMAKE_PREFIX_PATH=${CMAKE_PREFIX_PATH}:/home/jack/water_tank_ws/install/waypoints_generator:/opt/ros/jazzy DEBUGINFOD_URLS=https://debuginfod.ubuntu.com /usr/bin/cmake --install /home/jack/water_tank_ws/build/ros2_control_demo_description
[0.567s] Level 1:colcon.colcon_core.environment:checking '/home/jack/water_tank_ws/install/ros2_control_demo_description' for CMake module files
[0.568s] Level 1:colcon.colcon_core.environment:checking '/home/jack/water_tank_ws/install/ros2_control_demo_description' for CMake config files
[0.568s] Level 1:colcon.colcon_core.shell:create_environment_hook('ros2_control_demo_description', 'cmake_prefix_path')
[0.568s] INFO:colcon.colcon_core.shell:Creating environment hook '/home/jack/water_tank_ws/install/ros2_control_demo_description/share/ros2_control_demo_description/hook/cmake_prefix_path.ps1'
[0.568s] INFO:colcon.colcon_core.shell:Creating environment descriptor '/home/jack/water_tank_ws/install/ros2_control_demo_description/share/ros2_control_demo_description/hook/cmake_prefix_path.dsv'
[0.569s] INFO:colcon.colcon_core.shell:Creating environment hook '/home/jack/water_tank_ws/install/ros2_control_demo_description/share/ros2_control_demo_description/hook/cmake_prefix_path.sh'
[0.569s] Level 1:colcon.colcon_core.environment:checking '/home/jack/water_tank_ws/install/ros2_control_demo_description/bin'
[0.569s] Level 1:colcon.colcon_core.environment:checking '/home/jack/water_tank_ws/install/ros2_control_demo_description/lib/pkgconfig/ros2_control_demo_description.pc'
[0.569s] Level 1:colcon.colcon_core.environment:checking '/home/jack/water_tank_ws/install/ros2_control_demo_description/lib/python3.12/site-packages'
[0.569s] Level 1:colcon.colcon_core.environment:checking '/home/jack/water_tank_ws/install/ros2_control_demo_description/bin'
[0.570s] INFO:colcon.colcon_core.shell:Creating package script '/home/jack/water_tank_ws/install/ros2_control_demo_description/share/ros2_control_demo_description/package.ps1'
[0.570s] INFO:colcon.colcon_core.shell:Creating package descriptor '/home/jack/water_tank_ws/install/ros2_control_demo_description/share/ros2_control_demo_description/package.dsv'
[0.570s] INFO:colcon.colcon_core.shell:Creating package script '/home/jack/water_tank_ws/install/ros2_control_demo_description/share/ros2_control_demo_description/package.sh'
[0.571s] INFO:colcon.colcon_core.shell:Creating package script '/home/jack/water_tank_ws/install/ros2_control_demo_description/share/ros2_control_demo_description/package.bash'
[0.571s] INFO:colcon.colcon_core.shell:Creating package script '/home/jack/water_tank_ws/install/ros2_control_demo_description/share/ros2_control_demo_description/package.zsh'
[0.572s] Level 1:colcon.colcon_core.environment:create_file_with_runtime_dependencies(/home/jack/water_tank_ws/install/ros2_control_demo_description/share/colcon-core/packages/ros2_control_demo_description)
[0.572s] Level 1:colcon.colcon_core.environment:create_environment_scripts_only(ros2_control_demo_description)
[0.572s] Level 1:colcon.colcon_core.environment:checking '/home/jack/water_tank_ws/install/ros2_control_demo_description' for CMake module files
[0.573s] Level 1:colcon.colcon_core.environment:checking '/home/jack/water_tank_ws/install/ros2_control_demo_description' for CMake config files
[0.573s] Level 1:colcon.colcon_core.shell:create_environment_hook('ros2_control_demo_description', 'cmake_prefix_path')
[0.574s] INFO:colcon.colcon_core.shell:Creating environment hook '/home/jack/water_tank_ws/install/ros2_control_demo_description/share/ros2_control_demo_description/hook/cmake_prefix_path.ps1'
[0.574s] INFO:colcon.colcon_core.shell:Creating environment descriptor '/home/jack/water_tank_ws/install/ros2_control_demo_description/share/ros2_control_demo_description/hook/cmake_prefix_path.dsv'
[0.574s] INFO:colcon.colcon_core.shell:Creating environment hook '/home/jack/water_tank_ws/install/ros2_control_demo_description/share/ros2_control_demo_description/hook/cmake_prefix_path.sh'
[0.575s] Level 1:colcon.colcon_core.environment:checking '/home/jack/water_tank_ws/install/ros2_control_demo_description/bin'
[0.575s] Level 1:colcon.colcon_core.environment:checking '/home/jack/water_tank_ws/install/ros2_control_demo_description/lib/pkgconfig/ros2_control_demo_description.pc'
[0.575s] Level 1:colcon.colcon_core.environment:checking '/home/jack/water_tank_ws/install/ros2_control_demo_description/lib/python3.12/site-packages'
[0.575s] Level 1:colcon.colcon_core.environment:checking '/home/jack/water_tank_ws/install/ros2_control_demo_description/bin'
[0.575s] INFO:colcon.colcon_core.shell:Creating package script '/home/jack/water_tank_ws/install/ros2_control_demo_description/share/ros2_control_demo_description/package.ps1'
[0.584s] INFO:colcon.colcon_core.shell:Creating package descriptor '/home/jack/water_tank_ws/install/ros2_control_demo_description/share/ros2_control_demo_description/package.dsv'
[0.584s] INFO:colcon.colcon_core.shell:Creating package script '/home/jack/water_tank_ws/install/ros2_control_demo_description/share/ros2_control_demo_description/package.sh'
[0.584s] INFO:colcon.colcon_core.shell:Creating package script '/home/jack/water_tank_ws/install/ros2_control_demo_description/share/ros2_control_demo_description/package.bash'
[0.584s] INFO:colcon.colcon_core.shell:Creating package script '/home/jack/water_tank_ws/install/ros2_control_demo_description/share/ros2_control_demo_description/package.zsh'
[0.584s] Level 1:colcon.colcon_core.environment:create_file_with_runtime_dependencies(/home/jack/water_tank_ws/install/ros2_control_demo_description/share/colcon-core/packages/ros2_control_demo_description)
[0.585s] Level 1:colcon.colcon_core.environment:create_environment_scripts_only(rf2o_laser_odometry)
[0.585s] Level 1:colcon.colcon_core.environment:checking '/home/jack/water_tank_ws/install/rf2o_laser_odometry' for CMake module files
[0.585s] DEBUG:colcon.colcon_core.event_handler.log_command:Invoked command in '/home/jack/water_tank_ws/build/rf2o_laser_odometry' returned '0': CMAKE_PREFIX_PATH=${CMAKE_PREFIX_PATH}:/home/jack/water_tank_ws/install/waypoints_generator:/opt/ros/jazzy DEBUGINFOD_URLS=https://debuginfod.ubuntu.com /usr/bin/cmake --install /home/jack/water_tank_ws/build/rf2o_laser_odometry
[0.586s] Level 1:colcon.colcon_core.environment:checking '/home/jack/water_tank_ws/install/rf2o_laser_odometry' for CMake config files
[0.586s] Level 1:colcon.colcon_core.shell:create_environment_hook('rf2o_laser_odometry', 'cmake_prefix_path')
[0.586s] INFO:colcon.colcon_core.shell:Creating environment hook '/home/jack/water_tank_ws/install/rf2o_laser_odometry/share/rf2o_laser_odometry/hook/cmake_prefix_path.ps1'
[0.587s] INFO:colcon.colcon_core.shell:Creating environment descriptor '/home/jack/water_tank_ws/install/rf2o_laser_odometry/share/rf2o_laser_odometry/hook/cmake_prefix_path.dsv'
[0.587s] INFO:colcon.colcon_core.shell:Creating environment hook '/home/jack/water_tank_ws/install/rf2o_laser_odometry/share/rf2o_laser_odometry/hook/cmake_prefix_path.sh'
[0.587s] Level 1:colcon.colcon_core.environment:checking '/home/jack/water_tank_ws/install/rf2o_laser_odometry/lib'
[0.587s] Level 1:colcon.colcon_core.environment:checking '/home/jack/water_tank_ws/install/rf2o_laser_odometry/bin'
[0.587s] Level 1:colcon.colcon_core.environment:checking '/home/jack/water_tank_ws/install/rf2o_laser_odometry/lib/pkgconfig/rf2o_laser_odometry.pc'
[0.587s] Level 1:colcon.colcon_core.environment:checking '/home/jack/water_tank_ws/install/rf2o_laser_odometry/lib/python3.12/site-packages'
[0.588s] Level 1:colcon.colcon_core.environment:checking '/home/jack/water_tank_ws/install/rf2o_laser_odometry/bin'
[0.588s] INFO:colcon.colcon_core.shell:Creating package script '/home/jack/water_tank_ws/install/rf2o_laser_odometry/share/rf2o_laser_odometry/package.ps1'
[0.588s] INFO:colcon.colcon_core.shell:Creating package descriptor '/home/jack/water_tank_ws/install/rf2o_laser_odometry/share/rf2o_laser_odometry/package.dsv'
[0.588s] INFO:colcon.colcon_core.shell:Creating package script '/home/jack/water_tank_ws/install/rf2o_laser_odometry/share/rf2o_laser_odometry/package.sh'
[0.588s] INFO:colcon.colcon_core.shell:Creating package script '/home/jack/water_tank_ws/install/rf2o_laser_odometry/share/rf2o_laser_odometry/package.bash'
[0.589s] INFO:colcon.colcon_core.shell:Creating package script '/home/jack/water_tank_ws/install/rf2o_laser_odometry/share/rf2o_laser_odometry/package.zsh'
[0.589s] Level 1:colcon.colcon_core.environment:create_file_with_runtime_dependencies(/home/jack/water_tank_ws/install/rf2o_laser_odometry/share/colcon-core/packages/rf2o_laser_odometry)
[0.589s] Level 1:colcon.colcon_core.environment:create_environment_scripts_only(rf2o_laser_odometry)
[0.589s] Level 1:colcon.colcon_core.environment:checking '/home/jack/water_tank_ws/install/rf2o_laser_odometry' for CMake module files
[0.589s] Level 1:colcon.colcon_core.environment:checking '/home/jack/water_tank_ws/install/rf2o_laser_odometry' for CMake config files
[0.590s] Level 1:colcon.colcon_core.shell:create_environment_hook('rf2o_laser_odometry', 'cmake_prefix_path')
[0.590s] INFO:colcon.colcon_core.shell:Creating environment hook '/home/jack/water_tank_ws/install/rf2o_laser_odometry/share/rf2o_laser_odometry/hook/cmake_prefix_path.ps1'
[0.590s] INFO:colcon.colcon_core.shell:Creating environment descriptor '/home/jack/water_tank_ws/install/rf2o_laser_odometry/share/rf2o_laser_odometry/hook/cmake_prefix_path.dsv'
[0.590s] INFO:colcon.colcon_core.shell:Creating environment hook '/home/jack/water_tank_ws/install/rf2o_laser_odometry/share/rf2o_laser_odometry/hook/cmake_prefix_path.sh'
[0.590s] Level 1:colcon.colcon_core.environment:checking '/home/jack/water_tank_ws/install/rf2o_laser_odometry/lib'
[0.590s] Level 1:colcon.colcon_core.environment:checking '/home/jack/water_tank_ws/install/rf2o_laser_odometry/bin'
[0.590s] Level 1:colcon.colcon_core.environment:checking '/home/jack/water_tank_ws/install/rf2o_laser_odometry/lib/pkgconfig/rf2o_laser_odometry.pc'
[0.591s] Level 1:colcon.colcon_core.environment:checking '/home/jack/water_tank_ws/install/rf2o_laser_odometry/lib/python3.12/site-packages'
[0.591s] Level 1:colcon.colcon_core.environment:checking '/home/jack/water_tank_ws/install/rf2o_laser_odometry/bin'
[0.591s] INFO:colcon.colcon_core.shell:Creating package script '/home/jack/water_tank_ws/install/rf2o_laser_odometry/share/rf2o_laser_odometry/package.ps1'
[0.591s] INFO:colcon.colcon_core.shell:Creating package descriptor '/home/jack/water_tank_ws/install/rf2o_laser_odometry/share/rf2o_laser_odometry/package.dsv'
[0.591s] INFO:colcon.colcon_core.shell:Creating package script '/home/jack/water_tank_ws/install/rf2o_laser_odometry/share/rf2o_laser_odometry/package.sh'
[0.591s] INFO:colcon.colcon_core.shell:Creating package script '/home/jack/water_tank_ws/install/rf2o_laser_odometry/share/rf2o_laser_odometry/package.bash'
[0.592s] INFO:colcon.colcon_core.shell:Creating package script '/home/jack/water_tank_ws/install/rf2o_laser_odometry/share/rf2o_laser_odometry/package.zsh'
[0.592s] Level 1:colcon.colcon_core.environment:create_file_with_runtime_dependencies(/home/jack/water_tank_ws/install/rf2o_laser_odometry/share/colcon-core/packages/rf2o_laser_odometry)
[0.592s] DEBUG:colcon.colcon_core.event_handler.log_command:Invoked command in '/home/jack/water_tank_ws/build/water_tank_navigation' returned '0': CMAKE_PREFIX_PATH=${CMAKE_PREFIX_PATH}:/home/jack/water_tank_ws/install/waypoints_generator:/opt/ros/jazzy DEBUGINFOD_URLS=https://debuginfod.ubuntu.com /usr/bin/cmake --build /home/jack/water_tank_ws/build/water_tank_navigation -- -j20 -l20
[0.593s] DEBUG:colcon.colcon_core.event_handler.log_command:Invoking command in '/home/jack/water_tank_ws/build/water_tank_navigation': CMAKE_PREFIX_PATH=${CMAKE_PREFIX_PATH}:/home/jack/water_tank_ws/install/waypoints_generator:/opt/ros/jazzy DEBUGINFOD_URLS=https://debuginfod.ubuntu.com /usr/bin/cmake --install /home/jack/water_tank_ws/build/water_tank_navigation
[0.593s] DEBUG:colcon.colcon_core.event_handler.log_command:Invoked command in '/home/jack/water_tank_ws/build/water_tank_cartographer' returned '0': CMAKE_PREFIX_PATH=${CMAKE_PREFIX_PATH}:/home/jack/water_tank_ws/install/waypoints_generator:/opt/ros/jazzy DEBUGINFOD_URLS=https://debuginfod.ubuntu.com /usr/bin/cmake --build /home/jack/water_tank_ws/build/water_tank_cartographer -- -j20 -l20
[0.595s] DEBUG:colcon.colcon_core.event_handler.log_command:Invoking command in '/home/jack/water_tank_ws/build/water_tank_cartographer': CMAKE_PREFIX_PATH=${CMAKE_PREFIX_PATH}:/home/jack/water_tank_ws/install/waypoints_generator:/opt/ros/jazzy DEBUGINFOD_URLS=https://debuginfod.ubuntu.com /usr/bin/cmake --install /home/jack/water_tank_ws/build/water_tank_cartographer
[0.596s] INFO:colcon.colcon_ros.task.ament_cmake.build:Building ROS package in '/home/jack/water_tank_ws/src/example_2' with build type 'ament_cmake'
[0.596s] INFO:colcon.colcon_cmake.task.cmake.build:Building CMake package in '/home/jack/water_tank_ws/src/example_2'
[0.596s] INFO:colcon.colcon_core.shell:Skip shell extension 'powershell' for command environment: Not usable outside of PowerShell
[0.596s] DEBUG:colcon.colcon_core.shell:Skip shell extension 'dsv' for command environment
[0.604s] Level 1:colcon.colcon_core.environment:create_environment_scripts_only(rplidar_ros)
[0.604s] DEBUG:colcon.colcon_core.event_handler.log_command:Invoked command in '/home/jack/water_tank_ws/build/rplidar_ros' returned '0': CMAKE_PREFIX_PATH=${CMAKE_PREFIX_PATH}:/home/jack/water_tank_ws/install/waypoints_generator:/opt/ros/jazzy DEBUGINFOD_URLS=https://debuginfod.ubuntu.com /usr/bin/cmake --install /home/jack/water_tank_ws/build/rplidar_ros
[0.604s] Level 1:colcon.colcon_core.environment:checking '/home/jack/water_tank_ws/install/rplidar_ros' for CMake module files
[0.607s] Level 1:colcon.colcon_core.environment:checking '/home/jack/water_tank_ws/install/rplidar_ros' for CMake config files
[0.608s] Level 1:colcon.colcon_core.shell:create_environment_hook('rplidar_ros', 'cmake_prefix_path')
[0.608s] INFO:colcon.colcon_core.shell:Creating environment hook '/home/jack/water_tank_ws/install/rplidar_ros/share/rplidar_ros/hook/cmake_prefix_path.ps1'
[0.608s] INFO:colcon.colcon_core.shell:Creating environment descriptor '/home/jack/water_tank_ws/install/rplidar_ros/share/rplidar_ros/hook/cmake_prefix_path.dsv'
[0.609s] INFO:colcon.colcon_core.shell:Creating environment hook '/home/jack/water_tank_ws/install/rplidar_ros/share/rplidar_ros/hook/cmake_prefix_path.sh'
[0.609s] Level 1:colcon.colcon_core.environment:checking '/home/jack/water_tank_ws/install/rplidar_ros/lib'
[0.610s] Level 1:colcon.colcon_core.environment:checking '/home/jack/water_tank_ws/install/rplidar_ros/bin'
[0.610s] Level 1:colcon.colcon_core.environment:checking '/home/jack/water_tank_ws/install/rplidar_ros/lib/pkgconfig/rplidar_ros.pc'
[0.610s] Level 1:colcon.colcon_core.environment:checking '/home/jack/water_tank_ws/install/rplidar_ros/lib/python3.12/site-packages'
[0.610s] Level 1:colcon.colcon_core.environment:checking '/home/jack/water_tank_ws/install/rplidar_ros/bin'
[0.610s] INFO:colcon.colcon_core.shell:Creating package script '/home/jack/water_tank_ws/install/rplidar_ros/share/rplidar_ros/package.ps1'
[0.610s] INFO:colcon.colcon_core.shell:Creating package descriptor '/home/jack/water_tank_ws/install/rplidar_ros/share/rplidar_ros/package.dsv'
[0.610s] INFO:colcon.colcon_core.shell:Creating package script '/home/jack/water_tank_ws/install/rplidar_ros/share/rplidar_ros/package.sh'
[0.611s] INFO:colcon.colcon_core.shell:Creating package script '/home/jack/water_tank_ws/install/rplidar_ros/share/rplidar_ros/package.bash'
[0.611s] INFO:colcon.colcon_core.shell:Creating package script '/home/jack/water_tank_ws/install/rplidar_ros/share/rplidar_ros/package.zsh'
[0.611s] Level 1:colcon.colcon_core.environment:create_file_with_runtime_dependencies(/home/jack/water_tank_ws/install/rplidar_ros/share/colcon-core/packages/rplidar_ros)
[0.612s] Level 1:colcon.colcon_core.environment:create_environment_scripts_only(rplidar_ros)
[0.612s] Level 1:colcon.colcon_core.environment:checking '/home/jack/water_tank_ws/install/rplidar_ros' for CMake module files
[0.613s] Level 1:colcon.colcon_core.environment:checking '/home/jack/water_tank_ws/install/rplidar_ros' for CMake config files
[0.614s] Level 1:colcon.colcon_core.shell:create_environment_hook('rplidar_ros', 'cmake_prefix_path')
[0.614s] INFO:colcon.colcon_core.shell:Creating environment hook '/home/jack/water_tank_ws/install/rplidar_ros/share/rplidar_ros/hook/cmake_prefix_path.ps1'
[0.615s] INFO:colcon.colcon_core.shell:Creating environment descriptor '/home/jack/water_tank_ws/install/rplidar_ros/share/rplidar_ros/hook/cmake_prefix_path.dsv'
[0.615s] INFO:colcon.colcon_core.shell:Creating environment hook '/home/jack/water_tank_ws/install/rplidar_ros/share/rplidar_ros/hook/cmake_prefix_path.sh'
[0.615s] Level 1:colcon.colcon_core.environment:checking '/home/jack/water_tank_ws/install/rplidar_ros/lib'
[0.616s] Level 1:colcon.colcon_core.environment:checking '/home/jack/water_tank_ws/install/rplidar_ros/bin'
[0.616s] Level 1:colcon.colcon_core.environment:checking '/home/jack/water_tank_ws/install/rplidar_ros/lib/pkgconfig/rplidar_ros.pc'
[0.616s] Level 1:colcon.colcon_core.environment:checking '/home/jack/water_tank_ws/install/rplidar_ros/lib/python3.12/site-packages'
[0.616s] Level 1:colcon.colcon_core.environment:checking '/home/jack/water_tank_ws/install/rplidar_ros/bin'
[0.616s] INFO:colcon.colcon_core.shell:Creating package script '/home/jack/water_tank_ws/install/rplidar_ros/share/rplidar_ros/package.ps1'
[0.616s] INFO:colcon.colcon_core.shell:Creating package descriptor '/home/jack/water_tank_ws/install/rplidar_ros/share/rplidar_ros/package.dsv'
[0.617s] INFO:colcon.colcon_core.shell:Creating package script '/home/jack/water_tank_ws/install/rplidar_ros/share/rplidar_ros/package.sh'
[0.617s] INFO:colcon.colcon_core.shell:Creating package script '/home/jack/water_tank_ws/install/rplidar_ros/share/rplidar_ros/package.bash'
[0.617s] INFO:colcon.colcon_core.shell:Creating package script '/home/jack/water_tank_ws/install/rplidar_ros/share/rplidar_ros/package.zsh'
[0.617s] Level 1:colcon.colcon_core.environment:create_file_with_runtime_dependencies(/home/jack/water_tank_ws/install/rplidar_ros/share/colcon-core/packages/rplidar_ros)
[0.620s] Level 1:colcon.colcon_core.environment:create_environment_scripts_only(water_tank_cartographer)
[0.620s] Level 1:colcon.colcon_core.environment:checking '/home/jack/water_tank_ws/install/water_tank_cartographer' for CMake module files
[0.621s] DEBUG:colcon.colcon_core.event_handler.log_command:Invoking command in '/home/jack/water_tank_ws/build/ros2_control_demo_example_2': CMAKE_PREFIX_PATH=/home/jack/water_tank_ws/install/ros2_control_demo_description:/home/jack/water_tank_ws/install/water_tank_navigation:/home/jack/water_tank_ws/install/water_tank_cartographer:/home/jack/water_tank_ws/install/rplidar_ros:/home/jack/water_tank_ws/install/ros2_control_demo_example_2:/home/jack/water_tank_ws/install/rf2o_laser_odometry:/opt/ros/jazzy/opt/gz_sim_vendor:/opt/ros/jazzy/opt/gz_sensors_vendor:/opt/ros/jazzy/opt/gz_physics_vendor:/opt/ros/jazzy/opt/sdformat_vendor:/opt/ros/jazzy/opt/gz_gui_vendor:/opt/ros/jazzy/opt/gz_transport_vendor:/opt/ros/jazzy/opt/gz_rendering_vendor:/opt/ros/jazzy/opt/gz_plugin_vendor:/opt/ros/jazzy/opt/gz_fuel_tools_vendor:/opt/ros/jazzy/opt/gz_msgs_vendor:/opt/ros/jazzy/opt/gz_common_vendor:/opt/ros/jazzy/opt/gz_math_vendor:/opt/ros/jazzy/opt/gz_utils_vendor:/opt/ros/jazzy/opt/gz_tools_vendor:/opt/ros/jazzy/opt/gz_ogre_next_vendor:/opt/ros/jazzy/opt/gz_dartsim_vendor:/opt/ros/jazzy/opt/gz_cmake_vendor:/home/jack/water_tank_ws/install/waypoints_generator:/opt/ros/jazzy DEBUGINFOD_URLS=https://debuginfod.ubuntu.com /usr/bin/cmake --build /home/jack/water_tank_ws/build/ros2_control_demo_example_2 -- -j20 -l20
[0.621s] DEBUG:colcon.colcon_core.event_handler.log_command:Invoked command in '/home/jack/water_tank_ws/build/water_tank_cartographer' returned '0': CMAKE_PREFIX_PATH=${CMAKE_PREFIX_PATH}:/home/jack/water_tank_ws/install/waypoints_generator:/opt/ros/jazzy DEBUGINFOD_URLS=https://debuginfod.ubuntu.com /usr/bin/cmake --install /home/jack/water_tank_ws/build/water_tank_cartographer
[0.622s] Level 1:colcon.colcon_core.environment:checking '/home/jack/water_tank_ws/install/water_tank_cartographer' for CMake config files
[0.622s] Level 1:colcon.colcon_core.shell:create_environment_hook('water_tank_cartographer', 'cmake_prefix_path')
[0.622s] INFO:colcon.colcon_core.shell:Creating environment hook '/home/jack/water_tank_ws/install/water_tank_cartographer/share/water_tank_cartographer/hook/cmake_prefix_path.ps1'
[0.622s] INFO:colcon.colcon_core.shell:Creating environment descriptor '/home/jack/water_tank_ws/install/water_tank_cartographer/share/water_tank_cartographer/hook/cmake_prefix_path.dsv'
[0.623s] INFO:colcon.colcon_core.shell:Creating environment hook '/home/jack/water_tank_ws/install/water_tank_cartographer/share/water_tank_cartographer/hook/cmake_prefix_path.sh'
[0.623s] Level 1:colcon.colcon_core.environment:checking '/home/jack/water_tank_ws/install/water_tank_cartographer/bin'
[0.623s] Level 1:colcon.colcon_core.environment:checking '/home/jack/water_tank_ws/install/water_tank_cartographer/lib/pkgconfig/water_tank_cartographer.pc'
[0.623s] Level 1:colcon.colcon_core.environment:checking '/home/jack/water_tank_ws/install/water_tank_cartographer/lib/python3.12/site-packages'
[0.623s] Level 1:colcon.colcon_core.environment:checking '/home/jack/water_tank_ws/install/water_tank_cartographer/bin'
[0.623s] INFO:colcon.colcon_core.shell:Creating package script '/home/jack/water_tank_ws/install/water_tank_cartographer/share/water_tank_cartographer/package.ps1'
[0.624s] INFO:colcon.colcon_core.shell:Creating package descriptor '/home/jack/water_tank_ws/install/water_tank_cartographer/share/water_tank_cartographer/package.dsv'
[0.624s] INFO:colcon.colcon_core.shell:Creating package script '/home/jack/water_tank_ws/install/water_tank_cartographer/share/water_tank_cartographer/package.sh'
[0.624s] INFO:colcon.colcon_core.shell:Creating package script '/home/jack/water_tank_ws/install/water_tank_cartographer/share/water_tank_cartographer/package.bash'
[0.624s] INFO:colcon.colcon_core.shell:Creating package script '/home/jack/water_tank_ws/install/water_tank_cartographer/share/water_tank_cartographer/package.zsh'
[0.624s] Level 1:colcon.colcon_core.environment:create_file_with_runtime_dependencies(/home/jack/water_tank_ws/install/water_tank_cartographer/share/colcon-core/packages/water_tank_cartographer)
[0.625s] Level 1:colcon.colcon_core.environment:create_environment_scripts_only(water_tank_cartographer)
[0.625s] Level 1:colcon.colcon_core.environment:checking '/home/jack/water_tank_ws/install/water_tank_cartographer' for CMake module files
[0.625s] Level 1:colcon.colcon_core.environment:checking '/home/jack/water_tank_ws/install/water_tank_cartographer' for CMake config files
[0.625s] Level 1:colcon.colcon_core.shell:create_environment_hook('water_tank_cartographer', 'cmake_prefix_path')
[0.625s] INFO:colcon.colcon_core.shell:Creating environment hook '/home/jack/water_tank_ws/install/water_tank_cartographer/share/water_tank_cartographer/hook/cmake_prefix_path.ps1'
[0.625s] INFO:colcon.colcon_core.shell:Creating environment descriptor '/home/jack/water_tank_ws/install/water_tank_cartographer/share/water_tank_cartographer/hook/cmake_prefix_path.dsv'
[0.626s] INFO:colcon.colcon_core.shell:Creating environment hook '/home/jack/water_tank_ws/install/water_tank_cartographer/share/water_tank_cartographer/hook/cmake_prefix_path.sh'
[0.626s] Level 1:colcon.colcon_core.environment:checking '/home/jack/water_tank_ws/install/water_tank_cartographer/bin'
[0.626s] Level 1:colcon.colcon_core.environment:checking '/home/jack/water_tank_ws/install/water_tank_cartographer/lib/pkgconfig/water_tank_cartographer.pc'
[0.626s] Level 1:colcon.colcon_core.environment:checking '/home/jack/water_tank_ws/install/water_tank_cartographer/lib/python3.12/site-packages'
[0.626s] Level 1:colcon.colcon_core.environment:checking '/home/jack/water_tank_ws/install/water_tank_cartographer/bin'
[0.626s] INFO:colcon.colcon_core.shell:Creating package script '/home/jack/water_tank_ws/install/water_tank_cartographer/share/water_tank_cartographer/package.ps1'
[0.627s] INFO:colcon.colcon_core.shell:Creating package descriptor '/home/jack/water_tank_ws/install/water_tank_cartographer/share/water_tank_cartographer/package.dsv'
[0.627s] INFO:colcon.colcon_core.shell:Creating package script '/home/jack/water_tank_ws/install/water_tank_cartographer/share/water_tank_cartographer/package.sh'
[0.627s] INFO:colcon.colcon_core.shell:Creating package script '/home/jack/water_tank_ws/install/water_tank_cartographer/share/water_tank_cartographer/package.bash'
[0.627s] INFO:colcon.colcon_core.shell:Creating package script '/home/jack/water_tank_ws/install/water_tank_cartographer/share/water_tank_cartographer/package.zsh'
[0.627s] Level 1:colcon.colcon_core.environment:create_file_with_runtime_dependencies(/home/jack/water_tank_ws/install/water_tank_cartographer/share/colcon-core/packages/water_tank_cartographer)
[0.628s] Level 1:colcon.colcon_core.environment:create_environment_scripts_only(water_tank_navigation)
[0.628s] DEBUG:colcon.colcon_core.event_handler.log_command:Invoked command in '/home/jack/water_tank_ws/build/water_tank_navigation' returned '0': CMAKE_PREFIX_PATH=${CMAKE_PREFIX_PATH}:/home/jack/water_tank_ws/install/waypoints_generator:/opt/ros/jazzy DEBUGINFOD_URLS=https://debuginfod.ubuntu.com /usr/bin/cmake --install /home/jack/water_tank_ws/build/water_tank_navigation
[0.629s] Level 1:colcon.colcon_core.environment:checking '/home/jack/water_tank_ws/install/water_tank_navigation' for CMake module files
[0.629s] Level 1:colcon.colcon_core.environment:checking '/home/jack/water_tank_ws/install/water_tank_navigation' for CMake config files
[0.630s] Level 1:colcon.colcon_core.shell:create_environment_hook('water_tank_navigation', 'cmake_prefix_path')
[0.630s] INFO:colcon.colcon_core.shell:Creating environment hook '/home/jack/water_tank_ws/install/water_tank_navigation/share/water_tank_navigation/hook/cmake_prefix_path.ps1'
[0.630s] INFO:colcon.colcon_core.shell:Creating environment descriptor '/home/jack/water_tank_ws/install/water_tank_navigation/share/water_tank_navigation/hook/cmake_prefix_path.dsv'
[0.630s] INFO:colcon.colcon_core.shell:Creating environment hook '/home/jack/water_tank_ws/install/water_tank_navigation/share/water_tank_navigation/hook/cmake_prefix_path.sh'
[0.631s] Level 1:colcon.colcon_core.environment:checking '/home/jack/water_tank_ws/install/water_tank_navigation/bin'
[0.631s] Level 1:colcon.colcon_core.environment:checking '/home/jack/water_tank_ws/install/water_tank_navigation/lib/pkgconfig/water_tank_navigation.pc'
[0.631s] Level 1:colcon.colcon_core.environment:checking '/home/jack/water_tank_ws/install/water_tank_navigation/lib/python3.12/site-packages'
[0.632s] Level 1:colcon.colcon_core.environment:checking '/home/jack/water_tank_ws/install/water_tank_navigation/bin'
[0.632s] INFO:colcon.colcon_core.shell:Creating package script '/home/jack/water_tank_ws/install/water_tank_navigation/share/water_tank_navigation/package.ps1'
[0.632s] INFO:colcon.colcon_core.shell:Creating package descriptor '/home/jack/water_tank_ws/install/water_tank_navigation/share/water_tank_navigation/package.dsv'
[0.633s] INFO:colcon.colcon_core.shell:Creating package script '/home/jack/water_tank_ws/install/water_tank_navigation/share/water_tank_navigation/package.sh'
[0.633s] INFO:colcon.colcon_core.shell:Creating package script '/home/jack/water_tank_ws/install/water_tank_navigation/share/water_tank_navigation/package.bash'
[0.633s] INFO:colcon.colcon_core.shell:Creating package script '/home/jack/water_tank_ws/install/water_tank_navigation/share/water_tank_navigation/package.zsh'
[0.634s] Level 1:colcon.colcon_core.environment:create_file_with_runtime_dependencies(/home/jack/water_tank_ws/install/water_tank_navigation/share/colcon-core/packages/water_tank_navigation)
[0.634s] Level 1:colcon.colcon_core.environment:create_environment_scripts_only(water_tank_navigation)
[0.634s] Level 1:colcon.colcon_core.environment:checking '/home/jack/water_tank_ws/install/water_tank_navigation' for CMake module files
[0.635s] Level 1:colcon.colcon_core.environment:checking '/home/jack/water_tank_ws/install/water_tank_navigation' for CMake config files
[0.635s] Level 1:colcon.colcon_core.shell:create_environment_hook('water_tank_navigation', 'cmake_prefix_path')
[0.635s] INFO:colcon.colcon_core.shell:Creating environment hook '/home/jack/water_tank_ws/install/water_tank_navigation/share/water_tank_navigation/hook/cmake_prefix_path.ps1'
[0.636s] INFO:colcon.colcon_core.shell:Creating environment descriptor '/home/jack/water_tank_ws/install/water_tank_navigation/share/water_tank_navigation/hook/cmake_prefix_path.dsv'
[0.636s] INFO:colcon.colcon_core.shell:Creating environment hook '/home/jack/water_tank_ws/install/water_tank_navigation/share/water_tank_navigation/hook/cmake_prefix_path.sh'
[0.636s] Level 1:colcon.colcon_core.environment:checking '/home/jack/water_tank_ws/install/water_tank_navigation/bin'
[0.636s] Level 1:colcon.colcon_core.environment:checking '/home/jack/water_tank_ws/install/water_tank_navigation/lib/pkgconfig/water_tank_navigation.pc'
[0.637s] Level 1:colcon.colcon_core.environment:checking '/home/jack/water_tank_ws/install/water_tank_navigation/lib/python3.12/site-packages'
[0.637s] Level 1:colcon.colcon_core.environment:checking '/home/jack/water_tank_ws/install/water_tank_navigation/bin'
[0.637s] INFO:colcon.colcon_core.shell:Creating package script '/home/jack/water_tank_ws/install/water_tank_navigation/share/water_tank_navigation/package.ps1'
[0.638s] INFO:colcon.colcon_core.shell:Creating package descriptor '/home/jack/water_tank_ws/install/water_tank_navigation/share/water_tank_navigation/package.dsv'
[0.638s] INFO:colcon.colcon_core.shell:Creating package script '/home/jack/water_tank_ws/install/water_tank_navigation/share/water_tank_navigation/package.sh'
[0.639s] INFO:colcon.colcon_core.shell:Creating package script '/home/jack/water_tank_ws/install/water_tank_navigation/share/water_tank_navigation/package.bash'
[0.639s] INFO:colcon.colcon_core.shell:Creating package script '/home/jack/water_tank_ws/install/water_tank_navigation/share/water_tank_navigation/package.zsh'
[0.640s] Level 1:colcon.colcon_core.environment:create_file_with_runtime_dependencies(/home/jack/water_tank_ws/install/water_tank_navigation/share/colcon-core/packages/water_tank_navigation)
[0.677s] DEBUG:colcon.colcon_core.event_handler.log_command:Invoked command in '/home/jack/water_tank_ws/build/ros2_control_demo_example_2' returned '0': CMAKE_PREFIX_PATH=/home/jack/water_tank_ws/install/ros2_control_demo_description:/home/jack/water_tank_ws/install/water_tank_navigation:/home/jack/water_tank_ws/install/water_tank_cartographer:/home/jack/water_tank_ws/install/rplidar_ros:/home/jack/water_tank_ws/install/ros2_control_demo_example_2:/home/jack/water_tank_ws/install/rf2o_laser_odometry:/opt/ros/jazzy/opt/gz_sim_vendor:/opt/ros/jazzy/opt/gz_sensors_vendor:/opt/ros/jazzy/opt/gz_physics_vendor:/opt/ros/jazzy/opt/sdformat_vendor:/opt/ros/jazzy/opt/gz_gui_vendor:/opt/ros/jazzy/opt/gz_transport_vendor:/opt/ros/jazzy/opt/gz_rendering_vendor:/opt/ros/jazzy/opt/gz_plugin_vendor:/opt/ros/jazzy/opt/gz_fuel_tools_vendor:/opt/ros/jazzy/opt/gz_msgs_vendor:/opt/ros/jazzy/opt/gz_common_vendor:/opt/ros/jazzy/opt/gz_math_vendor:/opt/ros/jazzy/opt/gz_utils_vendor:/opt/ros/jazzy/opt/gz_tools_vendor:/opt/ros/jazzy/opt/gz_ogre_next_vendor:/opt/ros/jazzy/opt/gz_dartsim_vendor:/opt/ros/jazzy/opt/gz_cmake_vendor:/home/jack/water_tank_ws/install/waypoints_generator:/opt/ros/jazzy DEBUGINFOD_URLS=https://debuginfod.ubuntu.com /usr/bin/cmake --build /home/jack/water_tank_ws/build/ros2_control_demo_example_2 -- -j20 -l20
[0.679s] DEBUG:colcon.colcon_core.event_handler.log_command:Invoking command in '/home/jack/water_tank_ws/build/ros2_control_demo_example_2': CMAKE_PREFIX_PATH=/home/jack/water_tank_ws/install/ros2_control_demo_description:/home/jack/water_tank_ws/install/water_tank_navigation:/home/jack/water_tank_ws/install/water_tank_cartographer:/home/jack/water_tank_ws/install/rplidar_ros:/home/jack/water_tank_ws/install/ros2_control_demo_example_2:/home/jack/water_tank_ws/install/rf2o_laser_odometry:/opt/ros/jazzy/opt/gz_sim_vendor:/opt/ros/jazzy/opt/gz_sensors_vendor:/opt/ros/jazzy/opt/gz_physics_vendor:/opt/ros/jazzy/opt/sdformat_vendor:/opt/ros/jazzy/opt/gz_gui_vendor:/opt/ros/jazzy/opt/gz_transport_vendor:/opt/ros/jazzy/opt/gz_rendering_vendor:/opt/ros/jazzy/opt/gz_plugin_vendor:/opt/ros/jazzy/opt/gz_fuel_tools_vendor:/opt/ros/jazzy/opt/gz_msgs_vendor:/opt/ros/jazzy/opt/gz_common_vendor:/opt/ros/jazzy/opt/gz_math_vendor:/opt/ros/jazzy/opt/gz_utils_vendor:/opt/ros/jazzy/opt/gz_tools_vendor:/opt/ros/jazzy/opt/gz_ogre_next_vendor:/opt/ros/jazzy/opt/gz_dartsim_vendor:/opt/ros/jazzy/opt/gz_cmake_vendor:/home/jack/water_tank_ws/install/waypoints_generator:/opt/ros/jazzy DEBUGINFOD_URLS=https://debuginfod.ubuntu.com /usr/bin/cmake --install /home/jack/water_tank_ws/build/ros2_control_demo_example_2
[0.700s] Level 1:colcon.colcon_core.environment:create_environment_scripts_only(ros2_control_demo_example_2)
[0.700s] Level 1:colcon.colcon_core.environment:checking '/home/jack/water_tank_ws/install/ros2_control_demo_example_2' for CMake module files
[0.700s] DEBUG:colcon.colcon_core.event_handler.log_command:Invoked command in '/home/jack/water_tank_ws/build/ros2_control_demo_example_2' returned '0': CMAKE_PREFIX_PATH=/home/jack/water_tank_ws/install/ros2_control_demo_description:/home/jack/water_tank_ws/install/water_tank_navigation:/home/jack/water_tank_ws/install/water_tank_cartographer:/home/jack/water_tank_ws/install/rplidar_ros:/home/jack/water_tank_ws/install/ros2_control_demo_example_2:/home/jack/water_tank_ws/install/rf2o_laser_odometry:/opt/ros/jazzy/opt/gz_sim_vendor:/opt/ros/jazzy/opt/gz_sensors_vendor:/opt/ros/jazzy/opt/gz_physics_vendor:/opt/ros/jazzy/opt/sdformat_vendor:/opt/ros/jazzy/opt/gz_gui_vendor:/opt/ros/jazzy/opt/gz_transport_vendor:/opt/ros/jazzy/opt/gz_rendering_vendor:/opt/ros/jazzy/opt/gz_plugin_vendor:/opt/ros/jazzy/opt/gz_fuel_tools_vendor:/opt/ros/jazzy/opt/gz_msgs_vendor:/opt/ros/jazzy/opt/gz_common_vendor:/opt/ros/jazzy/opt/gz_math_vendor:/opt/ros/jazzy/opt/gz_utils_vendor:/opt/ros/jazzy/opt/gz_tools_vendor:/opt/ros/jazzy/opt/gz_ogre_next_vendor:/opt/ros/jazzy/opt/gz_dartsim_vendor:/opt/ros/jazzy/opt/gz_cmake_vendor:/home/jack/water_tank_ws/install/waypoints_generator:/opt/ros/jazzy DEBUGINFOD_URLS=https://debuginfod.ubuntu.com /usr/bin/cmake --install /home/jack/water_tank_ws/build/ros2_control_demo_example_2
[0.701s] Level 1:colcon.colcon_core.environment:checking '/home/jack/water_tank_ws/install/ros2_control_demo_example_2' for CMake config files
[0.701s] Level 1:colcon.colcon_core.shell:create_environment_hook('ros2_control_demo_example_2', 'cmake_prefix_path')
[0.701s] INFO:colcon.colcon_core.shell:Creating environment hook '/home/jack/water_tank_ws/install/ros2_control_demo_example_2/share/ros2_control_demo_example_2/hook/cmake_prefix_path.ps1'
[0.702s] INFO:colcon.colcon_core.shell:Creating environment descriptor '/home/jack/water_tank_ws/install/ros2_control_demo_example_2/share/ros2_control_demo_example_2/hook/cmake_prefix_path.dsv'
[0.702s] INFO:colcon.colcon_core.shell:Creating environment hook '/home/jack/water_tank_ws/install/ros2_control_demo_example_2/share/ros2_control_demo_example_2/hook/cmake_prefix_path.sh'
[0.702s] Level 1:colcon.colcon_core.environment:checking '/home/jack/water_tank_ws/install/ros2_control_demo_example_2/lib'
[0.702s] Level 1:colcon.colcon_core.shell:create_environment_hook('ros2_control_demo_example_2', 'ld_library_path_lib')
[0.702s] INFO:colcon.colcon_core.shell:Creating environment hook '/home/jack/water_tank_ws/install/ros2_control_demo_example_2/share/ros2_control_demo_example_2/hook/ld_library_path_lib.ps1'
[0.702s] INFO:colcon.colcon_core.shell:Creating environment descriptor '/home/jack/water_tank_ws/install/ros2_control_demo_example_2/share/ros2_control_demo_example_2/hook/ld_library_path_lib.dsv'
[0.703s] INFO:colcon.colcon_core.shell:Creating environment hook '/home/jack/water_tank_ws/install/ros2_control_demo_example_2/share/ros2_control_demo_example_2/hook/ld_library_path_lib.sh'
[0.703s] Level 1:colcon.colcon_core.environment:checking '/home/jack/water_tank_ws/install/ros2_control_demo_example_2/bin'
[0.703s] Level 1:colcon.colcon_core.environment:checking '/home/jack/water_tank_ws/install/ros2_control_demo_example_2/lib/pkgconfig/ros2_control_demo_example_2.pc'
[0.703s] Level 1:colcon.colcon_core.environment:checking '/home/jack/water_tank_ws/install/ros2_control_demo_example_2/lib/python3.12/site-packages'
[0.703s] Level 1:colcon.colcon_core.environment:checking '/home/jack/water_tank_ws/install/ros2_control_demo_example_2/bin'
[0.703s] INFO:colcon.colcon_core.shell:Creating package script '/home/jack/water_tank_ws/install/ros2_control_demo_example_2/share/ros2_control_demo_example_2/package.ps1'
[0.704s] INFO:colcon.colcon_core.shell:Creating package descriptor '/home/jack/water_tank_ws/install/ros2_control_demo_example_2/share/ros2_control_demo_example_2/package.dsv'
[0.704s] INFO:colcon.colcon_core.shell:Creating package script '/home/jack/water_tank_ws/install/ros2_control_demo_example_2/share/ros2_control_demo_example_2/package.sh'
[0.704s] INFO:colcon.colcon_core.shell:Creating package script '/home/jack/water_tank_ws/install/ros2_control_demo_example_2/share/ros2_control_demo_example_2/package.bash'
[0.704s] INFO:colcon.colcon_core.shell:Creating package script '/home/jack/water_tank_ws/install/ros2_control_demo_example_2/share/ros2_control_demo_example_2/package.zsh'
[0.704s] Level 1:colcon.colcon_core.environment:create_file_with_runtime_dependencies(/home/jack/water_tank_ws/install/ros2_control_demo_example_2/share/colcon-core/packages/ros2_control_demo_example_2)
[0.705s] Level 1:colcon.colcon_core.environment:create_environment_scripts_only(ros2_control_demo_example_2)
[0.705s] Level 1:colcon.colcon_core.environment:checking '/home/jack/water_tank_ws/install/ros2_control_demo_example_2' for CMake module files
[0.705s] Level 1:colcon.colcon_core.environment:checking '/home/jack/water_tank_ws/install/ros2_control_demo_example_2' for CMake config files
[0.705s] Level 1:colcon.colcon_core.shell:create_environment_hook('ros2_control_demo_example_2', 'cmake_prefix_path')
[0.705s] INFO:colcon.colcon_core.shell:Creating environment hook '/home/jack/water_tank_ws/install/ros2_control_demo_example_2/share/ros2_control_demo_example_2/hook/cmake_prefix_path.ps1'
[0.705s] INFO:colcon.colcon_core.shell:Creating environment descriptor '/home/jack/water_tank_ws/install/ros2_control_demo_example_2/share/ros2_control_demo_example_2/hook/cmake_prefix_path.dsv'
[0.706s] INFO:colcon.colcon_core.shell:Creating environment hook '/home/jack/water_tank_ws/install/ros2_control_demo_example_2/share/ros2_control_demo_example_2/hook/cmake_prefix_path.sh'
[0.706s] Level 1:colcon.colcon_core.environment:checking '/home/jack/water_tank_ws/install/ros2_control_demo_example_2/lib'
[0.706s] Level 1:colcon.colcon_core.shell:create_environment_hook('ros2_control_demo_example_2', 'ld_library_path_lib')
[0.706s] INFO:colcon.colcon_core.shell:Creating environment hook '/home/jack/water_tank_ws/install/ros2_control_demo_example_2/share/ros2_control_demo_example_2/hook/ld_library_path_lib.ps1'
[0.706s] INFO:colcon.colcon_core.shell:Creating environment descriptor '/home/jack/water_tank_ws/install/ros2_control_demo_example_2/share/ros2_control_demo_example_2/hook/ld_library_path_lib.dsv'
[0.706s] INFO:colcon.colcon_core.shell:Creating environment hook '/home/jack/water_tank_ws/install/ros2_control_demo_example_2/share/ros2_control_demo_example_2/hook/ld_library_path_lib.sh'
[0.707s] Level 1:colcon.colcon_core.environment:checking '/home/jack/water_tank_ws/install/ros2_control_demo_example_2/bin'
[0.707s] Level 1:colcon.colcon_core.environment:checking '/home/jack/water_tank_ws/install/ros2_control_demo_example_2/lib/pkgconfig/ros2_control_demo_example_2.pc'
[0.707s] Level 1:colcon.colcon_core.environment:checking '/home/jack/water_tank_ws/install/ros2_control_demo_example_2/lib/python3.12/site-packages'
[0.707s] Level 1:colcon.colcon_core.environment:checking '/home/jack/water_tank_ws/install/ros2_control_demo_example_2/bin'
[0.707s] INFO:colcon.colcon_core.shell:Creating package script '/home/jack/water_tank_ws/install/ros2_control_demo_example_2/share/ros2_control_demo_example_2/package.ps1'
[0.707s] INFO:colcon.colcon_core.shell:Creating package descriptor '/home/jack/water_tank_ws/install/ros2_control_demo_example_2/share/ros2_control_demo_example_2/package.dsv'
[0.708s] INFO:colcon.colcon_core.shell:Creating package script '/home/jack/water_tank_ws/install/ros2_control_demo_example_2/share/ros2_control_demo_example_2/package.sh'
[0.708s] INFO:colcon.colcon_core.shell:Creating package script '/home/jack/water_tank_ws/install/ros2_control_demo_example_2/share/ros2_control_demo_example_2/package.bash'
[0.708s] INFO:colcon.colcon_core.shell:Creating package script '/home/jack/water_tank_ws/install/ros2_control_demo_example_2/share/ros2_control_demo_example_2/package.zsh'
[0.708s] Level 1:colcon.colcon_core.environment:create_file_with_runtime_dependencies(/home/jack/water_tank_ws/install/ros2_control_demo_example_2/share/colcon-core/packages/ros2_control_demo_example_2)
[1.022s] DEBUG:colcon.colcon_core.event_handler.log_command:Invoking command in '/home/jack/water_tank_ws/build/waypoints_generator': DEBUGINFOD_URLS=https://debuginfod.ubuntu.com PYTHONPATH=/home/jack/water_tank_ws/build/waypoints_generator/prefix_override:/usr/lib/python3/dist-packages/colcon_core/task/python/colcon_distutils_commands:/home/jack/water_tank_ws/install/waypoints_generator/lib/python3.12/site-packages:${PYTHONPATH} /usr/bin/python3 -W ignore:setup.py install is deprecated -W ignore:easy_install command is deprecated setup.py develop --editable --build-directory /home/jack/water_tank_ws/build/waypoints_generator/build --no-deps symlink_data
[1.023s] DEBUG:colcon.colcon_core.event_handler.log_command:Invoking command in '/home/jack/water_tank_ws/build/water_bot_task_navigator': DEBUGINFOD_URLS=https://debuginfod.ubuntu.com PYTHONPATH=/home/jack/water_tank_ws/build/water_bot_task_navigator/prefix_override:/usr/lib/python3/dist-packages/colcon_core/task/python/colcon_distutils_commands:/home/jack/water_tank_ws/install/water_bot_task_navigator/lib/python3.12/site-packages:${PYTHONPATH} /usr/bin/python3 -W ignore:setup.py install is deprecated -W ignore:easy_install command is deprecated setup.py develop --editable --build-directory /home/jack/water_tank_ws/build/water_bot_task_navigator/build --no-deps symlink_data
[1.413s] Level 1:colcon.colcon_core.shell:create_environment_hook('water_bot_task_navigator', 'pythonpath_develop')
[1.413s] INFO:colcon.colcon_core.shell:Creating environment hook '/home/jack/water_tank_ws/build/water_bot_task_navigator/share/water_bot_task_navigator/hook/pythonpath_develop.ps1'
[1.413s] DEBUG:colcon.colcon_core.event_handler.log_command:Invoked command in '/home/jack/water_tank_ws/build/water_bot_task_navigator' returned '0': DEBUGINFOD_URLS=https://debuginfod.ubuntu.com PYTHONPATH=/home/jack/water_tank_ws/build/water_bot_task_navigator/prefix_override:/usr/lib/python3/dist-packages/colcon_core/task/python/colcon_distutils_commands:/home/jack/water_tank_ws/install/water_bot_task_navigator/lib/python3.12/site-packages:${PYTHONPATH} /usr/bin/python3 -W ignore:setup.py install is deprecated -W ignore:easy_install command is deprecated setup.py develop --editable --build-directory /home/jack/water_tank_ws/build/water_bot_task_navigator/build --no-deps symlink_data
[1.414s] INFO:colcon.colcon_core.shell:Creating environment descriptor '/home/jack/water_tank_ws/build/water_bot_task_navigator/share/water_bot_task_navigator/hook/pythonpath_develop.dsv'
[1.414s] INFO:colcon.colcon_core.shell:Creating environment hook '/home/jack/water_tank_ws/build/water_bot_task_navigator/share/water_bot_task_navigator/hook/pythonpath_develop.sh'
[1.414s] Level 1:colcon.colcon_core.environment:checking '/home/jack/water_tank_ws/install/water_bot_task_navigator' for CMake module files
[1.414s] Level 1:colcon.colcon_core.environment:checking '/home/jack/water_tank_ws/install/water_bot_task_navigator' for CMake config files
[1.415s] Level 1:colcon.colcon_core.environment:checking '/home/jack/water_tank_ws/install/water_bot_task_navigator/lib'
[1.415s] Level 1:colcon.colcon_core.environment:checking '/home/jack/water_tank_ws/install/water_bot_task_navigator/bin'
[1.415s] Level 1:colcon.colcon_core.environment:checking '/home/jack/water_tank_ws/install/water_bot_task_navigator/lib/pkgconfig/water_bot_task_navigator.pc'
[1.415s] Level 1:colcon.colcon_core.environment:checking '/home/jack/water_tank_ws/install/water_bot_task_navigator/lib/python3.12/site-packages'
[1.415s] Level 1:colcon.colcon_core.shell:create_environment_hook('water_bot_task_navigator', 'pythonpath')
[1.415s] INFO:colcon.colcon_core.shell:Creating environment hook '/home/jack/water_tank_ws/install/water_bot_task_navigator/share/water_bot_task_navigator/hook/pythonpath.ps1'
[1.415s] INFO:colcon.colcon_core.shell:Creating environment descriptor '/home/jack/water_tank_ws/install/water_bot_task_navigator/share/water_bot_task_navigator/hook/pythonpath.dsv'
[1.415s] INFO:colcon.colcon_core.shell:Creating environment hook '/home/jack/water_tank_ws/install/water_bot_task_navigator/share/water_bot_task_navigator/hook/pythonpath.sh'
[1.416s] Level 1:colcon.colcon_core.environment:checking '/home/jack/water_tank_ws/install/water_bot_task_navigator/bin'
[1.416s] Level 1:colcon.colcon_core.environment:create_environment_scripts_only(water_bot_task_navigator)
[1.416s] INFO:colcon.colcon_core.shell:Creating package script '/home/jack/water_tank_ws/install/water_bot_task_navigator/share/water_bot_task_navigator/package.ps1'
[1.416s] INFO:colcon.colcon_core.shell:Creating package descriptor '/home/jack/water_tank_ws/install/water_bot_task_navigator/share/water_bot_task_navigator/package.dsv'
[1.417s] INFO:colcon.colcon_core.shell:Creating package script '/home/jack/water_tank_ws/install/water_bot_task_navigator/share/water_bot_task_navigator/package.sh'
[1.417s] INFO:colcon.colcon_core.shell:Creating package script '/home/jack/water_tank_ws/install/water_bot_task_navigator/share/water_bot_task_navigator/package.bash'
[1.417s] INFO:colcon.colcon_core.shell:Creating package script '/home/jack/water_tank_ws/install/water_bot_task_navigator/share/water_bot_task_navigator/package.zsh'
[1.417s] Level 1:colcon.colcon_core.environment:create_file_with_runtime_dependencies(/home/jack/water_tank_ws/install/water_bot_task_navigator/share/colcon-core/packages/water_bot_task_navigator)
[1.418s] Level 1:colcon.colcon_core.shell:create_environment_hook('waypoints_generator', 'pythonpath_develop')
[1.418s] INFO:colcon.colcon_core.shell:Creating environment hook '/home/jack/water_tank_ws/build/waypoints_generator/share/waypoints_generator/hook/pythonpath_develop.ps1'
[1.418s] DEBUG:colcon.colcon_core.event_handler.log_command:Invoked command in '/home/jack/water_tank_ws/build/waypoints_generator' returned '0': DEBUGINFOD_URLS=https://debuginfod.ubuntu.com PYTHONPATH=/home/jack/water_tank_ws/build/waypoints_generator/prefix_override:/usr/lib/python3/dist-packages/colcon_core/task/python/colcon_distutils_commands:/home/jack/water_tank_ws/install/waypoints_generator/lib/python3.12/site-packages:${PYTHONPATH} /usr/bin/python3 -W ignore:setup.py install is deprecated -W ignore:easy_install command is deprecated setup.py develop --editable --build-directory /home/jack/water_tank_ws/build/waypoints_generator/build --no-deps symlink_data
[1.420s] INFO:colcon.colcon_core.shell:Creating environment descriptor '/home/jack/water_tank_ws/build/waypoints_generator/share/waypoints_generator/hook/pythonpath_develop.dsv'
[1.420s] INFO:colcon.colcon_core.shell:Creating environment hook '/home/jack/water_tank_ws/build/waypoints_generator/share/waypoints_generator/hook/pythonpath_develop.sh'
[1.420s] Level 1:colcon.colcon_core.environment:checking '/home/jack/water_tank_ws/install/waypoints_generator' for CMake module files
[1.421s] Level 1:colcon.colcon_core.environment:checking '/home/jack/water_tank_ws/install/waypoints_generator' for CMake config files
[1.421s] Level 1:colcon.colcon_core.environment:checking '/home/jack/water_tank_ws/install/waypoints_generator/lib'
[1.421s] Level 1:colcon.colcon_core.environment:checking '/home/jack/water_tank_ws/install/waypoints_generator/bin'
[1.421s] Level 1:colcon.colcon_core.environment:checking '/home/jack/water_tank_ws/install/waypoints_generator/lib/pkgconfig/waypoints_generator.pc'
[1.421s] Level 1:colcon.colcon_core.environment:checking '/home/jack/water_tank_ws/install/waypoints_generator/lib/python3.12/site-packages'
[1.421s] Level 1:colcon.colcon_core.shell:create_environment_hook('waypoints_generator', 'pythonpath')
[1.421s] INFO:colcon.colcon_core.shell:Creating environment hook '/home/jack/water_tank_ws/install/waypoints_generator/share/waypoints_generator/hook/pythonpath.ps1'
[1.422s] INFO:colcon.colcon_core.shell:Creating environment descriptor '/home/jack/water_tank_ws/install/waypoints_generator/share/waypoints_generator/hook/pythonpath.dsv'
[1.422s] INFO:colcon.colcon_core.shell:Creating environment hook '/home/jack/water_tank_ws/install/waypoints_generator/share/waypoints_generator/hook/pythonpath.sh'
[1.422s] Level 1:colcon.colcon_core.environment:checking '/home/jack/water_tank_ws/install/waypoints_generator/bin'
[1.422s] Level 1:colcon.colcon_core.environment:create_environment_scripts_only(waypoints_generator)
[1.422s] INFO:colcon.colcon_core.shell:Creating package script '/home/jack/water_tank_ws/install/waypoints_generator/share/waypoints_generator/package.ps1'
[1.423s] INFO:colcon.colcon_core.shell:Creating package descriptor '/home/jack/water_tank_ws/install/waypoints_generator/share/waypoints_generator/package.dsv'
[1.423s] INFO:colcon.colcon_core.shell:Creating package script '/home/jack/water_tank_ws/install/waypoints_generator/share/waypoints_generator/package.sh'
[1.423s] INFO:colcon.colcon_core.shell:Creating package script '/home/jack/water_tank_ws/install/waypoints_generator/share/waypoints_generator/package.bash'
[1.423s] INFO:colcon.colcon_core.shell:Creating package script '/home/jack/water_tank_ws/install/waypoints_generator/share/waypoints_generator/package.zsh'
[1.423s] Level 1:colcon.colcon_core.environment:create_file_with_runtime_dependencies(/home/jack/water_tank_ws/install/waypoints_generator/share/colcon-core/packages/waypoints_generator)
[1.424s] DEBUG:colcon.colcon_parallel_executor.executor.parallel:closing loop
[1.424s] DEBUG:colcon.colcon_parallel_executor.executor.parallel:loop closed
[1.424s] DEBUG:colcon.colcon_parallel_executor.executor.parallel:run_until_complete finished with '0'
[1.424s] DEBUG:colcon.colcon_core.event_reactor:joining thread
[1.429s] INFO:colcon.colcon_core.plugin_system:Skipping extension 'colcon_notification.desktop_notification.terminal_notifier': Not used on non-Darwin systems
[1.429s] INFO:colcon.colcon_core.plugin_system:Skipping extension 'colcon_notification.desktop_notification.win32': Not used on non-Windows systems
[1.429s] INFO:colcon.colcon_notification.desktop_notification:Sending desktop notification using 'notify2'
[1.443s] DEBUG:colcon.colcon_core.event_reactor:joined thread
[1.443s] INFO:colcon.colcon_core.shell:Creating prefix script '/home/jack/water_tank_ws/install/local_setup.ps1'
[1.444s] INFO:colcon.colcon_core.shell:Creating prefix util module '/home/jack/water_tank_ws/install/_local_setup_util_ps1.py'
[1.445s] INFO:colcon.colcon_core.shell:Creating prefix chain script '/home/jack/water_tank_ws/install/setup.ps1'
[1.446s] INFO:colcon.colcon_core.shell:Creating prefix script '/home/jack/water_tank_ws/install/local_setup.sh'
[1.446s] INFO:colcon.colcon_core.shell:Creating prefix util module '/home/jack/water_tank_ws/install/_local_setup_util_sh.py'
[1.446s] INFO:colcon.colcon_core.shell:Creating prefix chain script '/home/jack/water_tank_ws/install/setup.sh'
[1.447s] INFO:colcon.colcon_core.shell:Creating prefix script '/home/jack/water_tank_ws/install/local_setup.bash'
[1.448s] INFO:colcon.colcon_core.shell:Creating prefix chain script '/home/jack/water_tank_ws/install/setup.bash'
[1.449s] INFO:colcon.colcon_core.shell:Creating prefix script '/home/jack/water_tank_ws/install/local_setup.zsh'
[1.449s] INFO:colcon.colcon_core.shell:Creating prefix chain script '/home/jack/water_tank_ws/install/setup.zsh'
