[0.011s] Invoking command in '/home/jack/water_tank_ws/build/ros2_control_demo_description': CMAKE_PREFIX_PATH=${CMAKE_PREFIX_PATH}:/opt/ros/jazzy DEBUGINFOD_URLS=https://debuginfod.ubuntu.com /usr/bin/cmake /home/jack/water_tank_ws/src/ros2_control_demo_description -DAMENT_CMAKE_SYMLINK_INSTALL=1 -DCMAKE_INSTALL_PREFIX=/home/jack/water_tank_ws/install/ros2_control_demo_description
[0.055s] -- The C compiler identification is GNU 13.3.0
[0.095s] -- The CXX compiler identification is GNU 13.3.0
[0.107s] -- Detecting C compiler ABI info
[0.173s] -- Detecting C compiler ABI info - done
[0.183s] -- Check for working C compiler: /usr/bin/cc - skipped
[0.183s] -- Detecting C compile features
[0.184s] -- Detecting C compile features - done
[0.191s] -- Detecting CXX compiler ABI info
[0.270s] -- Detecting CXX compiler ABI info - done
[0.277s] -- Check for working CXX compiler: /usr/bin/c++ - skipped
[0.277s] -- Detecting CXX compile features
[0.277s] -- Detecting CXX compile features - done
[0.279s] -- Found ament_cmake: 2.5.4 (/opt/ros/jazzy/share/ament_cmake/cmake)
[0.376s] -- Found Python3: /usr/bin/python3 (found version "3.12.3") found components: Interpreter 
[0.432s] -- Override CMake install command with custom implementation using symlinks instead of copying resources
[0.510s] -- Configuring done (0.5s)
[0.512s] -- Generating done (0.0s)
[0.513s] -- Build files have been written to: /home/jack/water_tank_ws/build/ros2_control_demo_description
[0.516s] Invoked command in '/home/jack/water_tank_ws/build/ros2_control_demo_description' returned '0': CMAKE_PREFIX_PATH=${CMAKE_PREFIX_PATH}:/opt/ros/jazzy DEBUGINFOD_URLS=https://debuginfod.ubuntu.com /usr/bin/cmake /home/jack/water_tank_ws/src/ros2_control_demo_description -DAMENT_CMAKE_SYMLINK_INSTALL=1 -DCMAKE_INSTALL_PREFIX=/home/jack/water_tank_ws/install/ros2_control_demo_description
[0.517s] Invoking command in '/home/jack/water_tank_ws/build/ros2_control_demo_description': CMAKE_PREFIX_PATH=${CMAKE_PREFIX_PATH}:/opt/ros/jazzy DEBUGINFOD_URLS=https://debuginfod.ubuntu.com /usr/bin/cmake --build /home/jack/water_tank_ws/build/ros2_control_demo_description -- -j20 -l20
[0.543s] Invoked command in '/home/jack/water_tank_ws/build/ros2_control_demo_description' returned '0': CMAKE_PREFIX_PATH=${CMAKE_PREFIX_PATH}:/opt/ros/jazzy DEBUGINFOD_URLS=https://debuginfod.ubuntu.com /usr/bin/cmake --build /home/jack/water_tank_ws/build/ros2_control_demo_description -- -j20 -l20
[0.544s] Invoking command in '/home/jack/water_tank_ws/build/ros2_control_demo_description': CMAKE_PREFIX_PATH=${CMAKE_PREFIX_PATH}:/opt/ros/jazzy DEBUGINFOD_URLS=https://debuginfod.ubuntu.com /usr/bin/cmake --install /home/jack/water_tank_ws/build/ros2_control_demo_description
[0.550s] -- Install configuration: ""
[0.550s] -- Execute custom install script
[0.551s] -- Symlinking: /home/jack/water_tank_ws/install/ros2_control_demo_description/share/ros2_control_demo_description/diffbot/urdf/diffbot.materials.xacro
[0.556s] -- Symlinking: /home/jack/water_tank_ws/install/ros2_control_demo_description/share/ros2_control_demo_description/diffbot/urdf/diffbot_description.urdf.xacro
[0.562s] -- Symlinking: /home/jack/water_tank_ws/install/ros2_control_demo_description/share/ros2_control_demo_description/diffbot/rviz/diffbot.rviz
[0.569s] -- Symlinking: /home/jack/water_tank_ws/install/ros2_control_demo_description/share/ros2_control_demo_description/diffbot/rviz/diffbot_view.rviz
[0.576s] -- Symlinking: /home/jack/water_tank_ws/install/ros2_control_demo_description/share/ament_index/resource_index/package_run_dependencies/ros2_control_demo_description
[0.583s] -- Symlinking: /home/jack/water_tank_ws/install/ros2_control_demo_description/share/ament_index/resource_index/parent_prefix_path/ros2_control_demo_description
[0.588s] -- Symlinking: /home/jack/water_tank_ws/install/ros2_control_demo_description/share/ros2_control_demo_description/environment/ament_prefix_path.sh
[0.595s] -- Symlinking: /home/jack/water_tank_ws/install/ros2_control_demo_description/share/ros2_control_demo_description/environment/ament_prefix_path.dsv
[0.600s] -- Symlinking: /home/jack/water_tank_ws/install/ros2_control_demo_description/share/ros2_control_demo_description/environment/path.sh
[0.606s] -- Symlinking: /home/jack/water_tank_ws/install/ros2_control_demo_description/share/ros2_control_demo_description/environment/path.dsv
[0.613s] -- Symlinking: /home/jack/water_tank_ws/install/ros2_control_demo_description/share/ros2_control_demo_description/local_setup.bash
[0.619s] -- Symlinking: /home/jack/water_tank_ws/install/ros2_control_demo_description/share/ros2_control_demo_description/local_setup.sh
[0.624s] -- Symlinking: /home/jack/water_tank_ws/install/ros2_control_demo_description/share/ros2_control_demo_description/local_setup.zsh
[0.630s] -- Symlinking: /home/jack/water_tank_ws/install/ros2_control_demo_description/share/ros2_control_demo_description/local_setup.dsv
[0.635s] -- Symlinking: /home/jack/water_tank_ws/install/ros2_control_demo_description/share/ros2_control_demo_description/package.dsv
[0.641s] -- Symlinking: /home/jack/water_tank_ws/install/ros2_control_demo_description/share/ament_index/resource_index/packages/ros2_control_demo_description
[0.646s] -- Symlinking: /home/jack/water_tank_ws/install/ros2_control_demo_description/share/ros2_control_demo_description/cmake/ros2_control_demo_descriptionConfig.cmake
[0.654s] -- Symlinking: /home/jack/water_tank_ws/install/ros2_control_demo_description/share/ros2_control_demo_description/cmake/ros2_control_demo_descriptionConfig-version.cmake
[0.660s] -- Symlinking: /home/jack/water_tank_ws/install/ros2_control_demo_description/share/ros2_control_demo_description/package.xml
[0.667s] Invoked command in '/home/jack/water_tank_ws/build/ros2_control_demo_description' returned '0': CMAKE_PREFIX_PATH=${CMAKE_PREFIX_PATH}:/opt/ros/jazzy DEBUGINFOD_URLS=https://debuginfod.ubuntu.com /usr/bin/cmake --install /home/jack/water_tank_ws/build/ros2_control_demo_description
