[0.135s] DEBUG:colcon:Command line arguments: ['/usr/bin/colcon', 'list', '-p', '--base-paths', '/home/jack/water_tank_ws']
[0.135s] DEBUG:colcon:Parsed command line arguments: Namespace(log_base=None, log_level=None, verb_name='list', build_base='build', ignore_user_meta=False, metas=['./colcon.meta'], base_paths=['/home/jack/water_tank_ws'], packages_ignore=None, packages_ignore_regex=None, paths=None, packages_up_to=None, packages_up_to_regex=None, packages_above=None, packages_above_and_dependencies=None, packages_above_depth=None, packages_select_by_dep=None, packages_skip_by_dep=None, packages_skip_up_to=None, packages_select_build_failed=False, packages_skip_build_finished=False, packages_select_test_failures=False, packages_skip_test_passed=False, packages_select=None, packages_skip=None, packages_select_regex=None, packages_skip_regex=None, packages_start=None, packages_end=None, allow_overriding=[], topological_order=False, names_only=False, paths_only=True, topological_graph=False, topological_graph_dot=False, topological_graph_density=False, topological_graph_legend=False, topological_graph_dot_cluster=False, topological_graph_dot_include_skipped=False, mixin_files=None, mixin=None, verb_parser=<colcon_mixin.mixin.mixin_argument.MixinArgumentDecorator object at 0x7f24d828e1b0>, verb_extension=<colcon_package_information.verb.list.ListVerb object at 0x7f24d83bd580>, main=<bound method ListVerb.main of <colcon_package_information.verb.list.ListVerb object at 0x7f24d83bd580>>, mixin_verb=('list',))
[0.177s] Level 1:colcon.colcon_core.package_discovery:discover_packages(colcon_meta) check parameters
[0.177s] Level 1:colcon.colcon_core.package_discovery:discover_packages(recursive) check parameters
[0.177s] Level 1:colcon.colcon_core.package_discovery:discover_packages(ignore) check parameters
[0.177s] Level 1:colcon.colcon_core.package_discovery:discover_packages(path) check parameters
[0.177s] Level 1:colcon.colcon_core.package_discovery:discover_packages(recursive) discover
[0.177s] INFO:colcon.colcon_core.package_discovery:Crawling recursively for packages in '/home/jack/water_tank_ws'
[0.177s] Level 1:colcon.colcon_core.package_identification:_identify(/home/jack/water_tank_ws) by extensions ['ignore', 'ignore_ament_install']
[0.178s] Level 1:colcon.colcon_core.package_identification:_identify(/home/jack/water_tank_ws) by extension 'ignore'
[0.178s] Level 1:colcon.colcon_core.package_identification:_identify(/home/jack/water_tank_ws) by extension 'ignore_ament_install'
[0.178s] Level 1:colcon.colcon_core.package_identification:_identify(/home/jack/water_tank_ws) by extensions ['colcon_pkg']
[0.178s] Level 1:colcon.colcon_core.package_identification:_identify(/home/jack/water_tank_ws) by extension 'colcon_pkg'
[0.178s] Level 1:colcon.colcon_core.package_identification:_identify(/home/jack/water_tank_ws) by extensions ['colcon_meta']
[0.178s] Level 1:colcon.colcon_core.package_identification:_identify(/home/jack/water_tank_ws) by extension 'colcon_meta'
[0.178s] Level 1:colcon.colcon_core.package_identification:_identify(/home/jack/water_tank_ws) by extensions ['ros']
[0.178s] Level 1:colcon.colcon_core.package_identification:_identify(/home/jack/water_tank_ws) by extension 'ros'
[0.199s] Level 1:colcon.colcon_core.package_identification:_identify(/home/jack/water_tank_ws) by extensions ['cmake', 'python']
[0.200s] Level 1:colcon.colcon_core.package_identification:_identify(/home/jack/water_tank_ws) by extension 'cmake'
[0.200s] Level 1:colcon.colcon_core.package_identification:_identify(/home/jack/water_tank_ws) by extension 'python'
[0.200s] Level 1:colcon.colcon_core.package_identification:_identify(/home/jack/water_tank_ws) by extensions ['python_setup_py']
[0.200s] Level 1:colcon.colcon_core.package_identification:_identify(/home/jack/water_tank_ws) by extension 'python_setup_py'
[0.200s] Level 1:colcon.colcon_core.package_identification:_identify(/home/jack/water_tank_ws/build) by extensions ['ignore', 'ignore_ament_install']
[0.200s] Level 1:colcon.colcon_core.package_identification:_identify(/home/jack/water_tank_ws/build) by extension 'ignore'
[0.200s] Level 1:colcon.colcon_core.package_identification:_identify(/home/jack/water_tank_ws/build) ignored
[0.200s] Level 1:colcon.colcon_core.package_identification:_identify(/home/jack/water_tank_ws/install) by extensions ['ignore', 'ignore_ament_install']
[0.200s] Level 1:colcon.colcon_core.package_identification:_identify(/home/jack/water_tank_ws/install) by extension 'ignore'
[0.200s] Level 1:colcon.colcon_core.package_identification:_identify(/home/jack/water_tank_ws/install) ignored
[0.200s] Level 1:colcon.colcon_core.package_identification:_identify(/home/jack/water_tank_ws/log) by extensions ['ignore', 'ignore_ament_install']
[0.200s] Level 1:colcon.colcon_core.package_identification:_identify(/home/jack/water_tank_ws/log) by extension 'ignore'
[0.200s] Level 1:colcon.colcon_core.package_identification:_identify(/home/jack/water_tank_ws/log) ignored
[0.200s] Level 1:colcon.colcon_core.package_identification:_identify(/home/jack/water_tank_ws/src) by extensions ['ignore', 'ignore_ament_install']
[0.200s] Level 1:colcon.colcon_core.package_identification:_identify(/home/jack/water_tank_ws/src) by extension 'ignore'
[0.200s] Level 1:colcon.colcon_core.package_identification:_identify(/home/jack/water_tank_ws/src) by extension 'ignore_ament_install'
[0.201s] Level 1:colcon.colcon_core.package_identification:_identify(/home/jack/water_tank_ws/src) by extensions ['colcon_pkg']
[0.201s] Level 1:colcon.colcon_core.package_identification:_identify(/home/jack/water_tank_ws/src) by extension 'colcon_pkg'
[0.201s] Level 1:colcon.colcon_core.package_identification:_identify(/home/jack/water_tank_ws/src) by extensions ['colcon_meta']
[0.201s] Level 1:colcon.colcon_core.package_identification:_identify(/home/jack/water_tank_ws/src) by extension 'colcon_meta'
[0.201s] Level 1:colcon.colcon_core.package_identification:_identify(/home/jack/water_tank_ws/src) by extensions ['ros']
[0.201s] Level 1:colcon.colcon_core.package_identification:_identify(/home/jack/water_tank_ws/src) by extension 'ros'
[0.201s] Level 1:colcon.colcon_core.package_identification:_identify(/home/jack/water_tank_ws/src) by extensions ['cmake', 'python']
[0.201s] Level 1:colcon.colcon_core.package_identification:_identify(/home/jack/water_tank_ws/src) by extension 'cmake'
[0.201s] Level 1:colcon.colcon_core.package_identification:_identify(/home/jack/water_tank_ws/src) by extension 'python'
[0.201s] Level 1:colcon.colcon_core.package_identification:_identify(/home/jack/water_tank_ws/src) by extensions ['python_setup_py']
[0.201s] Level 1:colcon.colcon_core.package_identification:_identify(/home/jack/water_tank_ws/src) by extension 'python_setup_py'
[0.201s] Level 1:colcon.colcon_core.package_identification:_identify(/home/jack/water_tank_ws/src/example_2) by extensions ['ignore', 'ignore_ament_install']
[0.201s] Level 1:colcon.colcon_core.package_identification:_identify(/home/jack/water_tank_ws/src/example_2) by extension 'ignore'
[0.201s] Level 1:colcon.colcon_core.package_identification:_identify(/home/jack/water_tank_ws/src/example_2) by extension 'ignore_ament_install'
[0.201s] Level 1:colcon.colcon_core.package_identification:_identify(/home/jack/water_tank_ws/src/example_2) by extensions ['colcon_pkg']
[0.201s] Level 1:colcon.colcon_core.package_identification:_identify(/home/jack/water_tank_ws/src/example_2) by extension 'colcon_pkg'
[0.201s] Level 1:colcon.colcon_core.package_identification:_identify(/home/jack/water_tank_ws/src/example_2) by extensions ['colcon_meta']
[0.201s] Level 1:colcon.colcon_core.package_identification:_identify(/home/jack/water_tank_ws/src/example_2) by extension 'colcon_meta'
[0.201s] Level 1:colcon.colcon_core.package_identification:_identify(/home/jack/water_tank_ws/src/example_2) by extensions ['ros']
[0.201s] Level 1:colcon.colcon_core.package_identification:_identify(/home/jack/water_tank_ws/src/example_2) by extension 'ros'
[0.204s] DEBUG:colcon.colcon_core.package_identification:Package '/home/jack/water_tank_ws/src/example_2' with type 'ros.ament_cmake' and name 'ros2_control_demo_example_2'
[0.204s] Level 1:colcon.colcon_core.package_identification:_identify(/home/jack/water_tank_ws/src/rf2o_laser_odometry) by extensions ['ignore', 'ignore_ament_install']
[0.204s] Level 1:colcon.colcon_core.package_identification:_identify(/home/jack/water_tank_ws/src/rf2o_laser_odometry) by extension 'ignore'
[0.204s] Level 1:colcon.colcon_core.package_identification:_identify(/home/jack/water_tank_ws/src/rf2o_laser_odometry) by extension 'ignore_ament_install'
[0.205s] Level 1:colcon.colcon_core.package_identification:_identify(/home/jack/water_tank_ws/src/rf2o_laser_odometry) by extensions ['colcon_pkg']
[0.205s] Level 1:colcon.colcon_core.package_identification:_identify(/home/jack/water_tank_ws/src/rf2o_laser_odometry) by extension 'colcon_pkg'
[0.205s] Level 1:colcon.colcon_core.package_identification:_identify(/home/jack/water_tank_ws/src/rf2o_laser_odometry) by extensions ['colcon_meta']
[0.205s] Level 1:colcon.colcon_core.package_identification:_identify(/home/jack/water_tank_ws/src/rf2o_laser_odometry) by extension 'colcon_meta'
[0.205s] Level 1:colcon.colcon_core.package_identification:_identify(/home/jack/water_tank_ws/src/rf2o_laser_odometry) by extensions ['ros']
[0.205s] Level 1:colcon.colcon_core.package_identification:_identify(/home/jack/water_tank_ws/src/rf2o_laser_odometry) by extension 'ros'
[0.205s] DEBUG:colcon.colcon_core.package_identification:Package '/home/jack/water_tank_ws/src/rf2o_laser_odometry' with type 'ros.ament_cmake' and name 'rf2o_laser_odometry'
[0.205s] Level 1:colcon.colcon_core.package_identification:_identify(/home/jack/water_tank_ws/src/ros2_control_demo_description) by extensions ['ignore', 'ignore_ament_install']
[0.205s] Level 1:colcon.colcon_core.package_identification:_identify(/home/jack/water_tank_ws/src/ros2_control_demo_description) by extension 'ignore'
[0.205s] Level 1:colcon.colcon_core.package_identification:_identify(/home/jack/water_tank_ws/src/ros2_control_demo_description) by extension 'ignore_ament_install'
[0.206s] Level 1:colcon.colcon_core.package_identification:_identify(/home/jack/water_tank_ws/src/ros2_control_demo_description) by extensions ['colcon_pkg']
[0.206s] Level 1:colcon.colcon_core.package_identification:_identify(/home/jack/water_tank_ws/src/ros2_control_demo_description) by extension 'colcon_pkg'
[0.206s] Level 1:colcon.colcon_core.package_identification:_identify(/home/jack/water_tank_ws/src/ros2_control_demo_description) by extensions ['colcon_meta']
[0.206s] Level 1:colcon.colcon_core.package_identification:_identify(/home/jack/water_tank_ws/src/ros2_control_demo_description) by extension 'colcon_meta'
[0.206s] Level 1:colcon.colcon_core.package_identification:_identify(/home/jack/water_tank_ws/src/ros2_control_demo_description) by extensions ['ros']
[0.206s] Level 1:colcon.colcon_core.package_identification:_identify(/home/jack/water_tank_ws/src/ros2_control_demo_description) by extension 'ros'
[0.206s] DEBUG:colcon.colcon_core.package_identification:Package '/home/jack/water_tank_ws/src/ros2_control_demo_description' with type 'ros.ament_cmake' and name 'ros2_control_demo_description'
[0.206s] Level 1:colcon.colcon_core.package_identification:_identify(/home/jack/water_tank_ws/src/rplidar_ros) by extensions ['ignore', 'ignore_ament_install']
[0.206s] Level 1:colcon.colcon_core.package_identification:_identify(/home/jack/water_tank_ws/src/rplidar_ros) by extension 'ignore'
[0.206s] Level 1:colcon.colcon_core.package_identification:_identify(/home/jack/water_tank_ws/src/rplidar_ros) by extension 'ignore_ament_install'
[0.206s] Level 1:colcon.colcon_core.package_identification:_identify(/home/jack/water_tank_ws/src/rplidar_ros) by extensions ['colcon_pkg']
[0.206s] Level 1:colcon.colcon_core.package_identification:_identify(/home/jack/water_tank_ws/src/rplidar_ros) by extension 'colcon_pkg'
[0.206s] Level 1:colcon.colcon_core.package_identification:_identify(/home/jack/water_tank_ws/src/rplidar_ros) by extensions ['colcon_meta']
[0.206s] Level 1:colcon.colcon_core.package_identification:_identify(/home/jack/water_tank_ws/src/rplidar_ros) by extension 'colcon_meta'
[0.206s] Level 1:colcon.colcon_core.package_identification:_identify(/home/jack/water_tank_ws/src/rplidar_ros) by extensions ['ros']
[0.206s] Level 1:colcon.colcon_core.package_identification:_identify(/home/jack/water_tank_ws/src/rplidar_ros) by extension 'ros'
[0.207s] DEBUG:colcon.colcon_core.package_identification:Package '/home/jack/water_tank_ws/src/rplidar_ros' with type 'ros.ament_cmake' and name 'rplidar_ros'
[0.207s] Level 1:colcon.colcon_core.package_identification:_identify(/home/jack/water_tank_ws/src/water_tank_cartographer) by extensions ['ignore', 'ignore_ament_install']
[0.207s] Level 1:colcon.colcon_core.package_identification:_identify(/home/jack/water_tank_ws/src/water_tank_cartographer) by extension 'ignore'
[0.207s] Level 1:colcon.colcon_core.package_identification:_identify(/home/jack/water_tank_ws/src/water_tank_cartographer) by extension 'ignore_ament_install'
[0.207s] Level 1:colcon.colcon_core.package_identification:_identify(/home/jack/water_tank_ws/src/water_tank_cartographer) by extensions ['colcon_pkg']
[0.207s] Level 1:colcon.colcon_core.package_identification:_identify(/home/jack/water_tank_ws/src/water_tank_cartographer) by extension 'colcon_pkg'
[0.207s] Level 1:colcon.colcon_core.package_identification:_identify(/home/jack/water_tank_ws/src/water_tank_cartographer) by extensions ['colcon_meta']
[0.207s] Level 1:colcon.colcon_core.package_identification:_identify(/home/jack/water_tank_ws/src/water_tank_cartographer) by extension 'colcon_meta'
[0.207s] Level 1:colcon.colcon_core.package_identification:_identify(/home/jack/water_tank_ws/src/water_tank_cartographer) by extensions ['ros']
[0.207s] Level 1:colcon.colcon_core.package_identification:_identify(/home/jack/water_tank_ws/src/water_tank_cartographer) by extension 'ros'
[0.207s] DEBUG:colcon.colcon_core.package_identification:Package '/home/jack/water_tank_ws/src/water_tank_cartographer' with type 'ros.ament_cmake' and name 'water_tank_cartographer'
[0.207s] Level 1:colcon.colcon_core.package_identification:_identify(/home/jack/water_tank_ws/src/water_tank_navigation) by extensions ['ignore', 'ignore_ament_install']
[0.207s] Level 1:colcon.colcon_core.package_identification:_identify(/home/jack/water_tank_ws/src/water_tank_navigation) by extension 'ignore'
[0.207s] Level 1:colcon.colcon_core.package_identification:_identify(/home/jack/water_tank_ws/src/water_tank_navigation) by extension 'ignore_ament_install'
[0.207s] Level 1:colcon.colcon_core.package_identification:_identify(/home/jack/water_tank_ws/src/water_tank_navigation) by extensions ['colcon_pkg']
[0.207s] Level 1:colcon.colcon_core.package_identification:_identify(/home/jack/water_tank_ws/src/water_tank_navigation) by extension 'colcon_pkg'
[0.207s] Level 1:colcon.colcon_core.package_identification:_identify(/home/jack/water_tank_ws/src/water_tank_navigation) by extensions ['colcon_meta']
[0.207s] Level 1:colcon.colcon_core.package_identification:_identify(/home/jack/water_tank_ws/src/water_tank_navigation) by extension 'colcon_meta'
[0.207s] Level 1:colcon.colcon_core.package_identification:_identify(/home/jack/water_tank_ws/src/water_tank_navigation) by extensions ['ros']
[0.207s] Level 1:colcon.colcon_core.package_identification:_identify(/home/jack/water_tank_ws/src/water_tank_navigation) by extension 'ros'
[0.208s] DEBUG:colcon.colcon_core.package_identification:Package '/home/jack/water_tank_ws/src/water_tank_navigation' with type 'ros.ament_cmake' and name 'water_tank_navigation'
[0.208s] Level 1:colcon.colcon_core.package_identification:_identify(/home/jack/water_tank_ws/src/waypoints_generator) by extensions ['ignore', 'ignore_ament_install']
[0.208s] Level 1:colcon.colcon_core.package_identification:_identify(/home/jack/water_tank_ws/src/waypoints_generator) by extension 'ignore'
[0.208s] Level 1:colcon.colcon_core.package_identification:_identify(/home/jack/water_tank_ws/src/waypoints_generator) by extension 'ignore_ament_install'
[0.208s] Level 1:colcon.colcon_core.package_identification:_identify(/home/jack/water_tank_ws/src/waypoints_generator) by extensions ['colcon_pkg']
[0.208s] Level 1:colcon.colcon_core.package_identification:_identify(/home/jack/water_tank_ws/src/waypoints_generator) by extension 'colcon_pkg'
[0.208s] Level 1:colcon.colcon_core.package_identification:_identify(/home/jack/water_tank_ws/src/waypoints_generator) by extensions ['colcon_meta']
[0.208s] Level 1:colcon.colcon_core.package_identification:_identify(/home/jack/water_tank_ws/src/waypoints_generator) by extension 'colcon_meta'
[0.208s] Level 1:colcon.colcon_core.package_identification:_identify(/home/jack/water_tank_ws/src/waypoints_generator) by extensions ['ros']
[0.208s] Level 1:colcon.colcon_core.package_identification:_identify(/home/jack/water_tank_ws/src/waypoints_generator) by extension 'ros'
[0.209s] DEBUG:colcon.colcon_core.package_identification:Package '/home/jack/water_tank_ws/src/waypoints_generator' with type 'ros.ament_python' and name 'waypoints_generator'
[0.209s] Level 1:colcon.colcon_core.package_discovery:discover_packages(recursive) using defaults
